[2025-04-28T12:04:50.731+0000] {processor.py:186} INFO - Started process (PID=206) to work on /opt/airflow/dags/raw_enriched_dag.py
[2025-04-28T12:04:50.752+0000] {processor.py:914} INFO - Processing file /opt/airflow/dags/raw_enriched_dag.py for tasks to queue
[2025-04-28T12:04:50.771+0000] {logging_mixin.py:190} INFO - [2025-04-28T12:04:50.767+0000] {dagbag.py:588} INFO - Filling up the DagBag from /opt/airflow/dags/raw_enriched_dag.py
[2025-04-28T12:04:51.152+0000] {processor.py:925} INFO - DAG(s) 'medical_dag_v3' retrieved from /opt/airflow/dags/raw_enriched_dag.py
[2025-04-28T12:04:52.709+0000] {logging_mixin.py:190} INFO - [2025-04-28T12:04:52.708+0000] {dag.py:3239} INFO - Sync 1 DAGs
[2025-04-28T12:04:52.899+0000] {logging_mixin.py:190} INFO - [2025-04-28T12:04:52.898+0000] {dag.py:4180} INFO - Setting next_dagrun for medical_dag_v3 to None, run_after=None
[2025-04-28T12:04:53.150+0000] {processor.py:208} INFO - Processing /opt/airflow/dags/raw_enriched_dag.py took 2.480 seconds
[2025-04-28T12:05:23.413+0000] {processor.py:186} INFO - Started process (PID=235) to work on /opt/airflow/dags/raw_enriched_dag.py
[2025-04-28T12:05:23.414+0000] {processor.py:914} INFO - Processing file /opt/airflow/dags/raw_enriched_dag.py for tasks to queue
[2025-04-28T12:05:23.416+0000] {logging_mixin.py:190} INFO - [2025-04-28T12:05:23.415+0000] {dagbag.py:588} INFO - Filling up the DagBag from /opt/airflow/dags/raw_enriched_dag.py
[2025-04-28T12:05:23.439+0000] {processor.py:925} INFO - DAG(s) 'medical_dag_v3' retrieved from /opt/airflow/dags/raw_enriched_dag.py
[2025-04-28T12:05:23.586+0000] {logging_mixin.py:190} INFO - [2025-04-28T12:05:23.585+0000] {dag.py:3239} INFO - Sync 1 DAGs
[2025-04-28T12:05:23.602+0000] {logging_mixin.py:190} INFO - [2025-04-28T12:05:23.602+0000] {dag.py:4180} INFO - Setting next_dagrun for medical_dag_v3 to None, run_after=None
[2025-04-28T12:05:23.649+0000] {processor.py:208} INFO - Processing /opt/airflow/dags/raw_enriched_dag.py took 0.241 seconds
[2025-04-28T12:05:53.723+0000] {processor.py:186} INFO - Started process (PID=254) to work on /opt/airflow/dags/raw_enriched_dag.py
[2025-04-28T12:05:53.724+0000] {processor.py:914} INFO - Processing file /opt/airflow/dags/raw_enriched_dag.py for tasks to queue
[2025-04-28T12:05:53.725+0000] {logging_mixin.py:190} INFO - [2025-04-28T12:05:53.725+0000] {dagbag.py:588} INFO - Filling up the DagBag from /opt/airflow/dags/raw_enriched_dag.py
[2025-04-28T12:05:53.745+0000] {processor.py:925} INFO - DAG(s) 'medical_dag_v3' retrieved from /opt/airflow/dags/raw_enriched_dag.py
[2025-04-28T12:05:53.894+0000] {logging_mixin.py:190} INFO - [2025-04-28T12:05:53.894+0000] {dag.py:3239} INFO - Sync 1 DAGs
[2025-04-28T12:05:53.906+0000] {logging_mixin.py:190} INFO - [2025-04-28T12:05:53.906+0000] {dag.py:4180} INFO - Setting next_dagrun for medical_dag_v3 to None, run_after=None
[2025-04-28T12:05:53.939+0000] {processor.py:208} INFO - Processing /opt/airflow/dags/raw_enriched_dag.py took 0.221 seconds
[2025-04-28T12:06:24.785+0000] {processor.py:186} INFO - Started process (PID=270) to work on /opt/airflow/dags/raw_enriched_dag.py
[2025-04-28T12:06:24.786+0000] {processor.py:914} INFO - Processing file /opt/airflow/dags/raw_enriched_dag.py for tasks to queue
[2025-04-28T12:06:24.787+0000] {logging_mixin.py:190} INFO - [2025-04-28T12:06:24.787+0000] {dagbag.py:588} INFO - Filling up the DagBag from /opt/airflow/dags/raw_enriched_dag.py
[2025-04-28T12:06:24.811+0000] {processor.py:925} INFO - DAG(s) 'medical_dag_v3' retrieved from /opt/airflow/dags/raw_enriched_dag.py
[2025-04-28T12:06:24.957+0000] {logging_mixin.py:190} INFO - [2025-04-28T12:06:24.957+0000] {dag.py:3239} INFO - Sync 1 DAGs
[2025-04-28T12:06:24.970+0000] {logging_mixin.py:190} INFO - [2025-04-28T12:06:24.970+0000] {dag.py:4180} INFO - Setting next_dagrun for medical_dag_v3 to None, run_after=None
[2025-04-28T12:06:25.001+0000] {processor.py:208} INFO - Processing /opt/airflow/dags/raw_enriched_dag.py took 0.222 seconds
[2025-04-28T12:06:55.188+0000] {processor.py:186} INFO - Started process (PID=286) to work on /opt/airflow/dags/raw_enriched_dag.py
[2025-04-28T12:06:55.189+0000] {processor.py:914} INFO - Processing file /opt/airflow/dags/raw_enriched_dag.py for tasks to queue
[2025-04-28T12:06:55.190+0000] {logging_mixin.py:190} INFO - [2025-04-28T12:06:55.190+0000] {dagbag.py:588} INFO - Filling up the DagBag from /opt/airflow/dags/raw_enriched_dag.py
[2025-04-28T12:06:55.210+0000] {processor.py:925} INFO - DAG(s) 'medical_dag_v3' retrieved from /opt/airflow/dags/raw_enriched_dag.py
[2025-04-28T12:06:55.331+0000] {logging_mixin.py:190} INFO - [2025-04-28T12:06:55.331+0000] {dag.py:3239} INFO - Sync 1 DAGs
[2025-04-28T12:06:55.342+0000] {logging_mixin.py:190} INFO - [2025-04-28T12:06:55.342+0000] {dag.py:4180} INFO - Setting next_dagrun for medical_dag_v3 to None, run_after=None
[2025-04-28T12:06:55.371+0000] {processor.py:208} INFO - Processing /opt/airflow/dags/raw_enriched_dag.py took 0.188 seconds
[2025-04-28T12:07:25.423+0000] {processor.py:186} INFO - Started process (PID=343) to work on /opt/airflow/dags/raw_enriched_dag.py
[2025-04-28T12:07:25.424+0000] {processor.py:914} INFO - Processing file /opt/airflow/dags/raw_enriched_dag.py for tasks to queue
[2025-04-28T12:07:25.425+0000] {logging_mixin.py:190} INFO - [2025-04-28T12:07:25.425+0000] {dagbag.py:588} INFO - Filling up the DagBag from /opt/airflow/dags/raw_enriched_dag.py
[2025-04-28T12:07:25.449+0000] {processor.py:925} INFO - DAG(s) 'medical_dag_v3' retrieved from /opt/airflow/dags/raw_enriched_dag.py
[2025-04-28T12:07:25.584+0000] {logging_mixin.py:190} INFO - [2025-04-28T12:07:25.584+0000] {dag.py:3239} INFO - Sync 1 DAGs
[2025-04-28T12:07:25.597+0000] {logging_mixin.py:190} INFO - [2025-04-28T12:07:25.596+0000] {dag.py:4180} INFO - Setting next_dagrun for medical_dag_v3 to None, run_after=None
[2025-04-28T12:07:25.633+0000] {processor.py:208} INFO - Processing /opt/airflow/dags/raw_enriched_dag.py took 0.215 seconds
[2025-04-28T12:07:55.709+0000] {processor.py:186} INFO - Started process (PID=359) to work on /opt/airflow/dags/raw_enriched_dag.py
[2025-04-28T12:07:55.710+0000] {processor.py:914} INFO - Processing file /opt/airflow/dags/raw_enriched_dag.py for tasks to queue
[2025-04-28T12:07:55.711+0000] {logging_mixin.py:190} INFO - [2025-04-28T12:07:55.711+0000] {dagbag.py:588} INFO - Filling up the DagBag from /opt/airflow/dags/raw_enriched_dag.py
[2025-04-28T12:07:55.731+0000] {processor.py:925} INFO - DAG(s) 'medical_dag_v3' retrieved from /opt/airflow/dags/raw_enriched_dag.py
[2025-04-28T12:07:55.853+0000] {logging_mixin.py:190} INFO - [2025-04-28T12:07:55.853+0000] {dag.py:3239} INFO - Sync 1 DAGs
[2025-04-28T12:07:55.864+0000] {logging_mixin.py:190} INFO - [2025-04-28T12:07:55.864+0000] {dag.py:4180} INFO - Setting next_dagrun for medical_dag_v3 to None, run_after=None
[2025-04-28T12:07:55.899+0000] {processor.py:208} INFO - Processing /opt/airflow/dags/raw_enriched_dag.py took 0.195 seconds
[2025-04-28T12:08:26.239+0000] {processor.py:186} INFO - Started process (PID=427) to work on /opt/airflow/dags/raw_enriched_dag.py
[2025-04-28T12:08:26.240+0000] {processor.py:914} INFO - Processing file /opt/airflow/dags/raw_enriched_dag.py for tasks to queue
[2025-04-28T12:08:26.242+0000] {logging_mixin.py:190} INFO - [2025-04-28T12:08:26.241+0000] {dagbag.py:588} INFO - Filling up the DagBag from /opt/airflow/dags/raw_enriched_dag.py
[2025-04-28T12:08:26.263+0000] {processor.py:925} INFO - DAG(s) 'medical_dag_v3' retrieved from /opt/airflow/dags/raw_enriched_dag.py
[2025-04-28T12:08:26.421+0000] {logging_mixin.py:190} INFO - [2025-04-28T12:08:26.421+0000] {dag.py:3239} INFO - Sync 1 DAGs
[2025-04-28T12:08:26.455+0000] {logging_mixin.py:190} INFO - [2025-04-28T12:08:26.454+0000] {dag.py:4180} INFO - Setting next_dagrun for medical_dag_v3 to None, run_after=None
[2025-04-28T12:08:26.504+0000] {processor.py:208} INFO - Processing /opt/airflow/dags/raw_enriched_dag.py took 0.269 seconds
[2025-04-28T12:08:56.762+0000] {processor.py:186} INFO - Started process (PID=445) to work on /opt/airflow/dags/raw_enriched_dag.py
[2025-04-28T12:08:56.763+0000] {processor.py:914} INFO - Processing file /opt/airflow/dags/raw_enriched_dag.py for tasks to queue
[2025-04-28T12:08:56.764+0000] {logging_mixin.py:190} INFO - [2025-04-28T12:08:56.764+0000] {dagbag.py:588} INFO - Filling up the DagBag from /opt/airflow/dags/raw_enriched_dag.py
[2025-04-28T12:08:56.789+0000] {processor.py:925} INFO - DAG(s) 'medical_dag_v3' retrieved from /opt/airflow/dags/raw_enriched_dag.py
[2025-04-28T12:08:56.934+0000] {logging_mixin.py:190} INFO - [2025-04-28T12:08:56.934+0000] {dag.py:3239} INFO - Sync 1 DAGs
[2025-04-28T12:08:56.949+0000] {logging_mixin.py:190} INFO - [2025-04-28T12:08:56.948+0000] {dag.py:4180} INFO - Setting next_dagrun for medical_dag_v3 to None, run_after=None
[2025-04-28T12:08:56.984+0000] {processor.py:208} INFO - Processing /opt/airflow/dags/raw_enriched_dag.py took 0.228 seconds
[2025-04-28T12:09:27.028+0000] {processor.py:186} INFO - Started process (PID=461) to work on /opt/airflow/dags/raw_enriched_dag.py
[2025-04-28T12:09:27.029+0000] {processor.py:914} INFO - Processing file /opt/airflow/dags/raw_enriched_dag.py for tasks to queue
[2025-04-28T12:09:27.030+0000] {logging_mixin.py:190} INFO - [2025-04-28T12:09:27.030+0000] {dagbag.py:588} INFO - Filling up the DagBag from /opt/airflow/dags/raw_enriched_dag.py
[2025-04-28T12:09:27.053+0000] {processor.py:925} INFO - DAG(s) 'medical_dag_v3' retrieved from /opt/airflow/dags/raw_enriched_dag.py
[2025-04-28T12:09:27.181+0000] {logging_mixin.py:190} INFO - [2025-04-28T12:09:27.180+0000] {dag.py:3239} INFO - Sync 1 DAGs
[2025-04-28T12:09:27.192+0000] {logging_mixin.py:190} INFO - [2025-04-28T12:09:27.192+0000] {dag.py:4180} INFO - Setting next_dagrun for medical_dag_v3 to None, run_after=None
[2025-04-28T12:09:27.222+0000] {processor.py:208} INFO - Processing /opt/airflow/dags/raw_enriched_dag.py took 0.199 seconds
[2025-04-28T12:39:02.473+0000] {processor.py:186} INFO - Started process (PID=215) to work on /opt/airflow/dags/raw_enriched_dag.py
[2025-04-28T12:39:02.478+0000] {processor.py:914} INFO - Processing file /opt/airflow/dags/raw_enriched_dag.py for tasks to queue
[2025-04-28T12:39:02.484+0000] {logging_mixin.py:190} INFO - [2025-04-28T12:39:02.483+0000] {dagbag.py:588} INFO - Filling up the DagBag from /opt/airflow/dags/raw_enriched_dag.py
[2025-04-28T12:39:02.644+0000] {processor.py:925} INFO - DAG(s) 'medical_dag_v3' retrieved from /opt/airflow/dags/raw_enriched_dag.py
[2025-04-28T12:39:03.332+0000] {logging_mixin.py:190} INFO - [2025-04-28T12:39:03.332+0000] {dag.py:3239} INFO - Sync 1 DAGs
[2025-04-28T12:39:03.412+0000] {logging_mixin.py:190} INFO - [2025-04-28T12:39:03.411+0000] {dag.py:4180} INFO - Setting next_dagrun for medical_dag_v3 to None, run_after=None
[2025-04-28T12:39:03.518+0000] {processor.py:208} INFO - Processing /opt/airflow/dags/raw_enriched_dag.py took 1.074 seconds
[2025-04-28T12:39:33.716+0000] {processor.py:186} INFO - Started process (PID=232) to work on /opt/airflow/dags/raw_enriched_dag.py
[2025-04-28T12:39:33.721+0000] {processor.py:914} INFO - Processing file /opt/airflow/dags/raw_enriched_dag.py for tasks to queue
[2025-04-28T12:39:33.726+0000] {logging_mixin.py:190} INFO - [2025-04-28T12:39:33.724+0000] {dagbag.py:588} INFO - Filling up the DagBag from /opt/airflow/dags/raw_enriched_dag.py
[2025-04-28T12:39:33.782+0000] {processor.py:925} INFO - DAG(s) 'medical_dag_v3' retrieved from /opt/airflow/dags/raw_enriched_dag.py
[2025-04-28T12:39:34.072+0000] {logging_mixin.py:190} INFO - [2025-04-28T12:39:34.071+0000] {dag.py:3239} INFO - Sync 1 DAGs
[2025-04-28T12:39:34.116+0000] {logging_mixin.py:190} INFO - [2025-04-28T12:39:34.116+0000] {dag.py:4180} INFO - Setting next_dagrun for medical_dag_v3 to None, run_after=None
[2025-04-28T12:39:34.175+0000] {processor.py:208} INFO - Processing /opt/airflow/dags/raw_enriched_dag.py took 0.486 seconds
[2025-04-28T12:40:05.126+0000] {processor.py:186} INFO - Started process (PID=248) to work on /opt/airflow/dags/raw_enriched_dag.py
[2025-04-28T12:40:05.140+0000] {processor.py:914} INFO - Processing file /opt/airflow/dags/raw_enriched_dag.py for tasks to queue
[2025-04-28T12:40:05.168+0000] {logging_mixin.py:190} INFO - [2025-04-28T12:40:05.162+0000] {dagbag.py:588} INFO - Filling up the DagBag from /opt/airflow/dags/raw_enriched_dag.py
[2025-04-28T12:40:05.561+0000] {processor.py:925} INFO - DAG(s) 'medical_dag_v3' retrieved from /opt/airflow/dags/raw_enriched_dag.py
[2025-04-28T12:40:07.072+0000] {logging_mixin.py:190} INFO - [2025-04-28T12:40:07.071+0000] {dag.py:3239} INFO - Sync 1 DAGs
[2025-04-28T12:40:07.213+0000] {logging_mixin.py:190} INFO - [2025-04-28T12:40:07.212+0000] {dag.py:4180} INFO - Setting next_dagrun for medical_dag_v3 to None, run_after=None
[2025-04-28T12:40:07.401+0000] {processor.py:208} INFO - Processing /opt/airflow/dags/raw_enriched_dag.py took 2.387 seconds
[2025-04-28T12:40:37.637+0000] {processor.py:186} INFO - Started process (PID=337) to work on /opt/airflow/dags/raw_enriched_dag.py
[2025-04-28T12:40:37.639+0000] {processor.py:914} INFO - Processing file /opt/airflow/dags/raw_enriched_dag.py for tasks to queue
[2025-04-28T12:40:37.664+0000] {logging_mixin.py:190} INFO - [2025-04-28T12:40:37.663+0000] {dagbag.py:588} INFO - Filling up the DagBag from /opt/airflow/dags/raw_enriched_dag.py
[2025-04-28T12:40:37.758+0000] {processor.py:925} INFO - DAG(s) 'medical_dag_v3' retrieved from /opt/airflow/dags/raw_enriched_dag.py
[2025-04-28T12:40:38.436+0000] {logging_mixin.py:190} INFO - [2025-04-28T12:40:38.435+0000] {dag.py:3239} INFO - Sync 1 DAGs
[2025-04-28T12:40:38.532+0000] {logging_mixin.py:190} INFO - [2025-04-28T12:40:38.531+0000] {dag.py:4180} INFO - Setting next_dagrun for medical_dag_v3 to None, run_after=None
[2025-04-28T12:40:38.727+0000] {processor.py:208} INFO - Processing /opt/airflow/dags/raw_enriched_dag.py took 1.130 seconds
[2025-04-28T12:41:09.405+0000] {processor.py:186} INFO - Started process (PID=431) to work on /opt/airflow/dags/raw_enriched_dag.py
[2025-04-28T12:41:09.413+0000] {processor.py:914} INFO - Processing file /opt/airflow/dags/raw_enriched_dag.py for tasks to queue
[2025-04-28T12:41:09.445+0000] {logging_mixin.py:190} INFO - [2025-04-28T12:41:09.428+0000] {dagbag.py:588} INFO - Filling up the DagBag from /opt/airflow/dags/raw_enriched_dag.py
[2025-04-28T12:41:09.786+0000] {processor.py:925} INFO - DAG(s) 'medical_dag_v3' retrieved from /opt/airflow/dags/raw_enriched_dag.py
[2025-04-28T12:41:11.910+0000] {logging_mixin.py:190} INFO - [2025-04-28T12:41:11.903+0000] {dag.py:3239} INFO - Sync 1 DAGs
[2025-04-28T12:41:12.124+0000] {logging_mixin.py:190} INFO - [2025-04-28T12:41:12.123+0000] {dag.py:4180} INFO - Setting next_dagrun for medical_dag_v3 to None, run_after=None
[2025-04-28T12:41:12.404+0000] {processor.py:208} INFO - Processing /opt/airflow/dags/raw_enriched_dag.py took 3.057 seconds
[2025-04-28T12:41:42.970+0000] {processor.py:186} INFO - Started process (PID=449) to work on /opt/airflow/dags/raw_enriched_dag.py
[2025-04-28T12:41:42.974+0000] {processor.py:914} INFO - Processing file /opt/airflow/dags/raw_enriched_dag.py for tasks to queue
[2025-04-28T12:41:42.986+0000] {logging_mixin.py:190} INFO - [2025-04-28T12:41:42.980+0000] {dagbag.py:588} INFO - Filling up the DagBag from /opt/airflow/dags/raw_enriched_dag.py
[2025-04-28T12:41:43.140+0000] {processor.py:925} INFO - DAG(s) 'medical_dag_v3' retrieved from /opt/airflow/dags/raw_enriched_dag.py
[2025-04-28T12:41:43.816+0000] {logging_mixin.py:190} INFO - [2025-04-28T12:41:43.816+0000] {dag.py:3239} INFO - Sync 1 DAGs
[2025-04-28T12:41:43.878+0000] {logging_mixin.py:190} INFO - [2025-04-28T12:41:43.877+0000] {dag.py:4180} INFO - Setting next_dagrun for medical_dag_v3 to None, run_after=None
[2025-04-28T12:41:43.968+0000] {processor.py:208} INFO - Processing /opt/airflow/dags/raw_enriched_dag.py took 1.052 seconds
[2025-04-28T12:42:14.382+0000] {processor.py:186} INFO - Started process (PID=501) to work on /opt/airflow/dags/raw_enriched_dag.py
[2025-04-28T12:42:14.386+0000] {processor.py:914} INFO - Processing file /opt/airflow/dags/raw_enriched_dag.py for tasks to queue
[2025-04-28T12:42:14.393+0000] {logging_mixin.py:190} INFO - [2025-04-28T12:42:14.390+0000] {dagbag.py:588} INFO - Filling up the DagBag from /opt/airflow/dags/raw_enriched_dag.py
[2025-04-28T12:42:14.555+0000] {processor.py:925} INFO - DAG(s) 'medical_dag_v3' retrieved from /opt/airflow/dags/raw_enriched_dag.py
[2025-04-28T12:42:15.542+0000] {logging_mixin.py:190} INFO - [2025-04-28T12:42:15.541+0000] {dag.py:3239} INFO - Sync 1 DAGs
[2025-04-28T12:42:15.645+0000] {logging_mixin.py:190} INFO - [2025-04-28T12:42:15.644+0000] {dag.py:4180} INFO - Setting next_dagrun for medical_dag_v3 to None, run_after=None
[2025-04-28T12:42:15.877+0000] {processor.py:208} INFO - Processing /opt/airflow/dags/raw_enriched_dag.py took 1.548 seconds
[2025-04-28T12:42:46.002+0000] {processor.py:186} INFO - Started process (PID=533) to work on /opt/airflow/dags/raw_enriched_dag.py
[2025-04-28T12:42:46.003+0000] {processor.py:914} INFO - Processing file /opt/airflow/dags/raw_enriched_dag.py for tasks to queue
[2025-04-28T12:42:46.005+0000] {logging_mixin.py:190} INFO - [2025-04-28T12:42:46.005+0000] {dagbag.py:588} INFO - Filling up the DagBag from /opt/airflow/dags/raw_enriched_dag.py
[2025-04-28T12:42:46.046+0000] {processor.py:925} INFO - DAG(s) 'medical_dag_v3' retrieved from /opt/airflow/dags/raw_enriched_dag.py
[2025-04-28T12:42:46.285+0000] {logging_mixin.py:190} INFO - [2025-04-28T12:42:46.285+0000] {dag.py:3239} INFO - Sync 1 DAGs
[2025-04-28T12:42:46.305+0000] {logging_mixin.py:190} INFO - [2025-04-28T12:42:46.305+0000] {dag.py:4180} INFO - Setting next_dagrun for medical_dag_v3 to None, run_after=None
[2025-04-28T12:42:46.348+0000] {processor.py:208} INFO - Processing /opt/airflow/dags/raw_enriched_dag.py took 0.354 seconds
[2025-04-28T12:43:16.524+0000] {processor.py:186} INFO - Started process (PID=549) to work on /opt/airflow/dags/raw_enriched_dag.py
[2025-04-28T12:43:16.527+0000] {processor.py:914} INFO - Processing file /opt/airflow/dags/raw_enriched_dag.py for tasks to queue
[2025-04-28T12:43:16.531+0000] {logging_mixin.py:190} INFO - [2025-04-28T12:43:16.530+0000] {dagbag.py:588} INFO - Filling up the DagBag from /opt/airflow/dags/raw_enriched_dag.py
[2025-04-28T12:43:16.685+0000] {processor.py:925} INFO - DAG(s) 'medical_dag_v3' retrieved from /opt/airflow/dags/raw_enriched_dag.py
[2025-04-28T12:43:17.538+0000] {logging_mixin.py:190} INFO - [2025-04-28T12:43:17.537+0000] {dag.py:3239} INFO - Sync 1 DAGs
[2025-04-28T12:43:17.589+0000] {logging_mixin.py:190} INFO - [2025-04-28T12:43:17.588+0000] {dag.py:4180} INFO - Setting next_dagrun for medical_dag_v3 to None, run_after=None
[2025-04-28T12:43:17.705+0000] {processor.py:208} INFO - Processing /opt/airflow/dags/raw_enriched_dag.py took 1.206 seconds
[2025-04-28T12:43:48.020+0000] {processor.py:186} INFO - Started process (PID=562) to work on /opt/airflow/dags/raw_enriched_dag.py
[2025-04-28T12:43:48.024+0000] {processor.py:914} INFO - Processing file /opt/airflow/dags/raw_enriched_dag.py for tasks to queue
[2025-04-28T12:43:48.030+0000] {logging_mixin.py:190} INFO - [2025-04-28T12:43:48.028+0000] {dagbag.py:588} INFO - Filling up the DagBag from /opt/airflow/dags/raw_enriched_dag.py
[2025-04-28T12:43:48.106+0000] {processor.py:925} INFO - DAG(s) 'medical_dag_v3' retrieved from /opt/airflow/dags/raw_enriched_dag.py
[2025-04-28T12:43:48.441+0000] {logging_mixin.py:190} INFO - [2025-04-28T12:43:48.440+0000] {dag.py:3239} INFO - Sync 1 DAGs
[2025-04-28T12:43:48.472+0000] {logging_mixin.py:190} INFO - [2025-04-28T12:43:48.471+0000] {dag.py:4180} INFO - Setting next_dagrun for medical_dag_v3 to None, run_after=None
[2025-04-28T12:43:48.590+0000] {processor.py:208} INFO - Processing /opt/airflow/dags/raw_enriched_dag.py took 0.619 seconds
[2025-04-28T12:44:19.411+0000] {processor.py:186} INFO - Started process (PID=578) to work on /opt/airflow/dags/raw_enriched_dag.py
[2025-04-28T12:44:19.412+0000] {processor.py:914} INFO - Processing file /opt/airflow/dags/raw_enriched_dag.py for tasks to queue
[2025-04-28T12:44:19.414+0000] {logging_mixin.py:190} INFO - [2025-04-28T12:44:19.413+0000] {dagbag.py:588} INFO - Filling up the DagBag from /opt/airflow/dags/raw_enriched_dag.py
[2025-04-28T12:44:19.442+0000] {processor.py:925} INFO - DAG(s) 'medical_dag_v3' retrieved from /opt/airflow/dags/raw_enriched_dag.py
[2025-04-28T12:44:19.679+0000] {logging_mixin.py:190} INFO - [2025-04-28T12:44:19.678+0000] {dag.py:3239} INFO - Sync 1 DAGs
[2025-04-28T12:44:19.700+0000] {logging_mixin.py:190} INFO - [2025-04-28T12:44:19.700+0000] {dag.py:4180} INFO - Setting next_dagrun for medical_dag_v3 to None, run_after=None
[2025-04-28T12:44:19.744+0000] {processor.py:208} INFO - Processing /opt/airflow/dags/raw_enriched_dag.py took 0.343 seconds
[2025-04-28T12:44:51.031+0000] {processor.py:186} INFO - Started process (PID=588) to work on /opt/airflow/dags/raw_enriched_dag.py
[2025-04-28T12:44:51.034+0000] {processor.py:914} INFO - Processing file /opt/airflow/dags/raw_enriched_dag.py for tasks to queue
[2025-04-28T12:44:51.038+0000] {logging_mixin.py:190} INFO - [2025-04-28T12:44:51.036+0000] {dagbag.py:588} INFO - Filling up the DagBag from /opt/airflow/dags/raw_enriched_dag.py
[2025-04-28T12:44:51.107+0000] {processor.py:925} INFO - DAG(s) 'medical_dag_v3' retrieved from /opt/airflow/dags/raw_enriched_dag.py
[2025-04-28T12:45:16.131+0000] {logging_mixin.py:190} INFO - [2025-04-28T12:45:16.122+0000] {dag.py:3239} INFO - Sync 1 DAGs
[2025-04-28T12:45:16.471+0000] {logging_mixin.py:190} INFO - [2025-04-28T12:45:16.452+0000] {dag.py:4180} INFO - Setting next_dagrun for medical_dag_v3 to None, run_after=None
[2025-04-28T12:45:17.219+0000] {processor.py:208} INFO - Processing /opt/airflow/dags/raw_enriched_dag.py took 26.205 seconds
[2025-04-28T12:45:48.519+0000] {processor.py:186} INFO - Started process (PID=607) to work on /opt/airflow/dags/raw_enriched_dag.py
[2025-04-28T12:45:48.525+0000] {processor.py:914} INFO - Processing file /opt/airflow/dags/raw_enriched_dag.py for tasks to queue
[2025-04-28T12:45:48.532+0000] {logging_mixin.py:190} INFO - [2025-04-28T12:45:48.528+0000] {dagbag.py:588} INFO - Filling up the DagBag from /opt/airflow/dags/raw_enriched_dag.py
[2025-04-28T12:45:48.706+0000] {processor.py:925} INFO - DAG(s) 'medical_dag_v3' retrieved from /opt/airflow/dags/raw_enriched_dag.py
[2025-04-28T12:47:10.379+0000] {processor.py:186} INFO - Started process (PID=610) to work on /opt/airflow/dags/raw_enriched_dag.py
[2025-04-28T12:47:10.384+0000] {processor.py:914} INFO - Processing file /opt/airflow/dags/raw_enriched_dag.py for tasks to queue
[2025-04-28T12:47:10.390+0000] {logging_mixin.py:190} INFO - [2025-04-28T12:47:10.387+0000] {dagbag.py:588} INFO - Filling up the DagBag from /opt/airflow/dags/raw_enriched_dag.py
[2025-04-28T12:47:13.483+0000] {processor.py:925} INFO - DAG(s) 'medical_dag_v3' retrieved from /opt/airflow/dags/raw_enriched_dag.py
[2025-04-28T12:51:03.332+0000] {processor.py:186} INFO - Started process (PID=208) to work on /opt/airflow/dags/raw_enriched_dag.py
[2025-04-28T12:51:03.333+0000] {processor.py:914} INFO - Processing file /opt/airflow/dags/raw_enriched_dag.py for tasks to queue
[2025-04-28T12:51:03.335+0000] {logging_mixin.py:190} INFO - [2025-04-28T12:51:03.335+0000] {dagbag.py:588} INFO - Filling up the DagBag from /opt/airflow/dags/raw_enriched_dag.py
[2025-04-28T12:51:03.371+0000] {processor.py:925} INFO - DAG(s) 'medical_dag_v3' retrieved from /opt/airflow/dags/raw_enriched_dag.py
[2025-04-28T12:51:03.562+0000] {logging_mixin.py:190} INFO - [2025-04-28T12:51:03.562+0000] {dag.py:3239} INFO - Sync 1 DAGs
[2025-04-28T12:51:03.595+0000] {logging_mixin.py:190} INFO - [2025-04-28T12:51:03.595+0000] {dag.py:4180} INFO - Setting next_dagrun for medical_dag_v3 to None, run_after=None
[2025-04-28T12:51:03.638+0000] {processor.py:208} INFO - Processing /opt/airflow/dags/raw_enriched_dag.py took 0.313 seconds
[2025-04-28T12:51:34.393+0000] {processor.py:186} INFO - Started process (PID=224) to work on /opt/airflow/dags/raw_enriched_dag.py
[2025-04-28T12:51:34.394+0000] {processor.py:914} INFO - Processing file /opt/airflow/dags/raw_enriched_dag.py for tasks to queue
[2025-04-28T12:51:34.395+0000] {logging_mixin.py:190} INFO - [2025-04-28T12:51:34.395+0000] {dagbag.py:588} INFO - Filling up the DagBag from /opt/airflow/dags/raw_enriched_dag.py
[2025-04-28T12:51:34.415+0000] {processor.py:925} INFO - DAG(s) 'medical_dag_v3' retrieved from /opt/airflow/dags/raw_enriched_dag.py
[2025-04-28T12:51:34.557+0000] {logging_mixin.py:190} INFO - [2025-04-28T12:51:34.557+0000] {dag.py:3239} INFO - Sync 1 DAGs
[2025-04-28T12:51:34.571+0000] {logging_mixin.py:190} INFO - [2025-04-28T12:51:34.570+0000] {dag.py:4180} INFO - Setting next_dagrun for medical_dag_v3 to None, run_after=None
[2025-04-28T12:51:34.606+0000] {processor.py:208} INFO - Processing /opt/airflow/dags/raw_enriched_dag.py took 0.218 seconds
[2025-04-28T12:52:04.653+0000] {processor.py:186} INFO - Started process (PID=243) to work on /opt/airflow/dags/raw_enriched_dag.py
[2025-04-28T12:52:04.654+0000] {processor.py:914} INFO - Processing file /opt/airflow/dags/raw_enriched_dag.py for tasks to queue
[2025-04-28T12:52:04.655+0000] {logging_mixin.py:190} INFO - [2025-04-28T12:52:04.655+0000] {dagbag.py:588} INFO - Filling up the DagBag from /opt/airflow/dags/raw_enriched_dag.py
[2025-04-28T12:52:04.685+0000] {processor.py:925} INFO - DAG(s) 'medical_dag_v3' retrieved from /opt/airflow/dags/raw_enriched_dag.py
[2025-04-28T12:52:04.855+0000] {logging_mixin.py:190} INFO - [2025-04-28T12:52:04.855+0000] {dag.py:3239} INFO - Sync 1 DAGs
[2025-04-28T12:52:04.868+0000] {logging_mixin.py:190} INFO - [2025-04-28T12:52:04.868+0000] {dag.py:4180} INFO - Setting next_dagrun for medical_dag_v3 to None, run_after=None
[2025-04-28T12:52:04.897+0000] {processor.py:208} INFO - Processing /opt/airflow/dags/raw_enriched_dag.py took 0.249 seconds
[2025-04-28T12:52:35.105+0000] {processor.py:186} INFO - Started process (PID=259) to work on /opt/airflow/dags/raw_enriched_dag.py
[2025-04-28T12:52:35.110+0000] {processor.py:914} INFO - Processing file /opt/airflow/dags/raw_enriched_dag.py for tasks to queue
[2025-04-28T12:52:35.116+0000] {logging_mixin.py:190} INFO - [2025-04-28T12:52:35.114+0000] {dagbag.py:588} INFO - Filling up the DagBag from /opt/airflow/dags/raw_enriched_dag.py
[2025-04-28T12:52:35.303+0000] {processor.py:925} INFO - DAG(s) 'medical_dag_v3' retrieved from /opt/airflow/dags/raw_enriched_dag.py
[2025-04-28T12:52:36.169+0000] {logging_mixin.py:190} INFO - [2025-04-28T12:52:36.167+0000] {dag.py:3239} INFO - Sync 1 DAGs
[2025-04-28T12:52:36.263+0000] {logging_mixin.py:190} INFO - [2025-04-28T12:52:36.262+0000] {dag.py:4180} INFO - Setting next_dagrun for medical_dag_v3 to None, run_after=None
[2025-04-28T12:52:36.414+0000] {processor.py:208} INFO - Processing /opt/airflow/dags/raw_enriched_dag.py took 1.343 seconds
[2025-04-28T12:53:07.603+0000] {processor.py:186} INFO - Started process (PID=275) to work on /opt/airflow/dags/raw_enriched_dag.py
[2025-04-28T12:53:07.614+0000] {processor.py:914} INFO - Processing file /opt/airflow/dags/raw_enriched_dag.py for tasks to queue
[2025-04-28T12:53:07.619+0000] {logging_mixin.py:190} INFO - [2025-04-28T12:53:07.618+0000] {dagbag.py:588} INFO - Filling up the DagBag from /opt/airflow/dags/raw_enriched_dag.py
[2025-04-28T12:53:07.894+0000] {processor.py:925} INFO - DAG(s) 'medical_dag_v3' retrieved from /opt/airflow/dags/raw_enriched_dag.py
[2025-04-28T12:53:09.052+0000] {logging_mixin.py:190} INFO - [2025-04-28T12:53:09.051+0000] {dag.py:3239} INFO - Sync 1 DAGs
[2025-04-28T12:53:09.169+0000] {logging_mixin.py:190} INFO - [2025-04-28T12:53:09.162+0000] {dag.py:4180} INFO - Setting next_dagrun for medical_dag_v3 to None, run_after=None
[2025-04-28T12:53:09.405+0000] {processor.py:208} INFO - Processing /opt/airflow/dags/raw_enriched_dag.py took 1.842 seconds
[2025-04-28T12:53:40.029+0000] {processor.py:186} INFO - Started process (PID=291) to work on /opt/airflow/dags/raw_enriched_dag.py
[2025-04-28T12:53:40.038+0000] {processor.py:914} INFO - Processing file /opt/airflow/dags/raw_enriched_dag.py for tasks to queue
[2025-04-28T12:53:40.046+0000] {logging_mixin.py:190} INFO - [2025-04-28T12:53:40.044+0000] {dagbag.py:588} INFO - Filling up the DagBag from /opt/airflow/dags/raw_enriched_dag.py
[2025-04-28T12:53:40.225+0000] {processor.py:925} INFO - DAG(s) 'medical_dag_v3' retrieved from /opt/airflow/dags/raw_enriched_dag.py
[2025-04-28T12:53:40.985+0000] {logging_mixin.py:190} INFO - [2025-04-28T12:53:40.984+0000] {dag.py:3239} INFO - Sync 1 DAGs
[2025-04-28T12:53:41.024+0000] {logging_mixin.py:190} INFO - [2025-04-28T12:53:41.023+0000] {dag.py:4180} INFO - Setting next_dagrun for medical_dag_v3 to None, run_after=None
[2025-04-28T12:53:41.110+0000] {processor.py:208} INFO - Processing /opt/airflow/dags/raw_enriched_dag.py took 1.135 seconds
[2025-04-28T12:54:12.168+0000] {processor.py:186} INFO - Started process (PID=304) to work on /opt/airflow/dags/raw_enriched_dag.py
[2025-04-28T12:54:12.169+0000] {processor.py:914} INFO - Processing file /opt/airflow/dags/raw_enriched_dag.py for tasks to queue
[2025-04-28T12:54:12.171+0000] {logging_mixin.py:190} INFO - [2025-04-28T12:54:12.171+0000] {dagbag.py:588} INFO - Filling up the DagBag from /opt/airflow/dags/raw_enriched_dag.py
[2025-04-28T12:54:12.198+0000] {processor.py:925} INFO - DAG(s) 'medical_dag_v3' retrieved from /opt/airflow/dags/raw_enriched_dag.py
[2025-04-28T12:54:12.426+0000] {logging_mixin.py:190} INFO - [2025-04-28T12:54:12.426+0000] {dag.py:3239} INFO - Sync 1 DAGs
[2025-04-28T12:54:12.449+0000] {logging_mixin.py:190} INFO - [2025-04-28T12:54:12.449+0000] {dag.py:4180} INFO - Setting next_dagrun for medical_dag_v3 to None, run_after=None
[2025-04-28T12:54:12.500+0000] {processor.py:208} INFO - Processing /opt/airflow/dags/raw_enriched_dag.py took 0.338 seconds
[2025-04-28T12:54:44.569+0000] {processor.py:186} INFO - Started process (PID=320) to work on /opt/airflow/dags/raw_enriched_dag.py
[2025-04-28T12:54:44.571+0000] {processor.py:914} INFO - Processing file /opt/airflow/dags/raw_enriched_dag.py for tasks to queue
[2025-04-28T12:54:44.572+0000] {logging_mixin.py:190} INFO - [2025-04-28T12:54:44.572+0000] {dagbag.py:588} INFO - Filling up the DagBag from /opt/airflow/dags/raw_enriched_dag.py
[2025-04-28T12:54:44.605+0000] {processor.py:925} INFO - DAG(s) 'medical_dag_v3' retrieved from /opt/airflow/dags/raw_enriched_dag.py
[2025-04-28T12:54:44.862+0000] {logging_mixin.py:190} INFO - [2025-04-28T12:54:44.861+0000] {dag.py:3239} INFO - Sync 1 DAGs
[2025-04-28T12:54:44.899+0000] {logging_mixin.py:190} INFO - [2025-04-28T12:54:44.899+0000] {dag.py:4180} INFO - Setting next_dagrun for medical_dag_v3 to None, run_after=None
[2025-04-28T12:54:44.948+0000] {processor.py:208} INFO - Processing /opt/airflow/dags/raw_enriched_dag.py took 0.384 seconds
[2025-04-28T12:55:17.963+0000] {processor.py:186} INFO - Started process (PID=336) to work on /opt/airflow/dags/raw_enriched_dag.py
[2025-04-28T12:55:17.964+0000] {processor.py:914} INFO - Processing file /opt/airflow/dags/raw_enriched_dag.py for tasks to queue
[2025-04-28T12:55:17.965+0000] {logging_mixin.py:190} INFO - [2025-04-28T12:55:17.965+0000] {dagbag.py:588} INFO - Filling up the DagBag from /opt/airflow/dags/raw_enriched_dag.py
[2025-04-28T12:55:17.987+0000] {processor.py:925} INFO - DAG(s) 'medical_dag_v3' retrieved from /opt/airflow/dags/raw_enriched_dag.py
[2025-04-28T12:55:18.181+0000] {logging_mixin.py:190} INFO - [2025-04-28T12:55:18.181+0000] {dag.py:3239} INFO - Sync 1 DAGs
[2025-04-28T12:55:18.193+0000] {logging_mixin.py:190} INFO - [2025-04-28T12:55:18.193+0000] {dag.py:4180} INFO - Setting next_dagrun for medical_dag_v3 to None, run_after=None
[2025-04-28T12:55:18.221+0000] {processor.py:208} INFO - Processing /opt/airflow/dags/raw_enriched_dag.py took 0.262 seconds
[2025-04-28T12:55:50.348+0000] {processor.py:186} INFO - Started process (PID=352) to work on /opt/airflow/dags/raw_enriched_dag.py
[2025-04-28T12:55:50.350+0000] {processor.py:914} INFO - Processing file /opt/airflow/dags/raw_enriched_dag.py for tasks to queue
[2025-04-28T12:55:50.352+0000] {logging_mixin.py:190} INFO - [2025-04-28T12:55:50.351+0000] {dagbag.py:588} INFO - Filling up the DagBag from /opt/airflow/dags/raw_enriched_dag.py
[2025-04-28T12:55:50.400+0000] {processor.py:925} INFO - DAG(s) 'medical_dag_v3' retrieved from /opt/airflow/dags/raw_enriched_dag.py
[2025-04-28T12:55:50.645+0000] {logging_mixin.py:190} INFO - [2025-04-28T12:55:50.645+0000] {dag.py:3239} INFO - Sync 1 DAGs
[2025-04-28T12:55:50.674+0000] {logging_mixin.py:190} INFO - [2025-04-28T12:55:50.674+0000] {dag.py:4180} INFO - Setting next_dagrun for medical_dag_v3 to None, run_after=None
[2025-04-28T12:55:50.730+0000] {processor.py:208} INFO - Processing /opt/airflow/dags/raw_enriched_dag.py took 0.390 seconds
[2025-04-28T12:56:23.814+0000] {processor.py:186} INFO - Started process (PID=368) to work on /opt/airflow/dags/raw_enriched_dag.py
[2025-04-28T12:56:23.881+0000] {processor.py:914} INFO - Processing file /opt/airflow/dags/raw_enriched_dag.py for tasks to queue
[2025-04-28T12:56:24.045+0000] {logging_mixin.py:190} INFO - [2025-04-28T12:56:23.994+0000] {dagbag.py:588} INFO - Filling up the DagBag from /opt/airflow/dags/raw_enriched_dag.py
[2025-04-28T12:56:26.460+0000] {processor.py:925} INFO - DAG(s) 'medical_dag_v3' retrieved from /opt/airflow/dags/raw_enriched_dag.py
[2025-04-28T12:56:29.560+0000] {logging_mixin.py:190} INFO - [2025-04-28T12:56:29.521+0000] {dag.py:3239} INFO - Sync 1 DAGs
[2025-04-28T12:56:29.908+0000] {logging_mixin.py:190} INFO - [2025-04-28T12:56:29.907+0000] {dag.py:4180} INFO - Setting next_dagrun for medical_dag_v3 to None, run_after=None
[2025-04-28T12:56:30.552+0000] {processor.py:208} INFO - Processing /opt/airflow/dags/raw_enriched_dag.py took 6.852 seconds
[2025-04-28T12:57:00.914+0000] {processor.py:186} INFO - Started process (PID=389) to work on /opt/airflow/dags/raw_enriched_dag.py
[2025-04-28T12:57:00.916+0000] {processor.py:914} INFO - Processing file /opt/airflow/dags/raw_enriched_dag.py for tasks to queue
[2025-04-28T12:57:00.917+0000] {logging_mixin.py:190} INFO - [2025-04-28T12:57:00.917+0000] {dagbag.py:588} INFO - Filling up the DagBag from /opt/airflow/dags/raw_enriched_dag.py
[2025-04-28T12:57:00.944+0000] {processor.py:925} INFO - DAG(s) 'medical_dag_v3' retrieved from /opt/airflow/dags/raw_enriched_dag.py
[2025-04-28T12:57:01.082+0000] {logging_mixin.py:190} INFO - [2025-04-28T12:57:01.082+0000] {dag.py:3239} INFO - Sync 1 DAGs
[2025-04-28T12:57:01.103+0000] {logging_mixin.py:190} INFO - [2025-04-28T12:57:01.103+0000] {dag.py:4180} INFO - Setting next_dagrun for medical_dag_v3 to None, run_after=None
[2025-04-28T12:57:01.149+0000] {processor.py:208} INFO - Processing /opt/airflow/dags/raw_enriched_dag.py took 0.240 seconds
[2025-04-28T12:57:32.188+0000] {processor.py:186} INFO - Started process (PID=405) to work on /opt/airflow/dags/raw_enriched_dag.py
[2025-04-28T12:57:32.189+0000] {processor.py:914} INFO - Processing file /opt/airflow/dags/raw_enriched_dag.py for tasks to queue
[2025-04-28T12:57:32.190+0000] {logging_mixin.py:190} INFO - [2025-04-28T12:57:32.190+0000] {dagbag.py:588} INFO - Filling up the DagBag from /opt/airflow/dags/raw_enriched_dag.py
[2025-04-28T12:57:32.211+0000] {processor.py:925} INFO - DAG(s) 'medical_dag_v3' retrieved from /opt/airflow/dags/raw_enriched_dag.py
[2025-04-28T12:57:32.341+0000] {logging_mixin.py:190} INFO - [2025-04-28T12:57:32.341+0000] {dag.py:3239} INFO - Sync 1 DAGs
[2025-04-28T12:57:32.359+0000] {logging_mixin.py:190} INFO - [2025-04-28T12:57:32.359+0000] {dag.py:4180} INFO - Setting next_dagrun for medical_dag_v3 to None, run_after=None
[2025-04-28T12:57:32.396+0000] {processor.py:208} INFO - Processing /opt/airflow/dags/raw_enriched_dag.py took 0.212 seconds
[2025-04-28T12:58:02.553+0000] {processor.py:186} INFO - Started process (PID=421) to work on /opt/airflow/dags/raw_enriched_dag.py
[2025-04-28T12:58:02.554+0000] {processor.py:914} INFO - Processing file /opt/airflow/dags/raw_enriched_dag.py for tasks to queue
[2025-04-28T12:58:02.555+0000] {logging_mixin.py:190} INFO - [2025-04-28T12:58:02.555+0000] {dagbag.py:588} INFO - Filling up the DagBag from /opt/airflow/dags/raw_enriched_dag.py
[2025-04-28T12:58:02.577+0000] {processor.py:925} INFO - DAG(s) 'medical_dag_v3' retrieved from /opt/airflow/dags/raw_enriched_dag.py
[2025-04-28T12:58:02.713+0000] {logging_mixin.py:190} INFO - [2025-04-28T12:58:02.713+0000] {dag.py:3239} INFO - Sync 1 DAGs
[2025-04-28T12:58:02.728+0000] {logging_mixin.py:190} INFO - [2025-04-28T12:58:02.728+0000] {dag.py:4180} INFO - Setting next_dagrun for medical_dag_v3 to None, run_after=None
[2025-04-28T12:58:02.763+0000] {processor.py:208} INFO - Processing /opt/airflow/dags/raw_enriched_dag.py took 0.216 seconds
[2025-04-28T12:58:34.570+0000] {processor.py:186} INFO - Started process (PID=432) to work on /opt/airflow/dags/raw_enriched_dag.py
[2025-04-28T12:58:34.571+0000] {processor.py:914} INFO - Processing file /opt/airflow/dags/raw_enriched_dag.py for tasks to queue
[2025-04-28T12:58:34.572+0000] {logging_mixin.py:190} INFO - [2025-04-28T12:58:34.572+0000] {dagbag.py:588} INFO - Filling up the DagBag from /opt/airflow/dags/raw_enriched_dag.py
[2025-04-28T12:58:34.592+0000] {processor.py:925} INFO - DAG(s) 'medical_dag_v3' retrieved from /opt/airflow/dags/raw_enriched_dag.py
[2025-04-28T12:58:34.740+0000] {logging_mixin.py:190} INFO - [2025-04-28T12:58:34.740+0000] {dag.py:3239} INFO - Sync 1 DAGs
[2025-04-28T12:58:34.753+0000] {logging_mixin.py:190} INFO - [2025-04-28T12:58:34.753+0000] {dag.py:4180} INFO - Setting next_dagrun for medical_dag_v3 to None, run_after=None
[2025-04-28T12:58:34.783+0000] {processor.py:208} INFO - Processing /opt/airflow/dags/raw_enriched_dag.py took 0.218 seconds
[2025-04-28T12:59:06.796+0000] {processor.py:186} INFO - Started process (PID=448) to work on /opt/airflow/dags/raw_enriched_dag.py
[2025-04-28T12:59:06.797+0000] {processor.py:914} INFO - Processing file /opt/airflow/dags/raw_enriched_dag.py for tasks to queue
[2025-04-28T12:59:06.798+0000] {logging_mixin.py:190} INFO - [2025-04-28T12:59:06.798+0000] {dagbag.py:588} INFO - Filling up the DagBag from /opt/airflow/dags/raw_enriched_dag.py
[2025-04-28T12:59:06.818+0000] {processor.py:925} INFO - DAG(s) 'medical_dag_v3' retrieved from /opt/airflow/dags/raw_enriched_dag.py
[2025-04-28T12:59:07.055+0000] {logging_mixin.py:190} INFO - [2025-04-28T12:59:07.054+0000] {dag.py:3239} INFO - Sync 1 DAGs
[2025-04-28T12:59:07.081+0000] {logging_mixin.py:190} INFO - [2025-04-28T12:59:07.080+0000] {dag.py:4180} INFO - Setting next_dagrun for medical_dag_v3 to None, run_after=None
[2025-04-28T12:59:07.124+0000] {processor.py:208} INFO - Processing /opt/airflow/dags/raw_enriched_dag.py took 0.333 seconds
[2025-04-28T12:59:40.158+0000] {processor.py:186} INFO - Started process (PID=464) to work on /opt/airflow/dags/raw_enriched_dag.py
[2025-04-28T12:59:40.160+0000] {processor.py:914} INFO - Processing file /opt/airflow/dags/raw_enriched_dag.py for tasks to queue
[2025-04-28T12:59:40.162+0000] {logging_mixin.py:190} INFO - [2025-04-28T12:59:40.161+0000] {dagbag.py:588} INFO - Filling up the DagBag from /opt/airflow/dags/raw_enriched_dag.py
[2025-04-28T12:59:40.194+0000] {processor.py:925} INFO - DAG(s) 'medical_dag_v3' retrieved from /opt/airflow/dags/raw_enriched_dag.py
[2025-04-28T12:59:40.377+0000] {logging_mixin.py:190} INFO - [2025-04-28T12:59:40.376+0000] {dag.py:3239} INFO - Sync 1 DAGs
[2025-04-28T12:59:40.395+0000] {logging_mixin.py:190} INFO - [2025-04-28T12:59:40.395+0000] {dag.py:4180} INFO - Setting next_dagrun for medical_dag_v3 to None, run_after=None
[2025-04-28T12:59:40.435+0000] {processor.py:208} INFO - Processing /opt/airflow/dags/raw_enriched_dag.py took 0.286 seconds
[2025-04-28T13:00:12.429+0000] {processor.py:186} INFO - Started process (PID=480) to work on /opt/airflow/dags/raw_enriched_dag.py
[2025-04-28T13:00:12.430+0000] {processor.py:914} INFO - Processing file /opt/airflow/dags/raw_enriched_dag.py for tasks to queue
[2025-04-28T13:00:12.431+0000] {logging_mixin.py:190} INFO - [2025-04-28T13:00:12.431+0000] {dagbag.py:588} INFO - Filling up the DagBag from /opt/airflow/dags/raw_enriched_dag.py
[2025-04-28T13:00:12.452+0000] {processor.py:925} INFO - DAG(s) 'medical_dag_v3' retrieved from /opt/airflow/dags/raw_enriched_dag.py
[2025-04-28T13:00:12.576+0000] {logging_mixin.py:190} INFO - [2025-04-28T13:00:12.576+0000] {dag.py:3239} INFO - Sync 1 DAGs
[2025-04-28T13:00:12.587+0000] {logging_mixin.py:190} INFO - [2025-04-28T13:00:12.587+0000] {dag.py:4180} INFO - Setting next_dagrun for medical_dag_v3 to None, run_after=None
[2025-04-28T13:00:12.617+0000] {processor.py:208} INFO - Processing /opt/airflow/dags/raw_enriched_dag.py took 0.193 seconds
[2025-04-28T13:00:45.644+0000] {processor.py:186} INFO - Started process (PID=496) to work on /opt/airflow/dags/raw_enriched_dag.py
[2025-04-28T13:00:45.645+0000] {processor.py:914} INFO - Processing file /opt/airflow/dags/raw_enriched_dag.py for tasks to queue
[2025-04-28T13:00:45.646+0000] {logging_mixin.py:190} INFO - [2025-04-28T13:00:45.646+0000] {dagbag.py:588} INFO - Filling up the DagBag from /opt/airflow/dags/raw_enriched_dag.py
[2025-04-28T13:00:45.667+0000] {processor.py:925} INFO - DAG(s) 'medical_dag_v3' retrieved from /opt/airflow/dags/raw_enriched_dag.py
[2025-04-28T13:00:45.810+0000] {logging_mixin.py:190} INFO - [2025-04-28T13:00:45.810+0000] {dag.py:3239} INFO - Sync 1 DAGs
[2025-04-28T13:00:45.825+0000] {logging_mixin.py:190} INFO - [2025-04-28T13:00:45.825+0000] {dag.py:4180} INFO - Setting next_dagrun for medical_dag_v3 to None, run_after=None
[2025-04-28T13:00:45.860+0000] {processor.py:208} INFO - Processing /opt/airflow/dags/raw_enriched_dag.py took 0.221 seconds
[2025-04-28T13:01:18.599+0000] {processor.py:186} INFO - Started process (PID=512) to work on /opt/airflow/dags/raw_enriched_dag.py
[2025-04-28T13:01:18.600+0000] {processor.py:914} INFO - Processing file /opt/airflow/dags/raw_enriched_dag.py for tasks to queue
[2025-04-28T13:01:18.601+0000] {logging_mixin.py:190} INFO - [2025-04-28T13:01:18.601+0000] {dagbag.py:588} INFO - Filling up the DagBag from /opt/airflow/dags/raw_enriched_dag.py
[2025-04-28T13:01:18.620+0000] {processor.py:925} INFO - DAG(s) 'medical_dag_v3' retrieved from /opt/airflow/dags/raw_enriched_dag.py
[2025-04-28T13:01:18.745+0000] {logging_mixin.py:190} INFO - [2025-04-28T13:01:18.745+0000] {dag.py:3239} INFO - Sync 1 DAGs
[2025-04-28T13:01:18.756+0000] {logging_mixin.py:190} INFO - [2025-04-28T13:01:18.756+0000] {dag.py:4180} INFO - Setting next_dagrun for medical_dag_v3 to None, run_after=None
[2025-04-28T13:01:18.783+0000] {processor.py:208} INFO - Processing /opt/airflow/dags/raw_enriched_dag.py took 0.190 seconds
[2025-04-28T13:01:50.787+0000] {processor.py:186} INFO - Started process (PID=528) to work on /opt/airflow/dags/raw_enriched_dag.py
[2025-04-28T13:01:50.788+0000] {processor.py:914} INFO - Processing file /opt/airflow/dags/raw_enriched_dag.py for tasks to queue
[2025-04-28T13:01:50.789+0000] {logging_mixin.py:190} INFO - [2025-04-28T13:01:50.789+0000] {dagbag.py:588} INFO - Filling up the DagBag from /opt/airflow/dags/raw_enriched_dag.py
[2025-04-28T13:01:50.814+0000] {processor.py:925} INFO - DAG(s) 'medical_dag_v3' retrieved from /opt/airflow/dags/raw_enriched_dag.py
[2025-04-28T13:01:51.186+0000] {logging_mixin.py:190} INFO - [2025-04-28T13:01:51.186+0000] {dag.py:3239} INFO - Sync 1 DAGs
[2025-04-28T13:01:51.197+0000] {logging_mixin.py:190} INFO - [2025-04-28T13:01:51.197+0000] {dag.py:4180} INFO - Setting next_dagrun for medical_dag_v3 to None, run_after=None
[2025-04-28T13:01:51.227+0000] {processor.py:208} INFO - Processing /opt/airflow/dags/raw_enriched_dag.py took 0.446 seconds
[2025-04-28T13:02:23.231+0000] {processor.py:186} INFO - Started process (PID=544) to work on /opt/airflow/dags/raw_enriched_dag.py
[2025-04-28T13:02:23.232+0000] {processor.py:914} INFO - Processing file /opt/airflow/dags/raw_enriched_dag.py for tasks to queue
[2025-04-28T13:02:23.233+0000] {logging_mixin.py:190} INFO - [2025-04-28T13:02:23.233+0000] {dagbag.py:588} INFO - Filling up the DagBag from /opt/airflow/dags/raw_enriched_dag.py
[2025-04-28T13:02:23.255+0000] {processor.py:925} INFO - DAG(s) 'medical_dag_v3' retrieved from /opt/airflow/dags/raw_enriched_dag.py
[2025-04-28T13:02:23.379+0000] {logging_mixin.py:190} INFO - [2025-04-28T13:02:23.379+0000] {dag.py:3239} INFO - Sync 1 DAGs
[2025-04-28T13:02:23.390+0000] {logging_mixin.py:190} INFO - [2025-04-28T13:02:23.390+0000] {dag.py:4180} INFO - Setting next_dagrun for medical_dag_v3 to None, run_after=None
[2025-04-28T13:02:23.418+0000] {processor.py:208} INFO - Processing /opt/airflow/dags/raw_enriched_dag.py took 0.192 seconds
[2025-04-28T13:02:56.416+0000] {processor.py:186} INFO - Started process (PID=560) to work on /opt/airflow/dags/raw_enriched_dag.py
[2025-04-28T13:02:56.417+0000] {processor.py:914} INFO - Processing file /opt/airflow/dags/raw_enriched_dag.py for tasks to queue
[2025-04-28T13:02:56.418+0000] {logging_mixin.py:190} INFO - [2025-04-28T13:02:56.418+0000] {dagbag.py:588} INFO - Filling up the DagBag from /opt/airflow/dags/raw_enriched_dag.py
[2025-04-28T13:02:56.436+0000] {processor.py:925} INFO - DAG(s) 'medical_dag_v3' retrieved from /opt/airflow/dags/raw_enriched_dag.py
[2025-04-28T13:02:56.565+0000] {logging_mixin.py:190} INFO - [2025-04-28T13:02:56.565+0000] {dag.py:3239} INFO - Sync 1 DAGs
[2025-04-28T13:02:56.577+0000] {logging_mixin.py:190} INFO - [2025-04-28T13:02:56.577+0000] {dag.py:4180} INFO - Setting next_dagrun for medical_dag_v3 to None, run_after=None
[2025-04-28T13:02:56.606+0000] {processor.py:208} INFO - Processing /opt/airflow/dags/raw_enriched_dag.py took 0.195 seconds
[2025-04-28T13:03:28.692+0000] {processor.py:186} INFO - Started process (PID=576) to work on /opt/airflow/dags/raw_enriched_dag.py
[2025-04-28T13:03:28.693+0000] {processor.py:914} INFO - Processing file /opt/airflow/dags/raw_enriched_dag.py for tasks to queue
[2025-04-28T13:03:28.694+0000] {logging_mixin.py:190} INFO - [2025-04-28T13:03:28.694+0000] {dagbag.py:588} INFO - Filling up the DagBag from /opt/airflow/dags/raw_enriched_dag.py
[2025-04-28T13:03:28.716+0000] {processor.py:925} INFO - DAG(s) 'medical_dag_v3' retrieved from /opt/airflow/dags/raw_enriched_dag.py
[2025-04-28T13:03:28.842+0000] {logging_mixin.py:190} INFO - [2025-04-28T13:03:28.842+0000] {dag.py:3239} INFO - Sync 1 DAGs
[2025-04-28T13:03:28.854+0000] {logging_mixin.py:190} INFO - [2025-04-28T13:03:28.853+0000] {dag.py:4180} INFO - Setting next_dagrun for medical_dag_v3 to None, run_after=None
[2025-04-28T13:03:28.885+0000] {processor.py:208} INFO - Processing /opt/airflow/dags/raw_enriched_dag.py took 0.198 seconds
[2025-04-28T13:04:01.931+0000] {processor.py:186} INFO - Started process (PID=592) to work on /opt/airflow/dags/raw_enriched_dag.py
[2025-04-28T13:04:01.932+0000] {processor.py:914} INFO - Processing file /opt/airflow/dags/raw_enriched_dag.py for tasks to queue
[2025-04-28T13:04:01.933+0000] {logging_mixin.py:190} INFO - [2025-04-28T13:04:01.933+0000] {dagbag.py:588} INFO - Filling up the DagBag from /opt/airflow/dags/raw_enriched_dag.py
[2025-04-28T13:04:01.955+0000] {processor.py:925} INFO - DAG(s) 'medical_dag_v3' retrieved from /opt/airflow/dags/raw_enriched_dag.py
[2025-04-28T13:04:02.096+0000] {logging_mixin.py:190} INFO - [2025-04-28T13:04:02.096+0000] {dag.py:3239} INFO - Sync 1 DAGs
[2025-04-28T13:04:02.112+0000] {logging_mixin.py:190} INFO - [2025-04-28T13:04:02.112+0000] {dag.py:4180} INFO - Setting next_dagrun for medical_dag_v3 to None, run_after=None
[2025-04-28T13:04:02.145+0000] {processor.py:208} INFO - Processing /opt/airflow/dags/raw_enriched_dag.py took 0.220 seconds
[2025-04-28T13:04:34.119+0000] {processor.py:186} INFO - Started process (PID=608) to work on /opt/airflow/dags/raw_enriched_dag.py
[2025-04-28T13:04:34.121+0000] {processor.py:914} INFO - Processing file /opt/airflow/dags/raw_enriched_dag.py for tasks to queue
[2025-04-28T13:04:34.122+0000] {logging_mixin.py:190} INFO - [2025-04-28T13:04:34.121+0000] {dagbag.py:588} INFO - Filling up the DagBag from /opt/airflow/dags/raw_enriched_dag.py
[2025-04-28T13:04:34.144+0000] {processor.py:925} INFO - DAG(s) 'medical_dag_v3' retrieved from /opt/airflow/dags/raw_enriched_dag.py
[2025-04-28T13:04:34.292+0000] {logging_mixin.py:190} INFO - [2025-04-28T13:04:34.292+0000] {dag.py:3239} INFO - Sync 1 DAGs
[2025-04-28T13:04:34.307+0000] {logging_mixin.py:190} INFO - [2025-04-28T13:04:34.306+0000] {dag.py:4180} INFO - Setting next_dagrun for medical_dag_v3 to None, run_after=None
[2025-04-28T13:04:34.338+0000] {processor.py:208} INFO - Processing /opt/airflow/dags/raw_enriched_dag.py took 0.226 seconds
[2025-04-28T13:05:07.464+0000] {processor.py:186} INFO - Started process (PID=624) to work on /opt/airflow/dags/raw_enriched_dag.py
[2025-04-28T13:05:07.465+0000] {processor.py:914} INFO - Processing file /opt/airflow/dags/raw_enriched_dag.py for tasks to queue
[2025-04-28T13:05:07.466+0000] {logging_mixin.py:190} INFO - [2025-04-28T13:05:07.466+0000] {dagbag.py:588} INFO - Filling up the DagBag from /opt/airflow/dags/raw_enriched_dag.py
[2025-04-28T13:05:07.487+0000] {processor.py:925} INFO - DAG(s) 'medical_dag_v3' retrieved from /opt/airflow/dags/raw_enriched_dag.py
[2025-04-28T13:05:07.606+0000] {logging_mixin.py:190} INFO - [2025-04-28T13:05:07.606+0000] {dag.py:3239} INFO - Sync 1 DAGs
[2025-04-28T13:05:07.617+0000] {logging_mixin.py:190} INFO - [2025-04-28T13:05:07.617+0000] {dag.py:4180} INFO - Setting next_dagrun for medical_dag_v3 to None, run_after=None
[2025-04-28T13:05:07.647+0000] {processor.py:208} INFO - Processing /opt/airflow/dags/raw_enriched_dag.py took 0.187 seconds
[2025-04-28T13:05:39.756+0000] {processor.py:186} INFO - Started process (PID=640) to work on /opt/airflow/dags/raw_enriched_dag.py
[2025-04-28T13:05:39.757+0000] {processor.py:914} INFO - Processing file /opt/airflow/dags/raw_enriched_dag.py for tasks to queue
[2025-04-28T13:05:39.758+0000] {logging_mixin.py:190} INFO - [2025-04-28T13:05:39.757+0000] {dagbag.py:588} INFO - Filling up the DagBag from /opt/airflow/dags/raw_enriched_dag.py
[2025-04-28T13:05:39.780+0000] {processor.py:925} INFO - DAG(s) 'medical_dag_v3' retrieved from /opt/airflow/dags/raw_enriched_dag.py
[2025-04-28T13:05:39.898+0000] {logging_mixin.py:190} INFO - [2025-04-28T13:05:39.898+0000] {dag.py:3239} INFO - Sync 1 DAGs
[2025-04-28T13:05:39.909+0000] {logging_mixin.py:190} INFO - [2025-04-28T13:05:39.909+0000] {dag.py:4180} INFO - Setting next_dagrun for medical_dag_v3 to None, run_after=None
[2025-04-28T13:05:39.937+0000] {processor.py:208} INFO - Processing /opt/airflow/dags/raw_enriched_dag.py took 0.188 seconds
[2025-04-28T13:06:12.684+0000] {processor.py:186} INFO - Started process (PID=656) to work on /opt/airflow/dags/raw_enriched_dag.py
[2025-04-28T13:06:12.685+0000] {processor.py:914} INFO - Processing file /opt/airflow/dags/raw_enriched_dag.py for tasks to queue
[2025-04-28T13:06:12.686+0000] {logging_mixin.py:190} INFO - [2025-04-28T13:06:12.685+0000] {dagbag.py:588} INFO - Filling up the DagBag from /opt/airflow/dags/raw_enriched_dag.py
[2025-04-28T13:06:12.706+0000] {processor.py:925} INFO - DAG(s) 'medical_dag_v3' retrieved from /opt/airflow/dags/raw_enriched_dag.py
[2025-04-28T13:06:12.817+0000] {logging_mixin.py:190} INFO - [2025-04-28T13:06:12.816+0000] {dag.py:3239} INFO - Sync 1 DAGs
[2025-04-28T13:06:12.827+0000] {logging_mixin.py:190} INFO - [2025-04-28T13:06:12.827+0000] {dag.py:4180} INFO - Setting next_dagrun for medical_dag_v3 to None, run_after=None
[2025-04-28T13:06:12.854+0000] {processor.py:208} INFO - Processing /opt/airflow/dags/raw_enriched_dag.py took 0.175 seconds
[2025-04-28T13:06:45.947+0000] {processor.py:186} INFO - Started process (PID=672) to work on /opt/airflow/dags/raw_enriched_dag.py
[2025-04-28T13:06:45.948+0000] {processor.py:914} INFO - Processing file /opt/airflow/dags/raw_enriched_dag.py for tasks to queue
[2025-04-28T13:06:45.949+0000] {logging_mixin.py:190} INFO - [2025-04-28T13:06:45.949+0000] {dagbag.py:588} INFO - Filling up the DagBag from /opt/airflow/dags/raw_enriched_dag.py
[2025-04-28T13:06:45.969+0000] {processor.py:925} INFO - DAG(s) 'medical_dag_v3' retrieved from /opt/airflow/dags/raw_enriched_dag.py
[2025-04-28T13:06:46.227+0000] {logging_mixin.py:190} INFO - [2025-04-28T13:06:46.227+0000] {dag.py:3239} INFO - Sync 1 DAGs
[2025-04-28T13:06:46.256+0000] {logging_mixin.py:190} INFO - [2025-04-28T13:06:46.255+0000] {dag.py:4180} INFO - Setting next_dagrun for medical_dag_v3 to None, run_after=None
[2025-04-28T13:06:46.281+0000] {processor.py:208} INFO - Processing /opt/airflow/dags/raw_enriched_dag.py took 0.339 seconds
[2025-04-28T13:07:18.366+0000] {processor.py:186} INFO - Started process (PID=688) to work on /opt/airflow/dags/raw_enriched_dag.py
[2025-04-28T13:07:18.369+0000] {processor.py:914} INFO - Processing file /opt/airflow/dags/raw_enriched_dag.py for tasks to queue
[2025-04-28T13:07:18.375+0000] {logging_mixin.py:190} INFO - [2025-04-28T13:07:18.374+0000] {dagbag.py:588} INFO - Filling up the DagBag from /opt/airflow/dags/raw_enriched_dag.py
[2025-04-28T13:07:18.399+0000] {processor.py:925} INFO - DAG(s) 'medical_dag_v3' retrieved from /opt/airflow/dags/raw_enriched_dag.py
[2025-04-28T13:07:18.521+0000] {logging_mixin.py:190} INFO - [2025-04-28T13:07:18.521+0000] {dag.py:3239} INFO - Sync 1 DAGs
[2025-04-28T13:07:18.539+0000] {logging_mixin.py:190} INFO - [2025-04-28T13:07:18.539+0000] {dag.py:4180} INFO - Setting next_dagrun for medical_dag_v3 to None, run_after=None
[2025-04-28T13:07:18.565+0000] {processor.py:208} INFO - Processing /opt/airflow/dags/raw_enriched_dag.py took 0.207 seconds
[2025-04-28T13:07:50.684+0000] {processor.py:186} INFO - Started process (PID=704) to work on /opt/airflow/dags/raw_enriched_dag.py
[2025-04-28T13:07:50.685+0000] {processor.py:914} INFO - Processing file /opt/airflow/dags/raw_enriched_dag.py for tasks to queue
[2025-04-28T13:07:50.686+0000] {logging_mixin.py:190} INFO - [2025-04-28T13:07:50.686+0000] {dagbag.py:588} INFO - Filling up the DagBag from /opt/airflow/dags/raw_enriched_dag.py
[2025-04-28T13:07:50.708+0000] {processor.py:925} INFO - DAG(s) 'medical_dag_v3' retrieved from /opt/airflow/dags/raw_enriched_dag.py
[2025-04-28T13:07:50.821+0000] {logging_mixin.py:190} INFO - [2025-04-28T13:07:50.820+0000] {dag.py:3239} INFO - Sync 1 DAGs
[2025-04-28T13:07:50.832+0000] {logging_mixin.py:190} INFO - [2025-04-28T13:07:50.831+0000] {dag.py:4180} INFO - Setting next_dagrun for medical_dag_v3 to None, run_after=None
[2025-04-28T13:07:50.858+0000] {processor.py:208} INFO - Processing /opt/airflow/dags/raw_enriched_dag.py took 0.181 seconds
[2025-04-28T13:08:23.930+0000] {processor.py:186} INFO - Started process (PID=720) to work on /opt/airflow/dags/raw_enriched_dag.py
[2025-04-28T13:08:23.931+0000] {processor.py:914} INFO - Processing file /opt/airflow/dags/raw_enriched_dag.py for tasks to queue
[2025-04-28T13:08:23.932+0000] {logging_mixin.py:190} INFO - [2025-04-28T13:08:23.932+0000] {dagbag.py:588} INFO - Filling up the DagBag from /opt/airflow/dags/raw_enriched_dag.py
[2025-04-28T13:08:23.953+0000] {processor.py:925} INFO - DAG(s) 'medical_dag_v3' retrieved from /opt/airflow/dags/raw_enriched_dag.py
[2025-04-28T13:08:24.072+0000] {logging_mixin.py:190} INFO - [2025-04-28T13:08:24.072+0000] {dag.py:3239} INFO - Sync 1 DAGs
[2025-04-28T13:08:24.082+0000] {logging_mixin.py:190} INFO - [2025-04-28T13:08:24.082+0000] {dag.py:4180} INFO - Setting next_dagrun for medical_dag_v3 to None, run_after=None
[2025-04-28T13:08:24.109+0000] {processor.py:208} INFO - Processing /opt/airflow/dags/raw_enriched_dag.py took 0.185 seconds
[2025-04-28T13:08:56.231+0000] {processor.py:186} INFO - Started process (PID=736) to work on /opt/airflow/dags/raw_enriched_dag.py
[2025-04-28T13:08:56.232+0000] {processor.py:914} INFO - Processing file /opt/airflow/dags/raw_enriched_dag.py for tasks to queue
[2025-04-28T13:08:56.233+0000] {logging_mixin.py:190} INFO - [2025-04-28T13:08:56.233+0000] {dagbag.py:588} INFO - Filling up the DagBag from /opt/airflow/dags/raw_enriched_dag.py
[2025-04-28T13:08:56.253+0000] {processor.py:925} INFO - DAG(s) 'medical_dag_v3' retrieved from /opt/airflow/dags/raw_enriched_dag.py
[2025-04-28T13:08:56.365+0000] {logging_mixin.py:190} INFO - [2025-04-28T13:08:56.365+0000] {dag.py:3239} INFO - Sync 1 DAGs
[2025-04-28T13:08:56.375+0000] {logging_mixin.py:190} INFO - [2025-04-28T13:08:56.375+0000] {dag.py:4180} INFO - Setting next_dagrun for medical_dag_v3 to None, run_after=None
[2025-04-28T13:08:56.410+0000] {processor.py:208} INFO - Processing /opt/airflow/dags/raw_enriched_dag.py took 0.184 seconds
[2025-04-28T13:09:29.502+0000] {processor.py:186} INFO - Started process (PID=752) to work on /opt/airflow/dags/raw_enriched_dag.py
[2025-04-28T13:09:29.503+0000] {processor.py:914} INFO - Processing file /opt/airflow/dags/raw_enriched_dag.py for tasks to queue
[2025-04-28T13:09:29.504+0000] {logging_mixin.py:190} INFO - [2025-04-28T13:09:29.504+0000] {dagbag.py:588} INFO - Filling up the DagBag from /opt/airflow/dags/raw_enriched_dag.py
[2025-04-28T13:09:29.524+0000] {processor.py:925} INFO - DAG(s) 'medical_dag_v3' retrieved from /opt/airflow/dags/raw_enriched_dag.py
[2025-04-28T13:09:29.639+0000] {logging_mixin.py:190} INFO - [2025-04-28T13:09:29.638+0000] {dag.py:3239} INFO - Sync 1 DAGs
[2025-04-28T13:09:29.650+0000] {logging_mixin.py:190} INFO - [2025-04-28T13:09:29.650+0000] {dag.py:4180} INFO - Setting next_dagrun for medical_dag_v3 to None, run_after=None
[2025-04-28T13:09:29.687+0000] {processor.py:208} INFO - Processing /opt/airflow/dags/raw_enriched_dag.py took 0.189 seconds
[2025-04-28T13:10:01.769+0000] {processor.py:186} INFO - Started process (PID=768) to work on /opt/airflow/dags/raw_enriched_dag.py
[2025-04-28T13:10:01.770+0000] {processor.py:914} INFO - Processing file /opt/airflow/dags/raw_enriched_dag.py for tasks to queue
[2025-04-28T13:10:01.772+0000] {logging_mixin.py:190} INFO - [2025-04-28T13:10:01.771+0000] {dagbag.py:588} INFO - Filling up the DagBag from /opt/airflow/dags/raw_enriched_dag.py
[2025-04-28T13:10:01.797+0000] {processor.py:925} INFO - DAG(s) 'medical_dag_v3' retrieved from /opt/airflow/dags/raw_enriched_dag.py
[2025-04-28T13:10:01.925+0000] {logging_mixin.py:190} INFO - [2025-04-28T13:10:01.925+0000] {dag.py:3239} INFO - Sync 1 DAGs
[2025-04-28T13:10:01.939+0000] {logging_mixin.py:190} INFO - [2025-04-28T13:10:01.939+0000] {dag.py:4180} INFO - Setting next_dagrun for medical_dag_v3 to None, run_after=None
[2025-04-28T13:10:01.965+0000] {processor.py:208} INFO - Processing /opt/airflow/dags/raw_enriched_dag.py took 0.204 seconds
[2025-04-28T13:10:35.076+0000] {processor.py:186} INFO - Started process (PID=784) to work on /opt/airflow/dags/raw_enriched_dag.py
[2025-04-28T13:10:35.077+0000] {processor.py:914} INFO - Processing file /opt/airflow/dags/raw_enriched_dag.py for tasks to queue
[2025-04-28T13:10:35.078+0000] {logging_mixin.py:190} INFO - [2025-04-28T13:10:35.078+0000] {dagbag.py:588} INFO - Filling up the DagBag from /opt/airflow/dags/raw_enriched_dag.py
[2025-04-28T13:10:35.098+0000] {processor.py:925} INFO - DAG(s) 'medical_dag_v3' retrieved from /opt/airflow/dags/raw_enriched_dag.py
[2025-04-28T13:10:35.216+0000] {logging_mixin.py:190} INFO - [2025-04-28T13:10:35.216+0000] {dag.py:3239} INFO - Sync 1 DAGs
[2025-04-28T13:10:35.230+0000] {logging_mixin.py:190} INFO - [2025-04-28T13:10:35.230+0000] {dag.py:4180} INFO - Setting next_dagrun for medical_dag_v3 to None, run_after=None
[2025-04-28T13:10:35.255+0000] {processor.py:208} INFO - Processing /opt/airflow/dags/raw_enriched_dag.py took 0.184 seconds
[2025-04-28T13:11:06.892+0000] {processor.py:186} INFO - Started process (PID=800) to work on /opt/airflow/dags/raw_enriched_dag.py
[2025-04-28T13:11:06.892+0000] {processor.py:914} INFO - Processing file /opt/airflow/dags/raw_enriched_dag.py for tasks to queue
[2025-04-28T13:11:06.893+0000] {logging_mixin.py:190} INFO - [2025-04-28T13:11:06.893+0000] {dagbag.py:588} INFO - Filling up the DagBag from /opt/airflow/dags/raw_enriched_dag.py
[2025-04-28T13:11:06.915+0000] {processor.py:925} INFO - DAG(s) 'medical_dag_v3' retrieved from /opt/airflow/dags/raw_enriched_dag.py
[2025-04-28T13:11:07.071+0000] {logging_mixin.py:190} INFO - [2025-04-28T13:11:07.071+0000] {dag.py:3239} INFO - Sync 1 DAGs
[2025-04-28T13:11:07.085+0000] {logging_mixin.py:190} INFO - [2025-04-28T13:11:07.084+0000] {dag.py:4180} INFO - Setting next_dagrun for medical_dag_v3 to None, run_after=None
[2025-04-28T13:11:07.109+0000] {processor.py:208} INFO - Processing /opt/airflow/dags/raw_enriched_dag.py took 0.223 seconds
[2025-04-28T13:11:40.230+0000] {processor.py:186} INFO - Started process (PID=816) to work on /opt/airflow/dags/raw_enriched_dag.py
[2025-04-28T13:11:40.231+0000] {processor.py:914} INFO - Processing file /opt/airflow/dags/raw_enriched_dag.py for tasks to queue
[2025-04-28T13:11:40.232+0000] {logging_mixin.py:190} INFO - [2025-04-28T13:11:40.232+0000] {dagbag.py:588} INFO - Filling up the DagBag from /opt/airflow/dags/raw_enriched_dag.py
[2025-04-28T13:11:40.253+0000] {processor.py:925} INFO - DAG(s) 'medical_dag_v3' retrieved from /opt/airflow/dags/raw_enriched_dag.py
[2025-04-28T13:11:40.364+0000] {logging_mixin.py:190} INFO - [2025-04-28T13:11:40.363+0000] {dag.py:3239} INFO - Sync 1 DAGs
[2025-04-28T13:11:40.374+0000] {logging_mixin.py:190} INFO - [2025-04-28T13:11:40.374+0000] {dag.py:4180} INFO - Setting next_dagrun for medical_dag_v3 to None, run_after=None
[2025-04-28T13:11:40.419+0000] {processor.py:208} INFO - Processing /opt/airflow/dags/raw_enriched_dag.py took 0.194 seconds
[2025-04-28T13:12:12.485+0000] {processor.py:186} INFO - Started process (PID=832) to work on /opt/airflow/dags/raw_enriched_dag.py
[2025-04-28T13:12:12.485+0000] {processor.py:914} INFO - Processing file /opt/airflow/dags/raw_enriched_dag.py for tasks to queue
[2025-04-28T13:12:12.486+0000] {logging_mixin.py:190} INFO - [2025-04-28T13:12:12.486+0000] {dagbag.py:588} INFO - Filling up the DagBag from /opt/airflow/dags/raw_enriched_dag.py
[2025-04-28T13:12:12.509+0000] {processor.py:925} INFO - DAG(s) 'medical_dag_v3' retrieved from /opt/airflow/dags/raw_enriched_dag.py
[2025-04-28T13:12:12.626+0000] {logging_mixin.py:190} INFO - [2025-04-28T13:12:12.626+0000] {dag.py:3239} INFO - Sync 1 DAGs
[2025-04-28T13:12:12.638+0000] {logging_mixin.py:190} INFO - [2025-04-28T13:12:12.638+0000] {dag.py:4180} INFO - Setting next_dagrun for medical_dag_v3 to None, run_after=None
[2025-04-28T13:12:12.670+0000] {processor.py:208} INFO - Processing /opt/airflow/dags/raw_enriched_dag.py took 0.191 seconds
[2025-04-28T13:12:45.785+0000] {processor.py:186} INFO - Started process (PID=848) to work on /opt/airflow/dags/raw_enriched_dag.py
[2025-04-28T13:12:45.786+0000] {processor.py:914} INFO - Processing file /opt/airflow/dags/raw_enriched_dag.py for tasks to queue
[2025-04-28T13:12:45.787+0000] {logging_mixin.py:190} INFO - [2025-04-28T13:12:45.786+0000] {dagbag.py:588} INFO - Filling up the DagBag from /opt/airflow/dags/raw_enriched_dag.py
[2025-04-28T13:12:45.807+0000] {processor.py:925} INFO - DAG(s) 'medical_dag_v3' retrieved from /opt/airflow/dags/raw_enriched_dag.py
[2025-04-28T13:12:45.915+0000] {logging_mixin.py:190} INFO - [2025-04-28T13:12:45.915+0000] {dag.py:3239} INFO - Sync 1 DAGs
[2025-04-28T13:12:45.927+0000] {logging_mixin.py:190} INFO - [2025-04-28T13:12:45.927+0000] {dag.py:4180} INFO - Setting next_dagrun for medical_dag_v3 to None, run_after=None
[2025-04-28T13:12:45.953+0000] {processor.py:208} INFO - Processing /opt/airflow/dags/raw_enriched_dag.py took 0.176 seconds
[2025-04-28T13:13:18.066+0000] {processor.py:186} INFO - Started process (PID=865) to work on /opt/airflow/dags/raw_enriched_dag.py
[2025-04-28T13:13:18.067+0000] {processor.py:914} INFO - Processing file /opt/airflow/dags/raw_enriched_dag.py for tasks to queue
[2025-04-28T13:13:18.068+0000] {logging_mixin.py:190} INFO - [2025-04-28T13:13:18.068+0000] {dagbag.py:588} INFO - Filling up the DagBag from /opt/airflow/dags/raw_enriched_dag.py
[2025-04-28T13:13:18.088+0000] {processor.py:925} INFO - DAG(s) 'medical_dag_v3' retrieved from /opt/airflow/dags/raw_enriched_dag.py
[2025-04-28T13:13:18.199+0000] {logging_mixin.py:190} INFO - [2025-04-28T13:13:18.199+0000] {dag.py:3239} INFO - Sync 1 DAGs
[2025-04-28T13:13:18.211+0000] {logging_mixin.py:190} INFO - [2025-04-28T13:13:18.211+0000] {dag.py:4180} INFO - Setting next_dagrun for medical_dag_v3 to None, run_after=None
[2025-04-28T13:13:18.236+0000] {processor.py:208} INFO - Processing /opt/airflow/dags/raw_enriched_dag.py took 0.175 seconds
[2025-04-28T13:13:51.384+0000] {processor.py:186} INFO - Started process (PID=881) to work on /opt/airflow/dags/raw_enriched_dag.py
[2025-04-28T13:13:51.385+0000] {processor.py:914} INFO - Processing file /opt/airflow/dags/raw_enriched_dag.py for tasks to queue
[2025-04-28T13:13:51.386+0000] {logging_mixin.py:190} INFO - [2025-04-28T13:13:51.386+0000] {dagbag.py:588} INFO - Filling up the DagBag from /opt/airflow/dags/raw_enriched_dag.py
[2025-04-28T13:13:51.408+0000] {processor.py:925} INFO - DAG(s) 'medical_dag_v3' retrieved from /opt/airflow/dags/raw_enriched_dag.py
[2025-04-28T13:13:51.546+0000] {logging_mixin.py:190} INFO - [2025-04-28T13:13:51.545+0000] {dag.py:3239} INFO - Sync 1 DAGs
[2025-04-28T13:13:51.556+0000] {logging_mixin.py:190} INFO - [2025-04-28T13:13:51.556+0000] {dag.py:4180} INFO - Setting next_dagrun for medical_dag_v3 to None, run_after=None
[2025-04-28T13:13:51.583+0000] {processor.py:208} INFO - Processing /opt/airflow/dags/raw_enriched_dag.py took 0.204 seconds
[2025-04-28T13:14:23.691+0000] {processor.py:186} INFO - Started process (PID=897) to work on /opt/airflow/dags/raw_enriched_dag.py
[2025-04-28T13:14:23.692+0000] {processor.py:914} INFO - Processing file /opt/airflow/dags/raw_enriched_dag.py for tasks to queue
[2025-04-28T13:14:23.693+0000] {logging_mixin.py:190} INFO - [2025-04-28T13:14:23.693+0000] {dagbag.py:588} INFO - Filling up the DagBag from /opt/airflow/dags/raw_enriched_dag.py
[2025-04-28T13:14:23.713+0000] {processor.py:925} INFO - DAG(s) 'medical_dag_v3' retrieved from /opt/airflow/dags/raw_enriched_dag.py
[2025-04-28T13:14:23.823+0000] {logging_mixin.py:190} INFO - [2025-04-28T13:14:23.823+0000] {dag.py:3239} INFO - Sync 1 DAGs
[2025-04-28T13:14:23.835+0000] {logging_mixin.py:190} INFO - [2025-04-28T13:14:23.834+0000] {dag.py:4180} INFO - Setting next_dagrun for medical_dag_v3 to None, run_after=None
[2025-04-28T13:14:23.860+0000] {processor.py:208} INFO - Processing /opt/airflow/dags/raw_enriched_dag.py took 0.174 seconds
[2025-04-28T13:14:56.939+0000] {processor.py:186} INFO - Started process (PID=913) to work on /opt/airflow/dags/raw_enriched_dag.py
[2025-04-28T13:14:56.940+0000] {processor.py:914} INFO - Processing file /opt/airflow/dags/raw_enriched_dag.py for tasks to queue
[2025-04-28T13:14:56.941+0000] {logging_mixin.py:190} INFO - [2025-04-28T13:14:56.940+0000] {dagbag.py:588} INFO - Filling up the DagBag from /opt/airflow/dags/raw_enriched_dag.py
[2025-04-28T13:14:56.961+0000] {processor.py:925} INFO - DAG(s) 'medical_dag_v3' retrieved from /opt/airflow/dags/raw_enriched_dag.py
[2025-04-28T13:14:57.069+0000] {logging_mixin.py:190} INFO - [2025-04-28T13:14:57.068+0000] {dag.py:3239} INFO - Sync 1 DAGs
[2025-04-28T13:14:57.092+0000] {logging_mixin.py:190} INFO - [2025-04-28T13:14:57.092+0000] {dag.py:4180} INFO - Setting next_dagrun for medical_dag_v3 to None, run_after=None
[2025-04-28T13:14:57.117+0000] {processor.py:208} INFO - Processing /opt/airflow/dags/raw_enriched_dag.py took 0.182 seconds
[2025-04-28T13:15:29.194+0000] {processor.py:186} INFO - Started process (PID=929) to work on /opt/airflow/dags/raw_enriched_dag.py
[2025-04-28T13:15:29.195+0000] {processor.py:914} INFO - Processing file /opt/airflow/dags/raw_enriched_dag.py for tasks to queue
[2025-04-28T13:15:29.196+0000] {logging_mixin.py:190} INFO - [2025-04-28T13:15:29.196+0000] {dagbag.py:588} INFO - Filling up the DagBag from /opt/airflow/dags/raw_enriched_dag.py
[2025-04-28T13:15:29.219+0000] {processor.py:925} INFO - DAG(s) 'medical_dag_v3' retrieved from /opt/airflow/dags/raw_enriched_dag.py
[2025-04-28T13:15:29.335+0000] {logging_mixin.py:190} INFO - [2025-04-28T13:15:29.335+0000] {dag.py:3239} INFO - Sync 1 DAGs
[2025-04-28T13:15:29.346+0000] {logging_mixin.py:190} INFO - [2025-04-28T13:15:29.346+0000] {dag.py:4180} INFO - Setting next_dagrun for medical_dag_v3 to None, run_after=None
[2025-04-28T13:15:29.373+0000] {processor.py:208} INFO - Processing /opt/airflow/dags/raw_enriched_dag.py took 0.192 seconds
[2025-04-28T13:16:02.078+0000] {processor.py:186} INFO - Started process (PID=945) to work on /opt/airflow/dags/raw_enriched_dag.py
[2025-04-28T13:16:02.079+0000] {processor.py:914} INFO - Processing file /opt/airflow/dags/raw_enriched_dag.py for tasks to queue
[2025-04-28T13:16:02.081+0000] {logging_mixin.py:190} INFO - [2025-04-28T13:16:02.080+0000] {dagbag.py:588} INFO - Filling up the DagBag from /opt/airflow/dags/raw_enriched_dag.py
[2025-04-28T13:16:02.101+0000] {processor.py:925} INFO - DAG(s) 'medical_dag_v3' retrieved from /opt/airflow/dags/raw_enriched_dag.py
[2025-04-28T13:16:02.214+0000] {logging_mixin.py:190} INFO - [2025-04-28T13:16:02.214+0000] {dag.py:3239} INFO - Sync 1 DAGs
[2025-04-28T13:16:02.226+0000] {logging_mixin.py:190} INFO - [2025-04-28T13:16:02.225+0000] {dag.py:4180} INFO - Setting next_dagrun for medical_dag_v3 to None, run_after=None
[2025-04-28T13:16:02.251+0000] {processor.py:208} INFO - Processing /opt/airflow/dags/raw_enriched_dag.py took 0.178 seconds
[2025-04-28T13:16:34.304+0000] {processor.py:186} INFO - Started process (PID=1025) to work on /opt/airflow/dags/raw_enriched_dag.py
[2025-04-28T13:16:34.307+0000] {processor.py:914} INFO - Processing file /opt/airflow/dags/raw_enriched_dag.py for tasks to queue
[2025-04-28T13:16:34.311+0000] {logging_mixin.py:190} INFO - [2025-04-28T13:16:34.310+0000] {dagbag.py:588} INFO - Filling up the DagBag from /opt/airflow/dags/raw_enriched_dag.py
[2025-04-28T13:16:34.363+0000] {processor.py:925} INFO - DAG(s) 'medical_dag_v3' retrieved from /opt/airflow/dags/raw_enriched_dag.py
