[2025-05-26T02:47:43.777+0000] {local_task_job_runner.py:123} INFO - ::group::Pre task execution logs
[2025-05-26T02:47:43.799+0000] {taskinstance.py:2614} INFO - Dependencies all met for dep_context=non-requeueable deps ti=<TaskInstance: medical_dag_v20.dim_group.creating_dim_observations manual__2025-05-26T02:47:42.995694+00:00 [queued]>
[2025-05-26T02:47:43.831+0000] {taskinstance.py:2614} INFO - Dependencies all met for dep_context=requeueable deps ti=<TaskInstance: medical_dag_v20.dim_group.creating_dim_observations manual__2025-05-26T02:47:42.995694+00:00 [queued]>
[2025-05-26T02:47:43.832+0000] {taskinstance.py:2867} INFO - Starting attempt 1 of 1
[2025-05-26T02:47:43.845+0000] {taskinstance.py:2890} INFO - Executing <Task(SparkSubmitOperator): dim_group.creating_dim_observations> on 2025-05-26 02:47:42.995694+00:00
[2025-05-26T02:47:43.857+0000] {standard_task_runner.py:104} INFO - Running: ['airflow', 'tasks', 'run', 'medical_dag_v20', 'dim_group.creating_dim_observations', 'manual__2025-05-26T02:47:42.995694+00:00', '--job-id', '67', '--raw', '--subdir', 'DAGS_FOLDER/raw_enriched_dag.py', '--cfg-path', '/tmp/tmp6aqs8mk0']
[2025-05-26T02:47:43.860+0000] {standard_task_runner.py:105} INFO - Job 67: Subtask dim_group.creating_dim_observations
[2025-05-26T02:47:43.864+0000] {logging_mixin.py:190} WARNING - /home/airflow/.local/lib/python3.12/site-packages/airflow/task/task_runner/standard_task_runner.py:70 DeprecationWarning: This process (pid=3212) is multi-threaded, use of fork() may lead to deadlocks in the child.
[2025-05-26T02:47:43.865+0000] {standard_task_runner.py:72} INFO - Started process 3243 to run task
[2025-05-26T02:47:43.896+0000] {task_command.py:467} INFO - Running <TaskInstance: medical_dag_v20.dim_group.creating_dim_observations manual__2025-05-26T02:47:42.995694+00:00 [running]> on host airflow-scheduler
[2025-05-26T02:47:43.976+0000] {taskinstance.py:3134} INFO - Exporting env vars: AIRFLOW_CTX_DAG_OWNER='airflow' AIRFLOW_CTX_DAG_ID='medical_dag_v20' AIRFLOW_CTX_TASK_ID='dim_group.creating_dim_observations' AIRFLOW_CTX_EXECUTION_DATE='2025-05-26T02:47:42.995694+00:00' AIRFLOW_CTX_TRY_NUMBER='1' AIRFLOW_CTX_DAG_RUN_ID='manual__2025-05-26T02:47:42.995694+00:00'
[2025-05-26T02:47:43.976+0000] {taskinstance.py:732} INFO - ::endgroup::
[2025-05-26T02:47:43.992+0000] {base.py:84} INFO - Retrieving connection 'spark_conn'
[2025-05-26T02:47:43.993+0000] {spark_submit.py:473} INFO - Spark-Submit cmd: spark-submit --master spark://spark-master:7077 --packages io.delta:delta-spark_2.12:3.3.0,org.apache.hadoop:hadoop-aws:3.3.4 --name arrow-spark --deploy-mode client /opt/etl/enriched_curated/creating_dim_observations.py
[2025-05-26T02:47:46.075+0000] {spark_submit.py:649} INFO - :: loading settings :: url = jar:file:/opt/spark/jars/ivy-2.5.1.jar!/org/apache/ivy/core/settings/ivysettings.xml
[2025-05-26T02:47:46.167+0000] {spark_submit.py:649} INFO - Ivy Default Cache set to: /home/airflow/.ivy2/cache
[2025-05-26T02:47:46.168+0000] {spark_submit.py:649} INFO - The jars for the packages stored in: /home/airflow/.ivy2/jars
[2025-05-26T02:47:46.174+0000] {spark_submit.py:649} INFO - io.delta#delta-spark_2.12 added as a dependency
[2025-05-26T02:47:46.175+0000] {spark_submit.py:649} INFO - org.apache.hadoop#hadoop-aws added as a dependency
[2025-05-26T02:47:46.178+0000] {spark_submit.py:649} INFO - :: resolving dependencies :: org.apache.spark#spark-submit-parent-b9edc0fd-fcee-4a12-82d9-319791f03840;1.0
[2025-05-26T02:47:46.179+0000] {spark_submit.py:649} INFO - confs: [default]
[2025-05-26T02:47:46.401+0000] {spark_submit.py:649} INFO - found io.delta#delta-spark_2.12;3.3.0 in central
[2025-05-26T02:47:46.440+0000] {spark_submit.py:649} INFO - found io.delta#delta-storage;3.3.0 in central
[2025-05-26T02:47:46.511+0000] {spark_submit.py:649} INFO - found org.antlr#antlr4-runtime;4.9.3 in central
[2025-05-26T02:47:46.587+0000] {spark_submit.py:649} INFO - found org.apache.hadoop#hadoop-aws;3.3.4 in central
[2025-05-26T02:47:46.620+0000] {spark_submit.py:649} INFO - found com.amazonaws#aws-java-sdk-bundle;1.12.262 in central
[2025-05-26T02:47:46.648+0000] {spark_submit.py:649} INFO - found org.wildfly.openssl#wildfly-openssl;1.0.7.Final in central
[2025-05-26T02:47:46.698+0000] {spark_submit.py:649} INFO - :: resolution report :: resolve 508ms :: artifacts dl 12ms
[2025-05-26T02:47:46.698+0000] {spark_submit.py:649} INFO - :: modules in use:
[2025-05-26T02:47:46.699+0000] {spark_submit.py:649} INFO - com.amazonaws#aws-java-sdk-bundle;1.12.262 from central in [default]
[2025-05-26T02:47:46.699+0000] {spark_submit.py:649} INFO - io.delta#delta-spark_2.12;3.3.0 from central in [default]
[2025-05-26T02:47:46.699+0000] {spark_submit.py:649} INFO - io.delta#delta-storage;3.3.0 from central in [default]
[2025-05-26T02:47:46.700+0000] {spark_submit.py:649} INFO - org.antlr#antlr4-runtime;4.9.3 from central in [default]
[2025-05-26T02:47:46.700+0000] {spark_submit.py:649} INFO - org.apache.hadoop#hadoop-aws;3.3.4 from central in [default]
[2025-05-26T02:47:46.700+0000] {spark_submit.py:649} INFO - org.wildfly.openssl#wildfly-openssl;1.0.7.Final from central in [default]
[2025-05-26T02:47:46.701+0000] {spark_submit.py:649} INFO - ---------------------------------------------------------------------
[2025-05-26T02:47:46.701+0000] {spark_submit.py:649} INFO - |                  |            modules            ||   artifacts   |
[2025-05-26T02:47:46.702+0000] {spark_submit.py:649} INFO - |       conf       | number| search|dwnlded|evicted|| number|dwnlded|
[2025-05-26T02:47:46.702+0000] {spark_submit.py:649} INFO - ---------------------------------------------------------------------
[2025-05-26T02:47:46.702+0000] {spark_submit.py:649} INFO - |      default     |   6   |   0   |   0   |   0   ||   6   |   0   |
[2025-05-26T02:47:46.702+0000] {spark_submit.py:649} INFO - ---------------------------------------------------------------------
[2025-05-26T02:47:46.707+0000] {spark_submit.py:649} INFO - :: retrieving :: org.apache.spark#spark-submit-parent-b9edc0fd-fcee-4a12-82d9-319791f03840
[2025-05-26T02:47:46.708+0000] {spark_submit.py:649} INFO - confs: [default]
[2025-05-26T02:47:46.732+0000] {spark_submit.py:649} INFO - 0 artifacts copied, 6 already retrieved (0kB/23ms)
[2025-05-26T02:47:47.137+0000] {spark_submit.py:649} INFO - 25/05/26 02:47:47 WARN NativeCodeLoader: Unable to load native-hadoop library for your platform... using builtin-java classes where applicable
[2025-05-26T02:47:50.707+0000] {spark_submit.py:649} INFO - 25/05/26 02:47:50 INFO SparkContext: Running Spark version 3.5.3
[2025-05-26T02:47:50.710+0000] {spark_submit.py:649} INFO - 25/05/26 02:47:50 INFO SparkContext: OS info Linux, 5.15.167.4-microsoft-standard-WSL2, amd64
[2025-05-26T02:47:50.711+0000] {spark_submit.py:649} INFO - 25/05/26 02:47:50 INFO SparkContext: Java version 17.0.15
[2025-05-26T02:47:50.753+0000] {spark_submit.py:649} INFO - 25/05/26 02:47:50 INFO ResourceUtils: ==============================================================
[2025-05-26T02:47:50.755+0000] {spark_submit.py:649} INFO - 25/05/26 02:47:50 INFO ResourceUtils: No custom resources configured for spark.driver.
[2025-05-26T02:47:50.756+0000] {spark_submit.py:649} INFO - 25/05/26 02:47:50 INFO ResourceUtils: ==============================================================
[2025-05-26T02:47:50.757+0000] {spark_submit.py:649} INFO - 25/05/26 02:47:50 INFO SparkContext: Submitted application: MyETLPipeline
[2025-05-26T02:47:50.780+0000] {spark_submit.py:649} INFO - 25/05/26 02:47:50 INFO ResourceProfile: Default ResourceProfile created, executor resources: Map(memory -> name: memory, amount: 1024, script: , vendor: , offHeap -> name: offHeap, amount: 0, script: , vendor: ), task resources: Map(cpus -> name: cpus, amount: 1.0)
[2025-05-26T02:47:50.789+0000] {spark_submit.py:649} INFO - 25/05/26 02:47:50 INFO ResourceProfile: Limiting resource is cpu
[2025-05-26T02:47:50.790+0000] {spark_submit.py:649} INFO - 25/05/26 02:47:50 INFO ResourceProfileManager: Added ResourceProfile id: 0
[2025-05-26T02:47:50.862+0000] {spark_submit.py:649} INFO - 25/05/26 02:47:50 INFO SecurityManager: Changing view acls to: airflow
[2025-05-26T02:47:50.864+0000] {spark_submit.py:649} INFO - 25/05/26 02:47:50 INFO SecurityManager: Changing modify acls to: airflow
[2025-05-26T02:47:50.864+0000] {spark_submit.py:649} INFO - 25/05/26 02:47:50 INFO SecurityManager: Changing view acls groups to:
[2025-05-26T02:47:50.866+0000] {spark_submit.py:649} INFO - 25/05/26 02:47:50 INFO SecurityManager: Changing modify acls groups to:
[2025-05-26T02:47:50.868+0000] {spark_submit.py:649} INFO - 25/05/26 02:47:50 INFO SecurityManager: SecurityManager: authentication disabled; ui acls disabled; users with view permissions: airflow; groups with view permissions: EMPTY; users with modify permissions: airflow; groups with modify permissions: EMPTY
[2025-05-26T02:47:51.147+0000] {spark_submit.py:649} INFO - 25/05/26 02:47:51 INFO Utils: Successfully started service 'sparkDriver' on port 33133.
[2025-05-26T02:47:51.207+0000] {spark_submit.py:649} INFO - 25/05/26 02:47:51 INFO SparkEnv: Registering MapOutputTracker
[2025-05-26T02:47:51.246+0000] {spark_submit.py:649} INFO - 25/05/26 02:47:51 INFO SparkEnv: Registering BlockManagerMaster
[2025-05-26T02:47:51.260+0000] {spark_submit.py:649} INFO - 25/05/26 02:47:51 INFO BlockManagerMasterEndpoint: Using org.apache.spark.storage.DefaultTopologyMapper for getting topology information
[2025-05-26T02:47:51.261+0000] {spark_submit.py:649} INFO - 25/05/26 02:47:51 INFO BlockManagerMasterEndpoint: BlockManagerMasterEndpoint up
[2025-05-26T02:47:51.265+0000] {spark_submit.py:649} INFO - 25/05/26 02:47:51 INFO SparkEnv: Registering BlockManagerMasterHeartbeat
[2025-05-26T02:47:51.287+0000] {spark_submit.py:649} INFO - 25/05/26 02:47:51 INFO DiskBlockManager: Created local directory at /tmp/blockmgr-e8f7e42e-777e-4b7a-8c29-d5cbe71a4757
[2025-05-26T02:47:51.306+0000] {spark_submit.py:649} INFO - 25/05/26 02:47:51 INFO MemoryStore: MemoryStore started with capacity 434.4 MiB
[2025-05-26T02:47:51.325+0000] {spark_submit.py:649} INFO - 25/05/26 02:47:51 INFO SparkEnv: Registering OutputCommitCoordinator
[2025-05-26T02:47:51.461+0000] {spark_submit.py:649} INFO - 25/05/26 02:47:51 INFO JettyUtils: Start Jetty 0.0.0.0:4040 for SparkUI
[2025-05-26T02:47:51.567+0000] {spark_submit.py:649} INFO - 25/05/26 02:47:51 WARN Utils: Service 'SparkUI' could not bind on port 4040. Attempting port 4041.
[2025-05-26T02:47:51.570+0000] {spark_submit.py:649} INFO - 25/05/26 02:47:51 WARN Utils: Service 'SparkUI' could not bind on port 4041. Attempting port 4042.
[2025-05-26T02:47:51.572+0000] {spark_submit.py:649} INFO - 25/05/26 02:47:51 WARN Utils: Service 'SparkUI' could not bind on port 4042. Attempting port 4043.
[2025-05-26T02:47:51.573+0000] {spark_submit.py:649} INFO - 25/05/26 02:47:51 WARN Utils: Service 'SparkUI' could not bind on port 4043. Attempting port 4044.
[2025-05-26T02:47:51.573+0000] {spark_submit.py:649} INFO - 25/05/26 02:47:51 WARN Utils: Service 'SparkUI' could not bind on port 4044. Attempting port 4045.
[2025-05-26T02:47:51.574+0000] {spark_submit.py:649} INFO - 25/05/26 02:47:51 WARN Utils: Service 'SparkUI' could not bind on port 4045. Attempting port 4046.
[2025-05-26T02:47:51.574+0000] {spark_submit.py:649} INFO - 25/05/26 02:47:51 WARN Utils: Service 'SparkUI' could not bind on port 4046. Attempting port 4047.
[2025-05-26T02:47:51.600+0000] {spark_submit.py:649} INFO - 25/05/26 02:47:51 INFO Utils: Successfully started service 'SparkUI' on port 4047.
[2025-05-26T02:47:51.656+0000] {spark_submit.py:649} INFO - 25/05/26 02:47:51 INFO SparkContext: Added JAR file:///home/airflow/.ivy2/jars/io.delta_delta-spark_2.12-3.3.0.jar at spark://airflow-scheduler:33133/jars/io.delta_delta-spark_2.12-3.3.0.jar with timestamp 1748227670699
[2025-05-26T02:47:51.658+0000] {spark_submit.py:649} INFO - 25/05/26 02:47:51 INFO SparkContext: Added JAR file:///home/airflow/.ivy2/jars/org.apache.hadoop_hadoop-aws-3.3.4.jar at spark://airflow-scheduler:33133/jars/org.apache.hadoop_hadoop-aws-3.3.4.jar with timestamp 1748227670699
[2025-05-26T02:47:51.659+0000] {spark_submit.py:649} INFO - 25/05/26 02:47:51 INFO SparkContext: Added JAR file:///home/airflow/.ivy2/jars/io.delta_delta-storage-3.3.0.jar at spark://airflow-scheduler:33133/jars/io.delta_delta-storage-3.3.0.jar with timestamp 1748227670699
[2025-05-26T02:47:51.660+0000] {spark_submit.py:649} INFO - 25/05/26 02:47:51 INFO SparkContext: Added JAR file:///home/airflow/.ivy2/jars/org.antlr_antlr4-runtime-4.9.3.jar at spark://airflow-scheduler:33133/jars/org.antlr_antlr4-runtime-4.9.3.jar with timestamp 1748227670699
[2025-05-26T02:47:51.660+0000] {spark_submit.py:649} INFO - 25/05/26 02:47:51 INFO SparkContext: Added JAR file:///home/airflow/.ivy2/jars/com.amazonaws_aws-java-sdk-bundle-1.12.262.jar at spark://airflow-scheduler:33133/jars/com.amazonaws_aws-java-sdk-bundle-1.12.262.jar with timestamp 1748227670699
[2025-05-26T02:47:51.661+0000] {spark_submit.py:649} INFO - 25/05/26 02:47:51 INFO SparkContext: Added JAR file:///home/airflow/.ivy2/jars/org.wildfly.openssl_wildfly-openssl-1.0.7.Final.jar at spark://airflow-scheduler:33133/jars/org.wildfly.openssl_wildfly-openssl-1.0.7.Final.jar with timestamp 1748227670699
[2025-05-26T02:47:51.665+0000] {spark_submit.py:649} INFO - 25/05/26 02:47:51 INFO SparkContext: Added file file:///home/airflow/.ivy2/jars/io.delta_delta-spark_2.12-3.3.0.jar at spark://airflow-scheduler:33133/files/io.delta_delta-spark_2.12-3.3.0.jar with timestamp 1748227670699
[2025-05-26T02:47:51.668+0000] {spark_submit.py:649} INFO - 25/05/26 02:47:51 INFO Utils: Copying /home/airflow/.ivy2/jars/io.delta_delta-spark_2.12-3.3.0.jar to /tmp/spark-0af117fb-41c7-4eac-8985-cdac06c49dcf/userFiles-2d25b645-662a-43f8-98ef-ac3cd0e12de4/io.delta_delta-spark_2.12-3.3.0.jar
[2025-05-26T02:47:51.711+0000] {spark_submit.py:649} INFO - 25/05/26 02:47:51 INFO SparkContext: Added file file:///home/airflow/.ivy2/jars/org.apache.hadoop_hadoop-aws-3.3.4.jar at spark://airflow-scheduler:33133/files/org.apache.hadoop_hadoop-aws-3.3.4.jar with timestamp 1748227670699
[2025-05-26T02:47:51.712+0000] {spark_submit.py:649} INFO - 25/05/26 02:47:51 INFO Utils: Copying /home/airflow/.ivy2/jars/org.apache.hadoop_hadoop-aws-3.3.4.jar to /tmp/spark-0af117fb-41c7-4eac-8985-cdac06c49dcf/userFiles-2d25b645-662a-43f8-98ef-ac3cd0e12de4/org.apache.hadoop_hadoop-aws-3.3.4.jar
[2025-05-26T02:47:51.720+0000] {spark_submit.py:649} INFO - 25/05/26 02:47:51 INFO SparkContext: Added file file:///home/airflow/.ivy2/jars/io.delta_delta-storage-3.3.0.jar at spark://airflow-scheduler:33133/files/io.delta_delta-storage-3.3.0.jar with timestamp 1748227670699
[2025-05-26T02:47:51.721+0000] {spark_submit.py:649} INFO - 25/05/26 02:47:51 INFO Utils: Copying /home/airflow/.ivy2/jars/io.delta_delta-storage-3.3.0.jar to /tmp/spark-0af117fb-41c7-4eac-8985-cdac06c49dcf/userFiles-2d25b645-662a-43f8-98ef-ac3cd0e12de4/io.delta_delta-storage-3.3.0.jar
[2025-05-26T02:47:51.727+0000] {spark_submit.py:649} INFO - 25/05/26 02:47:51 INFO SparkContext: Added file file:///home/airflow/.ivy2/jars/org.antlr_antlr4-runtime-4.9.3.jar at spark://airflow-scheduler:33133/files/org.antlr_antlr4-runtime-4.9.3.jar with timestamp 1748227670699
[2025-05-26T02:47:51.728+0000] {spark_submit.py:649} INFO - 25/05/26 02:47:51 INFO Utils: Copying /home/airflow/.ivy2/jars/org.antlr_antlr4-runtime-4.9.3.jar to /tmp/spark-0af117fb-41c7-4eac-8985-cdac06c49dcf/userFiles-2d25b645-662a-43f8-98ef-ac3cd0e12de4/org.antlr_antlr4-runtime-4.9.3.jar
[2025-05-26T02:47:51.734+0000] {spark_submit.py:649} INFO - 25/05/26 02:47:51 INFO SparkContext: Added file file:///home/airflow/.ivy2/jars/com.amazonaws_aws-java-sdk-bundle-1.12.262.jar at spark://airflow-scheduler:33133/files/com.amazonaws_aws-java-sdk-bundle-1.12.262.jar with timestamp 1748227670699
[2025-05-26T02:47:51.735+0000] {spark_submit.py:649} INFO - 25/05/26 02:47:51 INFO Utils: Copying /home/airflow/.ivy2/jars/com.amazonaws_aws-java-sdk-bundle-1.12.262.jar to /tmp/spark-0af117fb-41c7-4eac-8985-cdac06c49dcf/userFiles-2d25b645-662a-43f8-98ef-ac3cd0e12de4/com.amazonaws_aws-java-sdk-bundle-1.12.262.jar
[2025-05-26T02:47:58.261+0000] {spark_submit.py:649} INFO - 25/05/26 02:47:58 INFO SparkContext: Added file file:///home/airflow/.ivy2/jars/org.wildfly.openssl_wildfly-openssl-1.0.7.Final.jar at spark://airflow-scheduler:33133/files/org.wildfly.openssl_wildfly-openssl-1.0.7.Final.jar with timestamp 1748227670699
[2025-05-26T02:47:58.261+0000] {spark_submit.py:649} INFO - 25/05/26 02:47:58 INFO Utils: Copying /home/airflow/.ivy2/jars/org.wildfly.openssl_wildfly-openssl-1.0.7.Final.jar to /tmp/spark-0af117fb-41c7-4eac-8985-cdac06c49dcf/userFiles-2d25b645-662a-43f8-98ef-ac3cd0e12de4/org.wildfly.openssl_wildfly-openssl-1.0.7.Final.jar
[2025-05-26T02:47:58.373+0000] {spark_submit.py:649} INFO - 25/05/26 02:47:58 INFO StandaloneAppClient$ClientEndpoint: Connecting to master spark://spark-master:7077...
[2025-05-26T02:47:58.432+0000] {spark_submit.py:649} INFO - 25/05/26 02:47:58 INFO TransportClientFactory: Successfully created connection to spark-master/172.18.0.10:7077 after 37 ms (0 ms spent in bootstraps)
[2025-05-26T02:47:58.711+0000] {spark_submit.py:649} INFO - 25/05/26 02:47:58 INFO StandaloneSchedulerBackend: Connected to Spark cluster with app ID app-20250526024758-0004
[2025-05-26T02:47:58.717+0000] {spark_submit.py:649} INFO - 25/05/26 02:47:58 INFO Utils: Successfully started service 'org.apache.spark.network.netty.NettyBlockTransferService' on port 37505.
[2025-05-26T02:47:58.718+0000] {spark_submit.py:649} INFO - 25/05/26 02:47:58 INFO NettyBlockTransferService: Server created on airflow-scheduler:37505
[2025-05-26T02:47:58.719+0000] {spark_submit.py:649} INFO - 25/05/26 02:47:58 INFO BlockManager: Using org.apache.spark.storage.RandomBlockReplicationPolicy for block replication policy
[2025-05-26T02:47:58.724+0000] {spark_submit.py:649} INFO - 25/05/26 02:47:58 INFO BlockManagerMaster: Registering BlockManager BlockManagerId(driver, airflow-scheduler, 37505, None)
[2025-05-26T02:47:58.727+0000] {spark_submit.py:649} INFO - 25/05/26 02:47:58 INFO BlockManagerMasterEndpoint: Registering block manager airflow-scheduler:37505 with 434.4 MiB RAM, BlockManagerId(driver, airflow-scheduler, 37505, None)
[2025-05-26T02:47:58.729+0000] {spark_submit.py:649} INFO - 25/05/26 02:47:58 INFO BlockManagerMaster: Registered BlockManager BlockManagerId(driver, airflow-scheduler, 37505, None)
[2025-05-26T02:47:58.730+0000] {spark_submit.py:649} INFO - 25/05/26 02:47:58 INFO BlockManager: Initialized BlockManager: BlockManagerId(driver, airflow-scheduler, 37505, None)
[2025-05-26T02:47:58.963+0000] {spark_submit.py:649} INFO - 25/05/26 02:47:58 INFO StandaloneSchedulerBackend: SchedulerBackend is ready for scheduling beginning after reached minRegisteredResourcesRatio: 0.0
[2025-05-26T02:47:59.574+0000] {spark_submit.py:649} INFO - 25/05/26 02:47:59 INFO SharedState: Setting hive.metastore.warehouse.dir ('null') to the value of spark.sql.warehouse.dir.
[2025-05-26T02:47:59.578+0000] {spark_submit.py:649} INFO - 25/05/26 02:47:59 INFO SharedState: Warehouse path is 'file:/opt/airflow/spark-warehouse'.
[2025-05-26T02:48:01.146+0000] {spark_submit.py:649} INFO - 25/05/26 02:48:01 INFO HiveConf: Found configuration file null
[2025-05-26T02:48:01.157+0000] {spark_submit.py:649} INFO - 25/05/26 02:48:01 INFO HiveUtils: Initializing HiveMetastoreConnection version 3.1.3 using maven.
[2025-05-26T02:48:01.168+0000] {spark_submit.py:649} INFO - https://maven-central.storage-download.googleapis.com/maven2/ added as a remote repository with the name: repo-1
[2025-05-26T02:48:01.174+0000] {spark_submit.py:649} INFO - https://maven-central.storage-download.googleapis.com/maven2/ added as a remote repository with the name: repo-1
[2025-05-26T02:48:01.193+0000] {spark_submit.py:649} INFO - Ivy Default Cache set to: /home/airflow/.ivy2/cache
[2025-05-26T02:48:01.193+0000] {spark_submit.py:649} INFO - The jars for the packages stored in: /home/airflow/.ivy2/jars
[2025-05-26T02:48:01.194+0000] {spark_submit.py:649} INFO - org.apache.logging.log4j#log4j-api added as a dependency
[2025-05-26T02:48:01.195+0000] {spark_submit.py:649} INFO - org.apache.derby#derby added as a dependency
[2025-05-26T02:48:01.195+0000] {spark_submit.py:649} INFO - org.apache.hive#hive-metastore added as a dependency
[2025-05-26T02:48:01.196+0000] {spark_submit.py:649} INFO - org.apache.hive#hive-exec added as a dependency
[2025-05-26T02:48:01.196+0000] {spark_submit.py:649} INFO - org.apache.hive#hive-common added as a dependency
[2025-05-26T02:48:01.197+0000] {spark_submit.py:649} INFO - org.apache.hive#hive-serde added as a dependency
[2025-05-26T02:48:01.197+0000] {spark_submit.py:649} INFO - com.google.guava#guava added as a dependency
[2025-05-26T02:48:01.197+0000] {spark_submit.py:649} INFO - org.apache.hadoop#hadoop-client-api added as a dependency
[2025-05-26T02:48:01.198+0000] {spark_submit.py:649} INFO - org.apache.hadoop#hadoop-client-runtime added as a dependency
[2025-05-26T02:48:01.198+0000] {spark_submit.py:649} INFO - :: resolving dependencies :: org.apache.spark#spark-submit-parent-ab548873-dda4-47b1-8e3d-3eaf903b74ca;1.0
[2025-05-26T02:48:01.199+0000] {spark_submit.py:649} INFO - confs: [default]
[2025-05-26T02:48:01.226+0000] {spark_submit.py:649} INFO - found org.apache.logging.log4j#log4j-api;2.10.0 in central
[2025-05-26T02:48:01.253+0000] {spark_submit.py:649} INFO - found org.apache.derby#derby;10.14.1.0 in central
[2025-05-26T02:48:01.296+0000] {spark_submit.py:649} INFO - found org.apache.hive#hive-metastore;3.1.3 in user-list
[2025-05-26T02:48:01.350+0000] {spark_submit.py:649} INFO - found org.apache.hive#hive-serde;3.1.3 in central
[2025-05-26T02:48:01.412+0000] {spark_submit.py:649} INFO - found org.apache.hive#hive-common;3.1.3 in central
[2025-05-26T02:48:01.455+0000] {spark_submit.py:649} INFO - found org.apache.hive#hive-classification;3.1.3 in central
[2025-05-26T02:48:01.500+0000] {spark_submit.py:649} INFO - found org.slf4j#slf4j-api;1.7.10 in user-list
[2025-05-26T02:48:01.531+0000] {spark_submit.py:649} INFO - found org.apache.hive#hive-upgrade-acid;3.1.3 in central
[2025-05-26T02:48:01.557+0000] {spark_submit.py:649} INFO - found org.apache.hive#hive-shims;3.1.3 in central
[2025-05-26T02:48:01.578+0000] {spark_submit.py:649} INFO - found org.apache.hive.shims#hive-shims-common;3.1.3 in central
[2025-05-26T02:48:01.616+0000] {spark_submit.py:649} INFO - found org.apache.logging.log4j#log4j-slf4j-impl;2.17.1 in central
[2025-05-26T02:48:01.666+0000] {spark_submit.py:649} INFO - found com.google.guava#guava;19.0 in central
[2025-05-26T02:48:01.696+0000] {spark_submit.py:649} INFO - found commons-lang#commons-lang;2.6 in central
[2025-05-26T02:48:01.737+0000] {spark_submit.py:649} INFO - found org.apache.thrift#libthrift;0.9.3 in central
[2025-05-26T02:48:01.759+0000] {spark_submit.py:649} INFO - found org.apache.httpcomponents#httpclient;4.5.13 in central
[2025-05-26T02:48:01.791+0000] {spark_submit.py:649} INFO - found org.apache.httpcomponents#httpcore;4.4.13 in central
[2025-05-26T02:48:01.831+0000] {spark_submit.py:649} INFO - found commons-logging#commons-logging;1.2 in central
[2025-05-26T02:48:01.861+0000] {spark_submit.py:649} INFO - found commons-codec#commons-codec;1.15 in central
[2025-05-26T02:48:01.882+0000] {spark_submit.py:649} INFO - found org.apache.zookeeper#zookeeper;3.4.6 in user-list
[2025-05-26T02:48:01.916+0000] {spark_submit.py:649} INFO - found org.slf4j#slf4j-log4j12;1.6.1 in user-list
[2025-05-26T02:48:01.947+0000] {spark_submit.py:649} INFO - found log4j#log4j;1.2.16 in user-list
[2025-05-26T02:48:01.966+0000] {spark_submit.py:649} INFO - found jline#jline;2.12 in central
[2025-05-26T02:48:01.988+0000] {spark_submit.py:649} INFO - found io.netty#netty;3.7.0.Final in central
[2025-05-26T02:48:02.049+0000] {spark_submit.py:649} INFO - found org.apache.logging.log4j#log4j-core;2.17.1 in central
[2025-05-26T02:48:02.071+0000] {spark_submit.py:649} INFO - found org.apache.hive.shims#hive-shims-0.23;3.1.3 in central
[2025-05-26T02:48:02.095+0000] {spark_submit.py:649} INFO - found org.apache.hadoop#hadoop-yarn-server-resourcemanager;3.1.0 in central
[2025-05-26T02:48:02.117+0000] {spark_submit.py:649} INFO - found javax.servlet#javax.servlet-api;3.1.0 in central
[2025-05-26T02:48:02.147+0000] {spark_submit.py:649} INFO - found org.apache.hadoop#hadoop-annotations;3.1.0 in central
[2025-05-26T02:48:02.164+0000] {spark_submit.py:649} INFO - found com.google.inject.extensions#guice-servlet;4.0 in central
[2025-05-26T02:48:02.183+0000] {spark_submit.py:649} INFO - found com.google.inject#guice;4.0 in central
[2025-05-26T02:48:02.214+0000] {spark_submit.py:649} INFO - found javax.inject#javax.inject;1 in central
[2025-05-26T02:48:02.229+0000] {spark_submit.py:649} INFO - found aopalliance#aopalliance;1.0 in user-list
[2025-05-26T02:48:02.265+0000] {spark_submit.py:649} INFO - found com.google.protobuf#protobuf-java;2.5.0 in central
[2025-05-26T02:48:02.297+0000] {spark_submit.py:649} INFO - found commons-io#commons-io;2.6 in central
[2025-05-26T02:48:02.318+0000] {spark_submit.py:649} INFO - found com.sun.jersey#jersey-json;1.19 in central
[2025-05-26T02:48:02.339+0000] {spark_submit.py:649} INFO - found org.codehaus.jettison#jettison;1.1 in central
[2025-05-26T02:48:02.361+0000] {spark_submit.py:649} INFO - found com.sun.xml.bind#jaxb-impl;2.2.3-1 in central
[2025-05-26T02:48:02.382+0000] {spark_submit.py:649} INFO - found javax.xml.bind#jaxb-api;2.2.11 in central
[2025-05-26T02:48:02.401+0000] {spark_submit.py:649} INFO - found org.codehaus.jackson#jackson-core-asl;1.9.13 in central
[2025-05-26T02:48:02.430+0000] {spark_submit.py:649} INFO - found org.codehaus.jackson#jackson-mapper-asl;1.9.13 in user-list
[2025-05-26T02:48:02.489+0000] {spark_submit.py:649} INFO - found org.codehaus.jackson#jackson-jaxrs;1.9.13 in central
[2025-05-26T02:48:02.514+0000] {spark_submit.py:649} INFO - found org.codehaus.jackson#jackson-xc;1.9.13 in central
[2025-05-26T02:48:02.534+0000] {spark_submit.py:649} INFO - found com.sun.jersey#jersey-core;1.19 in user-list
[2025-05-26T02:48:02.552+0000] {spark_submit.py:649} INFO - found javax.ws.rs#jsr311-api;1.1.1 in user-list
[2025-05-26T02:48:02.574+0000] {spark_submit.py:649} INFO - found com.sun.jersey.contribs#jersey-guice;1.19 in user-list
[2025-05-26T02:48:02.599+0000] {spark_submit.py:649} INFO - found com.sun.jersey#jersey-servlet;1.19 in central
[2025-05-26T02:48:02.621+0000] {spark_submit.py:649} INFO - found com.sun.jersey#jersey-server;1.19 in central
[2025-05-26T02:48:02.669+0000] {spark_submit.py:649} INFO - found org.apache.hadoop#hadoop-yarn-common;3.1.0 in central
[2025-05-26T02:48:02.698+0000] {spark_submit.py:649} INFO - found org.apache.hadoop#hadoop-yarn-api;3.1.0 in user-list
[2025-05-26T02:48:02.759+0000] {spark_submit.py:649} INFO - found com.fasterxml.jackson.core#jackson-annotations;2.12.0 in user-list
[2025-05-26T02:48:02.817+0000] {spark_submit.py:649} INFO - found org.apache.hadoop#hadoop-auth;3.1.0 in central
[2025-05-26T02:48:02.868+0000] {spark_submit.py:649} INFO - found com.nimbusds#nimbus-jose-jwt;4.41.1 in central
[2025-05-26T02:48:02.887+0000] {spark_submit.py:649} INFO - found com.github.stephenc.jcip#jcip-annotations;1.0-1 in central
[2025-05-26T02:48:02.905+0000] {spark_submit.py:649} INFO - found net.minidev#json-smart;2.3 in central
[2025-05-26T02:48:02.926+0000] {spark_submit.py:649} INFO - found net.minidev#accessors-smart;1.2 in central
[2025-05-26T02:48:02.952+0000] {spark_submit.py:649} INFO - found org.ow2.asm#asm;5.0.4 in central
[2025-05-26T02:48:02.977+0000] {spark_submit.py:649} INFO - found org.apache.kerby#kerb-simplekdc;1.0.1 in central
[2025-05-26T02:48:03.004+0000] {spark_submit.py:649} INFO - found org.apache.kerby#kerb-client;1.0.1 in central
[2025-05-26T02:48:03.024+0000] {spark_submit.py:649} INFO - found org.apache.kerby#kerby-config;1.0.1 in central
[2025-05-26T02:48:03.044+0000] {spark_submit.py:649} INFO - found org.apache.kerby#kerb-core;1.0.1 in user-list
[2025-05-26T02:48:03.069+0000] {spark_submit.py:649} INFO - found org.apache.kerby#kerby-pkix;1.0.1 in central
[2025-05-26T02:48:03.092+0000] {spark_submit.py:649} INFO - found org.apache.kerby#kerby-asn1;1.0.1 in central
[2025-05-26T02:48:03.116+0000] {spark_submit.py:649} INFO - found org.apache.kerby#kerby-util;1.0.1 in central
[2025-05-26T02:48:03.143+0000] {spark_submit.py:649} INFO - found org.apache.kerby#kerb-common;1.0.1 in central
[2025-05-26T02:48:03.167+0000] {spark_submit.py:649} INFO - found org.apache.kerby#kerb-crypto;1.0.1 in central
[2025-05-26T02:48:03.201+0000] {spark_submit.py:649} INFO - found org.apache.kerby#kerb-util;1.0.1 in central
[2025-05-26T02:48:03.228+0000] {spark_submit.py:649} INFO - found org.apache.kerby#token-provider;1.0.1 in central
[2025-05-26T02:48:03.257+0000] {spark_submit.py:649} INFO - found org.apache.kerby#kerb-admin;1.0.1 in central
[2025-05-26T02:48:03.284+0000] {spark_submit.py:649} INFO - found org.apache.kerby#kerb-server;1.0.1 in central
[2025-05-26T02:48:03.310+0000] {spark_submit.py:649} INFO - found org.apache.kerby#kerb-identity;1.0.1 in user-list
[2025-05-26T02:48:03.339+0000] {spark_submit.py:649} INFO - found org.apache.kerby#kerby-xdr;1.0.1 in central
[2025-05-26T02:48:03.359+0000] {spark_submit.py:649} INFO - found org.apache.commons#commons-compress;1.19 in central
[2025-05-26T02:48:03.379+0000] {spark_submit.py:649} INFO - found org.eclipse.jetty#jetty-util;9.3.19.v20170502 in user-list
[2025-05-26T02:48:03.402+0000] {spark_submit.py:649} INFO - found com.sun.jersey#jersey-client;1.19 in central
[2025-05-26T02:48:03.426+0000] {spark_submit.py:649} INFO - found commons-cli#commons-cli;1.2 in user-list
[2025-05-26T02:48:03.455+0000] {spark_submit.py:649} INFO - found log4j#log4j;1.2.17 in central
[2025-05-26T02:48:03.471+0000] {spark_submit.py:649} INFO - found com.fasterxml.jackson.core#jackson-core;2.12.0 in central
[2025-05-26T02:48:03.491+0000] {spark_submit.py:649} INFO - found com.fasterxml.jackson.core#jackson-databind;2.12.0 in central
[2025-05-26T02:48:03.510+0000] {spark_submit.py:649} INFO - found com.fasterxml.jackson.module#jackson-module-jaxb-annotations;2.12.0 in central
[2025-05-26T02:48:03.539+0000] {spark_submit.py:649} INFO - found jakarta.xml.bind#jakarta.xml.bind-api;2.3.2 in central
[2025-05-26T02:48:03.560+0000] {spark_submit.py:649} INFO - found jakarta.activation#jakarta.activation-api;1.2.1 in user-list
[2025-05-26T02:48:03.578+0000] {spark_submit.py:649} INFO - found com.fasterxml.jackson.jaxrs#jackson-jaxrs-json-provider;2.12.0 in central
[2025-05-26T02:48:03.598+0000] {spark_submit.py:649} INFO - found com.fasterxml.jackson.jaxrs#jackson-jaxrs-base;2.12.0 in user-list
[2025-05-26T02:48:03.617+0000] {spark_submit.py:649} INFO - found org.eclipse.jetty#jetty-util-ajax;9.3.19.v20170502 in central
[2025-05-26T02:48:03.654+0000] {spark_submit.py:649} INFO - found org.apache.hadoop#hadoop-yarn-server-common;3.1.0 in central
[2025-05-26T02:48:03.672+0000] {spark_submit.py:649} INFO - found org.apache.hadoop#hadoop-yarn-registry;3.1.0 in central
[2025-05-26T02:48:03.709+0000] {spark_submit.py:649} INFO - found org.apache.hadoop#hadoop-common;3.1.0 in central
[2025-05-26T02:48:03.758+0000] {spark_submit.py:649} INFO - found org.apache.commons#commons-math3;3.1.1 in central
[2025-05-26T02:48:03.835+0000] {spark_submit.py:649} INFO - found commons-net#commons-net;3.6 in central
[2025-05-26T02:48:03.894+0000] {spark_submit.py:649} INFO - found commons-collections#commons-collections;3.2.2 in user-list
[2025-05-26T02:48:03.952+0000] {spark_submit.py:649} INFO - found org.eclipse.jetty#jetty-server;9.3.20.v20170531 in central
[2025-05-26T02:48:03.997+0000] {spark_submit.py:649} INFO - found org.eclipse.jetty#jetty-http;9.3.20.v20170531 in central
[2025-05-26T02:48:04.024+0000] {spark_submit.py:649} INFO - found org.eclipse.jetty#jetty-io;9.3.20.v20170531 in user-list
[2025-05-26T02:48:04.044+0000] {spark_submit.py:649} INFO - found org.eclipse.jetty#jetty-servlet;9.3.20.v20170531 in central
[2025-05-26T02:48:04.085+0000] {spark_submit.py:649} INFO - found org.eclipse.jetty#jetty-security;9.3.20.v20170531 in central
[2025-05-26T02:48:04.112+0000] {spark_submit.py:649} INFO - found org.eclipse.jetty#jetty-webapp;9.3.20.v20170531 in central
[2025-05-26T02:48:04.154+0000] {spark_submit.py:649} INFO - found org.eclipse.jetty#jetty-xml;9.3.20.v20170531 in central
[2025-05-26T02:48:04.284+0000] {spark_submit.py:649} INFO - found commons-beanutils#commons-beanutils;1.9.3 in central
[2025-05-26T02:48:04.347+0000] {spark_submit.py:649} INFO - found org.apache.commons#commons-configuration2;2.1.1 in central
[2025-05-26T02:48:04.399+0000] {spark_submit.py:649} INFO - found org.apache.avro#avro;1.8.2 in central
[2025-05-26T02:48:04.454+0000] {spark_submit.py:649} INFO - found com.thoughtworks.paranamer#paranamer;2.7 in central
[2025-05-26T02:48:04.490+0000] {spark_submit.py:649} INFO - found org.xerial.snappy#snappy-java;1.1.4 in central
[2025-05-26T02:48:04.532+0000] {spark_submit.py:649} INFO - found org.tukaani#xz;1.5 in central
[2025-05-26T02:48:04.574+0000] {spark_submit.py:649} INFO - found com.google.re2j#re2j;1.1 in central
[2025-05-26T02:48:04.640+0000] {spark_submit.py:649} INFO - found com.google.code.gson#gson;2.2.4 in central
[2025-05-26T02:48:04.706+0000] {spark_submit.py:649} INFO - found com.jcraft#jsch;0.1.54 in central
[2025-05-26T02:48:04.778+0000] {spark_submit.py:649} INFO - found com.google.code.findbugs#jsr305;3.0.0 in central
[2025-05-26T02:48:04.852+0000] {spark_submit.py:649} INFO - found org.apache.htrace#htrace-core4;4.1.0-incubating in user-list
[2025-05-26T02:48:08.239+0000] {spark_submit.py:649} INFO - found org.codehaus.woodstox#stax2-api;3.1.4 in central
[2025-05-26T02:48:14.974+0000] {spark_submit.py:649} INFO - found com.fasterxml.woodstox#woodstox-core;5.0.3 in central
[2025-05-26T02:48:15.908+0000] {spark_submit.py:649} INFO - found commons-daemon#commons-daemon;1.0.13 in central
[2025-05-26T02:48:16.202+0000] {spark_submit.py:649} INFO - found dnsjava#dnsjava;2.1.7 in central
[2025-05-26T02:48:16.244+0000] {spark_submit.py:649} INFO - found org.fusesource.leveldbjni#leveldbjni-all;1.8 in central
[2025-05-26T02:48:16.256+0000] {spark_submit.py:649} INFO - found org.apache.geronimo.specs#geronimo-jcache_1.0_spec;1.0-alpha-1 in central
[2025-05-26T02:48:16.292+0000] {spark_submit.py:649} INFO - found org.ehcache#ehcache;3.3.1 in central
[2025-05-26T02:48:16.316+0000] {spark_submit.py:649} INFO - found com.zaxxer#HikariCP-java7;2.4.12 in central
[2025-05-26T02:48:16.352+0000] {spark_submit.py:649} INFO - found org.apache.hadoop#hadoop-yarn-server-applicationhistoryservice;3.1.0 in central
[2025-05-26T02:48:16.515+0000] {spark_submit.py:649} INFO - found de.ruedigermoeller#fst;2.50 in central
[2025-05-26T02:48:16.617+0000] {spark_submit.py:649} INFO - found com.cedarsoftware#java-util;1.9.0 in user-list
[2025-05-26T02:48:16.633+0000] {spark_submit.py:649} INFO - found com.cedarsoftware#json-io;2.5.1 in central
[2025-05-26T02:48:16.650+0000] {spark_submit.py:649} INFO - found org.apache.hadoop#hadoop-yarn-server-web-proxy;3.1.0 in central
[2025-05-26T02:48:16.738+0000] {spark_submit.py:649} INFO - found javax.servlet.jsp#jsp-api;2.1 in central
[2025-05-26T02:48:16.912+0000] {spark_submit.py:649} INFO - found com.microsoft.sqlserver#mssql-jdbc;6.2.1.jre7 in central
[2025-05-26T02:48:17.063+0000] {spark_submit.py:649} INFO - found org.apache.hive.shims#hive-shims-scheduler;3.1.3 in central
[2025-05-26T02:48:17.121+0000] {spark_submit.py:649} INFO - found org.apache.hive#hive-storage-api;2.7.0 in central
[2025-05-26T02:48:17.202+0000] {spark_submit.py:649} INFO - found org.apache.commons#commons-lang3;3.9 in central
[2025-05-26T02:48:17.262+0000] {spark_submit.py:649} INFO - found org.apache.orc#orc-core;1.5.8 in user-list
[2025-05-26T02:48:17.317+0000] {spark_submit.py:649} INFO - found org.apache.orc#orc-shims;1.5.8 in central
[2025-05-26T02:48:17.387+0000] {spark_submit.py:649} INFO - found io.airlift#aircompressor;0.10 in user-list
[2025-05-26T02:48:17.409+0000] {spark_submit.py:649} INFO - found org.eclipse.jetty#jetty-rewrite;9.3.20.v20170531 in central
[2025-05-26T02:48:17.479+0000] {spark_submit.py:649} INFO - found org.eclipse.jetty#jetty-client;9.3.20.v20170531 in central
[2025-05-26T02:48:17.515+0000] {spark_submit.py:649} INFO - found joda-time#joda-time;2.9.9 in central
[2025-05-26T02:48:17.570+0000] {spark_submit.py:649} INFO - found org.apache.logging.log4j#log4j-1.2-api;2.17.1 in central
[2025-05-26T02:48:17.649+0000] {spark_submit.py:649} INFO - found org.apache.logging.log4j#log4j-web;2.17.1 in central
[2025-05-26T02:48:17.690+0000] {spark_submit.py:649} INFO - found org.apache.ant#ant;1.9.1 in central
[2025-05-26T02:48:17.738+0000] {spark_submit.py:649} INFO - found org.apache.ant#ant-launcher;1.9.1 in central
[2025-05-26T02:48:17.767+0000] {spark_submit.py:649} INFO - found net.sf.jpam#jpam;1.1 in central
[2025-05-26T02:48:17.807+0000] {spark_submit.py:649} INFO - found com.tdunning#json;1.8 in central
[2025-05-26T02:48:17.866+0000] {spark_submit.py:649} INFO - found io.dropwizard.metrics#metrics-core;3.1.0 in central
[2025-05-26T02:48:17.938+0000] {spark_submit.py:649} INFO - found io.dropwizard.metrics#metrics-jvm;3.1.0 in central
[2025-05-26T02:48:17.968+0000] {spark_submit.py:649} INFO - found io.dropwizard.metrics#metrics-json;3.1.0 in central
[2025-05-26T02:48:18.018+0000] {spark_submit.py:649} INFO - found com.github.joshelser#dropwizard-metrics-hadoop-metrics2-reporter;0.1.2 in central
[2025-05-26T02:48:18.057+0000] {spark_submit.py:649} INFO - found javolution#javolution;5.5.1 in central
[2025-05-26T02:48:18.178+0000] {spark_submit.py:649} INFO - found org.apache.hive#hive-service-rpc;3.1.3 in central
[2025-05-26T02:48:18.231+0000] {spark_submit.py:649} INFO - found org.apache.thrift#libfb303;0.9.3 in central
[2025-05-26T02:48:18.276+0000] {spark_submit.py:649} INFO - found org.apache.arrow#arrow-vector;0.8.0 in central
[2025-05-26T02:48:18.319+0000] {spark_submit.py:649} INFO - found org.apache.arrow#arrow-format;0.8.0 in central
[2025-05-26T02:48:18.360+0000] {spark_submit.py:649} INFO - found com.vlkan#flatbuffers;1.2.0-3f79e055 in central
[2025-05-26T02:48:18.649+0000] {spark_submit.py:649} INFO - found org.apache.arrow#arrow-memory;0.8.0 in user-list
[2025-05-26T02:48:18.748+0000] {spark_submit.py:649} INFO - found io.netty#netty-buffer;4.1.17.Final in central
[2025-05-26T02:48:18.925+0000] {spark_submit.py:649} INFO - found io.netty#netty-common;4.1.17.Final in central
[2025-05-26T02:48:18.984+0000] {spark_submit.py:649} INFO - found com.carrotsearch#hppc;0.7.2 in central
[2025-05-26T02:48:19.066+0000] {spark_submit.py:649} INFO - found net.sf.opencsv#opencsv;2.3 in central
[2025-05-26T02:48:19.244+0000] {spark_submit.py:649} INFO - found org.apache.parquet#parquet-hadoop-bundle;1.10.0 in central
[2025-05-26T02:48:19.346+0000] {spark_submit.py:649} INFO - found org.apache.hive#hive-standalone-metastore;3.1.3 in central
[2025-05-26T02:48:19.439+0000] {spark_submit.py:649} INFO - found com.jolbox#bonecp;0.8.0.RELEASE in central
[2025-05-26T02:48:19.704+0000] {spark_submit.py:649} INFO - found com.zaxxer#HikariCP;2.6.1 in central
[2025-05-26T02:48:19.975+0000] {spark_submit.py:649} INFO - found commons-dbcp#commons-dbcp;1.4 in central
[2025-05-26T02:48:20.978+0000] {spark_submit.py:649} INFO - found commons-pool#commons-pool;1.5.4 in central
[2025-05-26T02:48:21.048+0000] {spark_submit.py:649} INFO - found org.antlr#antlr-runtime;3.5.2 in central
[2025-05-26T02:48:21.092+0000] {spark_submit.py:649} INFO - found org.datanucleus#datanucleus-api-jdo;4.2.4 in user-list
[2025-05-26T02:48:21.163+0000] {spark_submit.py:649} INFO - found org.datanucleus#datanucleus-core;4.1.17 in user-list
[2025-05-26T02:48:21.276+0000] {spark_submit.py:649} INFO - found org.datanucleus#datanucleus-rdbms;4.1.19 in central
[2025-05-26T02:48:22.041+0000] {spark_submit.py:649} INFO - found org.datanucleus#javax.jdo;3.2.0-m3 in central
[2025-05-26T02:48:24.085+0000] {spark_submit.py:649} INFO - found javax.transaction#transaction-api;1.1 in central
[2025-05-26T02:48:25.238+0000] {spark_submit.py:649} INFO - found sqlline#sqlline;1.3.0 in central
[2025-05-26T02:48:29.669+0000] {spark_submit.py:649} INFO - found org.apache.hbase#hbase-client;2.0.0-alpha4 in central
[2025-05-26T02:48:29.692+0000] {spark_submit.py:649} INFO - found org.apache.hbase.thirdparty#hbase-shaded-protobuf;1.0.1 in central
[2025-05-26T02:48:29.713+0000] {spark_submit.py:649} INFO - found org.apache.hbase#hbase-protocol-shaded;2.0.0-alpha4 in central
[2025-05-26T02:48:29.723+0000] {spark_submit.py:649} INFO - found org.apache.yetus#audience-annotations;0.5.0 in central
[2025-05-26T02:48:29.739+0000] {spark_submit.py:649} INFO - found junit#junit;4.11 in central
[2025-05-26T02:48:29.826+0000] {spark_submit.py:649} INFO - found org.hamcrest#hamcrest-core;1.3 in central
[2025-05-26T02:48:29.900+0000] {spark_submit.py:649} INFO - found org.apache.hbase#hbase-protocol;2.0.0-alpha4 in central
[2025-05-26T02:48:29.924+0000] {spark_submit.py:649} INFO - found org.apache.hbase.thirdparty#hbase-shaded-miscellaneous;1.0.1 in central
[2025-05-26T02:48:30.121+0000] {spark_submit.py:649} INFO - found org.apache.hbase.thirdparty#hbase-shaded-netty;1.0.1 in central
[2025-05-26T02:48:30.151+0000] {spark_submit.py:649} INFO - found org.apache.htrace#htrace-core;3.2.0-incubating in central
[2025-05-26T02:48:30.194+0000] {spark_submit.py:649} INFO - found org.jruby.jcodings#jcodings;1.0.18 in central
[2025-05-26T02:48:30.264+0000] {spark_submit.py:649} INFO - found org.jruby.joni#joni;2.1.11 in central
[2025-05-26T02:48:30.725+0000] {spark_submit.py:649} INFO - found io.dropwizard.metrics#metrics-core;3.2.1 in central
[2025-05-26T02:48:30.819+0000] {spark_submit.py:649} INFO - found org.apache.commons#commons-crypto;1.0.0 in central
[2025-05-26T02:48:30.869+0000] {spark_submit.py:649} INFO - found javax.jdo#jdo-api;3.0.1 in central
[2025-05-26T02:48:30.734+0000] {job.py:229} INFO - Heartbeat recovered after 25.71 seconds
[2025-05-26T02:48:30.892+0000] {spark_submit.py:649} INFO - found javax.transaction#jta;1.1 in central
[2025-05-26T02:48:30.913+0000] {spark_submit.py:649} INFO - found co.cask.tephra#tephra-api;0.6.0 in central
[2025-05-26T02:48:30.935+0000] {spark_submit.py:649} INFO - found co.cask.tephra#tephra-core;0.6.0 in central
[2025-05-26T02:48:30.973+0000] {spark_submit.py:649} INFO - found com.google.inject.extensions#guice-assistedinject;3.0 in central
[2025-05-26T02:48:31.002+0000] {spark_submit.py:649} INFO - found it.unimi.dsi#fastutil;6.5.6 in central
[2025-05-26T02:48:31.048+0000] {spark_submit.py:649} INFO - found org.apache.twill#twill-common;0.6.0-incubating in central
[2025-05-26T02:48:31.200+0000] {spark_submit.py:649} INFO - found org.apache.twill#twill-core;0.6.0-incubating in central
[2025-05-26T02:48:31.210+0000] {spark_submit.py:649} INFO - found org.apache.twill#twill-api;0.6.0-incubating in user-list
[2025-05-26T02:48:31.279+0000] {spark_submit.py:649} INFO - found org.apache.twill#twill-discovery-api;0.6.0-incubating in central
[2025-05-26T02:48:31.359+0000] {spark_submit.py:649} INFO - found org.apache.twill#twill-zookeeper;0.6.0-incubating in central
[2025-05-26T02:48:31.428+0000] {spark_submit.py:649} INFO - found org.apache.twill#twill-discovery-core;0.6.0-incubating in central
[2025-05-26T02:48:31.489+0000] {spark_submit.py:649} INFO - found co.cask.tephra#tephra-hbase-compat-1.0;0.6.0 in central
[2025-05-26T02:48:31.517+0000] {spark_submit.py:649} INFO - found org.apache.hive#hive-exec;3.1.3 in central
[2025-05-26T02:48:31.542+0000] {spark_submit.py:649} INFO - found org.apache.hive#hive-llap-tez;3.1.3 in central
[2025-05-26T02:48:31.585+0000] {spark_submit.py:649} INFO - found org.apache.hive#hive-llap-client;3.1.3 in central
[2025-05-26T02:48:31.599+0000] {spark_submit.py:649} INFO - found org.apache.hive#hive-llap-common;3.1.3 in central
[2025-05-26T02:48:31.629+0000] {spark_submit.py:649} INFO - found org.antlr#ST4;4.0.4 in central
[2025-05-26T02:48:31.647+0000] {spark_submit.py:649} INFO - found org.apache.ivy#ivy;2.4.0 in central
[2025-05-26T02:48:31.679+0000] {spark_submit.py:649} INFO - found org.codehaus.groovy#groovy-all;2.4.11 in central
[2025-05-26T02:48:31.693+0000] {spark_submit.py:649} INFO - found org.apache.calcite#calcite-core;1.16.0 in central
[2025-05-26T02:48:31.714+0000] {spark_submit.py:649} INFO - found org.apache.calcite#calcite-linq4j;1.16.0 in central
[2025-05-26T02:48:31.729+0000] {spark_submit.py:649} INFO - found com.esri.geometry#esri-geometry-api;2.0.0 in central
[2025-05-26T02:48:31.753+0000] {spark_submit.py:649} INFO - found com.google.code.findbugs#jsr305;3.0.1 in central
[2025-05-26T02:48:31.765+0000] {spark_submit.py:649} INFO - found com.yahoo.datasketches#sketches-core;0.9.0 in central
[2025-05-26T02:48:31.793+0000] {spark_submit.py:649} INFO - found com.yahoo.datasketches#memory;0.9.0 in central
[2025-05-26T02:48:31.803+0000] {spark_submit.py:649} INFO - found org.codehaus.janino#janino;2.7.6 in central
[2025-05-26T02:48:31.819+0000] {spark_submit.py:649} INFO - found org.codehaus.janino#commons-compiler;2.7.6 in central
[2025-05-26T02:48:31.865+0000] {spark_submit.py:649} INFO - found org.apache.calcite.avatica#avatica;1.11.0 in central
[2025-05-26T02:48:31.903+0000] {spark_submit.py:649} INFO - found stax#stax-api;1.0.1 in central
[2025-05-26T02:48:31.969+0000] {spark_submit.py:649} INFO - found org.apache.hadoop#hadoop-client-api;3.3.4 in central
[2025-05-26T02:48:31.984+0000] {spark_submit.py:649} INFO - found org.xerial.snappy#snappy-java;1.1.8.2 in central
[2025-05-26T02:48:32.020+0000] {spark_submit.py:649} INFO - found org.apache.hadoop#hadoop-client-runtime;3.3.4 in central
[2025-05-26T02:48:32.038+0000] {spark_submit.py:649} INFO - found org.slf4j#slf4j-api;1.7.36 in central
[2025-05-26T02:48:32.342+0000] {spark_submit.py:649} INFO - :: resolution report :: resolve 30965ms :: artifacts dl 182ms
[2025-05-26T02:48:32.342+0000] {spark_submit.py:649} INFO - :: modules in use:
[2025-05-26T02:48:32.346+0000] {spark_submit.py:649} INFO - aopalliance#aopalliance;1.0 from user-list in [default]
[2025-05-26T02:48:32.346+0000] {spark_submit.py:649} INFO - co.cask.tephra#tephra-api;0.6.0 from central in [default]
[2025-05-26T02:48:32.346+0000] {spark_submit.py:649} INFO - co.cask.tephra#tephra-core;0.6.0 from central in [default]
[2025-05-26T02:48:32.347+0000] {spark_submit.py:649} INFO - co.cask.tephra#tephra-hbase-compat-1.0;0.6.0 from central in [default]
[2025-05-26T02:48:32.347+0000] {spark_submit.py:649} INFO - com.carrotsearch#hppc;0.7.2 from central in [default]
[2025-05-26T02:48:32.347+0000] {spark_submit.py:649} INFO - com.cedarsoftware#java-util;1.9.0 from user-list in [default]
[2025-05-26T02:48:32.348+0000] {spark_submit.py:649} INFO - com.cedarsoftware#json-io;2.5.1 from central in [default]
[2025-05-26T02:48:32.348+0000] {spark_submit.py:649} INFO - com.esri.geometry#esri-geometry-api;2.0.0 from central in [default]
[2025-05-26T02:48:32.348+0000] {spark_submit.py:649} INFO - com.fasterxml.jackson.core#jackson-annotations;2.12.0 from user-list in [default]
[2025-05-26T02:48:32.348+0000] {spark_submit.py:649} INFO - com.fasterxml.jackson.core#jackson-core;2.12.0 from central in [default]
[2025-05-26T02:48:32.349+0000] {spark_submit.py:649} INFO - com.fasterxml.jackson.core#jackson-databind;2.12.0 from central in [default]
[2025-05-26T02:48:32.349+0000] {spark_submit.py:649} INFO - com.fasterxml.jackson.jaxrs#jackson-jaxrs-base;2.12.0 from user-list in [default]
[2025-05-26T02:48:32.350+0000] {spark_submit.py:649} INFO - com.fasterxml.jackson.jaxrs#jackson-jaxrs-json-provider;2.12.0 from central in [default]
[2025-05-26T02:48:32.350+0000] {spark_submit.py:649} INFO - com.fasterxml.jackson.module#jackson-module-jaxb-annotations;2.12.0 from central in [default]
[2025-05-26T02:48:32.350+0000] {spark_submit.py:649} INFO - com.fasterxml.woodstox#woodstox-core;5.0.3 from central in [default]
[2025-05-26T02:48:32.351+0000] {spark_submit.py:649} INFO - com.github.joshelser#dropwizard-metrics-hadoop-metrics2-reporter;0.1.2 from central in [default]
[2025-05-26T02:48:32.351+0000] {spark_submit.py:649} INFO - com.github.stephenc.jcip#jcip-annotations;1.0-1 from central in [default]
[2025-05-26T02:48:32.351+0000] {spark_submit.py:649} INFO - com.google.code.findbugs#jsr305;3.0.1 from central in [default]
[2025-05-26T02:48:32.352+0000] {spark_submit.py:649} INFO - com.google.code.gson#gson;2.2.4 from central in [default]
[2025-05-26T02:48:32.353+0000] {spark_submit.py:649} INFO - com.google.guava#guava;19.0 from central in [default]
[2025-05-26T02:48:32.353+0000] {spark_submit.py:649} INFO - com.google.inject#guice;4.0 from central in [default]
[2025-05-26T02:48:32.354+0000] {spark_submit.py:649} INFO - com.google.inject.extensions#guice-assistedinject;3.0 from central in [default]
[2025-05-26T02:48:32.354+0000] {spark_submit.py:649} INFO - com.google.inject.extensions#guice-servlet;4.0 from central in [default]
[2025-05-26T02:48:32.355+0000] {spark_submit.py:649} INFO - com.google.protobuf#protobuf-java;2.5.0 from central in [default]
[2025-05-26T02:48:32.356+0000] {spark_submit.py:649} INFO - com.google.re2j#re2j;1.1 from central in [default]
[2025-05-26T02:48:32.356+0000] {spark_submit.py:649} INFO - com.jcraft#jsch;0.1.54 from central in [default]
[2025-05-26T02:48:32.356+0000] {spark_submit.py:649} INFO - com.jolbox#bonecp;0.8.0.RELEASE from central in [default]
[2025-05-26T02:48:32.357+0000] {spark_submit.py:649} INFO - com.microsoft.sqlserver#mssql-jdbc;6.2.1.jre7 from central in [default]
[2025-05-26T02:48:32.357+0000] {spark_submit.py:649} INFO - com.nimbusds#nimbus-jose-jwt;4.41.1 from central in [default]
[2025-05-26T02:48:32.357+0000] {spark_submit.py:649} INFO - com.sun.jersey#jersey-client;1.19 from central in [default]
[2025-05-26T02:48:32.358+0000] {spark_submit.py:649} INFO - com.sun.jersey#jersey-core;1.19 from user-list in [default]
[2025-05-26T02:48:32.358+0000] {spark_submit.py:649} INFO - com.sun.jersey#jersey-json;1.19 from central in [default]
[2025-05-26T02:48:32.358+0000] {spark_submit.py:649} INFO - com.sun.jersey#jersey-server;1.19 from central in [default]
[2025-05-26T02:48:32.360+0000] {spark_submit.py:649} INFO - com.sun.jersey#jersey-servlet;1.19 from central in [default]
[2025-05-26T02:48:32.360+0000] {spark_submit.py:649} INFO - com.sun.jersey.contribs#jersey-guice;1.19 from user-list in [default]
[2025-05-26T02:48:32.361+0000] {spark_submit.py:649} INFO - com.sun.xml.bind#jaxb-impl;2.2.3-1 from central in [default]
[2025-05-26T02:48:32.361+0000] {spark_submit.py:649} INFO - com.tdunning#json;1.8 from central in [default]
[2025-05-26T02:48:32.361+0000] {spark_submit.py:649} INFO - com.thoughtworks.paranamer#paranamer;2.7 from central in [default]
[2025-05-26T02:48:32.362+0000] {spark_submit.py:649} INFO - com.vlkan#flatbuffers;1.2.0-3f79e055 from central in [default]
[2025-05-26T02:48:32.363+0000] {spark_submit.py:649} INFO - com.yahoo.datasketches#memory;0.9.0 from central in [default]
[2025-05-26T02:48:32.363+0000] {spark_submit.py:649} INFO - com.yahoo.datasketches#sketches-core;0.9.0 from central in [default]
[2025-05-26T02:48:32.364+0000] {spark_submit.py:649} INFO - com.zaxxer#HikariCP;2.6.1 from central in [default]
[2025-05-26T02:48:32.364+0000] {spark_submit.py:649} INFO - com.zaxxer#HikariCP-java7;2.4.12 from central in [default]
[2025-05-26T02:48:32.364+0000] {spark_submit.py:649} INFO - commons-beanutils#commons-beanutils;1.9.3 from central in [default]
[2025-05-26T02:48:32.364+0000] {spark_submit.py:649} INFO - commons-cli#commons-cli;1.2 from user-list in [default]
[2025-05-26T02:48:32.365+0000] {spark_submit.py:649} INFO - commons-codec#commons-codec;1.15 from central in [default]
[2025-05-26T02:48:32.365+0000] {spark_submit.py:649} INFO - commons-collections#commons-collections;3.2.2 from user-list in [default]
[2025-05-26T02:48:32.365+0000] {spark_submit.py:649} INFO - commons-daemon#commons-daemon;1.0.13 from central in [default]
[2025-05-26T02:48:32.366+0000] {spark_submit.py:649} INFO - commons-dbcp#commons-dbcp;1.4 from central in [default]
[2025-05-26T02:48:32.366+0000] {spark_submit.py:649} INFO - commons-io#commons-io;2.6 from central in [default]
[2025-05-26T02:48:32.367+0000] {spark_submit.py:649} INFO - commons-lang#commons-lang;2.6 from central in [default]
[2025-05-26T02:48:32.367+0000] {spark_submit.py:649} INFO - commons-logging#commons-logging;1.2 from central in [default]
[2025-05-26T02:48:32.368+0000] {spark_submit.py:649} INFO - commons-net#commons-net;3.6 from central in [default]
[2025-05-26T02:48:32.368+0000] {spark_submit.py:649} INFO - commons-pool#commons-pool;1.5.4 from central in [default]
[2025-05-26T02:48:32.369+0000] {spark_submit.py:649} INFO - de.ruedigermoeller#fst;2.50 from central in [default]
[2025-05-26T02:48:32.370+0000] {spark_submit.py:649} INFO - dnsjava#dnsjava;2.1.7 from central in [default]
[2025-05-26T02:48:32.387+0000] {spark_submit.py:649} INFO - io.airlift#aircompressor;0.10 from user-list in [default]
[2025-05-26T02:48:32.388+0000] {spark_submit.py:649} INFO - io.dropwizard.metrics#metrics-core;3.2.1 from central in [default]
[2025-05-26T02:48:32.388+0000] {spark_submit.py:649} INFO - io.dropwizard.metrics#metrics-json;3.1.0 from central in [default]
[2025-05-26T02:48:32.389+0000] {spark_submit.py:649} INFO - io.dropwizard.metrics#metrics-jvm;3.1.0 from central in [default]
[2025-05-26T02:48:32.390+0000] {spark_submit.py:649} INFO - io.netty#netty;3.7.0.Final from central in [default]
[2025-05-26T02:48:32.390+0000] {spark_submit.py:649} INFO - io.netty#netty-buffer;4.1.17.Final from central in [default]
[2025-05-26T02:48:32.390+0000] {spark_submit.py:649} INFO - io.netty#netty-common;4.1.17.Final from central in [default]
[2025-05-26T02:48:32.390+0000] {spark_submit.py:649} INFO - it.unimi.dsi#fastutil;6.5.6 from central in [default]
[2025-05-26T02:48:32.391+0000] {spark_submit.py:649} INFO - jakarta.activation#jakarta.activation-api;1.2.1 from user-list in [default]
[2025-05-26T02:48:32.391+0000] {spark_submit.py:649} INFO - jakarta.xml.bind#jakarta.xml.bind-api;2.3.2 from central in [default]
[2025-05-26T02:48:32.391+0000] {spark_submit.py:649} INFO - javax.inject#javax.inject;1 from central in [default]
[2025-05-26T02:48:32.392+0000] {spark_submit.py:649} INFO - javax.jdo#jdo-api;3.0.1 from central in [default]
[2025-05-26T02:48:32.393+0000] {spark_submit.py:649} INFO - javax.servlet#javax.servlet-api;3.1.0 from central in [default]
[2025-05-26T02:48:32.394+0000] {spark_submit.py:649} INFO - javax.servlet.jsp#jsp-api;2.1 from central in [default]
[2025-05-26T02:48:32.395+0000] {spark_submit.py:649} INFO - javax.transaction#jta;1.1 from central in [default]
[2025-05-26T02:48:32.396+0000] {spark_submit.py:649} INFO - javax.transaction#transaction-api;1.1 from central in [default]
[2025-05-26T02:48:32.396+0000] {spark_submit.py:649} INFO - javax.ws.rs#jsr311-api;1.1.1 from user-list in [default]
[2025-05-26T02:48:32.397+0000] {spark_submit.py:649} INFO - javax.xml.bind#jaxb-api;2.2.11 from central in [default]
[2025-05-26T02:48:32.397+0000] {spark_submit.py:649} INFO - javolution#javolution;5.5.1 from central in [default]
[2025-05-26T02:48:32.397+0000] {spark_submit.py:649} INFO - jline#jline;2.12 from central in [default]
[2025-05-26T02:48:32.398+0000] {spark_submit.py:649} INFO - joda-time#joda-time;2.9.9 from central in [default]
[2025-05-26T02:48:32.398+0000] {spark_submit.py:649} INFO - junit#junit;4.11 from central in [default]
[2025-05-26T02:48:32.398+0000] {spark_submit.py:649} INFO - log4j#log4j;1.2.17 from central in [default]
[2025-05-26T02:48:32.407+0000] {spark_submit.py:649} INFO - net.minidev#accessors-smart;1.2 from central in [default]
[2025-05-26T02:48:32.408+0000] {spark_submit.py:649} INFO - net.minidev#json-smart;2.3 from central in [default]
[2025-05-26T02:48:32.409+0000] {spark_submit.py:649} INFO - net.sf.jpam#jpam;1.1 from central in [default]
[2025-05-26T02:48:32.410+0000] {spark_submit.py:649} INFO - net.sf.opencsv#opencsv;2.3 from central in [default]
[2025-05-26T02:48:32.410+0000] {spark_submit.py:649} INFO - org.antlr#ST4;4.0.4 from central in [default]
[2025-05-26T02:48:32.410+0000] {spark_submit.py:649} INFO - org.antlr#antlr-runtime;3.5.2 from central in [default]
[2025-05-26T02:48:32.411+0000] {spark_submit.py:649} INFO - org.apache.ant#ant;1.9.1 from central in [default]
[2025-05-26T02:48:32.411+0000] {spark_submit.py:649} INFO - org.apache.ant#ant-launcher;1.9.1 from central in [default]
[2025-05-26T02:48:32.411+0000] {spark_submit.py:649} INFO - org.apache.arrow#arrow-format;0.8.0 from central in [default]
[2025-05-26T02:48:32.412+0000] {spark_submit.py:649} INFO - org.apache.arrow#arrow-memory;0.8.0 from user-list in [default]
[2025-05-26T02:48:32.412+0000] {spark_submit.py:649} INFO - org.apache.arrow#arrow-vector;0.8.0 from central in [default]
[2025-05-26T02:48:32.412+0000] {spark_submit.py:649} INFO - org.apache.avro#avro;1.8.2 from central in [default]
[2025-05-26T02:48:32.413+0000] {spark_submit.py:649} INFO - org.apache.calcite#calcite-core;1.16.0 from central in [default]
[2025-05-26T02:48:32.414+0000] {spark_submit.py:649} INFO - org.apache.calcite#calcite-linq4j;1.16.0 from central in [default]
[2025-05-26T02:48:32.416+0000] {spark_submit.py:649} INFO - org.apache.calcite.avatica#avatica;1.11.0 from central in [default]
[2025-05-26T02:48:32.417+0000] {spark_submit.py:649} INFO - org.apache.commons#commons-compress;1.19 from central in [default]
[2025-05-26T02:48:32.425+0000] {spark_submit.py:649} INFO - org.apache.commons#commons-configuration2;2.1.1 from central in [default]
[2025-05-26T02:48:32.437+0000] {spark_submit.py:649} INFO - org.apache.commons#commons-crypto;1.0.0 from central in [default]
[2025-05-26T02:48:32.438+0000] {spark_submit.py:649} INFO - org.apache.commons#commons-lang3;3.9 from central in [default]
[2025-05-26T02:48:32.438+0000] {spark_submit.py:649} INFO - org.apache.commons#commons-math3;3.1.1 from central in [default]
[2025-05-26T02:48:32.439+0000] {spark_submit.py:649} INFO - org.apache.derby#derby;10.14.1.0 from central in [default]
[2025-05-26T02:48:32.440+0000] {spark_submit.py:649} INFO - org.apache.geronimo.specs#geronimo-jcache_1.0_spec;1.0-alpha-1 from central in [default]
[2025-05-26T02:48:32.441+0000] {spark_submit.py:649} INFO - org.apache.hadoop#hadoop-annotations;3.1.0 from central in [default]
[2025-05-26T02:48:32.441+0000] {spark_submit.py:649} INFO - org.apache.hadoop#hadoop-auth;3.1.0 from central in [default]
[2025-05-26T02:48:32.442+0000] {spark_submit.py:649} INFO - org.apache.hadoop#hadoop-client-api;3.3.4 from central in [default]
[2025-05-26T02:48:32.442+0000] {spark_submit.py:649} INFO - org.apache.hadoop#hadoop-client-runtime;3.3.4 from central in [default]
[2025-05-26T02:48:32.442+0000] {spark_submit.py:649} INFO - org.apache.hadoop#hadoop-common;3.1.0 from central in [default]
[2025-05-26T02:48:32.443+0000] {spark_submit.py:649} INFO - org.apache.hadoop#hadoop-yarn-api;3.1.0 from user-list in [default]
[2025-05-26T02:48:32.443+0000] {spark_submit.py:649} INFO - org.apache.hadoop#hadoop-yarn-common;3.1.0 from central in [default]
[2025-05-26T02:48:32.443+0000] {spark_submit.py:649} INFO - org.apache.hadoop#hadoop-yarn-registry;3.1.0 from central in [default]
[2025-05-26T02:48:32.444+0000] {spark_submit.py:649} INFO - org.apache.hadoop#hadoop-yarn-server-applicationhistoryservice;3.1.0 from central in [default]
[2025-05-26T02:48:32.445+0000] {spark_submit.py:649} INFO - org.apache.hadoop#hadoop-yarn-server-common;3.1.0 from central in [default]
[2025-05-26T02:48:32.445+0000] {spark_submit.py:649} INFO - org.apache.hadoop#hadoop-yarn-server-resourcemanager;3.1.0 from central in [default]
[2025-05-26T02:48:32.445+0000] {spark_submit.py:649} INFO - org.apache.hadoop#hadoop-yarn-server-web-proxy;3.1.0 from central in [default]
[2025-05-26T02:48:32.446+0000] {spark_submit.py:649} INFO - org.apache.hbase#hbase-client;2.0.0-alpha4 from central in [default]
[2025-05-26T02:48:32.446+0000] {spark_submit.py:649} INFO - org.apache.hbase#hbase-protocol;2.0.0-alpha4 from central in [default]
[2025-05-26T02:48:32.446+0000] {spark_submit.py:649} INFO - org.apache.hbase#hbase-protocol-shaded;2.0.0-alpha4 from central in [default]
[2025-05-26T02:48:32.447+0000] {spark_submit.py:649} INFO - org.apache.hbase.thirdparty#hbase-shaded-miscellaneous;1.0.1 from central in [default]
[2025-05-26T02:48:32.447+0000] {spark_submit.py:649} INFO - org.apache.hbase.thirdparty#hbase-shaded-netty;1.0.1 from central in [default]
[2025-05-26T02:48:32.447+0000] {spark_submit.py:649} INFO - org.apache.hbase.thirdparty#hbase-shaded-protobuf;1.0.1 from central in [default]
[2025-05-26T02:48:32.448+0000] {spark_submit.py:649} INFO - org.apache.hive#hive-classification;3.1.3 from central in [default]
[2025-05-26T02:48:32.448+0000] {spark_submit.py:649} INFO - org.apache.hive#hive-common;3.1.3 from central in [default]
[2025-05-26T02:48:32.448+0000] {spark_submit.py:649} INFO - org.apache.hive#hive-exec;3.1.3 from central in [default]
[2025-05-26T02:48:32.449+0000] {spark_submit.py:649} INFO - org.apache.hive#hive-llap-client;3.1.3 from central in [default]
[2025-05-26T02:48:32.449+0000] {spark_submit.py:649} INFO - org.apache.hive#hive-llap-common;3.1.3 from central in [default]
[2025-05-26T02:48:32.449+0000] {spark_submit.py:649} INFO - org.apache.hive#hive-llap-tez;3.1.3 from central in [default]
[2025-05-26T02:48:32.449+0000] {spark_submit.py:649} INFO - org.apache.hive#hive-metastore;3.1.3 from user-list in [default]
[2025-05-26T02:48:32.450+0000] {spark_submit.py:649} INFO - org.apache.hive#hive-serde;3.1.3 from central in [default]
[2025-05-26T02:48:32.450+0000] {spark_submit.py:649} INFO - org.apache.hive#hive-service-rpc;3.1.3 from central in [default]
[2025-05-26T02:48:32.450+0000] {spark_submit.py:649} INFO - org.apache.hive#hive-shims;3.1.3 from central in [default]
[2025-05-26T02:48:32.451+0000] {spark_submit.py:649} INFO - org.apache.hive#hive-standalone-metastore;3.1.3 from central in [default]
[2025-05-26T02:48:32.451+0000] {spark_submit.py:649} INFO - org.apache.hive#hive-storage-api;2.7.0 from central in [default]
[2025-05-26T02:48:32.451+0000] {spark_submit.py:649} INFO - org.apache.hive#hive-upgrade-acid;3.1.3 from central in [default]
[2025-05-26T02:48:32.452+0000] {spark_submit.py:649} INFO - org.apache.hive.shims#hive-shims-0.23;3.1.3 from central in [default]
[2025-05-26T02:48:32.452+0000] {spark_submit.py:649} INFO - org.apache.hive.shims#hive-shims-common;3.1.3 from central in [default]
[2025-05-26T02:48:32.452+0000] {spark_submit.py:649} INFO - org.apache.hive.shims#hive-shims-scheduler;3.1.3 from central in [default]
[2025-05-26T02:48:32.452+0000] {spark_submit.py:649} INFO - org.apache.htrace#htrace-core;3.2.0-incubating from central in [default]
[2025-05-26T02:48:32.453+0000] {spark_submit.py:649} INFO - org.apache.htrace#htrace-core4;4.1.0-incubating from user-list in [default]
[2025-05-26T02:48:32.453+0000] {spark_submit.py:649} INFO - org.apache.httpcomponents#httpclient;4.5.13 from central in [default]
[2025-05-26T02:48:32.453+0000] {spark_submit.py:649} INFO - org.apache.httpcomponents#httpcore;4.4.13 from central in [default]
[2025-05-26T02:48:32.453+0000] {spark_submit.py:649} INFO - org.apache.ivy#ivy;2.4.0 from central in [default]
[2025-05-26T02:48:32.454+0000] {spark_submit.py:649} INFO - org.apache.kerby#kerb-admin;1.0.1 from central in [default]
[2025-05-26T02:48:32.454+0000] {spark_submit.py:649} INFO - org.apache.kerby#kerb-client;1.0.1 from central in [default]
[2025-05-26T02:48:32.455+0000] {spark_submit.py:649} INFO - org.apache.kerby#kerb-common;1.0.1 from central in [default]
[2025-05-26T02:48:32.456+0000] {spark_submit.py:649} INFO - org.apache.kerby#kerb-core;1.0.1 from user-list in [default]
[2025-05-26T02:48:32.456+0000] {spark_submit.py:649} INFO - org.apache.kerby#kerb-crypto;1.0.1 from central in [default]
[2025-05-26T02:48:32.457+0000] {spark_submit.py:649} INFO - org.apache.kerby#kerb-identity;1.0.1 from user-list in [default]
[2025-05-26T02:48:32.458+0000] {spark_submit.py:649} INFO - org.apache.kerby#kerb-server;1.0.1 from central in [default]
[2025-05-26T02:48:32.459+0000] {spark_submit.py:649} INFO - org.apache.kerby#kerb-simplekdc;1.0.1 from central in [default]
[2025-05-26T02:48:32.460+0000] {spark_submit.py:649} INFO - org.apache.kerby#kerb-util;1.0.1 from central in [default]
[2025-05-26T02:48:32.461+0000] {spark_submit.py:649} INFO - org.apache.kerby#kerby-asn1;1.0.1 from central in [default]
[2025-05-26T02:48:32.461+0000] {spark_submit.py:649} INFO - org.apache.kerby#kerby-config;1.0.1 from central in [default]
[2025-05-26T02:48:32.462+0000] {spark_submit.py:649} INFO - org.apache.kerby#kerby-pkix;1.0.1 from central in [default]
[2025-05-26T02:48:32.463+0000] {spark_submit.py:649} INFO - org.apache.kerby#kerby-util;1.0.1 from central in [default]
[2025-05-26T02:48:32.465+0000] {spark_submit.py:649} INFO - org.apache.kerby#kerby-xdr;1.0.1 from central in [default]
[2025-05-26T02:48:32.473+0000] {spark_submit.py:649} INFO - org.apache.kerby#token-provider;1.0.1 from central in [default]
[2025-05-26T02:48:32.475+0000] {spark_submit.py:649} INFO - org.apache.logging.log4j#log4j-1.2-api;2.17.1 from central in [default]
[2025-05-26T02:48:32.477+0000] {spark_submit.py:649} INFO - org.apache.logging.log4j#log4j-api;2.10.0 from central in [default]
[2025-05-26T02:48:32.482+0000] {spark_submit.py:649} INFO - org.apache.logging.log4j#log4j-core;2.17.1 from central in [default]
[2025-05-26T02:48:32.483+0000] {spark_submit.py:649} INFO - org.apache.logging.log4j#log4j-slf4j-impl;2.17.1 from central in [default]
[2025-05-26T02:48:32.484+0000] {spark_submit.py:649} INFO - org.apache.logging.log4j#log4j-web;2.17.1 from central in [default]
[2025-05-26T02:48:32.485+0000] {spark_submit.py:649} INFO - org.apache.orc#orc-core;1.5.8 from user-list in [default]
[2025-05-26T02:48:32.485+0000] {spark_submit.py:649} INFO - org.apache.orc#orc-shims;1.5.8 from central in [default]
[2025-05-26T02:48:32.486+0000] {spark_submit.py:649} INFO - org.apache.parquet#parquet-hadoop-bundle;1.10.0 from central in [default]
[2025-05-26T02:48:32.486+0000] {spark_submit.py:649} INFO - org.apache.thrift#libfb303;0.9.3 from central in [default]
[2025-05-26T02:48:32.487+0000] {spark_submit.py:649} INFO - org.apache.thrift#libthrift;0.9.3 from central in [default]
[2025-05-26T02:48:32.487+0000] {spark_submit.py:649} INFO - org.apache.twill#twill-api;0.6.0-incubating from user-list in [default]
[2025-05-26T02:48:32.488+0000] {spark_submit.py:649} INFO - org.apache.twill#twill-common;0.6.0-incubating from central in [default]
[2025-05-26T02:48:32.488+0000] {spark_submit.py:649} INFO - org.apache.twill#twill-core;0.6.0-incubating from central in [default]
[2025-05-26T02:48:32.489+0000] {spark_submit.py:649} INFO - org.apache.twill#twill-discovery-api;0.6.0-incubating from central in [default]
[2025-05-26T02:48:32.489+0000] {spark_submit.py:649} INFO - org.apache.twill#twill-discovery-core;0.6.0-incubating from central in [default]
[2025-05-26T02:48:32.490+0000] {spark_submit.py:649} INFO - org.apache.twill#twill-zookeeper;0.6.0-incubating from central in [default]
[2025-05-26T02:48:32.490+0000] {spark_submit.py:649} INFO - org.apache.yetus#audience-annotations;0.5.0 from central in [default]
[2025-05-26T02:48:32.491+0000] {spark_submit.py:649} INFO - org.apache.zookeeper#zookeeper;3.4.6 from user-list in [default]
[2025-05-26T02:48:32.507+0000] {spark_submit.py:649} INFO - org.codehaus.groovy#groovy-all;2.4.11 from central in [default]
[2025-05-26T02:48:32.508+0000] {spark_submit.py:649} INFO - org.codehaus.jackson#jackson-core-asl;1.9.13 from central in [default]
[2025-05-26T02:48:32.509+0000] {spark_submit.py:649} INFO - org.codehaus.jackson#jackson-jaxrs;1.9.13 from central in [default]
[2025-05-26T02:48:32.510+0000] {spark_submit.py:649} INFO - org.codehaus.jackson#jackson-mapper-asl;1.9.13 from user-list in [default]
[2025-05-26T02:48:32.510+0000] {spark_submit.py:649} INFO - org.codehaus.jackson#jackson-xc;1.9.13 from central in [default]
[2025-05-26T02:48:32.511+0000] {spark_submit.py:649} INFO - org.codehaus.janino#commons-compiler;2.7.6 from central in [default]
[2025-05-26T02:48:32.511+0000] {spark_submit.py:649} INFO - org.codehaus.janino#janino;2.7.6 from central in [default]
[2025-05-26T02:48:32.514+0000] {spark_submit.py:649} INFO - org.codehaus.jettison#jettison;1.1 from central in [default]
[2025-05-26T02:48:32.514+0000] {spark_submit.py:649} INFO - org.codehaus.woodstox#stax2-api;3.1.4 from central in [default]
[2025-05-26T02:48:32.514+0000] {spark_submit.py:649} INFO - org.datanucleus#datanucleus-api-jdo;4.2.4 from user-list in [default]
[2025-05-26T02:48:32.515+0000] {spark_submit.py:649} INFO - org.datanucleus#datanucleus-core;4.1.17 from user-list in [default]
[2025-05-26T02:48:32.515+0000] {spark_submit.py:649} INFO - org.datanucleus#datanucleus-rdbms;4.1.19 from central in [default]
[2025-05-26T02:48:32.516+0000] {spark_submit.py:649} INFO - org.datanucleus#javax.jdo;3.2.0-m3 from central in [default]
[2025-05-26T02:48:32.516+0000] {spark_submit.py:649} INFO - org.eclipse.jetty#jetty-client;9.3.20.v20170531 from central in [default]
[2025-05-26T02:48:32.516+0000] {spark_submit.py:649} INFO - org.eclipse.jetty#jetty-http;9.3.20.v20170531 from central in [default]
[2025-05-26T02:48:32.517+0000] {spark_submit.py:649} INFO - org.eclipse.jetty#jetty-io;9.3.20.v20170531 from user-list in [default]
[2025-05-26T02:48:32.517+0000] {spark_submit.py:649} INFO - org.eclipse.jetty#jetty-rewrite;9.3.20.v20170531 from central in [default]
[2025-05-26T02:48:32.518+0000] {spark_submit.py:649} INFO - org.eclipse.jetty#jetty-security;9.3.20.v20170531 from central in [default]
[2025-05-26T02:48:32.518+0000] {spark_submit.py:649} INFO - org.eclipse.jetty#jetty-server;9.3.20.v20170531 from central in [default]
[2025-05-26T02:48:32.519+0000] {spark_submit.py:649} INFO - org.eclipse.jetty#jetty-servlet;9.3.20.v20170531 from central in [default]
[2025-05-26T02:48:32.519+0000] {spark_submit.py:649} INFO - org.eclipse.jetty#jetty-util;9.3.19.v20170502 from user-list in [default]
[2025-05-26T02:48:32.519+0000] {spark_submit.py:649} INFO - org.eclipse.jetty#jetty-util-ajax;9.3.19.v20170502 from central in [default]
[2025-05-26T02:48:32.520+0000] {spark_submit.py:649} INFO - org.eclipse.jetty#jetty-webapp;9.3.20.v20170531 from central in [default]
[2025-05-26T02:48:32.520+0000] {spark_submit.py:649} INFO - org.eclipse.jetty#jetty-xml;9.3.20.v20170531 from central in [default]
[2025-05-26T02:48:32.521+0000] {spark_submit.py:649} INFO - org.ehcache#ehcache;3.3.1 from central in [default]
[2025-05-26T02:48:32.522+0000] {spark_submit.py:649} INFO - org.fusesource.leveldbjni#leveldbjni-all;1.8 from central in [default]
[2025-05-26T02:48:32.523+0000] {spark_submit.py:649} INFO - org.hamcrest#hamcrest-core;1.3 from central in [default]
[2025-05-26T02:48:32.523+0000] {spark_submit.py:649} INFO - org.jruby.jcodings#jcodings;1.0.18 from central in [default]
[2025-05-26T02:48:32.523+0000] {spark_submit.py:649} INFO - org.jruby.joni#joni;2.1.11 from central in [default]
[2025-05-26T02:48:32.524+0000] {spark_submit.py:649} INFO - org.ow2.asm#asm;5.0.4 from central in [default]
[2025-05-26T02:48:32.524+0000] {spark_submit.py:649} INFO - org.slf4j#slf4j-api;1.7.36 from central in [default]
[2025-05-26T02:48:32.525+0000] {spark_submit.py:649} INFO - org.slf4j#slf4j-log4j12;1.6.1 from user-list in [default]
[2025-05-26T02:48:32.525+0000] {spark_submit.py:649} INFO - org.tukaani#xz;1.5 from central in [default]
[2025-05-26T02:48:32.526+0000] {spark_submit.py:649} INFO - org.xerial.snappy#snappy-java;1.1.8.2 from central in [default]
[2025-05-26T02:48:32.527+0000] {spark_submit.py:649} INFO - sqlline#sqlline;1.3.0 from central in [default]
[2025-05-26T02:48:32.528+0000] {spark_submit.py:649} INFO - stax#stax-api;1.0.1 from central in [default]
[2025-05-26T02:48:32.529+0000] {spark_submit.py:649} INFO - :: evicted modules:
[2025-05-26T02:48:32.531+0000] {spark_submit.py:649} INFO - org.slf4j#slf4j-api;1.7.10 by [org.slf4j#slf4j-api;1.7.36] in [default]
[2025-05-26T02:48:32.532+0000] {spark_submit.py:649} INFO - log4j#log4j;1.2.16 by [log4j#log4j;1.2.17] in [default]
[2025-05-26T02:48:32.533+0000] {spark_submit.py:649} INFO - commons-logging#commons-logging;1.1.3 by [commons-logging#commons-logging;1.2] in [default]
[2025-05-26T02:48:32.533+0000] {spark_submit.py:649} INFO - org.apache.commons#commons-lang3;3.4 by [org.apache.commons#commons-lang3;3.9] in [default]
[2025-05-26T02:48:32.534+0000] {spark_submit.py:649} INFO - org.xerial.snappy#snappy-java;1.1.4 by [org.xerial.snappy#snappy-java;1.1.8.2] in [default]
[2025-05-26T02:48:32.535+0000] {spark_submit.py:649} INFO - com.google.code.findbugs#jsr305;3.0.0 by [com.google.code.findbugs#jsr305;3.0.1] in [default]
[2025-05-26T02:48:32.537+0000] {spark_submit.py:649} INFO - commons-logging#commons-logging;1.0.4 by [commons-logging#commons-logging;1.2] in [default]
[2025-05-26T02:48:32.538+0000] {spark_submit.py:649} INFO - io.dropwizard.metrics#metrics-core;3.1.0 by [io.dropwizard.metrics#metrics-core;3.2.1] in [default]
[2025-05-26T02:48:32.539+0000] {spark_submit.py:649} INFO - io.dropwizard.metrics#metrics-core;3.1.2 by [io.dropwizard.metrics#metrics-core;3.1.0] in [default]
[2025-05-26T02:48:32.540+0000] {spark_submit.py:649} INFO - com.google.code.findbugs#jsr305;3.0.2 by [com.google.code.findbugs#jsr305;3.0.1] in [default]
[2025-05-26T02:48:32.542+0000] {spark_submit.py:649} INFO - org.apache.commons#commons-lang3;3.2 by [org.apache.commons#commons-lang3;3.9] in [default]
[2025-05-26T02:48:32.542+0000] {spark_submit.py:649} INFO - org.apache.commons#commons-lang3;3.6 by [org.apache.commons#commons-lang3;3.9] in [default]
[2025-05-26T02:48:32.544+0000] {spark_submit.py:649} INFO - com.google.inject#guice;3.0 by [com.google.inject#guice;4.0] in [default]
[2025-05-26T02:48:32.544+0000] {spark_submit.py:649} INFO - com.google.code.findbugs#jsr305;2.0.1 by [com.google.code.findbugs#jsr305;3.0.0] in [default]
[2025-05-26T02:48:32.548+0000] {spark_submit.py:649} INFO - com.google.guava#guava;14.0.1 by [com.google.guava#guava;19.0] in [default]
[2025-05-26T02:48:32.567+0000] {spark_submit.py:649} INFO - ---------------------------------------------------------------------
[2025-05-26T02:48:32.568+0000] {spark_submit.py:649} INFO - |                  |            modules            ||   artifacts   |
[2025-05-26T02:48:32.568+0000] {spark_submit.py:649} INFO - |       conf       | number| search|dwnlded|evicted|| number|dwnlded|
[2025-05-26T02:48:32.569+0000] {spark_submit.py:649} INFO - ---------------------------------------------------------------------
[2025-05-26T02:48:32.570+0000] {spark_submit.py:649} INFO - |      default     |  224  |   0   |   0   |   15  ||  209  |   0   |
[2025-05-26T02:48:32.570+0000] {spark_submit.py:649} INFO - ---------------------------------------------------------------------
[2025-05-26T02:48:32.572+0000] {spark_submit.py:649} INFO - 
[2025-05-26T02:48:32.572+0000] {spark_submit.py:649} INFO - :: problems summary ::
[2025-05-26T02:48:32.573+0000] {spark_submit.py:649} INFO - :::: ERRORS
[2025-05-26T02:48:32.573+0000] {spark_submit.py:649} INFO - unknown resolver null
[2025-05-26T02:48:32.578+0000] {spark_submit.py:649} INFO - 
[2025-05-26T02:48:32.585+0000] {spark_submit.py:649} INFO - unknown resolver null
[2025-05-26T02:48:32.587+0000] {spark_submit.py:649} INFO - 
[2025-05-26T02:48:32.587+0000] {spark_submit.py:649} INFO - unknown resolver null
[2025-05-26T02:48:32.589+0000] {spark_submit.py:649} INFO - 
[2025-05-26T02:48:32.589+0000] {spark_submit.py:649} INFO - unknown resolver null
[2025-05-26T02:48:32.591+0000] {spark_submit.py:649} INFO - 
[2025-05-26T02:48:32.591+0000] {spark_submit.py:649} INFO - unknown resolver null
[2025-05-26T02:48:32.607+0000] {spark_submit.py:649} INFO - 
[2025-05-26T02:48:32.608+0000] {spark_submit.py:649} INFO - unknown resolver null
[2025-05-26T02:48:32.609+0000] {spark_submit.py:649} INFO - 
[2025-05-26T02:48:32.610+0000] {spark_submit.py:649} INFO - unknown resolver null
[2025-05-26T02:48:32.611+0000] {spark_submit.py:649} INFO - 
[2025-05-26T02:48:32.612+0000] {spark_submit.py:649} INFO - 
[2025-05-26T02:48:32.613+0000] {spark_submit.py:649} INFO - :: USE VERBOSE OR DEBUG MESSAGE LEVEL FOR MORE DETAILS
[2025-05-26T02:48:32.613+0000] {spark_submit.py:649} INFO - :: retrieving :: org.apache.spark#spark-submit-parent-ab548873-dda4-47b1-8e3d-3eaf903b74ca
[2025-05-26T02:48:32.614+0000] {spark_submit.py:649} INFO - confs: [default]
[2025-05-26T02:48:32.640+0000] {spark_submit.py:649} INFO - 0 artifacts copied, 209 already retrieved (0kB/117ms)
[2025-05-26T02:48:43.323+0000] {spark_submit.py:649} INFO - 25/05/26 02:48:43 INFO IsolatedClientLoader: Downloaded metastore jars to /tmp/hive-v3_1-60bd2b07-3cfb-43db-b3ba-bb655a5e1ab8
[2025-05-26T02:48:44.907+0000] {spark_submit.py:649} INFO - Hive Session ID = 579bc56f-41a6-40f2-823b-8907da988b47
[2025-05-26T02:48:45.054+0000] {spark_submit.py:649} INFO - 25/05/26 02:48:45 INFO HiveClientImpl: Warehouse location for Hive client (version 3.1.3) is file:/opt/airflow/spark-warehouse
[2025-05-26T02:48:45.699+0000] {job.py:229} INFO - Heartbeat recovered after 15.02 seconds
[2025-05-26T02:48:46.718+0000] {spark_submit.py:649} INFO - 25/05/26 02:48:46 WARN MetricsConfig: Cannot locate configuration: tried hadoop-metrics2-s3a-file-system.properties,hadoop-metrics2.properties
[2025-05-26T02:48:46.736+0000] {spark_submit.py:649} INFO - 25/05/26 02:48:46 INFO MetricsSystemImpl: Scheduled Metric snapshot period at 10 second(s).
[2025-05-26T02:48:46.737+0000] {spark_submit.py:649} INFO - 25/05/26 02:48:46 INFO MetricsSystemImpl: s3a-file-system metrics system started
[2025-05-26T02:48:48.257+0000] {spark_submit.py:649} INFO - 25/05/26 02:48:48 INFO DelegatingLogStore: LogStore LogStoreAdapter(io.delta.storage.S3SingleDriverLogStore) is used for scheme s3a
[2025-05-26T02:48:48.499+0000] {spark_submit.py:649} INFO - 25/05/26 02:48:48 INFO DeltaLog: Loading version 0.
[2025-05-26T02:50:04.120+0000] {spark_submit.py:649} INFO - 25/05/26 02:50:04 INFO Snapshot: [tableId=5453cbbf-1aa6-4974-b0b5-303981b6da11] Created snapshot Snapshot(path=s3a://medical-bucket/enriched/transactional/medical-data-sample/enriched_encounters/_delta_log, version=0, metadata=Metadata(0ff15155-e6a2-403d-bde7-e7b7178365cd,null,null,Format(parquet,Map()),{"type":"struct","fields":[{"name":"ID","type":"string","nullable":true,"metadata":{}},{"name":"START","type":"timestamp","nullable":true,"metadata":{}},{"name":"STOP","type":"timestamp","nullable":true,"metadata":{}},{"name":"PATIENT","type":"string","nullable":true,"metadata":{}},{"name":"ORGANIZATION","type":"string","nullable":true,"metadata":{}},{"name":"PROVIDER","type":"string","nullable":true,"metadata":{}},{"name":"PAYER","type":"string","nullable":true,"metadata":{}},{"name":"ENCOUNTERCLASS","type":"string","nullable":true,"metadata":{}},{"name":"CODE","type":"long","nullable":true,"metadata":{}},{"name":"DESCRIPTION","type":"string","nullable":true,"metadata":{}},{"name":"BASE_ENCOUNTER_COST","type":"double","nullable":true,"metadata":{}},{"name":"TOTAL_CLAIM_COST","type":"double","nullable":true,"metadata":{}},{"name":"PAYER_COVERAGE","type":"double","nullable":true,"metadata":{}},{"name":"REASONCODE","type":"long","nullable":true,"metadata":{}},{"name":"REASONDESCRIPTION","type":"string","nullable":true,"metadata":{}},{"name":"HASH","type":"string","nullable":true,"metadata":{}}]},List(),Map(),Some(1747807484957)), logSegment=LogSegment(s3a://medical-bucket/enriched/transactional/medical-data-sample/enriched_encounters/_delta_log,0,WrappedArray(S3AFileStatus{path=s3a://medical-bucket/enriched/transactional/medical-data-sample/enriched_encounters/_delta_log/00000000000000000000.json; isDirectory=false; length=3809; replication=1; blocksize=33554432; modification_time=1747807488788; access_time=0; owner=airflow; group=airflow; permission=rw-rw-rw-; isSymlink=false; hasAcl=false; isEncrypted=true; isErasureCoded=false} isEmptyDirectory=FALSE eTag=faf3e13130150c979c377acf46a41b33 versionId=null),org.apache.spark.sql.delta.EmptyCheckpointProvider$@450ea350,1747807488788), checksumOpt=Some(VersionChecksum(Some(cfd12f29-c7d2-4367-ba51-3bf6c8592b12),1470370,1,None,None,1,1,None,Some(List()),Some(List()),Metadata(0ff15155-e6a2-403d-bde7-e7b7178365cd,null,null,Format(parquet,Map()),{"type":"struct","fields":[{"name":"ID","type":"string","nullable":true,"metadata":{}},{"name":"START","type":"timestamp","nullable":true,"metadata":{}},{"name":"STOP","type":"timestamp","nullable":true,"metadata":{}},{"name":"PATIENT","type":"string","nullable":true,"metadata":{}},{"name":"ORGANIZATION","type":"string","nullable":true,"metadata":{}},{"name":"PROVIDER","type":"string","nullable":true,"metadata":{}},{"name":"PAYER","type":"string","nullable":true,"metadata":{}},{"name":"ENCOUNTERCLASS","type":"string","nullable":true,"metadata":{}},{"name":"CODE","type":"long","nullable":true,"metadata":{}},{"name":"DESCRIPTION","type":"string","nullable":true,"metadata":{}},{"name":"BASE_ENCOUNTER_COST","type":"double","nullable":true,"metadata":{}},{"name":"TOTAL_CLAIM_COST","type":"double","nullable":true,"metadata":{}},{"name":"PAYER_COVERAGE","type":"double","nullable":true,"metadata":{}},{"name":"REASONCODE","type":"long","nullable":true,"metadata":{}},{"name":"REASONDESCRIPTION","type":"string","nullable":true,"metadata":{}},{"name":"HASH","type":"string","nullable":true,"metadata":{}}]},List(),Map(),Some(1747807484957)),Protocol(1,2),None,None,Some(List(AddFile(part-00000-092975b1-dade-485d-8dc3-7d4d00ef7ebc-c000.snappy.parquet,Map(),1470370,1747807487000,false,{"numRecords":7049,"minValues":{"ID":"0004591c-7253-3a60-3435-8bd8dd25","START":"1931-04-21T11:59:06.000Z","STOP":"1931-04-21T12:19:24.000Z","PATIENT":"00732e11-5e4d-37b7-01f8-929a2553","ORGANIZATION":"00ffb204-07b4-3c72-a678-fa252e6c","PROVIDER":"00b1a913-31e7-3941-8f26-9a07f04e","PAYER":"0133f751-9229-3cfd-815f-b6d4979b","ENCOUNTERCLASS":"ambulatory","CODE":1505002,"DESCRIPTION":"Administration of vaccine to pro","BASE_ENCOUNTER_COST":75.0,"TOTAL_CLAIM_COST":75.0,"PAYER_COVERAGE":0.0,"REASONCODE":3718001,"REASONDESCRIPTION":"Abnormal findings diagnostic ima","HASH":"0004591c-7253-3a60-3435-8bd8dd25"},"maxValues":{"ID":"fffa37f5-08f3-5c8a-09e0-a379d113","START":"2024-11-04T08:21:17.000Z","STOP":"2024-11-05T00:34:10.000Z","PATIENT":"fb164202-4e38-04a0-470a-b7229db1","ORGANIZATION":"fe30f2b4-9bc8-346e-afba-4455d176","PROVIDER":"fffdc2e7-c175-3e01-a2da-185da48c","PAYER":"e03e23c9-4df1-3eb6-a62d-f70f0230","ENCOUNTERCLASS":"wellness","CODE":453131000124105,"DESCRIPTION":"Well child visit (procedure)","BASE_ENCOUNTER_COST":146.18,"TOTAL_CLAIM_COST":67764.63,"PAYER_COVERAGE":56814.68,"REASONCODE":442571000124108,"REASONDESCRIPTION":"Viral sinusitis (disorder)","HASH":"fffa37f5-08f3-5c8a-09e0-a379d113"},"nullCount":{"ID":0,"START":0,"STOP":0,"PATIENT":0,"ORGANIZATION":0,"PROVIDER":0,"PAYER":0,"ENCOUNTERCLASS":0,"CODE":0,"DESCRIPTION":0,"BASE_ENCOUNTER_COST":0,"TOTAL_CLAIM_COST":0,"PAYER_COVERAGE":0,"REASONCODE":2436,"REASONDESCRIPTION":2436,"HASH":0}},null,null,None,None,None))))))
[2025-05-26T02:50:04.155+0000] {spark_submit.py:649} INFO - 25/05/26 02:50:04 INFO DeltaLog: Updated snapshot to Snapshot(path=s3a://medical-bucket/enriched/transactional/medical-data-sample/enriched_encounters/_delta_log, version=0, metadata=Metadata(0ff15155-e6a2-403d-bde7-e7b7178365cd,null,null,Format(parquet,Map()),{"type":"struct","fields":[{"name":"ID","type":"string","nullable":true,"metadata":{}},{"name":"START","type":"timestamp","nullable":true,"metadata":{}},{"name":"STOP","type":"timestamp","nullable":true,"metadata":{}},{"name":"PATIENT","type":"string","nullable":true,"metadata":{}},{"name":"ORGANIZATION","type":"string","nullable":true,"metadata":{}},{"name":"PROVIDER","type":"string","nullable":true,"metadata":{}},{"name":"PAYER","type":"string","nullable":true,"metadata":{}},{"name":"ENCOUNTERCLASS","type":"string","nullable":true,"metadata":{}},{"name":"CODE","type":"long","nullable":true,"metadata":{}},{"name":"DESCRIPTION","type":"string","nullable":true,"metadata":{}},{"name":"BASE_ENCOUNTER_COST","type":"double","nullable":true,"metadata":{}},{"name":"TOTAL_CLAIM_COST","type":"double","nullable":true,"metadata":{}},{"name":"PAYER_COVERAGE","type":"double","nullable":true,"metadata":{}},{"name":"REASONCODE","type":"long","nullable":true,"metadata":{}},{"name":"REASONDESCRIPTION","type":"string","nullable":true,"metadata":{}},{"name":"HASH","type":"string","nullable":true,"metadata":{}}]},List(),Map(),Some(1747807484957)), logSegment=LogSegment(s3a://medical-bucket/enriched/transactional/medical-data-sample/enriched_encounters/_delta_log,0,WrappedArray(S3AFileStatus{path=s3a://medical-bucket/enriched/transactional/medical-data-sample/enriched_encounters/_delta_log/00000000000000000000.json; isDirectory=false; length=3809; replication=1; blocksize=33554432; modification_time=1747807488788; access_time=0; owner=airflow; group=airflow; permission=rw-rw-rw-; isSymlink=false; hasAcl=false; isEncrypted=true; isErasureCoded=false} isEmptyDirectory=FALSE eTag=faf3e13130150c979c377acf46a41b33 versionId=null),org.apache.spark.sql.delta.EmptyCheckpointProvider$@450ea350,1747807488788), checksumOpt=Some(VersionChecksum(Some(cfd12f29-c7d2-4367-ba51-3bf6c8592b12),1470370,1,None,None,1,1,None,Some(List()),Some(List()),Metadata(0ff15155-e6a2-403d-bde7-e7b7178365cd,null,null,Format(parquet,Map()),{"type":"struct","fields":[{"name":"ID","type":"string","nullable":true,"metadata":{}},{"name":"START","type":"timestamp","nullable":true,"metadata":{}},{"name":"STOP","type":"timestamp","nullable":true,"metadata":{}},{"name":"PATIENT","type":"string","nullable":true,"metadata":{}},{"name":"ORGANIZATION","type":"string","nullable":true,"metadata":{}},{"name":"PROVIDER","type":"string","nullable":true,"metadata":{}},{"name":"PAYER","type":"string","nullable":true,"metadata":{}},{"name":"ENCOUNTERCLASS","type":"string","nullable":true,"metadata":{}},{"name":"CODE","type":"long","nullable":true,"metadata":{}},{"name":"DESCRIPTION","type":"string","nullable":true,"metadata":{}},{"name":"BASE_ENCOUNTER_COST","type":"double","nullable":true,"metadata":{}},{"name":"TOTAL_CLAIM_COST","type":"double","nullable":true,"metadata":{}},{"name":"PAYER_COVERAGE","type":"double","nullable":true,"metadata":{}},{"name":"REASONCODE","type":"long","nullable":true,"metadata":{}},{"name":"REASONDESCRIPTION","type":"string","nullable":true,"metadata":{}},{"name":"HASH","type":"string","nullable":true,"metadata":{}}]},List(),Map(),Some(1747807484957)),Protocol(1,2),None,None,Some(List(AddFile(part-00000-092975b1-dade-485d-8dc3-7d4d00ef7ebc-c000.snappy.parquet,Map(),1470370,1747807487000,false,{"numRecords":7049,"minValues":{"ID":"0004591c-7253-3a60-3435-8bd8dd25","START":"1931-04-21T11:59:06.000Z","STOP":"1931-04-21T12:19:24.000Z","PATIENT":"00732e11-5e4d-37b7-01f8-929a2553","ORGANIZATION":"00ffb204-07b4-3c72-a678-fa252e6c","PROVIDER":"00b1a913-31e7-3941-8f26-9a07f04e","PAYER":"0133f751-9229-3cfd-815f-b6d4979b","ENCOUNTERCLASS":"ambulatory","CODE":1505002,"DESCRIPTION":"Administration of vaccine to pro","BASE_ENCOUNTER_COST":75.0,"TOTAL_CLAIM_COST":75.0,"PAYER_COVERAGE":0.0,"REASONCODE":3718001,"REASONDESCRIPTION":"Abnormal findings diagnostic ima","HASH":"0004591c-7253-3a60-3435-8bd8dd25"},"maxValues":{"ID":"fffa37f5-08f3-5c8a-09e0-a379d113","START":"2024-11-04T08:21:17.000Z","STOP":"2024-11-05T00:34:10.000Z","PATIENT":"fb164202-4e38-04a0-470a-b7229db1","ORGANIZATION":"fe30f2b4-9bc8-346e-afba-4455d176","PROVIDER":"fffdc2e7-c175-3e01-a2da-185da48c","PAYER":"e03e23c9-4df1-3eb6-a62d-f70f0230","ENCOUNTERCLASS":"wellness","CODE":453131000124105,"DESCRIPTION":"Well child visit (procedure)","BASE_ENCOUNTER_COST":146.18,"TOTAL_CLAIM_COST":67764.63,"PAYER_COVERAGE":56814.68,"REASONCODE":442571000124108,"REASONDESCRIPTION":"Viral sinusitis (disorder)","HASH":"fffa37f5-08f3-5c8a-09e0-a379d113"},"nullCount":{"ID":0,"START":0,"STOP":0,"PATIENT":0,"ORGANIZATION":0,"PROVIDER":0,"PAYER":0,"ENCOUNTERCLASS":0,"CODE":0,"DESCRIPTION":0,"BASE_ENCOUNTER_COST":0,"TOTAL_CLAIM_COST":0,"PAYER_COVERAGE":0,"REASONCODE":2436,"REASONDESCRIPTION":2436,"HASH":0}},null,null,None,None,None))))))
[2025-05-26T02:50:05.454+0000] {spark_submit.py:649} INFO - 25/05/26 02:50:05 INFO DelegatingLogStore: LogStore LogStoreAdapter(io.delta.storage.S3SingleDriverLogStore) is used for scheme s3a
[2025-05-26T02:50:05.623+0000] {spark_submit.py:649} INFO - 25/05/26 02:50:05 INFO DeltaLog: Loading version 0.
[2025-05-26T02:50:05.662+0000] {spark_submit.py:649} INFO - 25/05/26 02:50:05 INFO Snapshot: [tableId=fd9aa441-1828-4044-97f2-376ddd64adaf] Created snapshot Snapshot(path=s3a://medical-bucket/enriched/transactional/medical-data-sample/enriched_observations/_delta_log, version=0, metadata=Metadata(d35bcfdf-2635-4601-8460-b5478f2d82a2,null,null,Format(parquet,Map()),{"type":"struct","fields":[{"name":"DATE","type":"timestamp","nullable":true,"metadata":{}},{"name":"PATIENT","type":"string","nullable":true,"metadata":{}},{"name":"ENCOUNTER","type":"string","nullable":true,"metadata":{}},{"name":"CATEGORY","type":"string","nullable":true,"metadata":{}},{"name":"CODE","type":"string","nullable":true,"metadata":{}},{"name":"DESCRIPTION","type":"string","nullable":true,"metadata":{}},{"name":"VALUE","type":"string","nullable":true,"metadata":{}},{"name":"UNITS","type":"string","nullable":true,"metadata":{}},{"name":"TYPE","type":"string","nullable":true,"metadata":{}},{"name":"HASH","type":"string","nullable":true,"metadata":{}}]},List(),Map(),Some(1747807512722)), logSegment=LogSegment(s3a://medical-bucket/enriched/transactional/medical-data-sample/enriched_observations/_delta_log,0,WrappedArray(S3AFileStatus{path=s3a://medical-bucket/enriched/transactional/medical-data-sample/enriched_observations/_delta_log/00000000000000000000.json; isDirectory=false; length=2562; replication=1; blocksize=33554432; modification_time=1747807517239; access_time=0; owner=airflow; group=airflow; permission=rw-rw-rw-; isSymlink=false; hasAcl=false; isEncrypted=true; isErasureCoded=false} isEmptyDirectory=FALSE eTag=13cf31e0b641b44c28eb6cb65e38a341 versionId=null),org.apache.spark.sql.delta.EmptyCheckpointProvider$@450ea350,1747807517239), checksumOpt=Some(VersionChecksum(Some(9ed80b4b-1e2a-4d59-857d-13dc7cb346da),7252767,1,None,None,1,1,None,Some(List()),Some(List()),Metadata(d35bcfdf-2635-4601-8460-b5478f2d82a2,null,null,Format(parquet,Map()),{"type":"struct","fields":[{"name":"DATE","type":"timestamp","nullable":true,"metadata":{}},{"name":"PATIENT","type":"string","nullable":true,"metadata":{}},{"name":"ENCOUNTER","type":"string","nullable":true,"metadata":{}},{"name":"CATEGORY","type":"string","nullable":true,"metadata":{}},{"name":"CODE","type":"string","nullable":true,"metadata":{}},{"name":"DESCRIPTION","type":"string","nullable":true,"metadata":{}},{"name":"VALUE","type":"string","nullable":true,"metadata":{}},{"name":"UNITS","type":"string","nullable":true,"metadata":{}},{"name":"TYPE","type":"string","nullable":true,"metadata":{}},{"name":"HASH","type":"string","nullable":true,"metadata":{}}]},List(),Map(),Some(1747807512722)),Protocol(1,2),None,None,Some(List(AddFile(part-00000-c1051160-254a-4e5c-8061-03886ca72123-c000.snappy.parquet,Map(),7252767,1747807516000,false,{"numRecords":86346,"minValues":{"DATE":"1962-09-02T13:37:48.000Z","PATIENT":"00732e11-5e4d-37b7-01f8-929a2553","ENCOUNTER":"000511d7-5090-29eb-0eb2-c8c172be","CATEGORY":"exam","CODE":"10230-1","DESCRIPTION":"Activated clotting time (ACT) of","VALUE":"-0.2","UNITS":"%","TYPE":"numeric","HASH":"1962-09-02 13:37:48|ba459391-501"},"maxValues":{"DATE":"2024-11-03T12:34:10.000Z","PATIENT":"fb164202-4e38-04a0-470a-b7229db1","ENCOUNTER":"fffa37f5-08f3-5c8a-09e0-a379d113","CATEGORY":"vital-signs","CODE":"X9999-2","DESCRIPTION":"pH of Venous blood","VALUE":"urgent","UNITS":"{score}","TYPE":"text","HASH":"2024-11-03 12:34:10|f07fac6b-0a8"},"nullCount":{"DATE":0,"PATIENT":0,"ENCOUNTER":3162,"CATEGORY":3162,"CODE":0,"DESCRIPTION":0,"VALUE":0,"UNITS":22666,"TYPE":0,"HASH":0}},null,null,None,None,None))))))
[2025-05-26T02:50:05.668+0000] {spark_submit.py:649} INFO - 25/05/26 02:50:05 INFO DeltaLog: Updated snapshot to Snapshot(path=s3a://medical-bucket/enriched/transactional/medical-data-sample/enriched_observations/_delta_log, version=0, metadata=Metadata(d35bcfdf-2635-4601-8460-b5478f2d82a2,null,null,Format(parquet,Map()),{"type":"struct","fields":[{"name":"DATE","type":"timestamp","nullable":true,"metadata":{}},{"name":"PATIENT","type":"string","nullable":true,"metadata":{}},{"name":"ENCOUNTER","type":"string","nullable":true,"metadata":{}},{"name":"CATEGORY","type":"string","nullable":true,"metadata":{}},{"name":"CODE","type":"string","nullable":true,"metadata":{}},{"name":"DESCRIPTION","type":"string","nullable":true,"metadata":{}},{"name":"VALUE","type":"string","nullable":true,"metadata":{}},{"name":"UNITS","type":"string","nullable":true,"metadata":{}},{"name":"TYPE","type":"string","nullable":true,"metadata":{}},{"name":"HASH","type":"string","nullable":true,"metadata":{}}]},List(),Map(),Some(1747807512722)), logSegment=LogSegment(s3a://medical-bucket/enriched/transactional/medical-data-sample/enriched_observations/_delta_log,0,WrappedArray(S3AFileStatus{path=s3a://medical-bucket/enriched/transactional/medical-data-sample/enriched_observations/_delta_log/00000000000000000000.json; isDirectory=false; length=2562; replication=1; blocksize=33554432; modification_time=1747807517239; access_time=0; owner=airflow; group=airflow; permission=rw-rw-rw-; isSymlink=false; hasAcl=false; isEncrypted=true; isErasureCoded=false} isEmptyDirectory=FALSE eTag=13cf31e0b641b44c28eb6cb65e38a341 versionId=null),org.apache.spark.sql.delta.EmptyCheckpointProvider$@450ea350,1747807517239), checksumOpt=Some(VersionChecksum(Some(9ed80b4b-1e2a-4d59-857d-13dc7cb346da),7252767,1,None,None,1,1,None,Some(List()),Some(List()),Metadata(d35bcfdf-2635-4601-8460-b5478f2d82a2,null,null,Format(parquet,Map()),{"type":"struct","fields":[{"name":"DATE","type":"timestamp","nullable":true,"metadata":{}},{"name":"PATIENT","type":"string","nullable":true,"metadata":{}},{"name":"ENCOUNTER","type":"string","nullable":true,"metadata":{}},{"name":"CATEGORY","type":"string","nullable":true,"metadata":{}},{"name":"CODE","type":"string","nullable":true,"metadata":{}},{"name":"DESCRIPTION","type":"string","nullable":true,"metadata":{}},{"name":"VALUE","type":"string","nullable":true,"metadata":{}},{"name":"UNITS","type":"string","nullable":true,"metadata":{}},{"name":"TYPE","type":"string","nullable":true,"metadata":{}},{"name":"HASH","type":"string","nullable":true,"metadata":{}}]},List(),Map(),Some(1747807512722)),Protocol(1,2),None,None,Some(List(AddFile(part-00000-c1051160-254a-4e5c-8061-03886ca72123-c000.snappy.parquet,Map(),7252767,1747807516000,false,{"numRecords":86346,"minValues":{"DATE":"1962-09-02T13:37:48.000Z","PATIENT":"00732e11-5e4d-37b7-01f8-929a2553","ENCOUNTER":"000511d7-5090-29eb-0eb2-c8c172be","CATEGORY":"exam","CODE":"10230-1","DESCRIPTION":"Activated clotting time (ACT) of","VALUE":"-0.2","UNITS":"%","TYPE":"numeric","HASH":"1962-09-02 13:37:48|ba459391-501"},"maxValues":{"DATE":"2024-11-03T12:34:10.000Z","PATIENT":"fb164202-4e38-04a0-470a-b7229db1","ENCOUNTER":"fffa37f5-08f3-5c8a-09e0-a379d113","CATEGORY":"vital-signs","CODE":"X9999-2","DESCRIPTION":"pH of Venous blood","VALUE":"urgent","UNITS":"{score}","TYPE":"text","HASH":"2024-11-03 12:34:10|f07fac6b-0a8"},"nullCount":{"DATE":0,"PATIENT":0,"ENCOUNTER":3162,"CATEGORY":3162,"CODE":0,"DESCRIPTION":0,"VALUE":0,"UNITS":22666,"TYPE":0,"HASH":0}},null,null,None,None,None))))))
[2025-05-26T02:50:05.794+0000] {job.py:229} INFO - Heartbeat recovered after 80.11 seconds
[2025-05-26T02:50:07.378+0000] {spark_submit.py:649} INFO - 25/05/26 02:50:07 INFO DelegatingLogStore: LogStore LogStoreAdapter(io.delta.storage.S3SingleDriverLogStore) is used for scheme s3a
[2025-05-26T02:50:07.414+0000] {spark_submit.py:649} INFO - 25/05/26 02:50:07 INFO DeltaLog: Creating initial snapshot without metadata, because the directory is empty
[2025-05-26T02:50:07.439+0000] {spark_submit.py:649} INFO - 25/05/26 02:50:07 INFO DummySnapshot: [tableId=5ba9bb3e-e66c-49f3-8ac2-d82709b2ffbb] Created snapshot DummySnapshot(path=s3a://medical-bucket/curated/transactional/medical-data-sample/dim_observations/_delta_log, version=-1, metadata=Metadata(75a8ea45-b692-4efe-9b49-6809dfd61603,null,null,Format(parquet,Map()),null,List(),Map(),Some(1748227807417)), logSegment=LogSegment(s3a://medical-bucket/curated/transactional/medical-data-sample/dim_observations/_delta_log,-1,List(),org.apache.spark.sql.delta.EmptyCheckpointProvider$@450ea350,-1), checksumOpt=None)
[2025-05-26T02:50:07.507+0000] {spark_submit.py:649} INFO - 25/05/26 02:50:07 INFO DeltaLog: Creating initial snapshot without metadata, because the directory is empty
[2025-05-26T02:50:07.525+0000] {spark_submit.py:649} INFO - 25/05/26 02:50:07 INFO DummySnapshot: [tableId=75a8ea45-b692-4efe-9b49-6809dfd61603] Created snapshot DummySnapshot(path=s3a://medical-bucket/curated/transactional/medical-data-sample/dim_observations/_delta_log, version=-1, metadata=Metadata(af1d888c-8933-47a6-ab4f-5498abfd982a,null,null,Format(parquet,Map()),null,List(),Map(),Some(1748227807508)), logSegment=LogSegment(s3a://medical-bucket/curated/transactional/medical-data-sample/dim_observations/_delta_log,-1,List(),org.apache.spark.sql.delta.EmptyCheckpointProvider$@450ea350,-1), checksumOpt=None)
[2025-05-26T02:50:07.630+0000] {spark_submit.py:649} INFO - 25/05/26 02:50:07 INFO OptimisticTransaction: [tableId=af1d888c,txnId=604451d6] Updated metadata from - to Metadata(7ec22f89-1bc8-4be2-9e2d-3963c3eec8a0,null,null,Format(parquet,Map()),{"type":"struct","fields":[{"name":"Observation_Key","type":"string","nullable":true,"metadata":{}},{"name":"Observation_Code","type":"string","nullable":true,"metadata":{}},{"name":"Observation_Category","type":"string","nullable":true,"metadata":{}},{"name":"Observation_Description","type":"string","nullable":true,"metadata":{}}]},ArrayBuffer(),Map(),Some(1748227807587))
[2025-05-26T02:50:59.906+0000] {spark_submit.py:649} INFO - 25/05/26 02:50:59 INFO AsyncEventQueue: Process of event SparkListenerExecutorMetricsUpdate(driver,WrappedArray(),Map((-1,-1) -> org.apache.spark.executor.ExecutorMetrics@14966373)) by listener AppStatusListener took 1.846305991s.
