[2025-05-26T02:47:43.793+0000] {local_task_job_runner.py:123} INFO - ::group::Pre task execution logs
[2025-05-26T02:47:43.803+0000] {taskinstance.py:2614} INFO - Dependencies all met for dep_context=non-requeueable deps ti=<TaskInstance: medical_dag_v20.dim_group.creating_dim_time manual__2025-05-26T02:47:42.995694+00:00 [queued]>
[2025-05-26T02:47:43.808+0000] {taskinstance.py:2614} INFO - Dependencies all met for dep_context=requeueable deps ti=<TaskInstance: medical_dag_v20.dim_group.creating_dim_time manual__2025-05-26T02:47:42.995694+00:00 [queued]>
[2025-05-26T02:47:43.808+0000] {taskinstance.py:2867} INFO - Starting attempt 1 of 1
[2025-05-26T02:47:43.847+0000] {taskinstance.py:2890} INFO - Executing <Task(SparkSubmitOperator): dim_group.creating_dim_time> on 2025-05-26 02:47:42.995694+00:00
[2025-05-26T02:47:43.861+0000] {standard_task_runner.py:104} INFO - Running: ['airflow', 'tasks', 'run', 'medical_dag_v20', 'dim_group.creating_dim_time', 'manual__2025-05-26T02:47:42.995694+00:00', '--job-id', '73', '--raw', '--subdir', 'DAGS_FOLDER/raw_enriched_dag.py', '--cfg-path', '/tmp/tmp300wssjh']
[2025-05-26T02:47:43.864+0000] {standard_task_runner.py:105} INFO - Job 73: Subtask dim_group.creating_dim_time
[2025-05-26T02:47:43.867+0000] {logging_mixin.py:190} WARNING - /home/airflow/.local/lib/python3.12/site-packages/airflow/task/task_runner/standard_task_runner.py:70 DeprecationWarning: This process (pid=3226) is multi-threaded, use of fork() may lead to deadlocks in the child.
[2025-05-26T02:47:43.868+0000] {standard_task_runner.py:72} INFO - Started process 3248 to run task
[2025-05-26T02:47:43.898+0000] {task_command.py:467} INFO - Running <TaskInstance: medical_dag_v20.dim_group.creating_dim_time manual__2025-05-26T02:47:42.995694+00:00 [running]> on host airflow-scheduler
[2025-05-26T02:47:43.978+0000] {taskinstance.py:3134} INFO - Exporting env vars: AIRFLOW_CTX_DAG_OWNER='airflow' AIRFLOW_CTX_DAG_ID='medical_dag_v20' AIRFLOW_CTX_TASK_ID='dim_group.creating_dim_time' AIRFLOW_CTX_EXECUTION_DATE='2025-05-26T02:47:42.995694+00:00' AIRFLOW_CTX_TRY_NUMBER='1' AIRFLOW_CTX_DAG_RUN_ID='manual__2025-05-26T02:47:42.995694+00:00'
[2025-05-26T02:47:43.978+0000] {taskinstance.py:732} INFO - ::endgroup::
[2025-05-26T02:47:43.993+0000] {base.py:84} INFO - Retrieving connection 'spark_conn'
[2025-05-26T02:47:43.994+0000] {spark_submit.py:473} INFO - Spark-Submit cmd: spark-submit --master spark://spark-master:7077 --packages io.delta:delta-spark_2.12:3.3.0,org.apache.hadoop:hadoop-aws:3.3.4 --name arrow-spark --deploy-mode client /opt/etl/enriched_curated/creating_dim_time.py
[2025-05-26T02:47:46.264+0000] {spark_submit.py:649} INFO - :: loading settings :: url = jar:file:/opt/spark/jars/ivy-2.5.1.jar!/org/apache/ivy/core/settings/ivysettings.xml
[2025-05-26T02:47:46.359+0000] {spark_submit.py:649} INFO - Ivy Default Cache set to: /home/airflow/.ivy2/cache
[2025-05-26T02:47:46.360+0000] {spark_submit.py:649} INFO - The jars for the packages stored in: /home/airflow/.ivy2/jars
[2025-05-26T02:47:46.364+0000] {spark_submit.py:649} INFO - io.delta#delta-spark_2.12 added as a dependency
[2025-05-26T02:47:46.364+0000] {spark_submit.py:649} INFO - org.apache.hadoop#hadoop-aws added as a dependency
[2025-05-26T02:47:46.366+0000] {spark_submit.py:649} INFO - :: resolving dependencies :: org.apache.spark#spark-submit-parent-25c72b96-69d9-454a-beb1-2887e707e5de;1.0
[2025-05-26T02:47:46.367+0000] {spark_submit.py:649} INFO - confs: [default]
[2025-05-26T02:47:46.493+0000] {spark_submit.py:649} INFO - found io.delta#delta-spark_2.12;3.3.0 in central
[2025-05-26T02:47:46.568+0000] {spark_submit.py:649} INFO - found io.delta#delta-storage;3.3.0 in central
[2025-05-26T02:47:46.633+0000] {spark_submit.py:649} INFO - found org.antlr#antlr4-runtime;4.9.3 in central
[2025-05-26T02:47:46.739+0000] {spark_submit.py:649} INFO - found org.apache.hadoop#hadoop-aws;3.3.4 in central
[2025-05-26T02:47:46.783+0000] {spark_submit.py:649} INFO - found com.amazonaws#aws-java-sdk-bundle;1.12.262 in central
[2025-05-26T02:47:46.815+0000] {spark_submit.py:649} INFO - found org.wildfly.openssl#wildfly-openssl;1.0.7.Final in central
[2025-05-26T02:47:46.878+0000] {spark_submit.py:649} INFO - :: resolution report :: resolve 485ms :: artifacts dl 27ms
[2025-05-26T02:47:46.879+0000] {spark_submit.py:649} INFO - :: modules in use:
[2025-05-26T02:47:46.879+0000] {spark_submit.py:649} INFO - com.amazonaws#aws-java-sdk-bundle;1.12.262 from central in [default]
[2025-05-26T02:47:46.879+0000] {spark_submit.py:649} INFO - io.delta#delta-spark_2.12;3.3.0 from central in [default]
[2025-05-26T02:47:46.880+0000] {spark_submit.py:649} INFO - io.delta#delta-storage;3.3.0 from central in [default]
[2025-05-26T02:47:46.881+0000] {spark_submit.py:649} INFO - org.antlr#antlr4-runtime;4.9.3 from central in [default]
[2025-05-26T02:47:46.881+0000] {spark_submit.py:649} INFO - org.apache.hadoop#hadoop-aws;3.3.4 from central in [default]
[2025-05-26T02:47:46.881+0000] {spark_submit.py:649} INFO - org.wildfly.openssl#wildfly-openssl;1.0.7.Final from central in [default]
[2025-05-26T02:47:46.882+0000] {spark_submit.py:649} INFO - ---------------------------------------------------------------------
[2025-05-26T02:47:46.882+0000] {spark_submit.py:649} INFO - |                  |            modules            ||   artifacts   |
[2025-05-26T02:47:46.882+0000] {spark_submit.py:649} INFO - |       conf       | number| search|dwnlded|evicted|| number|dwnlded|
[2025-05-26T02:47:46.883+0000] {spark_submit.py:649} INFO - ---------------------------------------------------------------------
[2025-05-26T02:47:46.883+0000] {spark_submit.py:649} INFO - |      default     |   6   |   0   |   0   |   0   ||   6   |   0   |
[2025-05-26T02:47:46.884+0000] {spark_submit.py:649} INFO - ---------------------------------------------------------------------
[2025-05-26T02:47:46.889+0000] {spark_submit.py:649} INFO - :: retrieving :: org.apache.spark#spark-submit-parent-25c72b96-69d9-454a-beb1-2887e707e5de
[2025-05-26T02:47:46.890+0000] {spark_submit.py:649} INFO - confs: [default]
[2025-05-26T02:47:46.904+0000] {spark_submit.py:649} INFO - 0 artifacts copied, 6 already retrieved (0kB/14ms)
[2025-05-26T02:47:47.166+0000] {spark_submit.py:649} INFO - 25/05/26 02:47:47 WARN NativeCodeLoader: Unable to load native-hadoop library for your platform... using builtin-java classes where applicable
[2025-05-26T02:47:50.665+0000] {spark_submit.py:649} INFO - 25/05/26 02:47:50 INFO SparkContext: Running Spark version 3.5.3
[2025-05-26T02:47:50.667+0000] {spark_submit.py:649} INFO - 25/05/26 02:47:50 INFO SparkContext: OS info Linux, 5.15.167.4-microsoft-standard-WSL2, amd64
[2025-05-26T02:47:50.668+0000] {spark_submit.py:649} INFO - 25/05/26 02:47:50 INFO SparkContext: Java version 17.0.15
[2025-05-26T02:47:50.698+0000] {spark_submit.py:649} INFO - 25/05/26 02:47:50 INFO ResourceUtils: ==============================================================
[2025-05-26T02:47:50.698+0000] {spark_submit.py:649} INFO - 25/05/26 02:47:50 INFO ResourceUtils: No custom resources configured for spark.driver.
[2025-05-26T02:47:50.699+0000] {spark_submit.py:649} INFO - 25/05/26 02:47:50 INFO ResourceUtils: ==============================================================
[2025-05-26T02:47:50.699+0000] {spark_submit.py:649} INFO - 25/05/26 02:47:50 INFO SparkContext: Submitted application: MyETLPipeline
[2025-05-26T02:47:50.729+0000] {spark_submit.py:649} INFO - 25/05/26 02:47:50 INFO ResourceProfile: Default ResourceProfile created, executor resources: Map(memory -> name: memory, amount: 1024, script: , vendor: , offHeap -> name: offHeap, amount: 0, script: , vendor: ), task resources: Map(cpus -> name: cpus, amount: 1.0)
[2025-05-26T02:47:50.741+0000] {spark_submit.py:649} INFO - 25/05/26 02:47:50 INFO ResourceProfile: Limiting resource is cpu
[2025-05-26T02:47:50.743+0000] {spark_submit.py:649} INFO - 25/05/26 02:47:50 INFO ResourceProfileManager: Added ResourceProfile id: 0
[2025-05-26T02:47:50.821+0000] {spark_submit.py:649} INFO - 25/05/26 02:47:50 INFO SecurityManager: Changing view acls to: airflow
[2025-05-26T02:47:50.822+0000] {spark_submit.py:649} INFO - 25/05/26 02:47:50 INFO SecurityManager: Changing modify acls to: airflow
[2025-05-26T02:47:50.828+0000] {spark_submit.py:649} INFO - 25/05/26 02:47:50 INFO SecurityManager: Changing view acls groups to:
[2025-05-26T02:47:50.832+0000] {spark_submit.py:649} INFO - 25/05/26 02:47:50 INFO SecurityManager: Changing modify acls groups to:
[2025-05-26T02:47:50.832+0000] {spark_submit.py:649} INFO - 25/05/26 02:47:50 INFO SecurityManager: SecurityManager: authentication disabled; ui acls disabled; users with view permissions: airflow; groups with view permissions: EMPTY; users with modify permissions: airflow; groups with modify permissions: EMPTY
[2025-05-26T02:47:51.213+0000] {spark_submit.py:649} INFO - 25/05/26 02:47:51 INFO Utils: Successfully started service 'sparkDriver' on port 46507.
[2025-05-26T02:47:51.284+0000] {spark_submit.py:649} INFO - 25/05/26 02:47:51 INFO SparkEnv: Registering MapOutputTracker
[2025-05-26T02:47:51.314+0000] {spark_submit.py:649} INFO - 25/05/26 02:47:51 INFO SparkEnv: Registering BlockManagerMaster
[2025-05-26T02:47:51.332+0000] {spark_submit.py:649} INFO - 25/05/26 02:47:51 INFO BlockManagerMasterEndpoint: Using org.apache.spark.storage.DefaultTopologyMapper for getting topology information
[2025-05-26T02:47:51.333+0000] {spark_submit.py:649} INFO - 25/05/26 02:47:51 INFO BlockManagerMasterEndpoint: BlockManagerMasterEndpoint up
[2025-05-26T02:47:51.338+0000] {spark_submit.py:649} INFO - 25/05/26 02:47:51 INFO SparkEnv: Registering BlockManagerMasterHeartbeat
[2025-05-26T02:47:51.370+0000] {spark_submit.py:649} INFO - 25/05/26 02:47:51 INFO DiskBlockManager: Created local directory at /tmp/blockmgr-582fc24a-6c88-4944-876f-31e684202c34
[2025-05-26T02:47:51.393+0000] {spark_submit.py:649} INFO - 25/05/26 02:47:51 INFO MemoryStore: MemoryStore started with capacity 434.4 MiB
[2025-05-26T02:47:51.426+0000] {spark_submit.py:649} INFO - 25/05/26 02:47:51 INFO SparkEnv: Registering OutputCommitCoordinator
[2025-05-26T02:47:51.585+0000] {spark_submit.py:649} INFO - 25/05/26 02:47:51 INFO JettyUtils: Start Jetty 0.0.0.0:4040 for SparkUI
[2025-05-26T02:47:51.656+0000] {spark_submit.py:649} INFO - 25/05/26 02:47:51 WARN Utils: Service 'SparkUI' could not bind on port 4040. Attempting port 4041.
[2025-05-26T02:47:51.657+0000] {spark_submit.py:649} INFO - 25/05/26 02:47:51 WARN Utils: Service 'SparkUI' could not bind on port 4041. Attempting port 4042.
[2025-05-26T02:47:51.659+0000] {spark_submit.py:649} INFO - 25/05/26 02:47:51 WARN Utils: Service 'SparkUI' could not bind on port 4042. Attempting port 4043.
[2025-05-26T02:47:51.660+0000] {spark_submit.py:649} INFO - 25/05/26 02:47:51 WARN Utils: Service 'SparkUI' could not bind on port 4043. Attempting port 4044.
[2025-05-26T02:47:51.661+0000] {spark_submit.py:649} INFO - 25/05/26 02:47:51 WARN Utils: Service 'SparkUI' could not bind on port 4044. Attempting port 4045.
[2025-05-26T02:47:51.662+0000] {spark_submit.py:649} INFO - 25/05/26 02:47:51 WARN Utils: Service 'SparkUI' could not bind on port 4045. Attempting port 4046.
[2025-05-26T02:47:51.663+0000] {spark_submit.py:649} INFO - 25/05/26 02:47:51 WARN Utils: Service 'SparkUI' could not bind on port 4046. Attempting port 4047.
[2025-05-26T02:47:51.663+0000] {spark_submit.py:649} INFO - 25/05/26 02:47:51 WARN Utils: Service 'SparkUI' could not bind on port 4047. Attempting port 4048.
[2025-05-26T02:47:51.664+0000] {spark_submit.py:649} INFO - 25/05/26 02:47:51 WARN Utils: Service 'SparkUI' could not bind on port 4048. Attempting port 4049.
[2025-05-26T02:47:51.664+0000] {spark_submit.py:649} INFO - 25/05/26 02:47:51 WARN Utils: Service 'SparkUI' could not bind on port 4049. Attempting port 4050.
[2025-05-26T02:47:51.692+0000] {spark_submit.py:649} INFO - 25/05/26 02:47:51 INFO Utils: Successfully started service 'SparkUI' on port 4050.
[2025-05-26T02:47:51.743+0000] {spark_submit.py:649} INFO - 25/05/26 02:47:51 INFO SparkContext: Added JAR file:///home/airflow/.ivy2/jars/io.delta_delta-spark_2.12-3.3.0.jar at spark://airflow-scheduler:46507/jars/io.delta_delta-spark_2.12-3.3.0.jar with timestamp 1748227670638
[2025-05-26T02:47:51.743+0000] {spark_submit.py:649} INFO - 25/05/26 02:47:51 INFO SparkContext: Added JAR file:///home/airflow/.ivy2/jars/org.apache.hadoop_hadoop-aws-3.3.4.jar at spark://airflow-scheduler:46507/jars/org.apache.hadoop_hadoop-aws-3.3.4.jar with timestamp 1748227670638
[2025-05-26T02:47:51.744+0000] {spark_submit.py:649} INFO - 25/05/26 02:47:51 INFO SparkContext: Added JAR file:///home/airflow/.ivy2/jars/io.delta_delta-storage-3.3.0.jar at spark://airflow-scheduler:46507/jars/io.delta_delta-storage-3.3.0.jar with timestamp 1748227670638
[2025-05-26T02:47:51.744+0000] {spark_submit.py:649} INFO - 25/05/26 02:47:51 INFO SparkContext: Added JAR file:///home/airflow/.ivy2/jars/org.antlr_antlr4-runtime-4.9.3.jar at spark://airflow-scheduler:46507/jars/org.antlr_antlr4-runtime-4.9.3.jar with timestamp 1748227670638
[2025-05-26T02:47:51.744+0000] {spark_submit.py:649} INFO - 25/05/26 02:47:51 INFO SparkContext: Added JAR file:///home/airflow/.ivy2/jars/com.amazonaws_aws-java-sdk-bundle-1.12.262.jar at spark://airflow-scheduler:46507/jars/com.amazonaws_aws-java-sdk-bundle-1.12.262.jar with timestamp 1748227670638
[2025-05-26T02:47:51.745+0000] {spark_submit.py:649} INFO - 25/05/26 02:47:51 INFO SparkContext: Added JAR file:///home/airflow/.ivy2/jars/org.wildfly.openssl_wildfly-openssl-1.0.7.Final.jar at spark://airflow-scheduler:46507/jars/org.wildfly.openssl_wildfly-openssl-1.0.7.Final.jar with timestamp 1748227670638
[2025-05-26T02:47:51.748+0000] {spark_submit.py:649} INFO - 25/05/26 02:47:51 INFO SparkContext: Added file file:///home/airflow/.ivy2/jars/io.delta_delta-spark_2.12-3.3.0.jar at spark://airflow-scheduler:46507/files/io.delta_delta-spark_2.12-3.3.0.jar with timestamp 1748227670638
[2025-05-26T02:47:51.750+0000] {spark_submit.py:649} INFO - 25/05/26 02:47:51 INFO Utils: Copying /home/airflow/.ivy2/jars/io.delta_delta-spark_2.12-3.3.0.jar to /tmp/spark-90b08f54-ef2a-401d-bef3-aa8b25f77e56/userFiles-91077057-7f8a-4af8-b3d7-53833e986117/io.delta_delta-spark_2.12-3.3.0.jar
[2025-05-26T02:47:51.788+0000] {spark_submit.py:649} INFO - 25/05/26 02:47:51 INFO SparkContext: Added file file:///home/airflow/.ivy2/jars/org.apache.hadoop_hadoop-aws-3.3.4.jar at spark://airflow-scheduler:46507/files/org.apache.hadoop_hadoop-aws-3.3.4.jar with timestamp 1748227670638
[2025-05-26T02:47:51.788+0000] {spark_submit.py:649} INFO - 25/05/26 02:47:51 INFO Utils: Copying /home/airflow/.ivy2/jars/org.apache.hadoop_hadoop-aws-3.3.4.jar to /tmp/spark-90b08f54-ef2a-401d-bef3-aa8b25f77e56/userFiles-91077057-7f8a-4af8-b3d7-53833e986117/org.apache.hadoop_hadoop-aws-3.3.4.jar
[2025-05-26T02:47:51.798+0000] {spark_submit.py:649} INFO - 25/05/26 02:47:51 INFO SparkContext: Added file file:///home/airflow/.ivy2/jars/io.delta_delta-storage-3.3.0.jar at spark://airflow-scheduler:46507/files/io.delta_delta-storage-3.3.0.jar with timestamp 1748227670638
[2025-05-26T02:47:51.799+0000] {spark_submit.py:649} INFO - 25/05/26 02:47:51 INFO Utils: Copying /home/airflow/.ivy2/jars/io.delta_delta-storage-3.3.0.jar to /tmp/spark-90b08f54-ef2a-401d-bef3-aa8b25f77e56/userFiles-91077057-7f8a-4af8-b3d7-53833e986117/io.delta_delta-storage-3.3.0.jar
[2025-05-26T02:47:51.804+0000] {spark_submit.py:649} INFO - 25/05/26 02:47:51 INFO SparkContext: Added file file:///home/airflow/.ivy2/jars/org.antlr_antlr4-runtime-4.9.3.jar at spark://airflow-scheduler:46507/files/org.antlr_antlr4-runtime-4.9.3.jar with timestamp 1748227670638
[2025-05-26T02:47:51.804+0000] {spark_submit.py:649} INFO - 25/05/26 02:47:51 INFO Utils: Copying /home/airflow/.ivy2/jars/org.antlr_antlr4-runtime-4.9.3.jar to /tmp/spark-90b08f54-ef2a-401d-bef3-aa8b25f77e56/userFiles-91077057-7f8a-4af8-b3d7-53833e986117/org.antlr_antlr4-runtime-4.9.3.jar
[2025-05-26T02:47:51.810+0000] {spark_submit.py:649} INFO - 25/05/26 02:47:51 INFO SparkContext: Added file file:///home/airflow/.ivy2/jars/com.amazonaws_aws-java-sdk-bundle-1.12.262.jar at spark://airflow-scheduler:46507/files/com.amazonaws_aws-java-sdk-bundle-1.12.262.jar with timestamp 1748227670638
[2025-05-26T02:47:51.811+0000] {spark_submit.py:649} INFO - 25/05/26 02:47:51 INFO Utils: Copying /home/airflow/.ivy2/jars/com.amazonaws_aws-java-sdk-bundle-1.12.262.jar to /tmp/spark-90b08f54-ef2a-401d-bef3-aa8b25f77e56/userFiles-91077057-7f8a-4af8-b3d7-53833e986117/com.amazonaws_aws-java-sdk-bundle-1.12.262.jar
[2025-05-26T02:47:58.262+0000] {spark_submit.py:649} INFO - 25/05/26 02:47:58 INFO SparkContext: Added file file:///home/airflow/.ivy2/jars/org.wildfly.openssl_wildfly-openssl-1.0.7.Final.jar at spark://airflow-scheduler:46507/files/org.wildfly.openssl_wildfly-openssl-1.0.7.Final.jar with timestamp 1748227670638
[2025-05-26T02:47:58.263+0000] {spark_submit.py:649} INFO - 25/05/26 02:47:58 INFO Utils: Copying /home/airflow/.ivy2/jars/org.wildfly.openssl_wildfly-openssl-1.0.7.Final.jar to /tmp/spark-90b08f54-ef2a-401d-bef3-aa8b25f77e56/userFiles-91077057-7f8a-4af8-b3d7-53833e986117/org.wildfly.openssl_wildfly-openssl-1.0.7.Final.jar
[2025-05-26T02:47:58.393+0000] {spark_submit.py:649} INFO - 25/05/26 02:47:58 INFO StandaloneAppClient$ClientEndpoint: Connecting to master spark://spark-master:7077...
[2025-05-26T02:47:58.443+0000] {spark_submit.py:649} INFO - 25/05/26 02:47:58 INFO TransportClientFactory: Successfully created connection to spark-master/172.18.0.10:7077 after 27 ms (0 ms spent in bootstraps)
[2025-05-26T02:47:58.695+0000] {spark_submit.py:649} INFO - 25/05/26 02:47:58 INFO StandaloneSchedulerBackend: Connected to Spark cluster with app ID app-20250526024758-0003
[2025-05-26T02:47:58.702+0000] {spark_submit.py:649} INFO - 25/05/26 02:47:58 INFO Utils: Successfully started service 'org.apache.spark.network.netty.NettyBlockTransferService' on port 40061.
[2025-05-26T02:47:58.703+0000] {spark_submit.py:649} INFO - 25/05/26 02:47:58 INFO NettyBlockTransferService: Server created on airflow-scheduler:40061
[2025-05-26T02:47:58.704+0000] {spark_submit.py:649} INFO - 25/05/26 02:47:58 INFO BlockManager: Using org.apache.spark.storage.RandomBlockReplicationPolicy for block replication policy
[2025-05-26T02:47:58.708+0000] {spark_submit.py:649} INFO - 25/05/26 02:47:58 INFO StandaloneAppClient$ClientEndpoint: Executor added: app-20250526024758-0003/0 on worker-20250526024350-172.18.0.11-34995 (172.18.0.11:34995) with 32 core(s)
[2025-05-26T02:47:58.709+0000] {spark_submit.py:649} INFO - 25/05/26 02:47:58 INFO StandaloneSchedulerBackend: Granted executor ID app-20250526024758-0003/0 on hostPort 172.18.0.11:34995 with 32 core(s), 1024.0 MiB RAM
[2025-05-26T02:47:58.711+0000] {spark_submit.py:649} INFO - 25/05/26 02:47:58 INFO BlockManagerMaster: Registering BlockManager BlockManagerId(driver, airflow-scheduler, 40061, None)
[2025-05-26T02:47:58.714+0000] {spark_submit.py:649} INFO - 25/05/26 02:47:58 INFO BlockManagerMasterEndpoint: Registering block manager airflow-scheduler:40061 with 434.4 MiB RAM, BlockManagerId(driver, airflow-scheduler, 40061, None)
[2025-05-26T02:47:58.716+0000] {spark_submit.py:649} INFO - 25/05/26 02:47:58 INFO BlockManagerMaster: Registered BlockManager BlockManagerId(driver, airflow-scheduler, 40061, None)
[2025-05-26T02:47:58.718+0000] {spark_submit.py:649} INFO - 25/05/26 02:47:58 INFO BlockManager: Initialized BlockManager: BlockManagerId(driver, airflow-scheduler, 40061, None)
[2025-05-26T02:47:58.951+0000] {spark_submit.py:649} INFO - 25/05/26 02:47:58 INFO StandaloneSchedulerBackend: SchedulerBackend is ready for scheduling beginning after reached minRegisteredResourcesRatio: 0.0
[2025-05-26T02:47:59.029+0000] {spark_submit.py:649} INFO - 25/05/26 02:47:59 INFO StandaloneAppClient$ClientEndpoint: Executor updated: app-20250526024758-0003/0 is now RUNNING
[2025-05-26T02:47:59.578+0000] {spark_submit.py:649} INFO - 25/05/26 02:47:59 INFO SharedState: Setting hive.metastore.warehouse.dir ('null') to the value of spark.sql.warehouse.dir.
[2025-05-26T02:47:59.581+0000] {spark_submit.py:649} INFO - 25/05/26 02:47:59 INFO SharedState: Warehouse path is 'file:/opt/airflow/spark-warehouse'.
[2025-05-26T02:48:01.110+0000] {spark_submit.py:649} INFO - 25/05/26 02:48:01 INFO HiveConf: Found configuration file null
[2025-05-26T02:48:01.122+0000] {spark_submit.py:649} INFO - 25/05/26 02:48:01 INFO HiveUtils: Initializing HiveMetastoreConnection version 3.1.3 using maven.
[2025-05-26T02:48:01.131+0000] {spark_submit.py:649} INFO - https://maven-central.storage-download.googleapis.com/maven2/ added as a remote repository with the name: repo-1
[2025-05-26T02:48:01.136+0000] {spark_submit.py:649} INFO - https://maven-central.storage-download.googleapis.com/maven2/ added as a remote repository with the name: repo-1
[2025-05-26T02:48:01.157+0000] {spark_submit.py:649} INFO - Ivy Default Cache set to: /home/airflow/.ivy2/cache
[2025-05-26T02:48:01.159+0000] {spark_submit.py:649} INFO - The jars for the packages stored in: /home/airflow/.ivy2/jars
[2025-05-26T02:48:01.160+0000] {spark_submit.py:649} INFO - org.apache.logging.log4j#log4j-api added as a dependency
[2025-05-26T02:48:01.160+0000] {spark_submit.py:649} INFO - org.apache.derby#derby added as a dependency
[2025-05-26T02:48:01.160+0000] {spark_submit.py:649} INFO - org.apache.hive#hive-metastore added as a dependency
[2025-05-26T02:48:01.161+0000] {spark_submit.py:649} INFO - org.apache.hive#hive-exec added as a dependency
[2025-05-26T02:48:01.161+0000] {spark_submit.py:649} INFO - org.apache.hive#hive-common added as a dependency
[2025-05-26T02:48:01.162+0000] {spark_submit.py:649} INFO - org.apache.hive#hive-serde added as a dependency
[2025-05-26T02:48:01.163+0000] {spark_submit.py:649} INFO - com.google.guava#guava added as a dependency
[2025-05-26T02:48:01.164+0000] {spark_submit.py:649} INFO - org.apache.hadoop#hadoop-client-api added as a dependency
[2025-05-26T02:48:01.167+0000] {spark_submit.py:649} INFO - org.apache.hadoop#hadoop-client-runtime added as a dependency
[2025-05-26T02:48:01.168+0000] {spark_submit.py:649} INFO - :: resolving dependencies :: org.apache.spark#spark-submit-parent-08990090-6848-4de1-ad74-58be4d11e50a;1.0
[2025-05-26T02:48:01.168+0000] {spark_submit.py:649} INFO - confs: [default]
[2025-05-26T02:48:01.188+0000] {spark_submit.py:649} INFO - found org.apache.logging.log4j#log4j-api;2.10.0 in central
[2025-05-26T02:48:01.203+0000] {spark_submit.py:649} INFO - found org.apache.derby#derby;10.14.1.0 in central
[2025-05-26T02:48:01.223+0000] {spark_submit.py:649} INFO - found org.apache.hive#hive-metastore;3.1.3 in central
[2025-05-26T02:48:01.282+0000] {spark_submit.py:649} INFO - found org.apache.hive#hive-serde;3.1.3 in central
[2025-05-26T02:48:01.320+0000] {spark_submit.py:649} INFO - found org.apache.hive#hive-common;3.1.3 in central
[2025-05-26T02:48:01.355+0000] {spark_submit.py:649} INFO - found org.apache.hive#hive-classification;3.1.3 in central
[2025-05-26T02:48:01.387+0000] {spark_submit.py:649} INFO - found org.slf4j#slf4j-api;1.7.10 in central
[2025-05-26T02:48:01.410+0000] {spark_submit.py:649} INFO - found org.apache.hive#hive-upgrade-acid;3.1.3 in central
[2025-05-26T02:48:01.429+0000] {spark_submit.py:649} INFO - found org.apache.hive#hive-shims;3.1.3 in central
[2025-05-26T02:48:01.455+0000] {spark_submit.py:649} INFO - found org.apache.hive.shims#hive-shims-common;3.1.3 in central
[2025-05-26T02:48:01.483+0000] {spark_submit.py:649} INFO - found org.apache.logging.log4j#log4j-slf4j-impl;2.17.1 in central
[2025-05-26T02:48:01.509+0000] {spark_submit.py:649} INFO - found com.google.guava#guava;19.0 in central
[2025-05-26T02:48:01.533+0000] {spark_submit.py:649} INFO - found commons-lang#commons-lang;2.6 in central
[2025-05-26T02:48:01.560+0000] {spark_submit.py:649} INFO - found org.apache.thrift#libthrift;0.9.3 in central
[2025-05-26T02:48:01.580+0000] {spark_submit.py:649} INFO - found org.apache.httpcomponents#httpclient;4.5.13 in central
[2025-05-26T02:48:01.599+0000] {spark_submit.py:649} INFO - found org.apache.httpcomponents#httpcore;4.4.13 in central
[2025-05-26T02:48:01.629+0000] {spark_submit.py:649} INFO - found commons-logging#commons-logging;1.2 in central
[2025-05-26T02:48:01.659+0000] {spark_submit.py:649} INFO - found commons-codec#commons-codec;1.15 in central
[2025-05-26T02:48:01.680+0000] {spark_submit.py:649} INFO - found org.apache.zookeeper#zookeeper;3.4.6 in central
[2025-05-26T02:48:01.710+0000] {spark_submit.py:649} INFO - found org.slf4j#slf4j-log4j12;1.6.1 in user-list
[2025-05-26T02:48:01.726+0000] {spark_submit.py:649} INFO - found log4j#log4j;1.2.16 in central
[2025-05-26T02:48:01.745+0000] {spark_submit.py:649} INFO - found jline#jline;2.12 in central
[2025-05-26T02:48:01.769+0000] {spark_submit.py:649} INFO - found io.netty#netty;3.7.0.Final in central
[2025-05-26T02:48:01.795+0000] {spark_submit.py:649} INFO - found org.apache.logging.log4j#log4j-core;2.17.1 in central
[2025-05-26T02:48:01.830+0000] {spark_submit.py:649} INFO - found org.apache.hive.shims#hive-shims-0.23;3.1.3 in central
[2025-05-26T02:48:01.863+0000] {spark_submit.py:649} INFO - found org.apache.hadoop#hadoop-yarn-server-resourcemanager;3.1.0 in central
[2025-05-26T02:48:01.898+0000] {spark_submit.py:649} INFO - found javax.servlet#javax.servlet-api;3.1.0 in central
[2025-05-26T02:48:01.926+0000] {spark_submit.py:649} INFO - found org.apache.hadoop#hadoop-annotations;3.1.0 in central
[2025-05-26T02:48:01.953+0000] {spark_submit.py:649} INFO - found com.google.inject.extensions#guice-servlet;4.0 in central
[2025-05-26T02:48:01.971+0000] {spark_submit.py:649} INFO - found com.google.inject#guice;4.0 in central
[2025-05-26T02:48:01.995+0000] {spark_submit.py:649} INFO - found javax.inject#javax.inject;1 in central
[2025-05-26T02:48:02.013+0000] {spark_submit.py:649} INFO - found aopalliance#aopalliance;1.0 in central
[2025-05-26T02:48:02.047+0000] {spark_submit.py:649} INFO - found com.google.protobuf#protobuf-java;2.5.0 in central
[2025-05-26T02:48:02.075+0000] {spark_submit.py:649} INFO - found commons-io#commons-io;2.6 in central
[2025-05-26T02:48:02.115+0000] {spark_submit.py:649} INFO - found com.sun.jersey#jersey-json;1.19 in central
[2025-05-26T02:48:02.153+0000] {spark_submit.py:649} INFO - found org.codehaus.jettison#jettison;1.1 in central
[2025-05-26T02:48:02.182+0000] {spark_submit.py:649} INFO - found com.sun.xml.bind#jaxb-impl;2.2.3-1 in central
[2025-05-26T02:48:02.196+0000] {spark_submit.py:649} INFO - found javax.xml.bind#jaxb-api;2.2.11 in central
[2025-05-26T02:48:02.251+0000] {spark_submit.py:649} INFO - found org.codehaus.jackson#jackson-core-asl;1.9.13 in central
[2025-05-26T02:48:02.292+0000] {spark_submit.py:649} INFO - found org.codehaus.jackson#jackson-mapper-asl;1.9.13 in user-list
[2025-05-26T02:48:02.312+0000] {spark_submit.py:649} INFO - found org.codehaus.jackson#jackson-jaxrs;1.9.13 in central
[2025-05-26T02:48:02.333+0000] {spark_submit.py:649} INFO - found org.codehaus.jackson#jackson-xc;1.9.13 in central
[2025-05-26T02:48:02.354+0000] {spark_submit.py:649} INFO - found com.sun.jersey#jersey-core;1.19 in central
[2025-05-26T02:48:02.376+0000] {spark_submit.py:649} INFO - found javax.ws.rs#jsr311-api;1.1.1 in user-list
[2025-05-26T02:48:02.399+0000] {spark_submit.py:649} INFO - found com.sun.jersey.contribs#jersey-guice;1.19 in user-list
[2025-05-26T02:48:02.426+0000] {spark_submit.py:649} INFO - found com.sun.jersey#jersey-servlet;1.19 in central
[2025-05-26T02:48:02.453+0000] {spark_submit.py:649} INFO - found com.sun.jersey#jersey-server;1.19 in central
[2025-05-26T02:48:02.483+0000] {spark_submit.py:649} INFO - found org.apache.hadoop#hadoop-yarn-common;3.1.0 in central
[2025-05-26T02:48:02.551+0000] {spark_submit.py:649} INFO - found org.apache.hadoop#hadoop-yarn-api;3.1.0 in central
[2025-05-26T02:48:02.644+0000] {spark_submit.py:649} INFO - found com.fasterxml.jackson.core#jackson-annotations;2.12.0 in user-list
[2025-05-26T02:48:02.677+0000] {spark_submit.py:649} INFO - found org.apache.hadoop#hadoop-auth;3.1.0 in central
[2025-05-26T02:48:02.730+0000] {spark_submit.py:649} INFO - found com.nimbusds#nimbus-jose-jwt;4.41.1 in central
[2025-05-26T02:48:02.754+0000] {spark_submit.py:649} INFO - found com.github.stephenc.jcip#jcip-annotations;1.0-1 in central
[2025-05-26T02:48:02.794+0000] {spark_submit.py:649} INFO - found net.minidev#json-smart;2.3 in central
[2025-05-26T02:48:02.825+0000] {spark_submit.py:649} INFO - found net.minidev#accessors-smart;1.2 in central
[2025-05-26T02:48:02.849+0000] {spark_submit.py:649} INFO - found org.ow2.asm#asm;5.0.4 in central
[2025-05-26T02:48:02.882+0000] {spark_submit.py:649} INFO - found org.apache.kerby#kerb-simplekdc;1.0.1 in central
[2025-05-26T02:48:02.913+0000] {spark_submit.py:649} INFO - found org.apache.kerby#kerb-client;1.0.1 in central
[2025-05-26T02:48:02.937+0000] {spark_submit.py:649} INFO - found org.apache.kerby#kerby-config;1.0.1 in central
[2025-05-26T02:48:02.959+0000] {spark_submit.py:649} INFO - found org.apache.kerby#kerb-core;1.0.1 in user-list
[2025-05-26T02:48:02.980+0000] {spark_submit.py:649} INFO - found org.apache.kerby#kerby-pkix;1.0.1 in central
[2025-05-26T02:48:03.004+0000] {spark_submit.py:649} INFO - found org.apache.kerby#kerby-asn1;1.0.1 in central
[2025-05-26T02:48:03.026+0000] {spark_submit.py:649} INFO - found org.apache.kerby#kerby-util;1.0.1 in central
[2025-05-26T02:48:03.059+0000] {spark_submit.py:649} INFO - found org.apache.kerby#kerb-common;1.0.1 in central
[2025-05-26T02:48:03.096+0000] {spark_submit.py:649} INFO - found org.apache.kerby#kerb-crypto;1.0.1 in central
[2025-05-26T02:48:03.123+0000] {spark_submit.py:649} INFO - found org.apache.kerby#kerb-util;1.0.1 in central
[2025-05-26T02:48:03.152+0000] {spark_submit.py:649} INFO - found org.apache.kerby#token-provider;1.0.1 in central
[2025-05-26T02:48:03.173+0000] {spark_submit.py:649} INFO - found org.apache.kerby#kerb-admin;1.0.1 in central
[2025-05-26T02:48:03.191+0000] {spark_submit.py:649} INFO - found org.apache.kerby#kerb-server;1.0.1 in central
[2025-05-26T02:48:03.217+0000] {spark_submit.py:649} INFO - found org.apache.kerby#kerb-identity;1.0.1 in user-list
[2025-05-26T02:48:03.251+0000] {spark_submit.py:649} INFO - found org.apache.kerby#kerby-xdr;1.0.1 in central
[2025-05-26T02:48:03.273+0000] {spark_submit.py:649} INFO - found org.apache.commons#commons-compress;1.19 in central
[2025-05-26T02:48:03.294+0000] {spark_submit.py:649} INFO - found org.eclipse.jetty#jetty-util;9.3.19.v20170502 in user-list
[2025-05-26T02:48:03.311+0000] {spark_submit.py:649} INFO - found com.sun.jersey#jersey-client;1.19 in central
[2025-05-26T02:48:03.330+0000] {spark_submit.py:649} INFO - found commons-cli#commons-cli;1.2 in user-list
[2025-05-26T02:48:03.380+0000] {spark_submit.py:649} INFO - found log4j#log4j;1.2.17 in central
[2025-05-26T02:48:03.404+0000] {spark_submit.py:649} INFO - found com.fasterxml.jackson.core#jackson-core;2.12.0 in central
[2025-05-26T02:48:03.425+0000] {spark_submit.py:649} INFO - found com.fasterxml.jackson.core#jackson-databind;2.12.0 in central
[2025-05-26T02:48:03.453+0000] {spark_submit.py:649} INFO - found com.fasterxml.jackson.module#jackson-module-jaxb-annotations;2.12.0 in central
[2025-05-26T02:48:03.482+0000] {spark_submit.py:649} INFO - found jakarta.xml.bind#jakarta.xml.bind-api;2.3.2 in central
[2025-05-26T02:48:03.503+0000] {spark_submit.py:649} INFO - found jakarta.activation#jakarta.activation-api;1.2.1 in central
[2025-05-26T02:48:03.531+0000] {spark_submit.py:649} INFO - found com.fasterxml.jackson.jaxrs#jackson-jaxrs-json-provider;2.12.0 in central
[2025-05-26T02:48:03.584+0000] {spark_submit.py:649} INFO - found com.fasterxml.jackson.jaxrs#jackson-jaxrs-base;2.12.0 in user-list
[2025-05-26T02:48:03.618+0000] {spark_submit.py:649} INFO - found org.eclipse.jetty#jetty-util-ajax;9.3.19.v20170502 in central
[2025-05-26T02:48:03.720+0000] {spark_submit.py:649} INFO - found org.apache.hadoop#hadoop-yarn-server-common;3.1.0 in central
[2025-05-26T02:48:03.806+0000] {spark_submit.py:649} INFO - found org.apache.hadoop#hadoop-yarn-registry;3.1.0 in central
[2025-05-26T02:48:03.851+0000] {spark_submit.py:649} INFO - found org.apache.hadoop#hadoop-common;3.1.0 in central
[2025-05-26T02:48:03.909+0000] {spark_submit.py:649} INFO - found org.apache.commons#commons-math3;3.1.1 in central
[2025-05-26T02:48:03.946+0000] {spark_submit.py:649} INFO - found commons-net#commons-net;3.6 in central
[2025-05-26T02:48:03.981+0000] {spark_submit.py:649} INFO - found commons-collections#commons-collections;3.2.2 in user-list
[2025-05-26T02:48:04.013+0000] {spark_submit.py:649} INFO - found org.eclipse.jetty#jetty-server;9.3.20.v20170531 in central
[2025-05-26T02:48:04.058+0000] {spark_submit.py:649} INFO - found org.eclipse.jetty#jetty-http;9.3.20.v20170531 in central
[2025-05-26T02:48:04.129+0000] {spark_submit.py:649} INFO - found org.eclipse.jetty#jetty-io;9.3.20.v20170531 in user-list
[2025-05-26T02:48:04.158+0000] {spark_submit.py:649} INFO - found org.eclipse.jetty#jetty-servlet;9.3.20.v20170531 in user-list
[2025-05-26T02:48:04.178+0000] {spark_submit.py:649} INFO - found org.eclipse.jetty#jetty-security;9.3.20.v20170531 in central
[2025-05-26T02:48:04.205+0000] {spark_submit.py:649} INFO - found org.eclipse.jetty#jetty-webapp;9.3.20.v20170531 in central
[2025-05-26T02:48:04.228+0000] {spark_submit.py:649} INFO - found org.eclipse.jetty#jetty-xml;9.3.20.v20170531 in central
[2025-05-26T02:48:04.354+0000] {spark_submit.py:649} INFO - found commons-beanutils#commons-beanutils;1.9.3 in central
[2025-05-26T02:48:04.381+0000] {spark_submit.py:649} INFO - found org.apache.commons#commons-configuration2;2.1.1 in central
[2025-05-26T02:48:04.503+0000] {spark_submit.py:649} INFO - found org.apache.avro#avro;1.8.2 in central
[2025-05-26T02:48:04.581+0000] {spark_submit.py:649} INFO - 25/05/26 02:48:04 INFO StandaloneSchedulerBackend$StandaloneDriverEndpoint: Registered executor NettyRpcEndpointRef(spark-client://Executor) (172.18.0.11:57126) with ID 0,  ResourceProfileId 0
[2025-05-26T02:48:04.633+0000] {spark_submit.py:649} INFO - found com.thoughtworks.paranamer#paranamer;2.7 in central
[2025-05-26T02:48:04.671+0000] {spark_submit.py:649} INFO - found org.xerial.snappy#snappy-java;1.1.4 in central
[2025-05-26T02:48:04.699+0000] {spark_submit.py:649} INFO - found org.tukaani#xz;1.5 in central
[2025-05-26T02:48:04.723+0000] {spark_submit.py:649} INFO - found com.google.re2j#re2j;1.1 in central
[2025-05-26T02:48:04.749+0000] {spark_submit.py:649} INFO - found com.google.code.gson#gson;2.2.4 in central
[2025-05-26T02:48:04.799+0000] {spark_submit.py:649} INFO - found com.jcraft#jsch;0.1.54 in central
[2025-05-26T02:48:04.841+0000] {spark_submit.py:649} INFO - found com.google.code.findbugs#jsr305;3.0.0 in central
[2025-05-26T02:48:04.893+0000] {spark_submit.py:649} INFO - found org.apache.htrace#htrace-core4;4.1.0-incubating in user-list
[2025-05-26T02:48:05.028+0000] {spark_submit.py:649} INFO - found org.codehaus.woodstox#stax2-api;3.1.4 in central
[2025-05-26T02:48:12.660+0000] {spark_submit.py:649} INFO - found com.fasterxml.woodstox#woodstox-core;5.0.3 in central
[2025-05-26T02:48:15.915+0000] {spark_submit.py:649} INFO - found commons-daemon#commons-daemon;1.0.13 in central
[2025-05-26T02:48:15.953+0000] {spark_submit.py:649} INFO - found dnsjava#dnsjava;2.1.7 in central
[2025-05-26T02:48:15.970+0000] {spark_submit.py:649} INFO - found org.fusesource.leveldbjni#leveldbjni-all;1.8 in central
[2025-05-26T02:48:15.986+0000] {spark_submit.py:649} INFO - found org.apache.geronimo.specs#geronimo-jcache_1.0_spec;1.0-alpha-1 in central
[2025-05-26T02:48:16.164+0000] {spark_submit.py:649} INFO - 25/05/26 02:48:16 INFO BlockManagerMasterEndpoint: Registering block manager 172.18.0.11:40647 with 434.4 MiB RAM, BlockManagerId(0, 172.18.0.11, 40647, None)
[2025-05-26T02:48:16.209+0000] {spark_submit.py:649} INFO - found org.ehcache#ehcache;3.3.1 in central
[2025-05-26T02:48:16.360+0000] {spark_submit.py:649} INFO - found com.zaxxer#HikariCP-java7;2.4.12 in central
[2025-05-26T02:48:16.449+0000] {spark_submit.py:649} INFO - found org.apache.hadoop#hadoop-yarn-server-applicationhistoryservice;3.1.0 in central
[2025-05-26T02:48:16.487+0000] {spark_submit.py:649} INFO - found de.ruedigermoeller#fst;2.50 in central
[2025-05-26T02:48:16.574+0000] {spark_submit.py:649} INFO - found com.cedarsoftware#java-util;1.9.0 in central
[2025-05-26T02:48:16.606+0000] {spark_submit.py:649} INFO - found com.cedarsoftware#json-io;2.5.1 in central
[2025-05-26T02:48:16.632+0000] {spark_submit.py:649} INFO - found org.apache.hadoop#hadoop-yarn-server-web-proxy;3.1.0 in central
[2025-05-26T02:48:16.856+0000] {spark_submit.py:649} INFO - found javax.servlet.jsp#jsp-api;2.1 in central
[2025-05-26T02:48:16.917+0000] {spark_submit.py:649} INFO - found com.microsoft.sqlserver#mssql-jdbc;6.2.1.jre7 in central
[2025-05-26T02:48:16.980+0000] {spark_submit.py:649} INFO - found org.apache.hive.shims#hive-shims-scheduler;3.1.3 in central
[2025-05-26T02:48:17.037+0000] {spark_submit.py:649} INFO - found org.apache.hive#hive-storage-api;2.7.0 in central
[2025-05-26T02:48:17.066+0000] {spark_submit.py:649} INFO - found org.apache.commons#commons-lang3;3.9 in central
[2025-05-26T02:48:17.095+0000] {spark_submit.py:649} INFO - found org.apache.orc#orc-core;1.5.8 in user-list
[2025-05-26T02:48:17.149+0000] {spark_submit.py:649} INFO - found org.apache.orc#orc-shims;1.5.8 in central
[2025-05-26T02:48:17.180+0000] {spark_submit.py:649} INFO - found io.airlift#aircompressor;0.10 in user-list
[2025-05-26T02:48:17.198+0000] {spark_submit.py:649} INFO - found org.eclipse.jetty#jetty-rewrite;9.3.20.v20170531 in central
[2025-05-26T02:48:17.228+0000] {spark_submit.py:649} INFO - found org.eclipse.jetty#jetty-client;9.3.20.v20170531 in central
[2025-05-26T02:48:17.259+0000] {spark_submit.py:649} INFO - found joda-time#joda-time;2.9.9 in central
[2025-05-26T02:48:17.302+0000] {spark_submit.py:649} INFO - found org.apache.logging.log4j#log4j-1.2-api;2.17.1 in central
[2025-05-26T02:48:17.312+0000] {spark_submit.py:649} INFO - found org.apache.logging.log4j#log4j-web;2.17.1 in central
[2025-05-26T02:48:17.321+0000] {spark_submit.py:649} INFO - found org.apache.ant#ant;1.9.1 in central
[2025-05-26T02:48:17.331+0000] {spark_submit.py:649} INFO - found org.apache.ant#ant-launcher;1.9.1 in central
[2025-05-26T02:48:17.349+0000] {spark_submit.py:649} INFO - found net.sf.jpam#jpam;1.1 in central
[2025-05-26T02:48:17.360+0000] {spark_submit.py:649} INFO - found com.tdunning#json;1.8 in central
[2025-05-26T02:48:17.391+0000] {spark_submit.py:649} INFO - found io.dropwizard.metrics#metrics-core;3.1.0 in central
[2025-05-26T02:48:17.404+0000] {spark_submit.py:649} INFO - found io.dropwizard.metrics#metrics-jvm;3.1.0 in central
[2025-05-26T02:48:17.428+0000] {spark_submit.py:649} INFO - found io.dropwizard.metrics#metrics-json;3.1.0 in central
[2025-05-26T02:48:17.453+0000] {spark_submit.py:649} INFO - found com.github.joshelser#dropwizard-metrics-hadoop-metrics2-reporter;0.1.2 in central
[2025-05-26T02:48:17.498+0000] {spark_submit.py:649} INFO - found javolution#javolution;5.5.1 in central
[2025-05-26T02:48:17.535+0000] {spark_submit.py:649} INFO - found org.apache.hive#hive-service-rpc;3.1.3 in central
[2025-05-26T02:48:17.569+0000] {spark_submit.py:649} INFO - found org.apache.thrift#libfb303;0.9.3 in central
[2025-05-26T02:48:17.579+0000] {spark_submit.py:649} INFO - found org.apache.arrow#arrow-vector;0.8.0 in central
[2025-05-26T02:48:17.622+0000] {spark_submit.py:649} INFO - found org.apache.arrow#arrow-format;0.8.0 in central
[2025-05-26T02:48:17.666+0000] {spark_submit.py:649} INFO - found com.vlkan#flatbuffers;1.2.0-3f79e055 in central
[2025-05-26T02:48:17.704+0000] {spark_submit.py:649} INFO - found org.apache.arrow#arrow-memory;0.8.0 in central
[2025-05-26T02:48:17.737+0000] {spark_submit.py:649} INFO - found io.netty#netty-buffer;4.1.17.Final in central
[2025-05-26T02:48:17.784+0000] {spark_submit.py:649} INFO - found io.netty#netty-common;4.1.17.Final in central
[2025-05-26T02:48:17.831+0000] {spark_submit.py:649} INFO - found com.carrotsearch#hppc;0.7.2 in central
[2025-05-26T02:48:17.863+0000] {spark_submit.py:649} INFO - found net.sf.opencsv#opencsv;2.3 in central
[2025-05-26T02:48:17.884+0000] {spark_submit.py:649} INFO - found org.apache.parquet#parquet-hadoop-bundle;1.10.0 in central
[2025-05-26T02:48:17.901+0000] {spark_submit.py:649} INFO - found org.apache.hive#hive-standalone-metastore;3.1.3 in central
[2025-05-26T02:48:17.977+0000] {spark_submit.py:649} INFO - found com.jolbox#bonecp;0.8.0.RELEASE in central
[2025-05-26T02:48:18.020+0000] {spark_submit.py:649} INFO - found com.zaxxer#HikariCP;2.6.1 in central
[2025-05-26T02:48:18.060+0000] {spark_submit.py:649} INFO - found commons-dbcp#commons-dbcp;1.4 in central
[2025-05-26T02:48:18.071+0000] {spark_submit.py:649} INFO - found commons-pool#commons-pool;1.5.4 in central
[2025-05-26T02:48:18.116+0000] {spark_submit.py:649} INFO - found org.antlr#antlr-runtime;3.5.2 in central
[2025-05-26T02:48:18.179+0000] {spark_submit.py:649} INFO - found org.datanucleus#datanucleus-api-jdo;4.2.4 in central
[2025-05-26T02:48:18.257+0000] {spark_submit.py:649} INFO - found org.datanucleus#datanucleus-core;4.1.17 in central
[2025-05-26T02:48:18.333+0000] {spark_submit.py:649} INFO - found org.datanucleus#datanucleus-rdbms;4.1.19 in central
[2025-05-26T02:48:18.370+0000] {spark_submit.py:649} INFO - found org.datanucleus#javax.jdo;3.2.0-m3 in central
[2025-05-26T02:48:18.649+0000] {spark_submit.py:649} INFO - found javax.transaction#transaction-api;1.1 in central
[2025-05-26T02:48:18.677+0000] {spark_submit.py:649} INFO - found sqlline#sqlline;1.3.0 in user-list
[2025-05-26T02:48:18.713+0000] {spark_submit.py:649} INFO - found org.apache.hbase#hbase-client;2.0.0-alpha4 in central
[2025-05-26T02:48:18.765+0000] {spark_submit.py:649} INFO - found org.apache.hbase.thirdparty#hbase-shaded-protobuf;1.0.1 in central
[2025-05-26T02:48:18.931+0000] {spark_submit.py:649} INFO - found org.apache.hbase#hbase-protocol-shaded;2.0.0-alpha4 in central
[2025-05-26T02:48:18.977+0000] {spark_submit.py:649} INFO - found org.apache.yetus#audience-annotations;0.5.0 in central
[2025-05-26T02:48:19.012+0000] {spark_submit.py:649} INFO - found junit#junit;4.11 in central
[2025-05-26T02:48:19.079+0000] {spark_submit.py:649} INFO - found org.hamcrest#hamcrest-core;1.3 in central
[2025-05-26T02:48:19.371+0000] {spark_submit.py:649} INFO - found org.apache.hbase#hbase-protocol;2.0.0-alpha4 in central
[2025-05-26T02:48:19.871+0000] {spark_submit.py:649} INFO - found org.apache.hbase.thirdparty#hbase-shaded-miscellaneous;1.0.1 in central
[2025-05-26T02:48:21.001+0000] {spark_submit.py:649} INFO - found org.apache.hbase.thirdparty#hbase-shaded-netty;1.0.1 in central
[2025-05-26T02:48:21.049+0000] {spark_submit.py:649} INFO - found org.apache.htrace#htrace-core;3.2.0-incubating in central
[2025-05-26T02:48:21.122+0000] {spark_submit.py:649} INFO - found org.jruby.jcodings#jcodings;1.0.18 in central
[2025-05-26T02:48:21.296+0000] {spark_submit.py:649} INFO - found org.jruby.joni#joni;2.1.11 in central
[2025-05-26T02:48:22.042+0000] {spark_submit.py:649} INFO - found io.dropwizard.metrics#metrics-core;3.2.1 in central
[2025-05-26T02:48:24.079+0000] {spark_submit.py:649} INFO - found org.apache.commons#commons-crypto;1.0.0 in central
[2025-05-26T02:48:24.295+0000] {spark_submit.py:649} INFO - found javax.jdo#jdo-api;3.0.1 in central
[2025-05-26T02:48:29.620+0000] {spark_submit.py:649} INFO - found javax.transaction#jta;1.1 in central
[2025-05-26T02:48:29.700+0000] {spark_submit.py:649} INFO - found co.cask.tephra#tephra-api;0.6.0 in central
[2025-05-26T02:48:29.778+0000] {spark_submit.py:649} INFO - found co.cask.tephra#tephra-core;0.6.0 in central
[2025-05-26T02:48:30.123+0000] {spark_submit.py:649} INFO - found com.google.inject.extensions#guice-assistedinject;3.0 in central
[2025-05-26T02:48:30.237+0000] {spark_submit.py:649} INFO - found it.unimi.dsi#fastutil;6.5.6 in central
[2025-05-26T02:48:30.258+0000] {spark_submit.py:649} INFO - found org.apache.twill#twill-common;0.6.0-incubating in central
[2025-05-26T02:48:30.742+0000] {spark_submit.py:649} INFO - found org.apache.twill#twill-core;0.6.0-incubating in central
[2025-05-26T02:48:30.763+0000] {job.py:229} INFO - Heartbeat recovered after 25.75 seconds
[2025-05-26T02:48:30.983+0000] {spark_submit.py:649} INFO - found org.apache.twill#twill-api;0.6.0-incubating in user-list
[2025-05-26T02:48:31.061+0000] {spark_submit.py:649} INFO - found org.apache.twill#twill-discovery-api;0.6.0-incubating in central
[2025-05-26T02:48:31.201+0000] {spark_submit.py:649} INFO - found org.apache.twill#twill-zookeeper;0.6.0-incubating in central
[2025-05-26T02:48:31.305+0000] {spark_submit.py:649} INFO - found org.apache.twill#twill-discovery-core;0.6.0-incubating in central
[2025-05-26T02:48:31.415+0000] {spark_submit.py:649} INFO - found co.cask.tephra#tephra-hbase-compat-1.0;0.6.0 in central
[2025-05-26T02:48:31.497+0000] {spark_submit.py:649} INFO - found org.apache.hive#hive-exec;3.1.3 in central
[2025-05-26T02:48:31.572+0000] {spark_submit.py:649} INFO - found org.apache.hive#hive-llap-tez;3.1.3 in central
[2025-05-26T02:48:31.644+0000] {spark_submit.py:649} INFO - found org.apache.hive#hive-llap-client;3.1.3 in central
[2025-05-26T02:48:31.653+0000] {spark_submit.py:649} INFO - found org.apache.hive#hive-llap-common;3.1.3 in central
[2025-05-26T02:48:31.683+0000] {spark_submit.py:649} INFO - found org.antlr#ST4;4.0.4 in central
[2025-05-26T02:48:31.765+0000] {spark_submit.py:649} INFO - found org.apache.ivy#ivy;2.4.0 in central
[2025-05-26T02:48:31.774+0000] {spark_submit.py:649} INFO - found org.codehaus.groovy#groovy-all;2.4.11 in central
[2025-05-26T02:48:31.803+0000] {spark_submit.py:649} INFO - found org.apache.calcite#calcite-core;1.16.0 in central
[2025-05-26T02:48:31.836+0000] {spark_submit.py:649} INFO - found org.apache.calcite#calcite-linq4j;1.16.0 in central
[2025-05-26T02:48:31.865+0000] {spark_submit.py:649} INFO - found com.esri.geometry#esri-geometry-api;2.0.0 in central
[2025-05-26T02:48:31.885+0000] {spark_submit.py:649} INFO - found com.google.code.findbugs#jsr305;3.0.1 in central
[2025-05-26T02:48:31.893+0000] {spark_submit.py:649} INFO - found com.yahoo.datasketches#sketches-core;0.9.0 in central
[2025-05-26T02:48:31.900+0000] {spark_submit.py:649} INFO - found com.yahoo.datasketches#memory;0.9.0 in central
[2025-05-26T02:48:31.909+0000] {spark_submit.py:649} INFO - found org.codehaus.janino#janino;2.7.6 in central
[2025-05-26T02:48:31.917+0000] {spark_submit.py:649} INFO - found org.codehaus.janino#commons-compiler;2.7.6 in central
[2025-05-26T02:48:31.926+0000] {spark_submit.py:649} INFO - found org.apache.calcite.avatica#avatica;1.11.0 in central
[2025-05-26T02:48:31.938+0000] {spark_submit.py:649} INFO - found stax#stax-api;1.0.1 in central
[2025-05-26T02:48:31.969+0000] {spark_submit.py:649} INFO - found org.apache.hadoop#hadoop-client-api;3.3.4 in central
[2025-05-26T02:48:31.995+0000] {spark_submit.py:649} INFO - found org.xerial.snappy#snappy-java;1.1.8.2 in central
[2025-05-26T02:48:32.009+0000] {spark_submit.py:649} INFO - found org.apache.hadoop#hadoop-client-runtime;3.3.4 in central
[2025-05-26T02:48:32.017+0000] {spark_submit.py:649} INFO - found org.slf4j#slf4j-api;1.7.36 in central
[2025-05-26T02:48:32.341+0000] {spark_submit.py:649} INFO - :: resolution report :: resolve 30932ms :: artifacts dl 250ms
[2025-05-26T02:48:32.349+0000] {spark_submit.py:649} INFO - :: modules in use:
[2025-05-26T02:48:32.351+0000] {spark_submit.py:649} INFO - aopalliance#aopalliance;1.0 from central in [default]
[2025-05-26T02:48:32.354+0000] {spark_submit.py:649} INFO - co.cask.tephra#tephra-api;0.6.0 from central in [default]
[2025-05-26T02:48:32.358+0000] {spark_submit.py:649} INFO - co.cask.tephra#tephra-core;0.6.0 from central in [default]
[2025-05-26T02:48:32.360+0000] {spark_submit.py:649} INFO - co.cask.tephra#tephra-hbase-compat-1.0;0.6.0 from central in [default]
[2025-05-26T02:48:32.362+0000] {spark_submit.py:649} INFO - com.carrotsearch#hppc;0.7.2 from central in [default]
[2025-05-26T02:48:32.369+0000] {spark_submit.py:649} INFO - com.cedarsoftware#java-util;1.9.0 from central in [default]
[2025-05-26T02:48:32.370+0000] {spark_submit.py:649} INFO - com.cedarsoftware#json-io;2.5.1 from central in [default]
[2025-05-26T02:48:32.371+0000] {spark_submit.py:649} INFO - com.esri.geometry#esri-geometry-api;2.0.0 from central in [default]
[2025-05-26T02:48:32.390+0000] {spark_submit.py:649} INFO - com.fasterxml.jackson.core#jackson-annotations;2.12.0 from user-list in [default]
[2025-05-26T02:48:32.390+0000] {spark_submit.py:649} INFO - com.fasterxml.jackson.core#jackson-core;2.12.0 from central in [default]
[2025-05-26T02:48:32.391+0000] {spark_submit.py:649} INFO - com.fasterxml.jackson.core#jackson-databind;2.12.0 from central in [default]
[2025-05-26T02:48:32.391+0000] {spark_submit.py:649} INFO - com.fasterxml.jackson.jaxrs#jackson-jaxrs-base;2.12.0 from user-list in [default]
[2025-05-26T02:48:32.391+0000] {spark_submit.py:649} INFO - com.fasterxml.jackson.jaxrs#jackson-jaxrs-json-provider;2.12.0 from central in [default]
[2025-05-26T02:48:32.392+0000] {spark_submit.py:649} INFO - com.fasterxml.jackson.module#jackson-module-jaxb-annotations;2.12.0 from central in [default]
[2025-05-26T02:48:32.392+0000] {spark_submit.py:649} INFO - com.fasterxml.woodstox#woodstox-core;5.0.3 from central in [default]
[2025-05-26T02:48:32.393+0000] {spark_submit.py:649} INFO - com.github.joshelser#dropwizard-metrics-hadoop-metrics2-reporter;0.1.2 from central in [default]
[2025-05-26T02:48:32.393+0000] {spark_submit.py:649} INFO - com.github.stephenc.jcip#jcip-annotations;1.0-1 from central in [default]
[2025-05-26T02:48:32.394+0000] {spark_submit.py:649} INFO - com.google.code.findbugs#jsr305;3.0.1 from central in [default]
[2025-05-26T02:48:32.394+0000] {spark_submit.py:649} INFO - com.google.code.gson#gson;2.2.4 from central in [default]
[2025-05-26T02:48:32.394+0000] {spark_submit.py:649} INFO - com.google.guava#guava;19.0 from central in [default]
[2025-05-26T02:48:32.395+0000] {spark_submit.py:649} INFO - com.google.inject#guice;4.0 from central in [default]
[2025-05-26T02:48:32.395+0000] {spark_submit.py:649} INFO - com.google.inject.extensions#guice-assistedinject;3.0 from central in [default]
[2025-05-26T02:48:32.395+0000] {spark_submit.py:649} INFO - com.google.inject.extensions#guice-servlet;4.0 from central in [default]
[2025-05-26T02:48:32.396+0000] {spark_submit.py:649} INFO - com.google.protobuf#protobuf-java;2.5.0 from central in [default]
[2025-05-26T02:48:32.396+0000] {spark_submit.py:649} INFO - com.google.re2j#re2j;1.1 from central in [default]
[2025-05-26T02:48:32.396+0000] {spark_submit.py:649} INFO - com.jcraft#jsch;0.1.54 from central in [default]
[2025-05-26T02:48:32.396+0000] {spark_submit.py:649} INFO - com.jolbox#bonecp;0.8.0.RELEASE from central in [default]
[2025-05-26T02:48:32.397+0000] {spark_submit.py:649} INFO - com.microsoft.sqlserver#mssql-jdbc;6.2.1.jre7 from central in [default]
[2025-05-26T02:48:32.397+0000] {spark_submit.py:649} INFO - com.nimbusds#nimbus-jose-jwt;4.41.1 from central in [default]
[2025-05-26T02:48:32.398+0000] {spark_submit.py:649} INFO - com.sun.jersey#jersey-client;1.19 from central in [default]
[2025-05-26T02:48:32.398+0000] {spark_submit.py:649} INFO - com.sun.jersey#jersey-core;1.19 from central in [default]
[2025-05-26T02:48:32.398+0000] {spark_submit.py:649} INFO - com.sun.jersey#jersey-json;1.19 from central in [default]
[2025-05-26T02:48:32.398+0000] {spark_submit.py:649} INFO - com.sun.jersey#jersey-server;1.19 from central in [default]
[2025-05-26T02:48:32.399+0000] {spark_submit.py:649} INFO - com.sun.jersey#jersey-servlet;1.19 from central in [default]
[2025-05-26T02:48:32.399+0000] {spark_submit.py:649} INFO - com.sun.jersey.contribs#jersey-guice;1.19 from user-list in [default]
[2025-05-26T02:48:32.399+0000] {spark_submit.py:649} INFO - com.sun.xml.bind#jaxb-impl;2.2.3-1 from central in [default]
[2025-05-26T02:48:32.400+0000] {spark_submit.py:649} INFO - com.tdunning#json;1.8 from central in [default]
[2025-05-26T02:48:32.400+0000] {spark_submit.py:649} INFO - com.thoughtworks.paranamer#paranamer;2.7 from central in [default]
[2025-05-26T02:48:32.400+0000] {spark_submit.py:649} INFO - com.vlkan#flatbuffers;1.2.0-3f79e055 from central in [default]
[2025-05-26T02:48:32.402+0000] {spark_submit.py:649} INFO - com.yahoo.datasketches#memory;0.9.0 from central in [default]
[2025-05-26T02:48:32.402+0000] {spark_submit.py:649} INFO - com.yahoo.datasketches#sketches-core;0.9.0 from central in [default]
[2025-05-26T02:48:32.402+0000] {spark_submit.py:649} INFO - com.zaxxer#HikariCP;2.6.1 from central in [default]
[2025-05-26T02:48:32.403+0000] {spark_submit.py:649} INFO - com.zaxxer#HikariCP-java7;2.4.12 from central in [default]
[2025-05-26T02:48:32.403+0000] {spark_submit.py:649} INFO - commons-beanutils#commons-beanutils;1.9.3 from central in [default]
[2025-05-26T02:48:32.404+0000] {spark_submit.py:649} INFO - commons-cli#commons-cli;1.2 from user-list in [default]
[2025-05-26T02:48:32.404+0000] {spark_submit.py:649} INFO - commons-codec#commons-codec;1.15 from central in [default]
[2025-05-26T02:48:32.405+0000] {spark_submit.py:649} INFO - commons-collections#commons-collections;3.2.2 from user-list in [default]
[2025-05-26T02:48:32.405+0000] {spark_submit.py:649} INFO - commons-daemon#commons-daemon;1.0.13 from central in [default]
[2025-05-26T02:48:32.405+0000] {spark_submit.py:649} INFO - commons-dbcp#commons-dbcp;1.4 from central in [default]
[2025-05-26T02:48:32.405+0000] {spark_submit.py:649} INFO - commons-io#commons-io;2.6 from central in [default]
[2025-05-26T02:48:32.406+0000] {spark_submit.py:649} INFO - commons-lang#commons-lang;2.6 from central in [default]
[2025-05-26T02:48:32.406+0000] {spark_submit.py:649} INFO - commons-logging#commons-logging;1.2 from central in [default]
[2025-05-26T02:48:32.406+0000] {spark_submit.py:649} INFO - commons-net#commons-net;3.6 from central in [default]
[2025-05-26T02:48:32.407+0000] {spark_submit.py:649} INFO - commons-pool#commons-pool;1.5.4 from central in [default]
[2025-05-26T02:48:32.407+0000] {spark_submit.py:649} INFO - de.ruedigermoeller#fst;2.50 from central in [default]
[2025-05-26T02:48:32.407+0000] {spark_submit.py:649} INFO - dnsjava#dnsjava;2.1.7 from central in [default]
[2025-05-26T02:48:32.408+0000] {spark_submit.py:649} INFO - io.airlift#aircompressor;0.10 from user-list in [default]
[2025-05-26T02:48:32.408+0000] {spark_submit.py:649} INFO - io.dropwizard.metrics#metrics-core;3.2.1 from central in [default]
[2025-05-26T02:48:32.408+0000] {spark_submit.py:649} INFO - io.dropwizard.metrics#metrics-json;3.1.0 from central in [default]
[2025-05-26T02:48:32.409+0000] {spark_submit.py:649} INFO - io.dropwizard.metrics#metrics-jvm;3.1.0 from central in [default]
[2025-05-26T02:48:32.409+0000] {spark_submit.py:649} INFO - io.netty#netty;3.7.0.Final from central in [default]
[2025-05-26T02:48:32.409+0000] {spark_submit.py:649} INFO - io.netty#netty-buffer;4.1.17.Final from central in [default]
[2025-05-26T02:48:32.410+0000] {spark_submit.py:649} INFO - io.netty#netty-common;4.1.17.Final from central in [default]
[2025-05-26T02:48:32.411+0000] {spark_submit.py:649} INFO - it.unimi.dsi#fastutil;6.5.6 from central in [default]
[2025-05-26T02:48:32.411+0000] {spark_submit.py:649} INFO - jakarta.activation#jakarta.activation-api;1.2.1 from central in [default]
[2025-05-26T02:48:32.412+0000] {spark_submit.py:649} INFO - jakarta.xml.bind#jakarta.xml.bind-api;2.3.2 from central in [default]
[2025-05-26T02:48:32.413+0000] {spark_submit.py:649} INFO - javax.inject#javax.inject;1 from central in [default]
[2025-05-26T02:48:32.414+0000] {spark_submit.py:649} INFO - javax.jdo#jdo-api;3.0.1 from central in [default]
[2025-05-26T02:48:32.414+0000] {spark_submit.py:649} INFO - javax.servlet#javax.servlet-api;3.1.0 from central in [default]
[2025-05-26T02:48:32.415+0000] {spark_submit.py:649} INFO - javax.servlet.jsp#jsp-api;2.1 from central in [default]
[2025-05-26T02:48:32.415+0000] {spark_submit.py:649} INFO - javax.transaction#jta;1.1 from central in [default]
[2025-05-26T02:48:32.416+0000] {spark_submit.py:649} INFO - javax.transaction#transaction-api;1.1 from central in [default]
[2025-05-26T02:48:32.417+0000] {spark_submit.py:649} INFO - javax.ws.rs#jsr311-api;1.1.1 from user-list in [default]
[2025-05-26T02:48:32.418+0000] {spark_submit.py:649} INFO - javax.xml.bind#jaxb-api;2.2.11 from central in [default]
[2025-05-26T02:48:32.419+0000] {spark_submit.py:649} INFO - javolution#javolution;5.5.1 from central in [default]
[2025-05-26T02:48:32.437+0000] {spark_submit.py:649} INFO - jline#jline;2.12 from central in [default]
[2025-05-26T02:48:32.438+0000] {spark_submit.py:649} INFO - joda-time#joda-time;2.9.9 from central in [default]
[2025-05-26T02:48:32.439+0000] {spark_submit.py:649} INFO - junit#junit;4.11 from central in [default]
[2025-05-26T02:48:32.439+0000] {spark_submit.py:649} INFO - log4j#log4j;1.2.17 from central in [default]
[2025-05-26T02:48:32.440+0000] {spark_submit.py:649} INFO - net.minidev#accessors-smart;1.2 from central in [default]
[2025-05-26T02:48:32.440+0000] {spark_submit.py:649} INFO - net.minidev#json-smart;2.3 from central in [default]
[2025-05-26T02:48:32.440+0000] {spark_submit.py:649} INFO - net.sf.jpam#jpam;1.1 from central in [default]
[2025-05-26T02:48:32.441+0000] {spark_submit.py:649} INFO - net.sf.opencsv#opencsv;2.3 from central in [default]
[2025-05-26T02:48:32.441+0000] {spark_submit.py:649} INFO - org.antlr#ST4;4.0.4 from central in [default]
[2025-05-26T02:48:32.442+0000] {spark_submit.py:649} INFO - org.antlr#antlr-runtime;3.5.2 from central in [default]
[2025-05-26T02:48:32.442+0000] {spark_submit.py:649} INFO - org.apache.ant#ant;1.9.1 from central in [default]
[2025-05-26T02:48:32.443+0000] {spark_submit.py:649} INFO - org.apache.ant#ant-launcher;1.9.1 from central in [default]
[2025-05-26T02:48:32.444+0000] {spark_submit.py:649} INFO - org.apache.arrow#arrow-format;0.8.0 from central in [default]
[2025-05-26T02:48:32.444+0000] {spark_submit.py:649} INFO - org.apache.arrow#arrow-memory;0.8.0 from central in [default]
[2025-05-26T02:48:32.445+0000] {spark_submit.py:649} INFO - org.apache.arrow#arrow-vector;0.8.0 from central in [default]
[2025-05-26T02:48:32.446+0000] {spark_submit.py:649} INFO - org.apache.avro#avro;1.8.2 from central in [default]
[2025-05-26T02:48:32.446+0000] {spark_submit.py:649} INFO - org.apache.calcite#calcite-core;1.16.0 from central in [default]
[2025-05-26T02:48:32.446+0000] {spark_submit.py:649} INFO - org.apache.calcite#calcite-linq4j;1.16.0 from central in [default]
[2025-05-26T02:48:32.447+0000] {spark_submit.py:649} INFO - org.apache.calcite.avatica#avatica;1.11.0 from central in [default]
[2025-05-26T02:48:32.447+0000] {spark_submit.py:649} INFO - org.apache.commons#commons-compress;1.19 from central in [default]
[2025-05-26T02:48:32.448+0000] {spark_submit.py:649} INFO - org.apache.commons#commons-configuration2;2.1.1 from central in [default]
[2025-05-26T02:48:32.448+0000] {spark_submit.py:649} INFO - org.apache.commons#commons-crypto;1.0.0 from central in [default]
[2025-05-26T02:48:32.449+0000] {spark_submit.py:649} INFO - org.apache.commons#commons-lang3;3.9 from central in [default]
[2025-05-26T02:48:32.453+0000] {spark_submit.py:649} INFO - org.apache.commons#commons-math3;3.1.1 from central in [default]
[2025-05-26T02:48:32.454+0000] {spark_submit.py:649} INFO - org.apache.derby#derby;10.14.1.0 from central in [default]
[2025-05-26T02:48:32.454+0000] {spark_submit.py:649} INFO - org.apache.geronimo.specs#geronimo-jcache_1.0_spec;1.0-alpha-1 from central in [default]
[2025-05-26T02:48:32.454+0000] {spark_submit.py:649} INFO - org.apache.hadoop#hadoop-annotations;3.1.0 from central in [default]
[2025-05-26T02:48:32.455+0000] {spark_submit.py:649} INFO - org.apache.hadoop#hadoop-auth;3.1.0 from central in [default]
[2025-05-26T02:48:32.455+0000] {spark_submit.py:649} INFO - org.apache.hadoop#hadoop-client-api;3.3.4 from central in [default]
[2025-05-26T02:48:32.456+0000] {spark_submit.py:649} INFO - org.apache.hadoop#hadoop-client-runtime;3.3.4 from central in [default]
[2025-05-26T02:48:32.456+0000] {spark_submit.py:649} INFO - org.apache.hadoop#hadoop-common;3.1.0 from central in [default]
[2025-05-26T02:48:32.456+0000] {spark_submit.py:649} INFO - org.apache.hadoop#hadoop-yarn-api;3.1.0 from central in [default]
[2025-05-26T02:48:32.457+0000] {spark_submit.py:649} INFO - org.apache.hadoop#hadoop-yarn-common;3.1.0 from central in [default]
[2025-05-26T02:48:32.457+0000] {spark_submit.py:649} INFO - org.apache.hadoop#hadoop-yarn-registry;3.1.0 from central in [default]
[2025-05-26T02:48:32.457+0000] {spark_submit.py:649} INFO - org.apache.hadoop#hadoop-yarn-server-applicationhistoryservice;3.1.0 from central in [default]
[2025-05-26T02:48:32.458+0000] {spark_submit.py:649} INFO - org.apache.hadoop#hadoop-yarn-server-common;3.1.0 from central in [default]
[2025-05-26T02:48:32.458+0000] {spark_submit.py:649} INFO - org.apache.hadoop#hadoop-yarn-server-resourcemanager;3.1.0 from central in [default]
[2025-05-26T02:48:32.459+0000] {spark_submit.py:649} INFO - org.apache.hadoop#hadoop-yarn-server-web-proxy;3.1.0 from central in [default]
[2025-05-26T02:48:32.460+0000] {spark_submit.py:649} INFO - org.apache.hbase#hbase-client;2.0.0-alpha4 from central in [default]
[2025-05-26T02:48:32.461+0000] {spark_submit.py:649} INFO - org.apache.hbase#hbase-protocol;2.0.0-alpha4 from central in [default]
[2025-05-26T02:48:32.463+0000] {spark_submit.py:649} INFO - org.apache.hbase#hbase-protocol-shaded;2.0.0-alpha4 from central in [default]
[2025-05-26T02:48:32.466+0000] {spark_submit.py:649} INFO - org.apache.hbase.thirdparty#hbase-shaded-miscellaneous;1.0.1 from central in [default]
[2025-05-26T02:48:32.474+0000] {spark_submit.py:649} INFO - org.apache.hbase.thirdparty#hbase-shaded-netty;1.0.1 from central in [default]
[2025-05-26T02:48:32.474+0000] {spark_submit.py:649} INFO - org.apache.hbase.thirdparty#hbase-shaded-protobuf;1.0.1 from central in [default]
[2025-05-26T02:48:32.475+0000] {spark_submit.py:649} INFO - org.apache.hive#hive-classification;3.1.3 from central in [default]
[2025-05-26T02:48:32.475+0000] {spark_submit.py:649} INFO - org.apache.hive#hive-common;3.1.3 from central in [default]
[2025-05-26T02:48:32.476+0000] {spark_submit.py:649} INFO - org.apache.hive#hive-exec;3.1.3 from central in [default]
[2025-05-26T02:48:32.476+0000] {spark_submit.py:649} INFO - org.apache.hive#hive-llap-client;3.1.3 from central in [default]
[2025-05-26T02:48:32.477+0000] {spark_submit.py:649} INFO - org.apache.hive#hive-llap-common;3.1.3 from central in [default]
[2025-05-26T02:48:32.477+0000] {spark_submit.py:649} INFO - org.apache.hive#hive-llap-tez;3.1.3 from central in [default]
[2025-05-26T02:48:32.477+0000] {spark_submit.py:649} INFO - org.apache.hive#hive-metastore;3.1.3 from central in [default]
[2025-05-26T02:48:32.482+0000] {spark_submit.py:649} INFO - org.apache.hive#hive-serde;3.1.3 from central in [default]
[2025-05-26T02:48:32.483+0000] {spark_submit.py:649} INFO - org.apache.hive#hive-service-rpc;3.1.3 from central in [default]
[2025-05-26T02:48:32.484+0000] {spark_submit.py:649} INFO - org.apache.hive#hive-shims;3.1.3 from central in [default]
[2025-05-26T02:48:32.484+0000] {spark_submit.py:649} INFO - org.apache.hive#hive-standalone-metastore;3.1.3 from central in [default]
[2025-05-26T02:48:32.484+0000] {spark_submit.py:649} INFO - org.apache.hive#hive-storage-api;2.7.0 from central in [default]
[2025-05-26T02:48:32.485+0000] {spark_submit.py:649} INFO - org.apache.hive#hive-upgrade-acid;3.1.3 from central in [default]
[2025-05-26T02:48:32.485+0000] {spark_submit.py:649} INFO - org.apache.hive.shims#hive-shims-0.23;3.1.3 from central in [default]
[2025-05-26T02:48:32.486+0000] {spark_submit.py:649} INFO - org.apache.hive.shims#hive-shims-common;3.1.3 from central in [default]
[2025-05-26T02:48:32.486+0000] {spark_submit.py:649} INFO - org.apache.hive.shims#hive-shims-scheduler;3.1.3 from central in [default]
[2025-05-26T02:48:32.486+0000] {spark_submit.py:649} INFO - org.apache.htrace#htrace-core;3.2.0-incubating from central in [default]
[2025-05-26T02:48:32.487+0000] {spark_submit.py:649} INFO - org.apache.htrace#htrace-core4;4.1.0-incubating from user-list in [default]
[2025-05-26T02:48:32.488+0000] {spark_submit.py:649} INFO - org.apache.httpcomponents#httpclient;4.5.13 from central in [default]
[2025-05-26T02:48:32.488+0000] {spark_submit.py:649} INFO - org.apache.httpcomponents#httpcore;4.4.13 from central in [default]
[2025-05-26T02:48:32.488+0000] {spark_submit.py:649} INFO - org.apache.ivy#ivy;2.4.0 from central in [default]
[2025-05-26T02:48:32.489+0000] {spark_submit.py:649} INFO - org.apache.kerby#kerb-admin;1.0.1 from central in [default]
[2025-05-26T02:48:32.489+0000] {spark_submit.py:649} INFO - org.apache.kerby#kerb-client;1.0.1 from central in [default]
[2025-05-26T02:48:32.490+0000] {spark_submit.py:649} INFO - org.apache.kerby#kerb-common;1.0.1 from central in [default]
[2025-05-26T02:48:32.490+0000] {spark_submit.py:649} INFO - org.apache.kerby#kerb-core;1.0.1 from user-list in [default]
[2025-05-26T02:48:32.491+0000] {spark_submit.py:649} INFO - org.apache.kerby#kerb-crypto;1.0.1 from central in [default]
[2025-05-26T02:48:32.507+0000] {spark_submit.py:649} INFO - org.apache.kerby#kerb-identity;1.0.1 from user-list in [default]
[2025-05-26T02:48:32.508+0000] {spark_submit.py:649} INFO - org.apache.kerby#kerb-server;1.0.1 from central in [default]
[2025-05-26T02:48:32.509+0000] {spark_submit.py:649} INFO - org.apache.kerby#kerb-simplekdc;1.0.1 from central in [default]
[2025-05-26T02:48:32.509+0000] {spark_submit.py:649} INFO - org.apache.kerby#kerb-util;1.0.1 from central in [default]
[2025-05-26T02:48:32.510+0000] {spark_submit.py:649} INFO - org.apache.kerby#kerby-asn1;1.0.1 from central in [default]
[2025-05-26T02:48:32.510+0000] {spark_submit.py:649} INFO - org.apache.kerby#kerby-config;1.0.1 from central in [default]
[2025-05-26T02:48:32.511+0000] {spark_submit.py:649} INFO - org.apache.kerby#kerby-pkix;1.0.1 from central in [default]
[2025-05-26T02:48:32.511+0000] {spark_submit.py:649} INFO - org.apache.kerby#kerby-util;1.0.1 from central in [default]
[2025-05-26T02:48:32.511+0000] {spark_submit.py:649} INFO - org.apache.kerby#kerby-xdr;1.0.1 from central in [default]
[2025-05-26T02:48:32.512+0000] {spark_submit.py:649} INFO - org.apache.kerby#token-provider;1.0.1 from central in [default]
[2025-05-26T02:48:32.512+0000] {spark_submit.py:649} INFO - org.apache.logging.log4j#log4j-1.2-api;2.17.1 from central in [default]
[2025-05-26T02:48:32.512+0000] {spark_submit.py:649} INFO - org.apache.logging.log4j#log4j-api;2.10.0 from central in [default]
[2025-05-26T02:48:32.513+0000] {spark_submit.py:649} INFO - org.apache.logging.log4j#log4j-core;2.17.1 from central in [default]
[2025-05-26T02:48:32.513+0000] {spark_submit.py:649} INFO - org.apache.logging.log4j#log4j-slf4j-impl;2.17.1 from central in [default]
[2025-05-26T02:48:32.513+0000] {spark_submit.py:649} INFO - org.apache.logging.log4j#log4j-web;2.17.1 from central in [default]
[2025-05-26T02:48:32.514+0000] {spark_submit.py:649} INFO - org.apache.orc#orc-core;1.5.8 from user-list in [default]
[2025-05-26T02:48:32.514+0000] {spark_submit.py:649} INFO - org.apache.orc#orc-shims;1.5.8 from central in [default]
[2025-05-26T02:48:32.515+0000] {spark_submit.py:649} INFO - org.apache.parquet#parquet-hadoop-bundle;1.10.0 from central in [default]
[2025-05-26T02:48:32.515+0000] {spark_submit.py:649} INFO - org.apache.thrift#libfb303;0.9.3 from central in [default]
[2025-05-26T02:48:32.516+0000] {spark_submit.py:649} INFO - org.apache.thrift#libthrift;0.9.3 from central in [default]
[2025-05-26T02:48:32.516+0000] {spark_submit.py:649} INFO - org.apache.twill#twill-api;0.6.0-incubating from user-list in [default]
[2025-05-26T02:48:32.517+0000] {spark_submit.py:649} INFO - org.apache.twill#twill-common;0.6.0-incubating from central in [default]
[2025-05-26T02:48:32.517+0000] {spark_submit.py:649} INFO - org.apache.twill#twill-core;0.6.0-incubating from central in [default]
[2025-05-26T02:48:32.518+0000] {spark_submit.py:649} INFO - org.apache.twill#twill-discovery-api;0.6.0-incubating from central in [default]
[2025-05-26T02:48:32.519+0000] {spark_submit.py:649} INFO - org.apache.twill#twill-discovery-core;0.6.0-incubating from central in [default]
[2025-05-26T02:48:32.519+0000] {spark_submit.py:649} INFO - org.apache.twill#twill-zookeeper;0.6.0-incubating from central in [default]
[2025-05-26T02:48:32.519+0000] {spark_submit.py:649} INFO - org.apache.yetus#audience-annotations;0.5.0 from central in [default]
[2025-05-26T02:48:32.520+0000] {spark_submit.py:649} INFO - org.apache.zookeeper#zookeeper;3.4.6 from central in [default]
[2025-05-26T02:48:32.521+0000] {spark_submit.py:649} INFO - org.codehaus.groovy#groovy-all;2.4.11 from central in [default]
[2025-05-26T02:48:32.521+0000] {spark_submit.py:649} INFO - org.codehaus.jackson#jackson-core-asl;1.9.13 from central in [default]
[2025-05-26T02:48:32.521+0000] {spark_submit.py:649} INFO - org.codehaus.jackson#jackson-jaxrs;1.9.13 from central in [default]
[2025-05-26T02:48:32.522+0000] {spark_submit.py:649} INFO - org.codehaus.jackson#jackson-mapper-asl;1.9.13 from user-list in [default]
[2025-05-26T02:48:32.522+0000] {spark_submit.py:649} INFO - org.codehaus.jackson#jackson-xc;1.9.13 from central in [default]
[2025-05-26T02:48:32.523+0000] {spark_submit.py:649} INFO - org.codehaus.janino#commons-compiler;2.7.6 from central in [default]
[2025-05-26T02:48:32.523+0000] {spark_submit.py:649} INFO - org.codehaus.janino#janino;2.7.6 from central in [default]
[2025-05-26T02:48:32.524+0000] {spark_submit.py:649} INFO - org.codehaus.jettison#jettison;1.1 from central in [default]
[2025-05-26T02:48:32.524+0000] {spark_submit.py:649} INFO - org.codehaus.woodstox#stax2-api;3.1.4 from central in [default]
[2025-05-26T02:48:32.525+0000] {spark_submit.py:649} INFO - org.datanucleus#datanucleus-api-jdo;4.2.4 from central in [default]
[2025-05-26T02:48:32.525+0000] {spark_submit.py:649} INFO - org.datanucleus#datanucleus-core;4.1.17 from central in [default]
[2025-05-26T02:48:32.526+0000] {spark_submit.py:649} INFO - org.datanucleus#datanucleus-rdbms;4.1.19 from central in [default]
[2025-05-26T02:48:32.527+0000] {spark_submit.py:649} INFO - org.datanucleus#javax.jdo;3.2.0-m3 from central in [default]
[2025-05-26T02:48:32.527+0000] {spark_submit.py:649} INFO - org.eclipse.jetty#jetty-client;9.3.20.v20170531 from central in [default]
[2025-05-26T02:48:32.528+0000] {spark_submit.py:649} INFO - org.eclipse.jetty#jetty-http;9.3.20.v20170531 from central in [default]
[2025-05-26T02:48:32.528+0000] {spark_submit.py:649} INFO - org.eclipse.jetty#jetty-io;9.3.20.v20170531 from user-list in [default]
[2025-05-26T02:48:32.529+0000] {spark_submit.py:649} INFO - org.eclipse.jetty#jetty-rewrite;9.3.20.v20170531 from central in [default]
[2025-05-26T02:48:32.529+0000] {spark_submit.py:649} INFO - org.eclipse.jetty#jetty-security;9.3.20.v20170531 from central in [default]
[2025-05-26T02:48:32.530+0000] {spark_submit.py:649} INFO - org.eclipse.jetty#jetty-server;9.3.20.v20170531 from central in [default]
[2025-05-26T02:48:32.530+0000] {spark_submit.py:649} INFO - org.eclipse.jetty#jetty-servlet;9.3.20.v20170531 from user-list in [default]
[2025-05-26T02:48:32.530+0000] {spark_submit.py:649} INFO - org.eclipse.jetty#jetty-util;9.3.19.v20170502 from user-list in [default]
[2025-05-26T02:48:32.531+0000] {spark_submit.py:649} INFO - org.eclipse.jetty#jetty-util-ajax;9.3.19.v20170502 from central in [default]
[2025-05-26T02:48:32.532+0000] {spark_submit.py:649} INFO - org.eclipse.jetty#jetty-webapp;9.3.20.v20170531 from central in [default]
[2025-05-26T02:48:32.537+0000] {spark_submit.py:649} INFO - org.eclipse.jetty#jetty-xml;9.3.20.v20170531 from central in [default]
[2025-05-26T02:48:32.538+0000] {spark_submit.py:649} INFO - org.ehcache#ehcache;3.3.1 from central in [default]
[2025-05-26T02:48:32.539+0000] {spark_submit.py:649} INFO - org.fusesource.leveldbjni#leveldbjni-all;1.8 from central in [default]
[2025-05-26T02:48:32.539+0000] {spark_submit.py:649} INFO - org.hamcrest#hamcrest-core;1.3 from central in [default]
[2025-05-26T02:48:32.540+0000] {spark_submit.py:649} INFO - org.jruby.jcodings#jcodings;1.0.18 from central in [default]
[2025-05-26T02:48:32.540+0000] {spark_submit.py:649} INFO - org.jruby.joni#joni;2.1.11 from central in [default]
[2025-05-26T02:48:32.541+0000] {spark_submit.py:649} INFO - org.ow2.asm#asm;5.0.4 from central in [default]
[2025-05-26T02:48:32.541+0000] {spark_submit.py:649} INFO - org.slf4j#slf4j-api;1.7.36 from central in [default]
[2025-05-26T02:48:32.542+0000] {spark_submit.py:649} INFO - org.slf4j#slf4j-log4j12;1.6.1 from user-list in [default]
[2025-05-26T02:48:32.542+0000] {spark_submit.py:649} INFO - org.tukaani#xz;1.5 from central in [default]
[2025-05-26T02:48:32.543+0000] {spark_submit.py:649} INFO - org.xerial.snappy#snappy-java;1.1.8.2 from central in [default]
[2025-05-26T02:48:32.543+0000] {spark_submit.py:649} INFO - sqlline#sqlline;1.3.0 from user-list in [default]
[2025-05-26T02:48:32.544+0000] {spark_submit.py:649} INFO - stax#stax-api;1.0.1 from central in [default]
[2025-05-26T02:48:32.544+0000] {spark_submit.py:649} INFO - :: evicted modules:
[2025-05-26T02:48:32.547+0000] {spark_submit.py:649} INFO - org.slf4j#slf4j-api;1.7.10 by [org.slf4j#slf4j-api;1.7.36] in [default]
[2025-05-26T02:48:32.567+0000] {spark_submit.py:649} INFO - log4j#log4j;1.2.16 by [log4j#log4j;1.2.17] in [default]
[2025-05-26T02:48:32.571+0000] {spark_submit.py:649} INFO - commons-logging#commons-logging;1.1.3 by [commons-logging#commons-logging;1.2] in [default]
[2025-05-26T02:48:32.572+0000] {spark_submit.py:649} INFO - org.apache.commons#commons-lang3;3.4 by [org.apache.commons#commons-lang3;3.9] in [default]
[2025-05-26T02:48:32.572+0000] {spark_submit.py:649} INFO - org.xerial.snappy#snappy-java;1.1.4 by [org.xerial.snappy#snappy-java;1.1.8.2] in [default]
[2025-05-26T02:48:32.573+0000] {spark_submit.py:649} INFO - com.google.code.findbugs#jsr305;3.0.0 by [com.google.code.findbugs#jsr305;3.0.1] in [default]
[2025-05-26T02:48:32.574+0000] {spark_submit.py:649} INFO - commons-logging#commons-logging;1.0.4 by [commons-logging#commons-logging;1.2] in [default]
[2025-05-26T02:48:32.575+0000] {spark_submit.py:649} INFO - io.dropwizard.metrics#metrics-core;3.1.0 by [io.dropwizard.metrics#metrics-core;3.2.1] in [default]
[2025-05-26T02:48:32.576+0000] {spark_submit.py:649} INFO - io.dropwizard.metrics#metrics-core;3.1.2 by [io.dropwizard.metrics#metrics-core;3.1.0] in [default]
[2025-05-26T02:48:32.577+0000] {spark_submit.py:649} INFO - com.google.code.findbugs#jsr305;3.0.2 by [com.google.code.findbugs#jsr305;3.0.1] in [default]
[2025-05-26T02:48:32.579+0000] {spark_submit.py:649} INFO - org.apache.commons#commons-lang3;3.2 by [org.apache.commons#commons-lang3;3.9] in [default]
[2025-05-26T02:48:32.579+0000] {spark_submit.py:649} INFO - org.apache.commons#commons-lang3;3.6 by [org.apache.commons#commons-lang3;3.9] in [default]
[2025-05-26T02:48:32.580+0000] {spark_submit.py:649} INFO - com.google.inject#guice;3.0 by [com.google.inject#guice;4.0] in [default]
[2025-05-26T02:48:32.580+0000] {spark_submit.py:649} INFO - com.google.code.findbugs#jsr305;2.0.1 by [com.google.code.findbugs#jsr305;3.0.0] in [default]
[2025-05-26T02:48:32.581+0000] {spark_submit.py:649} INFO - com.google.guava#guava;14.0.1 by [com.google.guava#guava;19.0] in [default]
[2025-05-26T02:48:32.581+0000] {spark_submit.py:649} INFO - ---------------------------------------------------------------------
[2025-05-26T02:48:32.583+0000] {spark_submit.py:649} INFO - |                  |            modules            ||   artifacts   |
[2025-05-26T02:48:32.585+0000] {spark_submit.py:649} INFO - |       conf       | number| search|dwnlded|evicted|| number|dwnlded|
[2025-05-26T02:48:32.586+0000] {spark_submit.py:649} INFO - ---------------------------------------------------------------------
[2025-05-26T02:48:32.587+0000] {spark_submit.py:649} INFO - |      default     |  224  |   0   |   0   |   15  ||  209  |   0   |
[2025-05-26T02:48:32.588+0000] {spark_submit.py:649} INFO - ---------------------------------------------------------------------
[2025-05-26T02:48:32.611+0000] {spark_submit.py:649} INFO - 
[2025-05-26T02:48:32.611+0000] {spark_submit.py:649} INFO - :: problems summary ::
[2025-05-26T02:48:32.612+0000] {spark_submit.py:649} INFO - :::: ERRORS
[2025-05-26T02:48:32.613+0000] {spark_submit.py:649} INFO - unknown resolver null
[2025-05-26T02:48:32.614+0000] {spark_submit.py:649} INFO - 
[2025-05-26T02:48:32.615+0000] {spark_submit.py:649} INFO - unknown resolver null
[2025-05-26T02:48:32.616+0000] {spark_submit.py:649} INFO - 
[2025-05-26T02:48:32.618+0000] {spark_submit.py:649} INFO - unknown resolver null
[2025-05-26T02:48:32.619+0000] {spark_submit.py:649} INFO - 
[2025-05-26T02:48:32.620+0000] {spark_submit.py:649} INFO - unknown resolver null
[2025-05-26T02:48:32.621+0000] {spark_submit.py:649} INFO - 
[2025-05-26T02:48:32.622+0000] {spark_submit.py:649} INFO - unknown resolver null
[2025-05-26T02:48:32.623+0000] {spark_submit.py:649} INFO - 
[2025-05-26T02:48:32.623+0000] {spark_submit.py:649} INFO - unknown resolver null
[2025-05-26T02:48:32.624+0000] {spark_submit.py:649} INFO - 
[2025-05-26T02:48:32.625+0000] {spark_submit.py:649} INFO - unknown resolver null
[2025-05-26T02:48:32.626+0000] {spark_submit.py:649} INFO - 
[2025-05-26T02:48:32.626+0000] {spark_submit.py:649} INFO - unknown resolver null
[2025-05-26T02:48:32.627+0000] {spark_submit.py:649} INFO - 
[2025-05-26T02:48:32.628+0000] {spark_submit.py:649} INFO - 
[2025-05-26T02:48:32.628+0000] {spark_submit.py:649} INFO - :: USE VERBOSE OR DEBUG MESSAGE LEVEL FOR MORE DETAILS
[2025-05-26T02:48:32.629+0000] {spark_submit.py:649} INFO - :: retrieving :: org.apache.spark#spark-submit-parent-08990090-6848-4de1-ad74-58be4d11e50a
[2025-05-26T02:48:32.629+0000] {spark_submit.py:649} INFO - confs: [default]
[2025-05-26T02:48:32.767+0000] {spark_submit.py:649} INFO - 0 artifacts copied, 209 already retrieved (0kB/152ms)
[2025-05-26T02:48:41.280+0000] {spark_submit.py:649} INFO - 25/05/26 02:48:41 INFO IsolatedClientLoader: Downloaded metastore jars to /tmp/hive-v3_1-0a25241d-e644-4339-b801-82a8a20d3ba9
[2025-05-26T02:48:44.909+0000] {spark_submit.py:649} INFO - Hive Session ID = 01882c99-01aa-408f-988d-4102812d2415
[2025-05-26T02:48:45.051+0000] {spark_submit.py:649} INFO - 25/05/26 02:48:45 INFO HiveClientImpl: Warehouse location for Hive client (version 3.1.3) is file:/opt/airflow/spark-warehouse
[2025-05-26T02:48:45.699+0000] {job.py:229} INFO - Heartbeat recovered after 14.98 seconds
[2025-05-26T02:48:46.658+0000] {spark_submit.py:649} INFO - 25/05/26 02:48:46 WARN MetricsConfig: Cannot locate configuration: tried hadoop-metrics2-s3a-file-system.properties,hadoop-metrics2.properties
[2025-05-26T02:48:46.677+0000] {spark_submit.py:649} INFO - 25/05/26 02:48:46 INFO MetricsSystemImpl: Scheduled Metric snapshot period at 10 second(s).
[2025-05-26T02:48:46.678+0000] {spark_submit.py:649} INFO - 25/05/26 02:48:46 INFO MetricsSystemImpl: s3a-file-system metrics system started
[2025-05-26T02:50:04.001+0000] {spark_submit.py:649} INFO - 25/05/26 02:50:04 INFO AsyncEventQueue: Process of event SparkListenerExecutorMetricsUpdate(driver,WrappedArray(),Map((-1,-1) -> org.apache.spark.executor.ExecutorMetrics@1292b716)) by listener AppStatusListener took 1.393635616s.
[2025-05-26T02:50:06.924+0000] {job.py:229} INFO - Heartbeat recovered after 81.24 seconds
[2025-05-26T02:50:08.531+0000] {spark_submit.py:649} INFO - 25/05/26 02:50:08 INFO DelegatingLogStore: LogStore LogStoreAdapter(io.delta.storage.S3SingleDriverLogStore) is used for scheme s3a
[2025-05-26T02:50:56.741+0000] {spark_submit.py:649} INFO - 25/05/26 02:50:56 INFO AsyncEventQueue: Process of event SparkListenerExecutorMetricsUpdate(driver,WrappedArray(),Map((-1,-1) -> org.apache.spark.executor.ExecutorMetrics@12010855)) by listener AppStatusListener took 1.169528377s.
