[2025-05-02T01:52:34.824+0000] {local_task_job_runner.py:123} INFO - ::group::Pre task execution logs
[2025-05-02T01:52:34.883+0000] {taskinstance.py:2614} INFO - Dependencies all met for dep_context=non-requeueable deps ti=<TaskInstance: medical_dag_v16.dim_group.creating_dim_medications manual__2025-05-02T01:20:23.347496+00:00 [queued]>
[2025-05-02T01:52:34.930+0000] {taskinstance.py:2614} INFO - Dependencies all met for dep_context=requeueable deps ti=<TaskInstance: medical_dag_v16.dim_group.creating_dim_medications manual__2025-05-02T01:20:23.347496+00:00 [queued]>
[2025-05-02T01:52:34.931+0000] {taskinstance.py:2867} INFO - Starting attempt 1 of 1
[2025-05-02T01:52:34.955+0000] {taskinstance.py:2890} INFO - Executing <Task(SparkSubmitOperator): dim_group.creating_dim_medications> on 2025-05-02 01:20:23.347496+00:00
[2025-05-02T01:52:34.964+0000] {standard_task_runner.py:104} INFO - Running: ['airflow', 'tasks', 'run', 'medical_dag_v16', 'dim_group.creating_dim_medications', 'manual__2025-05-02T01:20:23.347496+00:00', '--job-id', '149', '--raw', '--subdir', 'DAGS_FOLDER/raw_enriched_dag.py', '--cfg-path', '/tmp/tmpri8nc7x3']
[2025-05-02T01:52:34.967+0000] {standard_task_runner.py:105} INFO - Job 149: Subtask dim_group.creating_dim_medications
[2025-05-02T01:52:34.969+0000] {logging_mixin.py:190} WARNING - /home/airflow/.local/lib/python3.12/site-packages/airflow/task/task_runner/standard_task_runner.py:70 DeprecationWarning: This process (pid=3778) is multi-threaded, use of fork() may lead to deadlocks in the child.
[2025-05-02T01:52:34.970+0000] {standard_task_runner.py:72} INFO - Started process 3779 to run task
[2025-05-02T01:52:35.028+0000] {task_command.py:467} INFO - Running <TaskInstance: medical_dag_v16.dim_group.creating_dim_medications manual__2025-05-02T01:20:23.347496+00:00 [running]> on host airflow-scheduler
[2025-05-02T01:52:35.138+0000] {taskinstance.py:3134} INFO - Exporting env vars: AIRFLOW_CTX_DAG_OWNER='airflow' AIRFLOW_CTX_DAG_ID='medical_dag_v16' AIRFLOW_CTX_TASK_ID='dim_group.creating_dim_medications' AIRFLOW_CTX_EXECUTION_DATE='2025-05-02T01:20:23.347496+00:00' AIRFLOW_CTX_TRY_NUMBER='1' AIRFLOW_CTX_DAG_RUN_ID='manual__2025-05-02T01:20:23.347496+00:00'
[2025-05-02T01:52:35.139+0000] {taskinstance.py:732} INFO - ::endgroup::
[2025-05-02T01:52:35.183+0000] {base.py:84} INFO - Retrieving connection 'spark_conn'
[2025-05-02T01:52:35.185+0000] {spark_submit.py:473} INFO - Spark-Submit cmd: spark-submit --master local --packages io.delta:delta-spark_2.12:3.3.0,org.apache.hadoop:hadoop-aws:3.3.4 --name arrow-spark --deploy-mode client /opt/etl/enriched_curated/creating_dim_medications.py
[2025-05-02T01:52:38.184+0000] {spark_submit.py:649} INFO - :: loading settings :: url = jar:file:/opt/spark/jars/ivy-2.5.1.jar!/org/apache/ivy/core/settings/ivysettings.xml
[2025-05-02T01:52:38.360+0000] {spark_submit.py:649} INFO - Ivy Default Cache set to: /home/***/.ivy2/cache
[2025-05-02T01:52:38.362+0000] {spark_submit.py:649} INFO - The jars for the packages stored in: /home/***/.ivy2/jars
[2025-05-02T01:52:38.369+0000] {spark_submit.py:649} INFO - io.delta#delta-spark_2.12 added as a dependency
[2025-05-02T01:52:38.370+0000] {spark_submit.py:649} INFO - org.apache.hadoop#hadoop-aws added as a dependency
[2025-05-02T01:52:38.371+0000] {spark_submit.py:649} INFO - :: resolving dependencies :: org.apache.spark#spark-submit-parent-079e141f-dce2-4ef7-96ad-bc56abafc003;1.0
[2025-05-02T01:52:38.372+0000] {spark_submit.py:649} INFO - confs: [default]
[2025-05-02T01:52:38.636+0000] {spark_submit.py:649} INFO - found io.delta#delta-spark_2.12;3.3.0 in central
[2025-05-02T01:52:38.699+0000] {spark_submit.py:649} INFO - found io.delta#delta-storage;3.3.0 in central
[2025-05-02T01:52:38.747+0000] {spark_submit.py:649} INFO - found org.antlr#antlr4-runtime;4.9.3 in central
[2025-05-02T01:52:38.880+0000] {spark_submit.py:649} INFO - found org.apache.hadoop#hadoop-aws;3.3.4 in central
[2025-05-02T01:52:38.928+0000] {spark_submit.py:649} INFO - found com.amazonaws#aws-java-sdk-bundle;1.12.262 in central
[2025-05-02T01:52:38.978+0000] {spark_submit.py:649} INFO - found org.wildfly.openssl#wildfly-openssl;1.0.7.Final in central
[2025-05-02T01:52:39.031+0000] {spark_submit.py:649} INFO - :: resolution report :: resolve 633ms :: artifacts dl 27ms
[2025-05-02T01:52:39.033+0000] {spark_submit.py:649} INFO - :: modules in use:
[2025-05-02T01:52:39.034+0000] {spark_submit.py:649} INFO - com.amazonaws#aws-java-sdk-bundle;1.12.262 from central in [default]
[2025-05-02T01:52:39.036+0000] {spark_submit.py:649} INFO - io.delta#delta-spark_2.12;3.3.0 from central in [default]
[2025-05-02T01:52:39.037+0000] {spark_submit.py:649} INFO - io.delta#delta-storage;3.3.0 from central in [default]
[2025-05-02T01:52:39.038+0000] {spark_submit.py:649} INFO - org.antlr#antlr4-runtime;4.9.3 from central in [default]
[2025-05-02T01:52:39.039+0000] {spark_submit.py:649} INFO - org.apache.hadoop#hadoop-aws;3.3.4 from central in [default]
[2025-05-02T01:52:39.040+0000] {spark_submit.py:649} INFO - org.wildfly.openssl#wildfly-openssl;1.0.7.Final from central in [default]
[2025-05-02T01:52:39.042+0000] {spark_submit.py:649} INFO - ---------------------------------------------------------------------
[2025-05-02T01:52:39.042+0000] {spark_submit.py:649} INFO - |                  |            modules            ||   artifacts   |
[2025-05-02T01:52:39.044+0000] {spark_submit.py:649} INFO - |       conf       | number| search|dwnlded|evicted|| number|dwnlded|
[2025-05-02T01:52:39.045+0000] {spark_submit.py:649} INFO - ---------------------------------------------------------------------
[2025-05-02T01:52:39.046+0000] {spark_submit.py:649} INFO - |      default     |   6   |   0   |   0   |   0   ||   6   |   0   |
[2025-05-02T01:52:39.047+0000] {spark_submit.py:649} INFO - ---------------------------------------------------------------------
[2025-05-02T01:52:39.048+0000] {spark_submit.py:649} INFO - :: retrieving :: org.apache.spark#spark-submit-parent-079e141f-dce2-4ef7-96ad-bc56abafc003
[2025-05-02T01:52:39.048+0000] {spark_submit.py:649} INFO - confs: [default]
[2025-05-02T01:52:39.061+0000] {spark_submit.py:649} INFO - 0 artifacts copied, 6 already retrieved (0kB/15ms)
[2025-05-02T01:52:39.548+0000] {spark_submit.py:649} INFO - 25/05/02 01:52:39 WARN NativeCodeLoader: Unable to load native-hadoop library for your platform... using builtin-java classes where applicable
[2025-05-02T01:52:43.934+0000] {spark_submit.py:649} INFO - Traceback (most recent call last):
[2025-05-02T01:52:43.935+0000] {spark_submit.py:649} INFO - File "/opt/etl/enriched_curated/creating_dim_medications.py", line 201, in <module>
[2025-05-02T01:52:43.944+0000] {spark_submit.py:649} INFO - main()
[2025-05-02T01:52:43.945+0000] {spark_submit.py:649} INFO - File "/opt/etl/enriched_curated/creating_dim_medications.py", line 8, in main
[2025-05-02T01:52:43.952+0000] {spark_submit.py:649} INFO - with open('../config.yaml') as config_file:
[2025-05-02T01:52:43.953+0000] {spark_submit.py:649} INFO - ^^^^^^^^^^^^^^^^^^^^^^
[2025-05-02T01:52:43.953+0000] {spark_submit.py:649} INFO - FileNotFoundError: [Errno 2] No such file or directory: '../config.yaml'
[2025-05-02T01:52:44.035+0000] {spark_submit.py:649} INFO - 25/05/02 01:52:44 INFO ShutdownHookManager: Shutdown hook called
[2025-05-02T01:52:44.037+0000] {spark_submit.py:649} INFO - 25/05/02 01:52:44 INFO ShutdownHookManager: Deleting directory /tmp/spark-710f214a-c0ec-425c-8075-f6007e8301f6
[2025-05-02T01:52:44.089+0000] {taskinstance.py:3313} ERROR - Task failed with exception
Traceback (most recent call last):
  File "/home/airflow/.local/lib/python3.12/site-packages/airflow/models/taskinstance.py", line 768, in _execute_task
    result = _execute_callable(context=context, **execute_callable_kwargs)
             ^^^^^^^^^^^^^^^^^^^^^^^^^^^^^^^^^^^^^^^^^^^^^^^^^^^^^^^^^^^^^
  File "/home/airflow/.local/lib/python3.12/site-packages/airflow/models/taskinstance.py", line 734, in _execute_callable
    return ExecutionCallableRunner(
           ^^^^^^^^^^^^^^^^^^^^^^^^
  File "/home/airflow/.local/lib/python3.12/site-packages/airflow/utils/operator_helpers.py", line 252, in run
    return self.func(*args, **kwargs)
           ^^^^^^^^^^^^^^^^^^^^^^^^^^
  File "/home/airflow/.local/lib/python3.12/site-packages/airflow/models/baseoperator.py", line 424, in wrapper
    return func(self, *args, **kwargs)
           ^^^^^^^^^^^^^^^^^^^^^^^^^^^
  File "/home/airflow/.local/lib/python3.12/site-packages/airflow/providers/apache/spark/operators/spark_submit.py", line 176, in execute
    self._hook.submit(self.application)
  File "/home/airflow/.local/lib/python3.12/site-packages/airflow/providers/apache/spark/hooks/spark_submit.py", line 575, in submit
    raise AirflowException(
airflow.exceptions.AirflowException: Cannot execute: spark-submit --master local --packages io.delta:delta-spark_2.12:3.3.0,org.apache.hadoop:hadoop-aws:3.3.4 --name arrow-spark --deploy-mode client /opt/etl/enriched_curated/creating_dim_medications.py. Error code is: 1.
[2025-05-02T01:52:44.119+0000] {taskinstance.py:1226} INFO - Marking task as FAILED. dag_id=medical_dag_v16, task_id=dim_group.creating_dim_medications, run_id=manual__2025-05-02T01:20:23.347496+00:00, execution_date=20250502T012023, start_date=20250502T015234, end_date=20250502T015244
[2025-05-02T01:52:44.199+0000] {taskinstance.py:341} INFO - ::group::Post task execution logs
[2025-05-02T01:52:44.200+0000] {standard_task_runner.py:124} ERROR - Failed to execute job 149 for task dim_group.creating_dim_medications (Cannot execute: spark-submit --master local --packages io.delta:delta-spark_2.12:3.3.0,org.apache.hadoop:hadoop-aws:3.3.4 --name arrow-spark --deploy-mode client /opt/etl/enriched_curated/creating_dim_medications.py. Error code is: 1.; 3779)
Traceback (most recent call last):
  File "/home/airflow/.local/lib/python3.12/site-packages/airflow/task/task_runner/standard_task_runner.py", line 117, in _start_by_fork
    ret = args.func(args, dag=self.dag)
          ^^^^^^^^^^^^^^^^^^^^^^^^^^^^^
  File "/home/airflow/.local/lib/python3.12/site-packages/airflow/cli/cli_config.py", line 49, in command
    return func(*args, **kwargs)
           ^^^^^^^^^^^^^^^^^^^^^
  File "/home/airflow/.local/lib/python3.12/site-packages/airflow/utils/cli.py", line 116, in wrapper
    return f(*args, **kwargs)
           ^^^^^^^^^^^^^^^^^^
  File "/home/airflow/.local/lib/python3.12/site-packages/airflow/cli/commands/task_command.py", line 483, in task_run
    task_return_code = _run_task_by_selected_method(args, _dag, ti)
                       ^^^^^^^^^^^^^^^^^^^^^^^^^^^^^^^^^^^^^^^^^^^^
  File "/home/airflow/.local/lib/python3.12/site-packages/airflow/cli/commands/task_command.py", line 256, in _run_task_by_selected_method
    return _run_raw_task(args, ti)
           ^^^^^^^^^^^^^^^^^^^^^^^
  File "/home/airflow/.local/lib/python3.12/site-packages/airflow/cli/commands/task_command.py", line 341, in _run_raw_task
    return ti._run_raw_task(
           ^^^^^^^^^^^^^^^^^
  File "/home/airflow/.local/lib/python3.12/site-packages/airflow/utils/session.py", line 97, in wrapper
    return func(*args, session=session, **kwargs)
           ^^^^^^^^^^^^^^^^^^^^^^^^^^^^^^^^^^^^^^
  File "/home/airflow/.local/lib/python3.12/site-packages/airflow/models/taskinstance.py", line 3006, in _run_raw_task
    return _run_raw_task(
           ^^^^^^^^^^^^^^
  File "/home/airflow/.local/lib/python3.12/site-packages/airflow/models/taskinstance.py", line 274, in _run_raw_task
    TaskInstance._execute_task_with_callbacks(
  File "/home/airflow/.local/lib/python3.12/site-packages/airflow/models/taskinstance.py", line 3161, in _execute_task_with_callbacks
    result = self._execute_task(context, task_orig)
             ^^^^^^^^^^^^^^^^^^^^^^^^^^^^^^^^^^^^^^
  File "/home/airflow/.local/lib/python3.12/site-packages/airflow/models/taskinstance.py", line 3185, in _execute_task
    return _execute_task(self, context, task_orig)
           ^^^^^^^^^^^^^^^^^^^^^^^^^^^^^^^^^^^^^^^
  File "/home/airflow/.local/lib/python3.12/site-packages/airflow/models/taskinstance.py", line 768, in _execute_task
    result = _execute_callable(context=context, **execute_callable_kwargs)
             ^^^^^^^^^^^^^^^^^^^^^^^^^^^^^^^^^^^^^^^^^^^^^^^^^^^^^^^^^^^^^
  File "/home/airflow/.local/lib/python3.12/site-packages/airflow/models/taskinstance.py", line 734, in _execute_callable
    return ExecutionCallableRunner(
           ^^^^^^^^^^^^^^^^^^^^^^^^
  File "/home/airflow/.local/lib/python3.12/site-packages/airflow/utils/operator_helpers.py", line 252, in run
    return self.func(*args, **kwargs)
           ^^^^^^^^^^^^^^^^^^^^^^^^^^
  File "/home/airflow/.local/lib/python3.12/site-packages/airflow/models/baseoperator.py", line 424, in wrapper
    return func(self, *args, **kwargs)
           ^^^^^^^^^^^^^^^^^^^^^^^^^^^
  File "/home/airflow/.local/lib/python3.12/site-packages/airflow/providers/apache/spark/operators/spark_submit.py", line 176, in execute
    self._hook.submit(self.application)
  File "/home/airflow/.local/lib/python3.12/site-packages/airflow/providers/apache/spark/hooks/spark_submit.py", line 575, in submit
    raise AirflowException(
airflow.exceptions.AirflowException: Cannot execute: spark-submit --master local --packages io.delta:delta-spark_2.12:3.3.0,org.apache.hadoop:hadoop-aws:3.3.4 --name arrow-spark --deploy-mode client /opt/etl/enriched_curated/creating_dim_medications.py. Error code is: 1.
[2025-05-02T01:52:44.239+0000] {local_task_job_runner.py:266} INFO - Task exited with return code 1
[2025-05-02T01:52:44.273+0000] {taskinstance.py:3901} INFO - 0 downstream tasks scheduled from follow-on schedule check
[2025-05-02T01:52:44.285+0000] {local_task_job_runner.py:245} INFO - ::endgroup::
