[2025-05-07T10:03:04.017+0000] {processor.py:186} INFO - Started process (PID=204) to work on /opt/airflow/dags/raw_enriched_dag.py
[2025-05-07T10:03:04.026+0000] {processor.py:914} INFO - Processing file /opt/airflow/dags/raw_enriched_dag.py for tasks to queue
[2025-05-07T10:03:04.036+0000] {logging_mixin.py:190} INFO - [2025-05-07T10:03:04.034+0000] {dagbag.py:588} INFO - Filling up the DagBag from /opt/airflow/dags/raw_enriched_dag.py
[2025-05-07T10:03:04.186+0000] {processor.py:925} INFO - DAG(s) 'medical_dag_v17' retrieved from /opt/airflow/dags/raw_enriched_dag.py
[2025-05-07T10:03:05.068+0000] {logging_mixin.py:190} INFO - [2025-05-07T10:03:05.068+0000] {dag.py:3239} INFO - Sync 1 DAGs
[2025-05-07T10:03:05.165+0000] {logging_mixin.py:190} INFO - [2025-05-07T10:03:05.165+0000] {dag.py:4180} INFO - Setting next_dagrun for medical_dag_v17 to None, run_after=None
[2025-05-07T10:03:05.271+0000] {processor.py:208} INFO - Processing /opt/airflow/dags/raw_enriched_dag.py took 1.310 seconds
[2025-05-07T10:03:35.464+0000] {processor.py:186} INFO - Started process (PID=220) to work on /opt/airflow/dags/raw_enriched_dag.py
[2025-05-07T10:03:35.469+0000] {processor.py:914} INFO - Processing file /opt/airflow/dags/raw_enriched_dag.py for tasks to queue
[2025-05-07T10:03:35.474+0000] {logging_mixin.py:190} INFO - [2025-05-07T10:03:35.473+0000] {dagbag.py:588} INFO - Filling up the DagBag from /opt/airflow/dags/raw_enriched_dag.py
[2025-05-07T10:03:35.560+0000] {processor.py:925} INFO - DAG(s) 'medical_dag_v17' retrieved from /opt/airflow/dags/raw_enriched_dag.py
[2025-05-07T10:03:36.006+0000] {logging_mixin.py:190} INFO - [2025-05-07T10:03:36.006+0000] {dag.py:3239} INFO - Sync 1 DAGs
[2025-05-07T10:03:36.079+0000] {logging_mixin.py:190} INFO - [2025-05-07T10:03:36.078+0000] {dag.py:4180} INFO - Setting next_dagrun for medical_dag_v17 to None, run_after=None
[2025-05-07T10:03:36.186+0000] {processor.py:208} INFO - Processing /opt/airflow/dags/raw_enriched_dag.py took 0.757 seconds
[2025-05-07T10:04:07.166+0000] {processor.py:186} INFO - Started process (PID=236) to work on /opt/airflow/dags/raw_enriched_dag.py
[2025-05-07T10:04:07.169+0000] {processor.py:914} INFO - Processing file /opt/airflow/dags/raw_enriched_dag.py for tasks to queue
[2025-05-07T10:04:07.173+0000] {logging_mixin.py:190} INFO - [2025-05-07T10:04:07.172+0000] {dagbag.py:588} INFO - Filling up the DagBag from /opt/airflow/dags/raw_enriched_dag.py
[2025-05-07T10:04:07.205+0000] {processor.py:925} INFO - DAG(s) 'medical_dag_v17' retrieved from /opt/airflow/dags/raw_enriched_dag.py
[2025-05-07T10:04:07.464+0000] {logging_mixin.py:190} INFO - [2025-05-07T10:04:07.464+0000] {dag.py:3239} INFO - Sync 1 DAGs
[2025-05-07T10:04:07.491+0000] {logging_mixin.py:190} INFO - [2025-05-07T10:04:07.490+0000] {dag.py:4180} INFO - Setting next_dagrun for medical_dag_v17 to None, run_after=None
[2025-05-07T10:04:07.532+0000] {processor.py:208} INFO - Processing /opt/airflow/dags/raw_enriched_dag.py took 0.379 seconds
[2025-05-07T10:04:37.990+0000] {processor.py:186} INFO - Started process (PID=252) to work on /opt/airflow/dags/raw_enriched_dag.py
[2025-05-07T10:04:37.991+0000] {processor.py:914} INFO - Processing file /opt/airflow/dags/raw_enriched_dag.py for tasks to queue
[2025-05-07T10:04:37.993+0000] {logging_mixin.py:190} INFO - [2025-05-07T10:04:37.992+0000] {dagbag.py:588} INFO - Filling up the DagBag from /opt/airflow/dags/raw_enriched_dag.py
[2025-05-07T10:04:38.014+0000] {processor.py:925} INFO - DAG(s) 'medical_dag_v17' retrieved from /opt/airflow/dags/raw_enriched_dag.py
[2025-05-07T10:04:38.176+0000] {logging_mixin.py:190} INFO - [2025-05-07T10:04:38.176+0000] {dag.py:3239} INFO - Sync 1 DAGs
[2025-05-07T10:04:38.198+0000] {logging_mixin.py:190} INFO - [2025-05-07T10:04:38.198+0000] {dag.py:4180} INFO - Setting next_dagrun for medical_dag_v17 to None, run_after=None
[2025-05-07T10:04:38.243+0000] {processor.py:208} INFO - Processing /opt/airflow/dags/raw_enriched_dag.py took 0.261 seconds
[2025-05-07T10:05:08.524+0000] {processor.py:186} INFO - Started process (PID=268) to work on /opt/airflow/dags/raw_enriched_dag.py
[2025-05-07T10:05:08.525+0000] {processor.py:914} INFO - Processing file /opt/airflow/dags/raw_enriched_dag.py for tasks to queue
[2025-05-07T10:05:08.527+0000] {logging_mixin.py:190} INFO - [2025-05-07T10:05:08.526+0000] {dagbag.py:588} INFO - Filling up the DagBag from /opt/airflow/dags/raw_enriched_dag.py
[2025-05-07T10:05:08.548+0000] {processor.py:925} INFO - DAG(s) 'medical_dag_v17' retrieved from /opt/airflow/dags/raw_enriched_dag.py
[2025-05-07T10:05:08.771+0000] {logging_mixin.py:190} INFO - [2025-05-07T10:05:08.771+0000] {dag.py:3239} INFO - Sync 1 DAGs
[2025-05-07T10:05:08.807+0000] {logging_mixin.py:190} INFO - [2025-05-07T10:05:08.806+0000] {dag.py:4180} INFO - Setting next_dagrun for medical_dag_v17 to None, run_after=None
[2025-05-07T10:05:08.870+0000] {processor.py:208} INFO - Processing /opt/airflow/dags/raw_enriched_dag.py took 0.355 seconds
[2025-05-07T10:05:43.411+0000] {processor.py:186} INFO - Started process (PID=284) to work on /opt/airflow/dags/raw_enriched_dag.py
[2025-05-07T10:05:43.441+0000] {processor.py:914} INFO - Processing file /opt/airflow/dags/raw_enriched_dag.py for tasks to queue
[2025-05-07T10:05:43.463+0000] {logging_mixin.py:190} INFO - [2025-05-07T10:05:43.460+0000] {dagbag.py:588} INFO - Filling up the DagBag from /opt/airflow/dags/raw_enriched_dag.py
[2025-05-07T10:05:44.139+0000] {processor.py:925} INFO - DAG(s) 'medical_dag_v17' retrieved from /opt/airflow/dags/raw_enriched_dag.py
[2025-05-07T10:05:49.549+0000] {logging_mixin.py:190} INFO - [2025-05-07T10:05:49.540+0000] {dag.py:3239} INFO - Sync 1 DAGs
[2025-05-07T10:05:50.197+0000] {logging_mixin.py:190} INFO - [2025-05-07T10:05:50.196+0000] {dag.py:4180} INFO - Setting next_dagrun for medical_dag_v17 to None, run_after=None
[2025-05-07T10:05:50.833+0000] {processor.py:208} INFO - Processing /opt/airflow/dags/raw_enriched_dag.py took 7.574 seconds
