[2025-04-29T08:47:16.433+0000] {processor.py:186} INFO - Started process (PID=206) to work on /opt/airflow/dags/raw_enriched_dag.py
[2025-04-29T08:47:16.439+0000] {processor.py:914} INFO - Processing file /opt/airflow/dags/raw_enriched_dag.py for tasks to queue
[2025-04-29T08:47:16.445+0000] {logging_mixin.py:190} INFO - [2025-04-29T08:47:16.443+0000] {dagbag.py:588} INFO - Filling up the DagBag from /opt/airflow/dags/raw_enriched_dag.py
[2025-04-29T08:47:16.602+0000] {processor.py:925} INFO - DAG(s) 'medical_dag_v3' retrieved from /opt/airflow/dags/raw_enriched_dag.py
[2025-04-29T08:47:17.211+0000] {logging_mixin.py:190} INFO - [2025-04-29T08:47:17.210+0000] {dag.py:3239} INFO - Sync 1 DAGs
[2025-04-29T08:47:17.302+0000] {logging_mixin.py:190} INFO - [2025-04-29T08:47:17.302+0000] {dag.py:4180} INFO - Setting next_dagrun for medical_dag_v3 to None, run_after=None
[2025-04-29T08:47:17.436+0000] {processor.py:208} INFO - Processing /opt/airflow/dags/raw_enriched_dag.py took 1.029 seconds
[2025-04-29T08:47:49.447+0000] {processor.py:186} INFO - Started process (PID=222) to work on /opt/airflow/dags/raw_enriched_dag.py
[2025-04-29T08:47:49.451+0000] {processor.py:914} INFO - Processing file /opt/airflow/dags/raw_enriched_dag.py for tasks to queue
[2025-04-29T08:47:49.457+0000] {logging_mixin.py:190} INFO - [2025-04-29T08:47:49.455+0000] {dagbag.py:588} INFO - Filling up the DagBag from /opt/airflow/dags/raw_enriched_dag.py
[2025-04-29T08:47:49.534+0000] {processor.py:925} INFO - DAG(s) 'medical_dag_v3' retrieved from /opt/airflow/dags/raw_enriched_dag.py
[2025-04-29T08:47:50.657+0000] {logging_mixin.py:190} INFO - [2025-04-29T08:47:50.656+0000] {dag.py:3239} INFO - Sync 1 DAGs
[2025-04-29T08:47:50.782+0000] {logging_mixin.py:190} INFO - [2025-04-29T08:47:50.781+0000] {dag.py:4180} INFO - Setting next_dagrun for medical_dag_v3 to None, run_after=None
[2025-04-29T08:47:50.932+0000] {processor.py:208} INFO - Processing /opt/airflow/dags/raw_enriched_dag.py took 1.527 seconds
[2025-04-29T08:48:23.075+0000] {processor.py:186} INFO - Started process (PID=238) to work on /opt/airflow/dags/raw_enriched_dag.py
[2025-04-29T08:48:23.076+0000] {processor.py:914} INFO - Processing file /opt/airflow/dags/raw_enriched_dag.py for tasks to queue
[2025-04-29T08:48:23.077+0000] {logging_mixin.py:190} INFO - [2025-04-29T08:48:23.077+0000] {dagbag.py:588} INFO - Filling up the DagBag from /opt/airflow/dags/raw_enriched_dag.py
[2025-04-29T08:48:23.098+0000] {processor.py:925} INFO - DAG(s) 'medical_dag_v3' retrieved from /opt/airflow/dags/raw_enriched_dag.py
[2025-04-29T08:48:23.226+0000] {logging_mixin.py:190} INFO - [2025-04-29T08:48:23.226+0000] {dag.py:3239} INFO - Sync 1 DAGs
[2025-04-29T08:48:23.240+0000] {logging_mixin.py:190} INFO - [2025-04-29T08:48:23.239+0000] {dag.py:4180} INFO - Setting next_dagrun for medical_dag_v3 to None, run_after=None
[2025-04-29T08:48:23.274+0000] {processor.py:208} INFO - Processing /opt/airflow/dags/raw_enriched_dag.py took 0.205 seconds
[2025-04-29T08:48:56.399+0000] {processor.py:186} INFO - Started process (PID=254) to work on /opt/airflow/dags/raw_enriched_dag.py
[2025-04-29T08:48:56.401+0000] {processor.py:914} INFO - Processing file /opt/airflow/dags/raw_enriched_dag.py for tasks to queue
[2025-04-29T08:48:56.403+0000] {logging_mixin.py:190} INFO - [2025-04-29T08:48:56.402+0000] {dagbag.py:588} INFO - Filling up the DagBag from /opt/airflow/dags/raw_enriched_dag.py
[2025-04-29T08:48:56.447+0000] {processor.py:925} INFO - DAG(s) 'medical_dag_v3' retrieved from /opt/airflow/dags/raw_enriched_dag.py
[2025-04-29T08:48:56.656+0000] {logging_mixin.py:190} INFO - [2025-04-29T08:48:56.656+0000] {dag.py:3239} INFO - Sync 1 DAGs
[2025-04-29T08:48:56.671+0000] {logging_mixin.py:190} INFO - [2025-04-29T08:48:56.671+0000] {dag.py:4180} INFO - Setting next_dagrun for medical_dag_v3 to None, run_after=None
[2025-04-29T08:48:56.711+0000] {processor.py:208} INFO - Processing /opt/airflow/dags/raw_enriched_dag.py took 0.321 seconds
[2025-04-29T08:49:28.798+0000] {processor.py:186} INFO - Started process (PID=271) to work on /opt/airflow/dags/raw_enriched_dag.py
[2025-04-29T08:49:28.799+0000] {processor.py:914} INFO - Processing file /opt/airflow/dags/raw_enriched_dag.py for tasks to queue
[2025-04-29T08:49:28.801+0000] {logging_mixin.py:190} INFO - [2025-04-29T08:49:28.800+0000] {dagbag.py:588} INFO - Filling up the DagBag from /opt/airflow/dags/raw_enriched_dag.py
[2025-04-29T08:49:28.823+0000] {processor.py:925} INFO - DAG(s) 'medical_dag_v3' retrieved from /opt/airflow/dags/raw_enriched_dag.py
[2025-04-29T08:49:28.946+0000] {logging_mixin.py:190} INFO - [2025-04-29T08:49:28.946+0000] {dag.py:3239} INFO - Sync 1 DAGs
[2025-04-29T08:49:28.958+0000] {logging_mixin.py:190} INFO - [2025-04-29T08:49:28.958+0000] {dag.py:4180} INFO - Setting next_dagrun for medical_dag_v3 to None, run_after=None
[2025-04-29T08:49:28.987+0000] {processor.py:208} INFO - Processing /opt/airflow/dags/raw_enriched_dag.py took 0.195 seconds
[2025-04-29T08:50:02.109+0000] {processor.py:186} INFO - Started process (PID=287) to work on /opt/airflow/dags/raw_enriched_dag.py
[2025-04-29T08:50:02.111+0000] {processor.py:914} INFO - Processing file /opt/airflow/dags/raw_enriched_dag.py for tasks to queue
[2025-04-29T08:50:02.113+0000] {logging_mixin.py:190} INFO - [2025-04-29T08:50:02.113+0000] {dagbag.py:588} INFO - Filling up the DagBag from /opt/airflow/dags/raw_enriched_dag.py
[2025-04-29T08:50:02.183+0000] {processor.py:925} INFO - DAG(s) 'medical_dag_v3' retrieved from /opt/airflow/dags/raw_enriched_dag.py
[2025-04-29T08:50:02.362+0000] {logging_mixin.py:190} INFO - [2025-04-29T08:50:02.361+0000] {dag.py:3239} INFO - Sync 1 DAGs
[2025-04-29T08:50:02.375+0000] {logging_mixin.py:190} INFO - [2025-04-29T08:50:02.375+0000] {dag.py:4180} INFO - Setting next_dagrun for medical_dag_v3 to None, run_after=None
[2025-04-29T08:50:02.405+0000] {processor.py:208} INFO - Processing /opt/airflow/dags/raw_enriched_dag.py took 0.309 seconds
[2025-04-29T08:50:35.589+0000] {processor.py:186} INFO - Started process (PID=303) to work on /opt/airflow/dags/raw_enriched_dag.py
[2025-04-29T08:50:35.605+0000] {processor.py:914} INFO - Processing file /opt/airflow/dags/raw_enriched_dag.py for tasks to queue
[2025-04-29T08:50:35.653+0000] {logging_mixin.py:190} INFO - [2025-04-29T08:50:35.642+0000] {dagbag.py:588} INFO - Filling up the DagBag from /opt/airflow/dags/raw_enriched_dag.py
[2025-04-29T08:50:36.261+0000] {processor.py:925} INFO - DAG(s) 'medical_dag_v3' retrieved from /opt/airflow/dags/raw_enriched_dag.py
[2025-04-29T08:50:37.939+0000] {logging_mixin.py:190} INFO - [2025-04-29T08:50:37.938+0000] {dag.py:3239} INFO - Sync 1 DAGs
[2025-04-29T08:50:38.083+0000] {logging_mixin.py:190} INFO - [2025-04-29T08:50:38.082+0000] {dag.py:4180} INFO - Setting next_dagrun for medical_dag_v3 to None, run_after=None
[2025-04-29T08:50:38.364+0000] {processor.py:208} INFO - Processing /opt/airflow/dags/raw_enriched_dag.py took 2.887 seconds
[2025-04-29T08:51:08.600+0000] {processor.py:186} INFO - Started process (PID=319) to work on /opt/airflow/dags/raw_enriched_dag.py
[2025-04-29T08:51:08.604+0000] {processor.py:914} INFO - Processing file /opt/airflow/dags/raw_enriched_dag.py for tasks to queue
[2025-04-29T08:51:08.610+0000] {logging_mixin.py:190} INFO - [2025-04-29T08:51:08.609+0000] {dagbag.py:588} INFO - Filling up the DagBag from /opt/airflow/dags/raw_enriched_dag.py
[2025-04-29T08:51:08.725+0000] {processor.py:925} INFO - DAG(s) 'medical_dag_v3' retrieved from /opt/airflow/dags/raw_enriched_dag.py
[2025-04-29T08:51:09.394+0000] {logging_mixin.py:190} INFO - [2025-04-29T08:51:09.392+0000] {dag.py:3239} INFO - Sync 1 DAGs
[2025-04-29T08:51:09.516+0000] {logging_mixin.py:190} INFO - [2025-04-29T08:51:09.515+0000] {dag.py:4180} INFO - Setting next_dagrun for medical_dag_v3 to None, run_after=None
[2025-04-29T08:51:09.654+0000] {processor.py:208} INFO - Processing /opt/airflow/dags/raw_enriched_dag.py took 1.080 seconds
[2025-04-29T08:51:40.503+0000] {processor.py:186} INFO - Started process (PID=335) to work on /opt/airflow/dags/raw_enriched_dag.py
[2025-04-29T08:51:40.505+0000] {processor.py:914} INFO - Processing file /opt/airflow/dags/raw_enriched_dag.py for tasks to queue
[2025-04-29T08:51:40.508+0000] {logging_mixin.py:190} INFO - [2025-04-29T08:51:40.507+0000] {dagbag.py:588} INFO - Filling up the DagBag from /opt/airflow/dags/raw_enriched_dag.py
[2025-04-29T08:51:40.552+0000] {processor.py:925} INFO - DAG(s) 'medical_dag_v3' retrieved from /opt/airflow/dags/raw_enriched_dag.py
[2025-04-29T08:51:40.789+0000] {logging_mixin.py:190} INFO - [2025-04-29T08:51:40.789+0000] {dag.py:3239} INFO - Sync 1 DAGs
[2025-04-29T08:51:40.812+0000] {logging_mixin.py:190} INFO - [2025-04-29T08:51:40.812+0000] {dag.py:4180} INFO - Setting next_dagrun for medical_dag_v3 to None, run_after=None
[2025-04-29T08:51:40.866+0000] {processor.py:208} INFO - Processing /opt/airflow/dags/raw_enriched_dag.py took 0.377 seconds
[2025-04-29T08:52:13.835+0000] {processor.py:186} INFO - Started process (PID=351) to work on /opt/airflow/dags/raw_enriched_dag.py
[2025-04-29T08:52:13.849+0000] {processor.py:914} INFO - Processing file /opt/airflow/dags/raw_enriched_dag.py for tasks to queue
[2025-04-29T08:52:13.867+0000] {logging_mixin.py:190} INFO - [2025-04-29T08:52:13.865+0000] {dagbag.py:588} INFO - Filling up the DagBag from /opt/airflow/dags/raw_enriched_dag.py
[2025-04-29T08:52:14.328+0000] {processor.py:925} INFO - DAG(s) 'medical_dag_v3' retrieved from /opt/airflow/dags/raw_enriched_dag.py
[2025-04-29T08:52:16.354+0000] {logging_mixin.py:190} INFO - [2025-04-29T08:52:16.354+0000] {dag.py:3239} INFO - Sync 1 DAGs
[2025-04-29T08:52:16.496+0000] {logging_mixin.py:190} INFO - [2025-04-29T08:52:16.496+0000] {dag.py:4180} INFO - Setting next_dagrun for medical_dag_v3 to None, run_after=None
[2025-04-29T08:52:16.755+0000] {processor.py:208} INFO - Processing /opt/airflow/dags/raw_enriched_dag.py took 2.987 seconds
[2025-04-29T08:52:31.406+0000] {processor.py:186} INFO - Started process (PID=367) to work on /opt/airflow/dags/raw_enriched_dag.py
[2025-04-29T08:52:31.409+0000] {processor.py:914} INFO - Processing file /opt/airflow/dags/raw_enriched_dag.py for tasks to queue
[2025-04-29T08:52:31.415+0000] {logging_mixin.py:190} INFO - [2025-04-29T08:52:31.413+0000] {dagbag.py:588} INFO - Filling up the DagBag from /opt/airflow/dags/raw_enriched_dag.py
[2025-04-29T08:52:31.552+0000] {processor.py:925} INFO - DAG(s) 'medical_dag_v4' retrieved from /opt/airflow/dags/raw_enriched_dag.py
[2025-04-29T08:52:32.633+0000] {logging_mixin.py:190} INFO - [2025-04-29T08:52:32.627+0000] {override.py:1901} INFO - Created Permission View: can edit on DAG:medical_dag_v4
[2025-04-29T08:52:32.669+0000] {logging_mixin.py:190} INFO - [2025-04-29T08:52:32.667+0000] {override.py:1901} INFO - Created Permission View: can delete on DAG:medical_dag_v4
[2025-04-29T08:52:32.695+0000] {logging_mixin.py:190} INFO - [2025-04-29T08:52:32.694+0000] {override.py:1901} INFO - Created Permission View: can read on DAG:medical_dag_v4
[2025-04-29T08:52:32.732+0000] {logging_mixin.py:190} INFO - [2025-04-29T08:52:32.731+0000] {override.py:1901} INFO - Created Permission View: can delete on DAG Run:medical_dag_v4
[2025-04-29T08:52:32.756+0000] {logging_mixin.py:190} INFO - [2025-04-29T08:52:32.756+0000] {override.py:1901} INFO - Created Permission View: can create on DAG Run:medical_dag_v4
[2025-04-29T08:52:32.782+0000] {logging_mixin.py:190} INFO - [2025-04-29T08:52:32.781+0000] {override.py:1901} INFO - Created Permission View: menu access on DAG Run:medical_dag_v4
[2025-04-29T08:52:32.807+0000] {logging_mixin.py:190} INFO - [2025-04-29T08:52:32.806+0000] {override.py:1901} INFO - Created Permission View: can read on DAG Run:medical_dag_v4
[2025-04-29T08:52:32.809+0000] {logging_mixin.py:190} INFO - [2025-04-29T08:52:32.808+0000] {dag.py:3239} INFO - Sync 1 DAGs
[2025-04-29T08:52:32.856+0000] {logging_mixin.py:190} INFO - [2025-04-29T08:52:32.855+0000] {dag.py:3262} INFO - Creating ORM DAG for medical_dag_v4
[2025-04-29T08:52:32.859+0000] {logging_mixin.py:190} INFO - [2025-04-29T08:52:32.858+0000] {dag.py:4180} INFO - Setting next_dagrun for medical_dag_v4 to None, run_after=None
[2025-04-29T08:52:32.969+0000] {processor.py:208} INFO - Processing /opt/airflow/dags/raw_enriched_dag.py took 1.584 seconds
[2025-04-29T08:53:03.166+0000] {processor.py:186} INFO - Started process (PID=383) to work on /opt/airflow/dags/raw_enriched_dag.py
[2025-04-29T08:53:03.169+0000] {processor.py:914} INFO - Processing file /opt/airflow/dags/raw_enriched_dag.py for tasks to queue
[2025-04-29T08:53:03.174+0000] {logging_mixin.py:190} INFO - [2025-04-29T08:53:03.172+0000] {dagbag.py:588} INFO - Filling up the DagBag from /opt/airflow/dags/raw_enriched_dag.py
[2025-04-29T08:53:03.270+0000] {processor.py:925} INFO - DAG(s) 'medical_dag_v4' retrieved from /opt/airflow/dags/raw_enriched_dag.py
[2025-04-29T08:53:03.873+0000] {logging_mixin.py:190} INFO - [2025-04-29T08:53:03.872+0000] {dag.py:3239} INFO - Sync 1 DAGs
[2025-04-29T08:53:03.939+0000] {logging_mixin.py:190} INFO - [2025-04-29T08:53:03.938+0000] {dag.py:4180} INFO - Setting next_dagrun for medical_dag_v4 to None, run_after=None
[2025-04-29T08:53:04.086+0000] {processor.py:208} INFO - Processing /opt/airflow/dags/raw_enriched_dag.py took 0.942 seconds
[2025-04-29T08:53:34.391+0000] {processor.py:186} INFO - Started process (PID=494) to work on /opt/airflow/dags/raw_enriched_dag.py
[2025-04-29T08:53:34.398+0000] {processor.py:914} INFO - Processing file /opt/airflow/dags/raw_enriched_dag.py for tasks to queue
[2025-04-29T08:53:34.418+0000] {logging_mixin.py:190} INFO - [2025-04-29T08:53:34.402+0000] {dagbag.py:588} INFO - Filling up the DagBag from /opt/airflow/dags/raw_enriched_dag.py
[2025-04-29T08:53:34.568+0000] {processor.py:925} INFO - DAG(s) 'medical_dag_v4' retrieved from /opt/airflow/dags/raw_enriched_dag.py
[2025-04-29T08:53:35.763+0000] {logging_mixin.py:190} INFO - [2025-04-29T08:53:35.762+0000] {dag.py:3239} INFO - Sync 1 DAGs
[2025-04-29T08:53:35.832+0000] {logging_mixin.py:190} INFO - [2025-04-29T08:53:35.832+0000] {dag.py:4180} INFO - Setting next_dagrun for medical_dag_v4 to None, run_after=None
[2025-04-29T08:53:35.979+0000] {processor.py:208} INFO - Processing /opt/airflow/dags/raw_enriched_dag.py took 1.633 seconds
[2025-04-29T08:54:06.178+0000] {processor.py:186} INFO - Started process (PID=569) to work on /opt/airflow/dags/raw_enriched_dag.py
[2025-04-29T08:54:06.181+0000] {processor.py:914} INFO - Processing file /opt/airflow/dags/raw_enriched_dag.py for tasks to queue
[2025-04-29T08:54:06.185+0000] {logging_mixin.py:190} INFO - [2025-04-29T08:54:06.183+0000] {dagbag.py:588} INFO - Filling up the DagBag from /opt/airflow/dags/raw_enriched_dag.py
[2025-04-29T08:54:06.262+0000] {processor.py:925} INFO - DAG(s) 'medical_dag_v4' retrieved from /opt/airflow/dags/raw_enriched_dag.py
[2025-04-29T08:54:06.895+0000] {logging_mixin.py:190} INFO - [2025-04-29T08:54:06.894+0000] {dag.py:3239} INFO - Sync 1 DAGs
[2025-04-29T08:54:06.926+0000] {logging_mixin.py:190} INFO - [2025-04-29T08:54:06.926+0000] {dag.py:4180} INFO - Setting next_dagrun for medical_dag_v4 to None, run_after=None
[2025-04-29T08:54:07.000+0000] {processor.py:208} INFO - Processing /opt/airflow/dags/raw_enriched_dag.py took 0.841 seconds
[2025-04-29T08:59:52.811+0000] {processor.py:186} INFO - Started process (PID=588) to work on /opt/airflow/dags/raw_enriched_dag.py
[2025-04-29T08:59:52.827+0000] {processor.py:914} INFO - Processing file /opt/airflow/dags/raw_enriched_dag.py for tasks to queue
[2025-04-29T08:59:52.837+0000] {logging_mixin.py:190} INFO - [2025-04-29T08:59:52.834+0000] {dagbag.py:588} INFO - Filling up the DagBag from /opt/airflow/dags/raw_enriched_dag.py
[2025-04-29T08:59:53.020+0000] {processor.py:925} INFO - DAG(s) 'medical_dag_v4' retrieved from /opt/airflow/dags/raw_enriched_dag.py
[2025-04-29T08:59:53.853+0000] {logging_mixin.py:190} INFO - [2025-04-29T08:59:53.852+0000] {dag.py:3239} INFO - Sync 1 DAGs
[2025-04-29T08:59:53.924+0000] {logging_mixin.py:190} INFO - [2025-04-29T08:59:53.923+0000] {dag.py:4180} INFO - Setting next_dagrun for medical_dag_v4 to None, run_after=None
[2025-04-29T08:59:54.075+0000] {processor.py:208} INFO - Processing /opt/airflow/dags/raw_enriched_dag.py took 1.950 seconds
[2025-04-29T08:59:55.904+0000] {processor.py:186} INFO - Started process (PID=596) to work on /opt/airflow/dags/raw_enriched_dag.py
[2025-04-29T08:59:55.910+0000] {processor.py:914} INFO - Processing file /opt/airflow/dags/raw_enriched_dag.py for tasks to queue
[2025-04-29T08:59:55.914+0000] {logging_mixin.py:190} INFO - [2025-04-29T08:59:55.913+0000] {dagbag.py:588} INFO - Filling up the DagBag from /opt/airflow/dags/raw_enriched_dag.py
[2025-04-29T08:59:56.015+0000] {processor.py:925} INFO - DAG(s) 'medical_dag_v4' retrieved from /opt/airflow/dags/raw_enriched_dag.py
[2025-04-29T08:59:56.103+0000] {logging_mixin.py:190} INFO - [2025-04-29T08:59:56.081+0000] {taskinstance.py:3315} ERROR - {'DAG Id': 'medical_dag_v4', 'Task Id': 'raw_enriched_group.creating_enriched_observations', 'Run Id': 'manual__2025-04-29T08:53:01.718894+00:00', 'Hostname': 'airflow-scheduler'}
[2025-04-29T08:59:56.169+0000] {logging_mixin.py:190} INFO - [2025-04-29T08:59:56.169+0000] {taskinstance.py:1226} INFO - Marking task as FAILED. dag_id=medical_dag_v4, task_id=raw_enriched_group.creating_enriched_observations, run_id=manual__2025-04-29T08:53:01.718894+00:00, execution_date=20250429T085301, start_date=20250429T085955, end_date=20250429T085956
[2025-04-29T08:59:56.276+0000] {logging_mixin.py:190} INFO - [2025-04-29T08:59:56.275+0000] {processor.py:876} INFO - Executed callback for <TaskInstance: medical_dag_v4.raw_enriched_group.creating_enriched_observations manual__2025-04-29T08:53:01.718894+00:00 [failed]> in state failed
[2025-04-29T08:59:56.284+0000] {logging_mixin.py:190} INFO - [2025-04-29T08:59:56.284+0000] {dag.py:3239} INFO - Sync 1 DAGs
[2025-04-29T08:59:56.319+0000] {logging_mixin.py:190} INFO - [2025-04-29T08:59:56.319+0000] {dag.py:4180} INFO - Setting next_dagrun for medical_dag_v4 to None, run_after=None
[2025-04-29T08:59:56.373+0000] {processor.py:208} INFO - Processing /opt/airflow/dags/raw_enriched_dag.py took 0.490 seconds
[2025-04-29T09:00:27.239+0000] {processor.py:186} INFO - Started process (PID=739) to work on /opt/airflow/dags/raw_enriched_dag.py
[2025-04-29T09:00:27.243+0000] {processor.py:914} INFO - Processing file /opt/airflow/dags/raw_enriched_dag.py for tasks to queue
[2025-04-29T09:00:27.251+0000] {logging_mixin.py:190} INFO - [2025-04-29T09:00:27.248+0000] {dagbag.py:588} INFO - Filling up the DagBag from /opt/airflow/dags/raw_enriched_dag.py
[2025-04-29T09:00:27.443+0000] {processor.py:925} INFO - DAG(s) 'medical_dag_v4' retrieved from /opt/airflow/dags/raw_enriched_dag.py
[2025-04-29T09:00:28.187+0000] {logging_mixin.py:190} INFO - [2025-04-29T09:00:28.186+0000] {dag.py:3239} INFO - Sync 1 DAGs
[2025-04-29T09:00:28.236+0000] {logging_mixin.py:190} INFO - [2025-04-29T09:00:28.235+0000] {dag.py:4180} INFO - Setting next_dagrun for medical_dag_v4 to None, run_after=None
[2025-04-29T09:00:28.359+0000] {processor.py:208} INFO - Processing /opt/airflow/dags/raw_enriched_dag.py took 1.162 seconds
[2025-04-29T09:00:59.177+0000] {processor.py:186} INFO - Started process (PID=832) to work on /opt/airflow/dags/raw_enriched_dag.py
[2025-04-29T09:00:59.190+0000] {processor.py:914} INFO - Processing file /opt/airflow/dags/raw_enriched_dag.py for tasks to queue
[2025-04-29T09:00:59.251+0000] {logging_mixin.py:190} INFO - [2025-04-29T09:00:59.236+0000] {dagbag.py:588} INFO - Filling up the DagBag from /opt/airflow/dags/raw_enriched_dag.py
[2025-04-29T09:00:59.660+0000] {processor.py:925} INFO - DAG(s) 'medical_dag_v4' retrieved from /opt/airflow/dags/raw_enriched_dag.py
[2025-04-29T09:01:01.142+0000] {logging_mixin.py:190} INFO - [2025-04-29T09:01:01.138+0000] {dag.py:3239} INFO - Sync 1 DAGs
[2025-04-29T09:01:01.229+0000] {logging_mixin.py:190} INFO - [2025-04-29T09:01:01.227+0000] {dag.py:4180} INFO - Setting next_dagrun for medical_dag_v4 to None, run_after=None
[2025-04-29T09:01:01.492+0000] {processor.py:208} INFO - Processing /opt/airflow/dags/raw_enriched_dag.py took 2.436 seconds
[2025-04-29T09:01:33.289+0000] {processor.py:186} INFO - Started process (PID=848) to work on /opt/airflow/dags/raw_enriched_dag.py
[2025-04-29T09:01:33.311+0000] {processor.py:914} INFO - Processing file /opt/airflow/dags/raw_enriched_dag.py for tasks to queue
[2025-04-29T09:01:33.346+0000] {logging_mixin.py:190} INFO - [2025-04-29T09:01:33.342+0000] {dagbag.py:588} INFO - Filling up the DagBag from /opt/airflow/dags/raw_enriched_dag.py
[2025-04-29T09:01:33.732+0000] {processor.py:925} INFO - DAG(s) 'medical_dag_v4' retrieved from /opt/airflow/dags/raw_enriched_dag.py
[2025-04-29T09:01:37.303+0000] {logging_mixin.py:190} INFO - [2025-04-29T09:01:37.284+0000] {dag.py:3239} INFO - Sync 1 DAGs
[2025-04-29T09:01:37.431+0000] {logging_mixin.py:190} INFO - [2025-04-29T09:01:37.428+0000] {dag.py:4180} INFO - Setting next_dagrun for medical_dag_v4 to None, run_after=None
[2025-04-29T09:01:37.681+0000] {processor.py:208} INFO - Processing /opt/airflow/dags/raw_enriched_dag.py took 4.507 seconds
[2025-04-29T09:02:08.545+0000] {processor.py:186} INFO - Started process (PID=869) to work on /opt/airflow/dags/raw_enriched_dag.py
[2025-04-29T09:02:08.552+0000] {processor.py:914} INFO - Processing file /opt/airflow/dags/raw_enriched_dag.py for tasks to queue
[2025-04-29T09:02:08.560+0000] {logging_mixin.py:190} INFO - [2025-04-29T09:02:08.556+0000] {dagbag.py:588} INFO - Filling up the DagBag from /opt/airflow/dags/raw_enriched_dag.py
[2025-04-29T09:02:08.741+0000] {processor.py:925} INFO - DAG(s) 'medical_dag_v4' retrieved from /opt/airflow/dags/raw_enriched_dag.py
[2025-04-29T09:03:29.782+0000] {processor.py:186} INFO - Started process (PID=877) to work on /opt/airflow/dags/raw_enriched_dag.py
[2025-04-29T09:03:29.785+0000] {processor.py:914} INFO - Processing file /opt/airflow/dags/raw_enriched_dag.py for tasks to queue
[2025-04-29T09:03:29.790+0000] {logging_mixin.py:190} INFO - [2025-04-29T09:03:29.788+0000] {dagbag.py:588} INFO - Filling up the DagBag from /opt/airflow/dags/raw_enriched_dag.py
[2025-04-29T09:03:29.920+0000] {processor.py:925} INFO - DAG(s) 'medical_dag_v4' retrieved from /opt/airflow/dags/raw_enriched_dag.py
[2025-04-29T09:04:50.432+0000] {processor.py:186} INFO - Started process (PID=883) to work on /opt/airflow/dags/raw_enriched_dag.py
[2025-04-29T09:04:50.435+0000] {processor.py:914} INFO - Processing file /opt/airflow/dags/raw_enriched_dag.py for tasks to queue
[2025-04-29T09:04:50.439+0000] {logging_mixin.py:190} INFO - [2025-04-29T09:04:50.437+0000] {dagbag.py:588} INFO - Filling up the DagBag from /opt/airflow/dags/raw_enriched_dag.py
[2025-04-29T09:04:50.531+0000] {processor.py:925} INFO - DAG(s) 'medical_dag_v4' retrieved from /opt/airflow/dags/raw_enriched_dag.py
[2025-04-29T09:06:14.700+0000] {processor.py:186} INFO - Started process (PID=898) to work on /opt/airflow/dags/raw_enriched_dag.py
[2025-04-29T09:06:16.246+0000] {processor.py:914} INFO - Processing file /opt/airflow/dags/raw_enriched_dag.py for tasks to queue
[2025-04-29T09:06:21.992+0000] {logging_mixin.py:190} INFO - [2025-04-29T09:06:18.362+0000] {dagbag.py:588} INFO - Filling up the DagBag from /opt/airflow/dags/raw_enriched_dag.py
[2025-04-29T09:10:30.331+0000] {logging_mixin.py:190} INFO - [2025-04-29T09:09:27.504+0000] {timeout.py:68} ERROR - Process timed out, PID: 898
[2025-04-29T09:11:44.283+0000] {logging_mixin.py:190} INFO - [2025-04-29T09:11:38.900+0000] {dagbag.py:387} ERROR - Failed to import: /opt/airflow/dags/raw_enriched_dag.py
Traceback (most recent call last):
  File "/home/airflow/.local/lib/python3.12/site-packages/airflow/models/dagbag.py", line 383, in parse
    loader.exec_module(new_module)
  File "<frozen importlib._bootstrap_external>", line 999, in exec_module
  File "<frozen importlib._bootstrap>", line 488, in _call_with_frames_removed
  File "/opt/airflow/dags/raw_enriched_dag.py", line 13, in <module>
    , 'retry_delay': pendulum.duration(seconds = 1)
                     ^^^^^^^^^^^^^^^^^^^^^^^^^^^^^^
  File "/home/airflow/.local/lib/python3.12/site-packages/pendulum/__init__.py", line 307, in duration
    def duration(
    
  File "/home/airflow/.local/lib/python3.12/site-packages/airflow/utils/timeout.py", line 69, in handle_timeout
    raise AirflowTaskTimeout(self.error_message)
airflow.exceptions.AirflowTaskTimeout: DagBag import timeout for /opt/airflow/dags/raw_enriched_dag.py after 30.0s.
Please take a look at these docs to improve your DAG import time:
* https://airflow.apache.org/docs/apache-airflow/2.10.5/best-practices.html#top-level-python-code
* https://airflow.apache.org/docs/apache-airflow/2.10.5/best-practices.html#reducing-dag-complexity, PID: 898
[2025-04-29T09:11:45.379+0000] {processor.py:927} WARNING - No viable dags retrieved from /opt/airflow/dags/raw_enriched_dag.py
[2025-04-29T09:12:21.235+0000] {processor.py:211} ERROR - Got an exception! Propagating...
Traceback (most recent call last):
  File "/home/airflow/.local/lib/python3.12/site-packages/sqlalchemy/engine/base.py", line 3371, in _wrap_pool_connect
    return fn()
           ^^^^
  File "/home/airflow/.local/lib/python3.12/site-packages/sqlalchemy/pool/base.py", line 327, in connect
    return _ConnectionFairy._checkout(self)
           ^^^^^^^^^^^^^^^^^^^^^^^^^^^^^^^^
  File "/home/airflow/.local/lib/python3.12/site-packages/sqlalchemy/pool/base.py", line 894, in _checkout
    fairy = _ConnectionRecord.checkout(pool)
            ^^^^^^^^^^^^^^^^^^^^^^^^^^^^^^^^
  File "/home/airflow/.local/lib/python3.12/site-packages/sqlalchemy/pool/base.py", line 493, in checkout
    rec = pool._do_get()
          ^^^^^^^^^^^^^^
  File "/home/airflow/.local/lib/python3.12/site-packages/sqlalchemy/pool/impl.py", line 145, in _do_get
    with util.safe_reraise():
         ^^^^^^^^^^^^^^^^^^^
  File "/home/airflow/.local/lib/python3.12/site-packages/sqlalchemy/util/langhelpers.py", line 70, in __exit__
    compat.raise_(
  File "/home/airflow/.local/lib/python3.12/site-packages/sqlalchemy/util/compat.py", line 211, in raise_
    raise exception
  File "/home/airflow/.local/lib/python3.12/site-packages/sqlalchemy/pool/impl.py", line 143, in _do_get
    return self._create_connection()
           ^^^^^^^^^^^^^^^^^^^^^^^^^
  File "/home/airflow/.local/lib/python3.12/site-packages/sqlalchemy/pool/base.py", line 273, in _create_connection
    return _ConnectionRecord(self)
           ^^^^^^^^^^^^^^^^^^^^^^^
  File "/home/airflow/.local/lib/python3.12/site-packages/sqlalchemy/pool/base.py", line 388, in __init__
    self.__connect()
  File "/home/airflow/.local/lib/python3.12/site-packages/sqlalchemy/pool/base.py", line 690, in __connect
    with util.safe_reraise():
         ^^^^^^^^^^^^^^^^^^^
  File "/home/airflow/.local/lib/python3.12/site-packages/sqlalchemy/util/langhelpers.py", line 70, in __exit__
    compat.raise_(
  File "/home/airflow/.local/lib/python3.12/site-packages/sqlalchemy/util/compat.py", line 211, in raise_
    raise exception
  File "/home/airflow/.local/lib/python3.12/site-packages/sqlalchemy/pool/base.py", line 686, in __connect
    self.dbapi_connection = connection = pool._invoke_creator(self)
                                         ^^^^^^^^^^^^^^^^^^^^^^^^^^
  File "/home/airflow/.local/lib/python3.12/site-packages/sqlalchemy/engine/create.py", line 574, in connect
    return dialect.connect(*cargs, **cparams)
           ^^^^^^^^^^^^^^^^^^^^^^^^^^^^^^^^^^
  File "/home/airflow/.local/lib/python3.12/site-packages/sqlalchemy/engine/default.py", line 598, in connect
    return self.dbapi.connect(*cargs, **cparams)
           ^^^^^^^^^^^^^^^^^^^^^^^^^^^^^^^^^^^^^
  File "/home/airflow/.local/lib/python3.12/site-packages/MySQLdb/__init__.py", line 121, in Connect
    return Connection(*args, **kwargs)
           ^^^^^^^^^^^^^^^^^^^^^^^^^^^
  File "/home/airflow/.local/lib/python3.12/site-packages/MySQLdb/connections.py", line 200, in __init__
    super().__init__(*args, **kwargs2)
MySQLdb.OperationalError: (2005, "Unknown server host 'mysql' (-3)")

The above exception was the direct cause of the following exception:

Traceback (most recent call last):
  File "/home/airflow/.local/lib/python3.12/site-packages/airflow/dag_processing/processor.py", line 207, in _run_file_processor
    _handle_dag_file_processing()
  File "/home/airflow/.local/lib/python3.12/site-packages/airflow/dag_processing/processor.py", line 188, in _handle_dag_file_processing
    result: tuple[int, int, int] = dag_file_processor.process_file(
                                   ^^^^^^^^^^^^^^^^^^^^^^^^^^^^^^^^
  File "/home/airflow/.local/lib/python3.12/site-packages/airflow/utils/session.py", line 97, in wrapper
    return func(*args, session=session, **kwargs)
           ^^^^^^^^^^^^^^^^^^^^^^^^^^^^^^^^^^^^^^
  File "/home/airflow/.local/lib/python3.12/site-packages/airflow/dag_processing/processor.py", line 928, in process_file
    DagFileProcessor.update_import_errors(
  File "/home/airflow/.local/lib/python3.12/site-packages/airflow/api_internal/internal_api_call.py", line 166, in wrapper
    return func(*args, **kwargs)
           ^^^^^^^^^^^^^^^^^^^^^
  File "/home/airflow/.local/lib/python3.12/site-packages/airflow/utils/session.py", line 97, in wrapper
    return func(*args, session=session, **kwargs)
           ^^^^^^^^^^^^^^^^^^^^^^^^^^^^^^^^^^^^^^
  File "/home/airflow/.local/lib/python3.12/site-packages/airflow/dag_processing/processor.py", line 648, in update_import_errors
    existing_import_error_files = [x.filename for x in session.query(ParseImportError.filename).all()]
                                                       ^^^^^^^^^^^^^^^^^^^^^^^^^^^^^^^^^^^^^^^^^^^^^^
  File "/home/airflow/.local/lib/python3.12/site-packages/sqlalchemy/orm/query.py", line 2773, in all
    return self._iter().all()
           ^^^^^^^^^^^^
  File "/home/airflow/.local/lib/python3.12/site-packages/sqlalchemy/orm/query.py", line 2916, in _iter
    result = self.session.execute(
             ^^^^^^^^^^^^^^^^^^^^^
  File "/home/airflow/.local/lib/python3.12/site-packages/sqlalchemy/orm/session.py", line 1716, in execute
    conn = self._connection_for_bind(bind)
           ^^^^^^^^^^^^^^^^^^^^^^^^^^^^^^^
  File "/home/airflow/.local/lib/python3.12/site-packages/sqlalchemy/orm/session.py", line 1555, in _connection_for_bind
    return self._transaction._connection_for_bind(
           ^^^^^^^^^^^^^^^^^^^^^^^^^^^^^^^^^^^^^^^
  File "/home/airflow/.local/lib/python3.12/site-packages/sqlalchemy/orm/session.py", line 750, in _connection_for_bind
    conn = bind.connect()
           ^^^^^^^^^^^^^^
  File "/home/airflow/.local/lib/python3.12/site-packages/sqlalchemy/future/engine.py", line 412, in connect
    return super(Engine, self).connect()
           ^^^^^^^^^^^^^^^^^^^^^^^^^^^^^
  File "/home/airflow/.local/lib/python3.12/site-packages/sqlalchemy/engine/base.py", line 3325, in connect
    return self._connection_cls(self, close_with_result=close_with_result)
           ^^^^^^^^^^^^^^^^^^^^^^^^^^^^^^^^^^^^^^^^^^^^^^^^^^^^^^^^^^^^^^^
  File "/home/airflow/.local/lib/python3.12/site-packages/sqlalchemy/engine/base.py", line 96, in __init__
    else engine.raw_connection()
         ^^^^^^^^^^^^^^^^^^^^^^^
  File "/home/airflow/.local/lib/python3.12/site-packages/sqlalchemy/engine/base.py", line 3404, in raw_connection
    return self._wrap_pool_connect(self.pool.connect, _connection)
           ^^^^^^^^^^^^^^^^^^^^^^^^^^^^^^^^^^^^^^^^^^^^^^^^^^^^^^^
  File "/home/airflow/.local/lib/python3.12/site-packages/sqlalchemy/engine/base.py", line 3374, in _wrap_pool_connect
    Connection._handle_dbapi_exception_noconnection(
  File "/home/airflow/.local/lib/python3.12/site-packages/sqlalchemy/engine/base.py", line 2208, in _handle_dbapi_exception_noconnection
    util.raise_(
  File "/home/airflow/.local/lib/python3.12/site-packages/sqlalchemy/util/compat.py", line 211, in raise_
    raise exception
  File "/home/airflow/.local/lib/python3.12/site-packages/sqlalchemy/engine/base.py", line 3371, in _wrap_pool_connect
    return fn()
           ^^^^
  File "/home/airflow/.local/lib/python3.12/site-packages/sqlalchemy/pool/base.py", line 327, in connect
    return _ConnectionFairy._checkout(self)
           ^^^^^^^^^^^^^^^^^^^^^^^^^^^^^^^^
  File "/home/airflow/.local/lib/python3.12/site-packages/sqlalchemy/pool/base.py", line 894, in _checkout
    fairy = _ConnectionRecord.checkout(pool)
            ^^^^^^^^^^^^^^^^^^^^^^^^^^^^^^^^
  File "/home/airflow/.local/lib/python3.12/site-packages/sqlalchemy/pool/base.py", line 493, in checkout
    rec = pool._do_get()
          ^^^^^^^^^^^^^^
  File "/home/airflow/.local/lib/python3.12/site-packages/sqlalchemy/pool/impl.py", line 145, in _do_get
    with util.safe_reraise():
         ^^^^^^^^^^^^^^^^^^^
  File "/home/airflow/.local/lib/python3.12/site-packages/sqlalchemy/util/langhelpers.py", line 70, in __exit__
    compat.raise_(
  File "/home/airflow/.local/lib/python3.12/site-packages/sqlalchemy/util/compat.py", line 211, in raise_
    raise exception
  File "/home/airflow/.local/lib/python3.12/site-packages/sqlalchemy/pool/impl.py", line 143, in _do_get
    return self._create_connection()
           ^^^^^^^^^^^^^^^^^^^^^^^^^
  File "/home/airflow/.local/lib/python3.12/site-packages/sqlalchemy/pool/base.py", line 273, in _create_connection
    return _ConnectionRecord(self)
           ^^^^^^^^^^^^^^^^^^^^^^^
  File "/home/airflow/.local/lib/python3.12/site-packages/sqlalchemy/pool/base.py", line 388, in __init__
    self.__connect()
  File "/home/airflow/.local/lib/python3.12/site-packages/sqlalchemy/pool/base.py", line 690, in __connect
    with util.safe_reraise():
         ^^^^^^^^^^^^^^^^^^^
  File "/home/airflow/.local/lib/python3.12/site-packages/sqlalchemy/util/langhelpers.py", line 70, in __exit__
    compat.raise_(
  File "/home/airflow/.local/lib/python3.12/site-packages/sqlalchemy/util/compat.py", line 211, in raise_
    raise exception
  File "/home/airflow/.local/lib/python3.12/site-packages/sqlalchemy/pool/base.py", line 686, in __connect
    self.dbapi_connection = connection = pool._invoke_creator(self)
                                         ^^^^^^^^^^^^^^^^^^^^^^^^^^
  File "/home/airflow/.local/lib/python3.12/site-packages/sqlalchemy/engine/create.py", line 574, in connect
    return dialect.connect(*cargs, **cparams)
           ^^^^^^^^^^^^^^^^^^^^^^^^^^^^^^^^^^
  File "/home/airflow/.local/lib/python3.12/site-packages/sqlalchemy/engine/default.py", line 598, in connect
    return self.dbapi.connect(*cargs, **cparams)
           ^^^^^^^^^^^^^^^^^^^^^^^^^^^^^^^^^^^^^
  File "/home/airflow/.local/lib/python3.12/site-packages/MySQLdb/__init__.py", line 121, in Connect
    return Connection(*args, **kwargs)
           ^^^^^^^^^^^^^^^^^^^^^^^^^^^
  File "/home/airflow/.local/lib/python3.12/site-packages/MySQLdb/connections.py", line 200, in __init__
    super().__init__(*args, **kwargs2)
sqlalchemy.exc.OperationalError: (MySQLdb.OperationalError) (2005, "Unknown server host 'mysql' (-3)")
(Background on this error at: https://sqlalche.me/e/14/e3q8)
[2025-04-29T09:25:12.300+0000] {processor.py:186} INFO - Started process (PID=253) to work on /opt/airflow/dags/raw_enriched_dag.py
[2025-04-29T09:25:12.307+0000] {processor.py:914} INFO - Processing file /opt/airflow/dags/raw_enriched_dag.py for tasks to queue
[2025-04-29T09:25:12.313+0000] {logging_mixin.py:190} INFO - [2025-04-29T09:25:12.312+0000] {dagbag.py:588} INFO - Filling up the DagBag from /opt/airflow/dags/raw_enriched_dag.py
[2025-04-29T09:25:12.423+0000] {processor.py:925} INFO - DAG(s) 'medical_dag_v4' retrieved from /opt/airflow/dags/raw_enriched_dag.py
[2025-04-29T09:25:13.086+0000] {logging_mixin.py:190} INFO - [2025-04-29T09:25:13.085+0000] {dag.py:3239} INFO - Sync 1 DAGs
[2025-04-29T09:25:13.216+0000] {logging_mixin.py:190} INFO - [2025-04-29T09:25:13.215+0000] {dag.py:4180} INFO - Setting next_dagrun for medical_dag_v4 to None, run_after=None
[2025-04-29T09:25:13.403+0000] {processor.py:208} INFO - Processing /opt/airflow/dags/raw_enriched_dag.py took 1.134 seconds
[2025-04-29T09:25:43.708+0000] {processor.py:186} INFO - Started process (PID=372) to work on /opt/airflow/dags/raw_enriched_dag.py
[2025-04-29T09:25:43.722+0000] {processor.py:914} INFO - Processing file /opt/airflow/dags/raw_enriched_dag.py for tasks to queue
[2025-04-29T09:25:43.746+0000] {logging_mixin.py:190} INFO - [2025-04-29T09:25:43.740+0000] {dagbag.py:588} INFO - Filling up the DagBag from /opt/airflow/dags/raw_enriched_dag.py
[2025-04-29T09:25:44.120+0000] {processor.py:925} INFO - DAG(s) 'medical_dag_v4' retrieved from /opt/airflow/dags/raw_enriched_dag.py
[2025-04-29T09:25:45.246+0000] {logging_mixin.py:190} INFO - [2025-04-29T09:25:45.244+0000] {dag.py:3239} INFO - Sync 1 DAGs
[2025-04-29T09:25:45.372+0000] {logging_mixin.py:190} INFO - [2025-04-29T09:25:45.371+0000] {dag.py:4180} INFO - Setting next_dagrun for medical_dag_v4 to None, run_after=None
[2025-04-29T09:25:45.547+0000] {processor.py:208} INFO - Processing /opt/airflow/dags/raw_enriched_dag.py took 1.882 seconds
[2025-04-29T09:26:15.725+0000] {processor.py:186} INFO - Started process (PID=399) to work on /opt/airflow/dags/raw_enriched_dag.py
[2025-04-29T09:26:15.728+0000] {processor.py:914} INFO - Processing file /opt/airflow/dags/raw_enriched_dag.py for tasks to queue
[2025-04-29T09:26:15.730+0000] {logging_mixin.py:190} INFO - [2025-04-29T09:26:15.730+0000] {dagbag.py:588} INFO - Filling up the DagBag from /opt/airflow/dags/raw_enriched_dag.py
[2025-04-29T09:26:15.778+0000] {processor.py:925} INFO - DAG(s) 'medical_dag_v4' retrieved from /opt/airflow/dags/raw_enriched_dag.py
[2025-04-29T09:26:16.011+0000] {logging_mixin.py:190} INFO - [2025-04-29T09:26:16.011+0000] {dag.py:3239} INFO - Sync 1 DAGs
[2025-04-29T09:26:16.025+0000] {logging_mixin.py:190} INFO - [2025-04-29T09:26:16.025+0000] {dag.py:4180} INFO - Setting next_dagrun for medical_dag_v4 to None, run_after=None
[2025-04-29T09:26:16.060+0000] {processor.py:208} INFO - Processing /opt/airflow/dags/raw_enriched_dag.py took 0.347 seconds
