[2025-05-26T02:47:43.785+0000] {local_task_job_runner.py:123} INFO - ::group::Pre task execution logs
[2025-05-26T02:47:43.797+0000] {taskinstance.py:2614} INFO - Dependencies all met for dep_context=non-requeueable deps ti=<TaskInstance: medical_dag_v20.dim_group.creating_dim_date manual__2025-05-26T02:47:42.995694+00:00 [queued]>
[2025-05-26T02:47:43.833+0000] {taskinstance.py:2614} INFO - Dependencies all met for dep_context=requeueable deps ti=<TaskInstance: medical_dag_v20.dim_group.creating_dim_date manual__2025-05-26T02:47:42.995694+00:00 [queued]>
[2025-05-26T02:47:43.833+0000] {taskinstance.py:2867} INFO - Starting attempt 1 of 1
[2025-05-26T02:47:43.847+0000] {taskinstance.py:2890} INFO - Executing <Task(SparkSubmitOperator): dim_group.creating_dim_date> on 2025-05-26 02:47:42.995694+00:00
[2025-05-26T02:47:43.861+0000] {standard_task_runner.py:104} INFO - Running: ['airflow', 'tasks', 'run', 'medical_dag_v20', 'dim_group.creating_dim_date', 'manual__2025-05-26T02:47:42.995694+00:00', '--job-id', '80', '--raw', '--subdir', 'DAGS_FOLDER/raw_enriched_dag.py', '--cfg-path', '/tmp/tmptemidulz']
[2025-05-26T02:47:43.864+0000] {standard_task_runner.py:105} INFO - Job 80: Subtask dim_group.creating_dim_date
[2025-05-26T02:47:43.867+0000] {logging_mixin.py:190} WARNING - /home/airflow/.local/lib/python3.12/site-packages/airflow/task/task_runner/standard_task_runner.py:70 DeprecationWarning: This process (pid=3224) is multi-threaded, use of fork() may lead to deadlocks in the child.
[2025-05-26T02:47:43.867+0000] {standard_task_runner.py:72} INFO - Started process 3246 to run task
[2025-05-26T02:47:43.898+0000] {task_command.py:467} INFO - Running <TaskInstance: medical_dag_v20.dim_group.creating_dim_date manual__2025-05-26T02:47:42.995694+00:00 [running]> on host airflow-scheduler
[2025-05-26T02:47:43.958+0000] {taskinstance.py:3134} INFO - Exporting env vars: AIRFLOW_CTX_DAG_OWNER='airflow' AIRFLOW_CTX_DAG_ID='medical_dag_v20' AIRFLOW_CTX_TASK_ID='dim_group.creating_dim_date' AIRFLOW_CTX_EXECUTION_DATE='2025-05-26T02:47:42.995694+00:00' AIRFLOW_CTX_TRY_NUMBER='1' AIRFLOW_CTX_DAG_RUN_ID='manual__2025-05-26T02:47:42.995694+00:00'
[2025-05-26T02:47:43.958+0000] {taskinstance.py:732} INFO - ::endgroup::
[2025-05-26T02:47:44.004+0000] {base.py:84} INFO - Retrieving connection 'spark_conn'
[2025-05-26T02:47:44.005+0000] {spark_submit.py:473} INFO - Spark-Submit cmd: spark-submit --master spark://spark-master:7077 --packages io.delta:delta-spark_2.12:3.3.0,org.apache.hadoop:hadoop-aws:3.3.4 --name arrow-spark --deploy-mode client /opt/etl/enriched_curated/creating_dim_date.py
[2025-05-26T02:47:45.985+0000] {spark_submit.py:649} INFO - :: loading settings :: url = jar:file:/opt/spark/jars/ivy-2.5.1.jar!/org/apache/ivy/core/settings/ivysettings.xml
[2025-05-26T02:47:46.096+0000] {spark_submit.py:649} INFO - Ivy Default Cache set to: /home/airflow/.ivy2/cache
[2025-05-26T02:47:46.097+0000] {spark_submit.py:649} INFO - The jars for the packages stored in: /home/airflow/.ivy2/jars
[2025-05-26T02:47:46.103+0000] {spark_submit.py:649} INFO - io.delta#delta-spark_2.12 added as a dependency
[2025-05-26T02:47:46.104+0000] {spark_submit.py:649} INFO - org.apache.hadoop#hadoop-aws added as a dependency
[2025-05-26T02:47:46.104+0000] {spark_submit.py:649} INFO - :: resolving dependencies :: org.apache.spark#spark-submit-parent-47f89186-f404-498b-827e-ed4b98c89e06;1.0
[2025-05-26T02:47:46.105+0000] {spark_submit.py:649} INFO - confs: [default]
[2025-05-26T02:47:46.348+0000] {spark_submit.py:649} INFO - found io.delta#delta-spark_2.12;3.3.0 in central
[2025-05-26T02:47:46.440+0000] {spark_submit.py:649} INFO - found io.delta#delta-storage;3.3.0 in central
[2025-05-26T02:47:46.499+0000] {spark_submit.py:649} INFO - found org.antlr#antlr4-runtime;4.9.3 in central
[2025-05-26T02:47:46.601+0000] {spark_submit.py:649} INFO - found org.apache.hadoop#hadoop-aws;3.3.4 in central
[2025-05-26T02:47:46.637+0000] {spark_submit.py:649} INFO - found com.amazonaws#aws-java-sdk-bundle;1.12.262 in central
[2025-05-26T02:47:46.698+0000] {spark_submit.py:649} INFO - found org.wildfly.openssl#wildfly-openssl;1.0.7.Final in central
[2025-05-26T02:47:46.756+0000] {spark_submit.py:649} INFO - :: resolution report :: resolve 618ms :: artifacts dl 34ms
[2025-05-26T02:47:46.756+0000] {spark_submit.py:649} INFO - :: modules in use:
[2025-05-26T02:47:46.757+0000] {spark_submit.py:649} INFO - com.amazonaws#aws-java-sdk-bundle;1.12.262 from central in [default]
[2025-05-26T02:47:46.757+0000] {spark_submit.py:649} INFO - io.delta#delta-spark_2.12;3.3.0 from central in [default]
[2025-05-26T02:47:46.758+0000] {spark_submit.py:649} INFO - io.delta#delta-storage;3.3.0 from central in [default]
[2025-05-26T02:47:46.758+0000] {spark_submit.py:649} INFO - org.antlr#antlr4-runtime;4.9.3 from central in [default]
[2025-05-26T02:47:46.758+0000] {spark_submit.py:649} INFO - org.apache.hadoop#hadoop-aws;3.3.4 from central in [default]
[2025-05-26T02:47:46.759+0000] {spark_submit.py:649} INFO - org.wildfly.openssl#wildfly-openssl;1.0.7.Final from central in [default]
[2025-05-26T02:47:46.759+0000] {spark_submit.py:649} INFO - ---------------------------------------------------------------------
[2025-05-26T02:47:46.759+0000] {spark_submit.py:649} INFO - |                  |            modules            ||   artifacts   |
[2025-05-26T02:47:46.760+0000] {spark_submit.py:649} INFO - |       conf       | number| search|dwnlded|evicted|| number|dwnlded|
[2025-05-26T02:47:46.760+0000] {spark_submit.py:649} INFO - ---------------------------------------------------------------------
[2025-05-26T02:47:46.760+0000] {spark_submit.py:649} INFO - |      default     |   6   |   0   |   0   |   0   ||   6   |   0   |
[2025-05-26T02:47:46.760+0000] {spark_submit.py:649} INFO - ---------------------------------------------------------------------
[2025-05-26T02:47:46.767+0000] {spark_submit.py:649} INFO - :: retrieving :: org.apache.spark#spark-submit-parent-47f89186-f404-498b-827e-ed4b98c89e06
[2025-05-26T02:47:46.768+0000] {spark_submit.py:649} INFO - confs: [default]
[2025-05-26T02:47:46.795+0000] {spark_submit.py:649} INFO - 0 artifacts copied, 6 already retrieved (0kB/26ms)
[2025-05-26T02:47:47.151+0000] {spark_submit.py:649} INFO - 25/05/26 02:47:47 WARN NativeCodeLoader: Unable to load native-hadoop library for your platform... using builtin-java classes where applicable
[2025-05-26T02:47:50.604+0000] {spark_submit.py:649} INFO - 25/05/26 02:47:50 INFO SparkContext: Running Spark version 3.5.3
[2025-05-26T02:47:50.605+0000] {spark_submit.py:649} INFO - 25/05/26 02:47:50 INFO SparkContext: OS info Linux, 5.15.167.4-microsoft-standard-WSL2, amd64
[2025-05-26T02:47:50.612+0000] {spark_submit.py:649} INFO - 25/05/26 02:47:50 INFO SparkContext: Java version 17.0.15
[2025-05-26T02:47:50.652+0000] {spark_submit.py:649} INFO - 25/05/26 02:47:50 INFO ResourceUtils: ==============================================================
[2025-05-26T02:47:50.653+0000] {spark_submit.py:649} INFO - 25/05/26 02:47:50 INFO ResourceUtils: No custom resources configured for spark.driver.
[2025-05-26T02:47:50.654+0000] {spark_submit.py:649} INFO - 25/05/26 02:47:50 INFO ResourceUtils: ==============================================================
[2025-05-26T02:47:50.655+0000] {spark_submit.py:649} INFO - 25/05/26 02:47:50 INFO SparkContext: Submitted application: MyETLPipeline
[2025-05-26T02:47:50.687+0000] {spark_submit.py:649} INFO - 25/05/26 02:47:50 INFO ResourceProfile: Default ResourceProfile created, executor resources: Map(memory -> name: memory, amount: 1024, script: , vendor: , offHeap -> name: offHeap, amount: 0, script: , vendor: ), task resources: Map(cpus -> name: cpus, amount: 1.0)
[2025-05-26T02:47:50.700+0000] {spark_submit.py:649} INFO - 25/05/26 02:47:50 INFO ResourceProfile: Limiting resource is cpu
[2025-05-26T02:47:50.701+0000] {spark_submit.py:649} INFO - 25/05/26 02:47:50 INFO ResourceProfileManager: Added ResourceProfile id: 0
[2025-05-26T02:47:50.823+0000] {spark_submit.py:649} INFO - 25/05/26 02:47:50 INFO SecurityManager: Changing view acls to: airflow
[2025-05-26T02:47:50.823+0000] {spark_submit.py:649} INFO - 25/05/26 02:47:50 INFO SecurityManager: Changing modify acls to: airflow
[2025-05-26T02:47:50.824+0000] {spark_submit.py:649} INFO - 25/05/26 02:47:50 INFO SecurityManager: Changing view acls groups to:
[2025-05-26T02:47:50.831+0000] {spark_submit.py:649} INFO - 25/05/26 02:47:50 INFO SecurityManager: Changing modify acls groups to:
[2025-05-26T02:47:50.832+0000] {spark_submit.py:649} INFO - 25/05/26 02:47:50 INFO SecurityManager: SecurityManager: authentication disabled; ui acls disabled; users with view permissions: airflow; groups with view permissions: EMPTY; users with modify permissions: airflow; groups with modify permissions: EMPTY
[2025-05-26T02:47:51.196+0000] {spark_submit.py:649} INFO - 25/05/26 02:47:51 INFO Utils: Successfully started service 'sparkDriver' on port 35375.
[2025-05-26T02:47:51.264+0000] {spark_submit.py:649} INFO - 25/05/26 02:47:51 INFO SparkEnv: Registering MapOutputTracker
[2025-05-26T02:47:51.304+0000] {spark_submit.py:649} INFO - 25/05/26 02:47:51 INFO SparkEnv: Registering BlockManagerMaster
[2025-05-26T02:47:51.318+0000] {spark_submit.py:649} INFO - 25/05/26 02:47:51 INFO BlockManagerMasterEndpoint: Using org.apache.spark.storage.DefaultTopologyMapper for getting topology information
[2025-05-26T02:47:51.319+0000] {spark_submit.py:649} INFO - 25/05/26 02:47:51 INFO BlockManagerMasterEndpoint: BlockManagerMasterEndpoint up
[2025-05-26T02:47:51.323+0000] {spark_submit.py:649} INFO - 25/05/26 02:47:51 INFO SparkEnv: Registering BlockManagerMasterHeartbeat
[2025-05-26T02:47:51.346+0000] {spark_submit.py:649} INFO - 25/05/26 02:47:51 INFO DiskBlockManager: Created local directory at /tmp/blockmgr-94bdaed8-7353-4a5f-9a1f-655cf96153ba
[2025-05-26T02:47:51.368+0000] {spark_submit.py:649} INFO - 25/05/26 02:47:51 INFO MemoryStore: MemoryStore started with capacity 434.4 MiB
[2025-05-26T02:47:51.390+0000] {spark_submit.py:649} INFO - 25/05/26 02:47:51 INFO SparkEnv: Registering OutputCommitCoordinator
[2025-05-26T02:47:51.528+0000] {spark_submit.py:649} INFO - 25/05/26 02:47:51 INFO JettyUtils: Start Jetty 0.0.0.0:4040 for SparkUI
[2025-05-26T02:47:51.608+0000] {spark_submit.py:649} INFO - 25/05/26 02:47:51 WARN Utils: Service 'SparkUI' could not bind on port 4040. Attempting port 4041.
[2025-05-26T02:47:51.611+0000] {spark_submit.py:649} INFO - 25/05/26 02:47:51 WARN Utils: Service 'SparkUI' could not bind on port 4041. Attempting port 4042.
[2025-05-26T02:47:51.615+0000] {spark_submit.py:649} INFO - 25/05/26 02:47:51 WARN Utils: Service 'SparkUI' could not bind on port 4042. Attempting port 4043.
[2025-05-26T02:47:51.616+0000] {spark_submit.py:649} INFO - 25/05/26 02:47:51 WARN Utils: Service 'SparkUI' could not bind on port 4043. Attempting port 4044.
[2025-05-26T02:47:51.616+0000] {spark_submit.py:649} INFO - 25/05/26 02:47:51 WARN Utils: Service 'SparkUI' could not bind on port 4044. Attempting port 4045.
[2025-05-26T02:47:51.618+0000] {spark_submit.py:649} INFO - 25/05/26 02:47:51 WARN Utils: Service 'SparkUI' could not bind on port 4045. Attempting port 4046.
[2025-05-26T02:47:51.618+0000] {spark_submit.py:649} INFO - 25/05/26 02:47:51 WARN Utils: Service 'SparkUI' could not bind on port 4046. Attempting port 4047.
[2025-05-26T02:47:51.619+0000] {spark_submit.py:649} INFO - 25/05/26 02:47:51 WARN Utils: Service 'SparkUI' could not bind on port 4047. Attempting port 4048.
[2025-05-26T02:47:51.624+0000] {spark_submit.py:649} INFO - 25/05/26 02:47:51 WARN Utils: Service 'SparkUI' could not bind on port 4048. Attempting port 4049.
[2025-05-26T02:47:51.646+0000] {spark_submit.py:649} INFO - 25/05/26 02:47:51 INFO Utils: Successfully started service 'SparkUI' on port 4049.
[2025-05-26T02:47:51.697+0000] {spark_submit.py:649} INFO - 25/05/26 02:47:51 INFO SparkContext: Added JAR file:///home/airflow/.ivy2/jars/io.delta_delta-spark_2.12-3.3.0.jar at spark://airflow-scheduler:35375/jars/io.delta_delta-spark_2.12-3.3.0.jar with timestamp 1748227670562
[2025-05-26T02:47:51.698+0000] {spark_submit.py:649} INFO - 25/05/26 02:47:51 INFO SparkContext: Added JAR file:///home/airflow/.ivy2/jars/org.apache.hadoop_hadoop-aws-3.3.4.jar at spark://airflow-scheduler:35375/jars/org.apache.hadoop_hadoop-aws-3.3.4.jar with timestamp 1748227670562
[2025-05-26T02:47:51.699+0000] {spark_submit.py:649} INFO - 25/05/26 02:47:51 INFO SparkContext: Added JAR file:///home/airflow/.ivy2/jars/io.delta_delta-storage-3.3.0.jar at spark://airflow-scheduler:35375/jars/io.delta_delta-storage-3.3.0.jar with timestamp 1748227670562
[2025-05-26T02:47:51.700+0000] {spark_submit.py:649} INFO - 25/05/26 02:47:51 INFO SparkContext: Added JAR file:///home/airflow/.ivy2/jars/org.antlr_antlr4-runtime-4.9.3.jar at spark://airflow-scheduler:35375/jars/org.antlr_antlr4-runtime-4.9.3.jar with timestamp 1748227670562
[2025-05-26T02:47:51.700+0000] {spark_submit.py:649} INFO - 25/05/26 02:47:51 INFO SparkContext: Added JAR file:///home/airflow/.ivy2/jars/com.amazonaws_aws-java-sdk-bundle-1.12.262.jar at spark://airflow-scheduler:35375/jars/com.amazonaws_aws-java-sdk-bundle-1.12.262.jar with timestamp 1748227670562
[2025-05-26T02:47:51.701+0000] {spark_submit.py:649} INFO - 25/05/26 02:47:51 INFO SparkContext: Added JAR file:///home/airflow/.ivy2/jars/org.wildfly.openssl_wildfly-openssl-1.0.7.Final.jar at spark://airflow-scheduler:35375/jars/org.wildfly.openssl_wildfly-openssl-1.0.7.Final.jar with timestamp 1748227670562
[2025-05-26T02:47:51.704+0000] {spark_submit.py:649} INFO - 25/05/26 02:47:51 INFO SparkContext: Added file file:///home/airflow/.ivy2/jars/io.delta_delta-spark_2.12-3.3.0.jar at spark://airflow-scheduler:35375/files/io.delta_delta-spark_2.12-3.3.0.jar with timestamp 1748227670562
[2025-05-26T02:47:51.705+0000] {spark_submit.py:649} INFO - 25/05/26 02:47:51 INFO Utils: Copying /home/airflow/.ivy2/jars/io.delta_delta-spark_2.12-3.3.0.jar to /tmp/spark-b18e37f2-4ee3-4762-8873-c6c39be4cf7b/userFiles-9bcf4484-b43a-4c50-b00e-4f0cf9b4f0ad/io.delta_delta-spark_2.12-3.3.0.jar
[2025-05-26T02:47:51.730+0000] {spark_submit.py:649} INFO - 25/05/26 02:47:51 INFO SparkContext: Added file file:///home/airflow/.ivy2/jars/org.apache.hadoop_hadoop-aws-3.3.4.jar at spark://airflow-scheduler:35375/files/org.apache.hadoop_hadoop-aws-3.3.4.jar with timestamp 1748227670562
[2025-05-26T02:47:51.731+0000] {spark_submit.py:649} INFO - 25/05/26 02:47:51 INFO Utils: Copying /home/airflow/.ivy2/jars/org.apache.hadoop_hadoop-aws-3.3.4.jar to /tmp/spark-b18e37f2-4ee3-4762-8873-c6c39be4cf7b/userFiles-9bcf4484-b43a-4c50-b00e-4f0cf9b4f0ad/org.apache.hadoop_hadoop-aws-3.3.4.jar
[2025-05-26T02:47:51.739+0000] {spark_submit.py:649} INFO - 25/05/26 02:47:51 INFO SparkContext: Added file file:///home/airflow/.ivy2/jars/io.delta_delta-storage-3.3.0.jar at spark://airflow-scheduler:35375/files/io.delta_delta-storage-3.3.0.jar with timestamp 1748227670562
[2025-05-26T02:47:51.740+0000] {spark_submit.py:649} INFO - 25/05/26 02:47:51 INFO Utils: Copying /home/airflow/.ivy2/jars/io.delta_delta-storage-3.3.0.jar to /tmp/spark-b18e37f2-4ee3-4762-8873-c6c39be4cf7b/userFiles-9bcf4484-b43a-4c50-b00e-4f0cf9b4f0ad/io.delta_delta-storage-3.3.0.jar
[2025-05-26T02:47:51.746+0000] {spark_submit.py:649} INFO - 25/05/26 02:47:51 INFO SparkContext: Added file file:///home/airflow/.ivy2/jars/org.antlr_antlr4-runtime-4.9.3.jar at spark://airflow-scheduler:35375/files/org.antlr_antlr4-runtime-4.9.3.jar with timestamp 1748227670562
[2025-05-26T02:47:51.746+0000] {spark_submit.py:649} INFO - 25/05/26 02:47:51 INFO Utils: Copying /home/airflow/.ivy2/jars/org.antlr_antlr4-runtime-4.9.3.jar to /tmp/spark-b18e37f2-4ee3-4762-8873-c6c39be4cf7b/userFiles-9bcf4484-b43a-4c50-b00e-4f0cf9b4f0ad/org.antlr_antlr4-runtime-4.9.3.jar
[2025-05-26T02:47:51.753+0000] {spark_submit.py:649} INFO - 25/05/26 02:47:51 INFO SparkContext: Added file file:///home/airflow/.ivy2/jars/com.amazonaws_aws-java-sdk-bundle-1.12.262.jar at spark://airflow-scheduler:35375/files/com.amazonaws_aws-java-sdk-bundle-1.12.262.jar with timestamp 1748227670562
[2025-05-26T02:47:51.754+0000] {spark_submit.py:649} INFO - 25/05/26 02:47:51 INFO Utils: Copying /home/airflow/.ivy2/jars/com.amazonaws_aws-java-sdk-bundle-1.12.262.jar to /tmp/spark-b18e37f2-4ee3-4762-8873-c6c39be4cf7b/userFiles-9bcf4484-b43a-4c50-b00e-4f0cf9b4f0ad/com.amazonaws_aws-java-sdk-bundle-1.12.262.jar
[2025-05-26T02:47:58.262+0000] {spark_submit.py:649} INFO - 25/05/26 02:47:58 INFO SparkContext: Added file file:///home/airflow/.ivy2/jars/org.wildfly.openssl_wildfly-openssl-1.0.7.Final.jar at spark://airflow-scheduler:35375/files/org.wildfly.openssl_wildfly-openssl-1.0.7.Final.jar with timestamp 1748227670562
[2025-05-26T02:47:58.263+0000] {spark_submit.py:649} INFO - 25/05/26 02:47:58 INFO Utils: Copying /home/airflow/.ivy2/jars/org.wildfly.openssl_wildfly-openssl-1.0.7.Final.jar to /tmp/spark-b18e37f2-4ee3-4762-8873-c6c39be4cf7b/userFiles-9bcf4484-b43a-4c50-b00e-4f0cf9b4f0ad/org.wildfly.openssl_wildfly-openssl-1.0.7.Final.jar
[2025-05-26T02:47:58.414+0000] {spark_submit.py:649} INFO - 25/05/26 02:47:58 INFO StandaloneAppClient$ClientEndpoint: Connecting to master spark://spark-master:7077...
[2025-05-26T02:47:58.454+0000] {spark_submit.py:649} INFO - 25/05/26 02:47:58 INFO TransportClientFactory: Successfully created connection to spark-master/172.18.0.10:7077 after 22 ms (0 ms spent in bootstraps)
[2025-05-26T02:47:58.747+0000] {spark_submit.py:649} INFO - 25/05/26 02:47:58 INFO StandaloneSchedulerBackend: Connected to Spark cluster with app ID app-20250526024758-0015
[2025-05-26T02:47:58.756+0000] {spark_submit.py:649} INFO - 25/05/26 02:47:58 INFO Utils: Successfully started service 'org.apache.spark.network.netty.NettyBlockTransferService' on port 45949.
[2025-05-26T02:47:58.757+0000] {spark_submit.py:649} INFO - 25/05/26 02:47:58 INFO NettyBlockTransferService: Server created on airflow-scheduler:45949
[2025-05-26T02:47:58.759+0000] {spark_submit.py:649} INFO - 25/05/26 02:47:58 INFO BlockManager: Using org.apache.spark.storage.RandomBlockReplicationPolicy for block replication policy
[2025-05-26T02:47:58.768+0000] {spark_submit.py:649} INFO - 25/05/26 02:47:58 INFO BlockManagerMaster: Registering BlockManager BlockManagerId(driver, airflow-scheduler, 45949, None)
[2025-05-26T02:47:58.773+0000] {spark_submit.py:649} INFO - 25/05/26 02:47:58 INFO BlockManagerMasterEndpoint: Registering block manager airflow-scheduler:45949 with 434.4 MiB RAM, BlockManagerId(driver, airflow-scheduler, 45949, None)
[2025-05-26T02:47:58.775+0000] {spark_submit.py:649} INFO - 25/05/26 02:47:58 INFO BlockManagerMaster: Registered BlockManager BlockManagerId(driver, airflow-scheduler, 45949, None)
[2025-05-26T02:47:58.776+0000] {spark_submit.py:649} INFO - 25/05/26 02:47:58 INFO BlockManager: Initialized BlockManager: BlockManagerId(driver, airflow-scheduler, 45949, None)
[2025-05-26T02:47:58.976+0000] {spark_submit.py:649} INFO - 25/05/26 02:47:58 INFO StandaloneSchedulerBackend: SchedulerBackend is ready for scheduling beginning after reached minRegisteredResourcesRatio: 0.0
[2025-05-26T02:47:59.576+0000] {spark_submit.py:649} INFO - 25/05/26 02:47:59 INFO SharedState: Setting hive.metastore.warehouse.dir ('null') to the value of spark.sql.warehouse.dir.
[2025-05-26T02:47:59.581+0000] {spark_submit.py:649} INFO - 25/05/26 02:47:59 INFO SharedState: Warehouse path is 'file:/opt/airflow/spark-warehouse'.
[2025-05-26T02:48:01.094+0000] {spark_submit.py:649} INFO - 25/05/26 02:48:01 INFO HiveConf: Found configuration file null
[2025-05-26T02:48:01.103+0000] {spark_submit.py:649} INFO - 25/05/26 02:48:01 INFO HiveUtils: Initializing HiveMetastoreConnection version 3.1.3 using maven.
[2025-05-26T02:48:01.114+0000] {spark_submit.py:649} INFO - https://maven-central.storage-download.googleapis.com/maven2/ added as a remote repository with the name: repo-1
[2025-05-26T02:48:01.124+0000] {spark_submit.py:649} INFO - https://maven-central.storage-download.googleapis.com/maven2/ added as a remote repository with the name: repo-1
[2025-05-26T02:48:01.150+0000] {spark_submit.py:649} INFO - Ivy Default Cache set to: /home/airflow/.ivy2/cache
[2025-05-26T02:48:01.150+0000] {spark_submit.py:649} INFO - The jars for the packages stored in: /home/airflow/.ivy2/jars
[2025-05-26T02:48:01.152+0000] {spark_submit.py:649} INFO - org.apache.logging.log4j#log4j-api added as a dependency
[2025-05-26T02:48:01.152+0000] {spark_submit.py:649} INFO - org.apache.derby#derby added as a dependency
[2025-05-26T02:48:01.154+0000] {spark_submit.py:649} INFO - org.apache.hive#hive-metastore added as a dependency
[2025-05-26T02:48:01.155+0000] {spark_submit.py:649} INFO - org.apache.hive#hive-exec added as a dependency
[2025-05-26T02:48:01.155+0000] {spark_submit.py:649} INFO - org.apache.hive#hive-common added as a dependency
[2025-05-26T02:48:01.156+0000] {spark_submit.py:649} INFO - org.apache.hive#hive-serde added as a dependency
[2025-05-26T02:48:01.157+0000] {spark_submit.py:649} INFO - com.google.guava#guava added as a dependency
[2025-05-26T02:48:01.158+0000] {spark_submit.py:649} INFO - org.apache.hadoop#hadoop-client-api added as a dependency
[2025-05-26T02:48:01.159+0000] {spark_submit.py:649} INFO - org.apache.hadoop#hadoop-client-runtime added as a dependency
[2025-05-26T02:48:01.160+0000] {spark_submit.py:649} INFO - :: resolving dependencies :: org.apache.spark#spark-submit-parent-a92f7d6c-77bf-4f18-8dfb-d4a70e3a6d21;1.0
[2025-05-26T02:48:01.160+0000] {spark_submit.py:649} INFO - confs: [default]
[2025-05-26T02:48:01.190+0000] {spark_submit.py:649} INFO - found org.apache.logging.log4j#log4j-api;2.10.0 in central
[2025-05-26T02:48:01.205+0000] {spark_submit.py:649} INFO - found org.apache.derby#derby;10.14.1.0 in central
[2025-05-26T02:48:01.224+0000] {spark_submit.py:649} INFO - found org.apache.hive#hive-metastore;3.1.3 in central
[2025-05-26T02:48:01.256+0000] {spark_submit.py:649} INFO - found org.apache.hive#hive-serde;3.1.3 in central
[2025-05-26T02:48:01.295+0000] {spark_submit.py:649} INFO - found org.apache.hive#hive-common;3.1.3 in central
[2025-05-26T02:48:01.324+0000] {spark_submit.py:649} INFO - found org.apache.hive#hive-classification;3.1.3 in central
[2025-05-26T02:48:01.351+0000] {spark_submit.py:649} INFO - found org.slf4j#slf4j-api;1.7.10 in central
[2025-05-26T02:48:01.428+0000] {spark_submit.py:649} INFO - found org.apache.hive#hive-upgrade-acid;3.1.3 in central
[2025-05-26T02:48:01.475+0000] {spark_submit.py:649} INFO - found org.apache.hive#hive-shims;3.1.3 in central
[2025-05-26T02:48:01.518+0000] {spark_submit.py:649} INFO - found org.apache.hive.shims#hive-shims-common;3.1.3 in central
[2025-05-26T02:48:01.544+0000] {spark_submit.py:649} INFO - found org.apache.logging.log4j#log4j-slf4j-impl;2.17.1 in central
[2025-05-26T02:48:01.574+0000] {spark_submit.py:649} INFO - found com.google.guava#guava;19.0 in central
[2025-05-26T02:48:01.596+0000] {spark_submit.py:649} INFO - found commons-lang#commons-lang;2.6 in central
[2025-05-26T02:48:01.621+0000] {spark_submit.py:649} INFO - found org.apache.thrift#libthrift;0.9.3 in central
[2025-05-26T02:48:01.641+0000] {spark_submit.py:649} INFO - found org.apache.httpcomponents#httpclient;4.5.13 in central
[2025-05-26T02:48:01.667+0000] {spark_submit.py:649} INFO - found org.apache.httpcomponents#httpcore;4.4.13 in central
[2025-05-26T02:48:01.697+0000] {spark_submit.py:649} INFO - found commons-logging#commons-logging;1.2 in central
[2025-05-26T02:48:01.718+0000] {spark_submit.py:649} INFO - found commons-codec#commons-codec;1.15 in central
[2025-05-26T02:48:01.757+0000] {spark_submit.py:649} INFO - found org.apache.zookeeper#zookeeper;3.4.6 in central
[2025-05-26T02:48:01.781+0000] {spark_submit.py:649} INFO - found org.slf4j#slf4j-log4j12;1.6.1 in user-list
[2025-05-26T02:48:01.793+0000] {spark_submit.py:649} INFO - found log4j#log4j;1.2.16 in central
[2025-05-26T02:48:01.808+0000] {spark_submit.py:649} INFO - found jline#jline;2.12 in central
[2025-05-26T02:48:01.838+0000] {spark_submit.py:649} INFO - found io.netty#netty;3.7.0.Final in central
[2025-05-26T02:48:01.903+0000] {spark_submit.py:649} INFO - found org.apache.logging.log4j#log4j-core;2.17.1 in central
[2025-05-26T02:48:01.931+0000] {spark_submit.py:649} INFO - found org.apache.hive.shims#hive-shims-0.23;3.1.3 in central
[2025-05-26T02:48:01.976+0000] {spark_submit.py:649} INFO - found org.apache.hadoop#hadoop-yarn-server-resourcemanager;3.1.0 in central
[2025-05-26T02:48:01.997+0000] {spark_submit.py:649} INFO - found javax.servlet#javax.servlet-api;3.1.0 in central
[2025-05-26T02:48:02.028+0000] {spark_submit.py:649} INFO - found org.apache.hadoop#hadoop-annotations;3.1.0 in central
[2025-05-26T02:48:02.054+0000] {spark_submit.py:649} INFO - found com.google.inject.extensions#guice-servlet;4.0 in central
[2025-05-26T02:48:02.077+0000] {spark_submit.py:649} INFO - found com.google.inject#guice;4.0 in central
[2025-05-26T02:48:02.104+0000] {spark_submit.py:649} INFO - found javax.inject#javax.inject;1 in central
[2025-05-26T02:48:02.119+0000] {spark_submit.py:649} INFO - found aopalliance#aopalliance;1.0 in user-list
[2025-05-26T02:48:02.140+0000] {spark_submit.py:649} INFO - found com.google.protobuf#protobuf-java;2.5.0 in central
[2025-05-26T02:48:02.165+0000] {spark_submit.py:649} INFO - found commons-io#commons-io;2.6 in central
[2025-05-26T02:48:02.183+0000] {spark_submit.py:649} INFO - found com.sun.jersey#jersey-json;1.19 in central
[2025-05-26T02:48:02.200+0000] {spark_submit.py:649} INFO - found org.codehaus.jettison#jettison;1.1 in central
[2025-05-26T02:48:02.220+0000] {spark_submit.py:649} INFO - found com.sun.xml.bind#jaxb-impl;2.2.3-1 in central
[2025-05-26T02:48:02.239+0000] {spark_submit.py:649} INFO - found javax.xml.bind#jaxb-api;2.2.11 in central
[2025-05-26T02:48:02.273+0000] {spark_submit.py:649} INFO - found org.codehaus.jackson#jackson-core-asl;1.9.13 in central
[2025-05-26T02:48:02.290+0000] {spark_submit.py:649} INFO - found org.codehaus.jackson#jackson-mapper-asl;1.9.13 in central
[2025-05-26T02:48:02.349+0000] {spark_submit.py:649} INFO - found org.codehaus.jackson#jackson-jaxrs;1.9.13 in central
[2025-05-26T02:48:02.417+0000] {spark_submit.py:649} INFO - found org.codehaus.jackson#jackson-xc;1.9.13 in central
[2025-05-26T02:48:02.457+0000] {spark_submit.py:649} INFO - found com.sun.jersey#jersey-core;1.19 in user-list
[2025-05-26T02:48:02.490+0000] {spark_submit.py:649} INFO - found javax.ws.rs#jsr311-api;1.1.1 in user-list
[2025-05-26T02:48:02.536+0000] {spark_submit.py:649} INFO - found com.sun.jersey.contribs#jersey-guice;1.19 in user-list
[2025-05-26T02:48:02.585+0000] {spark_submit.py:649} INFO - found com.sun.jersey#jersey-servlet;1.19 in central
[2025-05-26T02:48:02.614+0000] {spark_submit.py:649} INFO - found com.sun.jersey#jersey-server;1.19 in central
[2025-05-26T02:48:02.657+0000] {spark_submit.py:649} INFO - found org.apache.hadoop#hadoop-yarn-common;3.1.0 in central
[2025-05-26T02:48:02.717+0000] {spark_submit.py:649} INFO - found org.apache.hadoop#hadoop-yarn-api;3.1.0 in user-list
[2025-05-26T02:48:02.785+0000] {spark_submit.py:649} INFO - found com.fasterxml.jackson.core#jackson-annotations;2.12.0 in user-list
[2025-05-26T02:48:02.812+0000] {spark_submit.py:649} INFO - found org.apache.hadoop#hadoop-auth;3.1.0 in central
[2025-05-26T02:48:02.870+0000] {spark_submit.py:649} INFO - found com.nimbusds#nimbus-jose-jwt;4.41.1 in central
[2025-05-26T02:48:02.900+0000] {spark_submit.py:649} INFO - found com.github.stephenc.jcip#jcip-annotations;1.0-1 in central
[2025-05-26T02:48:02.919+0000] {spark_submit.py:649} INFO - found net.minidev#json-smart;2.3 in central
[2025-05-26T02:48:02.942+0000] {spark_submit.py:649} INFO - found net.minidev#accessors-smart;1.2 in central
[2025-05-26T02:48:02.958+0000] {spark_submit.py:649} INFO - found org.ow2.asm#asm;5.0.4 in central
[2025-05-26T02:48:02.980+0000] {spark_submit.py:649} INFO - found org.apache.kerby#kerb-simplekdc;1.0.1 in central
[2025-05-26T02:48:03.010+0000] {spark_submit.py:649} INFO - found org.apache.kerby#kerb-client;1.0.1 in central
[2025-05-26T02:48:03.037+0000] {spark_submit.py:649} INFO - found org.apache.kerby#kerby-config;1.0.1 in central
[2025-05-26T02:48:03.058+0000] {spark_submit.py:649} INFO - found org.apache.kerby#kerb-core;1.0.1 in user-list
[2025-05-26T02:48:03.075+0000] {spark_submit.py:649} INFO - found org.apache.kerby#kerby-pkix;1.0.1 in central
[2025-05-26T02:48:03.096+0000] {spark_submit.py:649} INFO - found org.apache.kerby#kerby-asn1;1.0.1 in central
[2025-05-26T02:48:03.116+0000] {spark_submit.py:649} INFO - found org.apache.kerby#kerby-util;1.0.1 in central
[2025-05-26T02:48:03.135+0000] {spark_submit.py:649} INFO - found org.apache.kerby#kerb-common;1.0.1 in central
[2025-05-26T02:48:03.163+0000] {spark_submit.py:649} INFO - found org.apache.kerby#kerb-crypto;1.0.1 in central
[2025-05-26T02:48:03.186+0000] {spark_submit.py:649} INFO - found org.apache.kerby#kerb-util;1.0.1 in central
[2025-05-26T02:48:03.206+0000] {spark_submit.py:649} INFO - found org.apache.kerby#token-provider;1.0.1 in central
[2025-05-26T02:48:03.224+0000] {spark_submit.py:649} INFO - found org.apache.kerby#kerb-admin;1.0.1 in central
[2025-05-26T02:48:03.243+0000] {spark_submit.py:649} INFO - found org.apache.kerby#kerb-server;1.0.1 in central
[2025-05-26T02:48:03.266+0000] {spark_submit.py:649} INFO - found org.apache.kerby#kerb-identity;1.0.1 in user-list
[2025-05-26T02:48:03.298+0000] {spark_submit.py:649} INFO - found org.apache.kerby#kerby-xdr;1.0.1 in central
[2025-05-26T02:48:03.318+0000] {spark_submit.py:649} INFO - found org.apache.commons#commons-compress;1.19 in central
[2025-05-26T02:48:03.338+0000] {spark_submit.py:649} INFO - found org.eclipse.jetty#jetty-util;9.3.19.v20170502 in user-list
[2025-05-26T02:48:03.362+0000] {spark_submit.py:649} INFO - found com.sun.jersey#jersey-client;1.19 in central
[2025-05-26T02:48:03.381+0000] {spark_submit.py:649} INFO - found commons-cli#commons-cli;1.2 in user-list
[2025-05-26T02:48:03.417+0000] {spark_submit.py:649} INFO - found log4j#log4j;1.2.17 in central
[2025-05-26T02:48:03.443+0000] {spark_submit.py:649} INFO - found com.fasterxml.jackson.core#jackson-core;2.12.0 in central
[2025-05-26T02:48:03.470+0000] {spark_submit.py:649} INFO - found com.fasterxml.jackson.core#jackson-databind;2.12.0 in central
[2025-05-26T02:48:03.504+0000] {spark_submit.py:649} INFO - found com.fasterxml.jackson.module#jackson-module-jaxb-annotations;2.12.0 in central
[2025-05-26T02:48:03.565+0000] {spark_submit.py:649} INFO - found jakarta.xml.bind#jakarta.xml.bind-api;2.3.2 in central
[2025-05-26T02:48:03.594+0000] {spark_submit.py:649} INFO - found jakarta.activation#jakarta.activation-api;1.2.1 in user-list
[2025-05-26T02:48:03.614+0000] {spark_submit.py:649} INFO - found com.fasterxml.jackson.jaxrs#jackson-jaxrs-json-provider;2.12.0 in central
[2025-05-26T02:48:03.636+0000] {spark_submit.py:649} INFO - found com.fasterxml.jackson.jaxrs#jackson-jaxrs-base;2.12.0 in user-list
[2025-05-26T02:48:03.654+0000] {spark_submit.py:649} INFO - found org.eclipse.jetty#jetty-util-ajax;9.3.19.v20170502 in central
[2025-05-26T02:48:03.675+0000] {spark_submit.py:649} INFO - found org.apache.hadoop#hadoop-yarn-server-common;3.1.0 in central
[2025-05-26T02:48:03.703+0000] {spark_submit.py:649} INFO - found org.apache.hadoop#hadoop-yarn-registry;3.1.0 in central
[2025-05-26T02:48:03.754+0000] {spark_submit.py:649} INFO - found org.apache.hadoop#hadoop-common;3.1.0 in central
[2025-05-26T02:48:03.807+0000] {spark_submit.py:649} INFO - found org.apache.commons#commons-math3;3.1.1 in central
[2025-05-26T02:48:03.865+0000] {spark_submit.py:649} INFO - found commons-net#commons-net;3.6 in central
[2025-05-26T02:48:03.899+0000] {spark_submit.py:649} INFO - found commons-collections#commons-collections;3.2.2 in user-list
[2025-05-26T02:48:03.926+0000] {spark_submit.py:649} INFO - found org.eclipse.jetty#jetty-server;9.3.20.v20170531 in central
[2025-05-26T02:48:03.953+0000] {spark_submit.py:649} INFO - found org.eclipse.jetty#jetty-http;9.3.20.v20170531 in central
[2025-05-26T02:48:04.000+0000] {spark_submit.py:649} INFO - found org.eclipse.jetty#jetty-io;9.3.20.v20170531 in user-list
[2025-05-26T02:48:04.032+0000] {spark_submit.py:649} INFO - found org.eclipse.jetty#jetty-servlet;9.3.20.v20170531 in central
[2025-05-26T02:48:04.072+0000] {spark_submit.py:649} INFO - found org.eclipse.jetty#jetty-security;9.3.20.v20170531 in central
[2025-05-26T02:48:04.120+0000] {spark_submit.py:649} INFO - found org.eclipse.jetty#jetty-webapp;9.3.20.v20170531 in central
[2025-05-26T02:48:04.175+0000] {spark_submit.py:649} INFO - found org.eclipse.jetty#jetty-xml;9.3.20.v20170531 in central
[2025-05-26T02:48:04.293+0000] {spark_submit.py:649} INFO - found commons-beanutils#commons-beanutils;1.9.3 in central
[2025-05-26T02:48:04.347+0000] {spark_submit.py:649} INFO - found org.apache.commons#commons-configuration2;2.1.1 in central
[2025-05-26T02:48:04.433+0000] {spark_submit.py:649} INFO - found org.apache.avro#avro;1.8.2 in central
[2025-05-26T02:48:04.565+0000] {spark_submit.py:649} INFO - found com.thoughtworks.paranamer#paranamer;2.7 in central
[2025-05-26T02:48:04.601+0000] {spark_submit.py:649} INFO - found org.xerial.snappy#snappy-java;1.1.4 in central
[2025-05-26T02:48:04.648+0000] {spark_submit.py:649} INFO - found org.tukaani#xz;1.5 in central
[2025-05-26T02:48:04.711+0000] {spark_submit.py:649} INFO - found com.google.re2j#re2j;1.1 in central
[2025-05-26T02:48:04.735+0000] {spark_submit.py:649} INFO - found com.google.code.gson#gson;2.2.4 in central
[2025-05-26T02:48:04.758+0000] {spark_submit.py:649} INFO - found com.jcraft#jsch;0.1.54 in central
[2025-05-26T02:48:04.790+0000] {spark_submit.py:649} INFO - found com.google.code.findbugs#jsr305;3.0.0 in central
[2025-05-26T02:48:04.815+0000] {spark_submit.py:649} INFO - found org.apache.htrace#htrace-core4;4.1.0-incubating in central
[2025-05-26T02:48:04.892+0000] {spark_submit.py:649} INFO - found org.codehaus.woodstox#stax2-api;3.1.4 in central
[2025-05-26T02:48:04.938+0000] {spark_submit.py:649} INFO - found com.fasterxml.woodstox#woodstox-core;5.0.3 in central
[2025-05-26T02:48:05.259+0000] {spark_submit.py:649} INFO - found commons-daemon#commons-daemon;1.0.13 in central
[2025-05-26T02:48:11.617+0000] {spark_submit.py:649} INFO - found dnsjava#dnsjava;2.1.7 in central
[2025-05-26T02:48:11.640+0000] {spark_submit.py:649} INFO - found org.fusesource.leveldbjni#leveldbjni-all;1.8 in central
[2025-05-26T02:48:13.001+0000] {spark_submit.py:649} INFO - found org.apache.geronimo.specs#geronimo-jcache_1.0_spec;1.0-alpha-1 in central
[2025-05-26T02:48:14.279+0000] {spark_submit.py:649} INFO - found org.ehcache#ehcache;3.3.1 in central
[2025-05-26T02:48:15.919+0000] {spark_submit.py:649} INFO - found com.zaxxer#HikariCP-java7;2.4.12 in central
[2025-05-26T02:48:15.976+0000] {spark_submit.py:649} INFO - found org.apache.hadoop#hadoop-yarn-server-applicationhistoryservice;3.1.0 in central
[2025-05-26T02:48:16.176+0000] {spark_submit.py:649} INFO - found de.ruedigermoeller#fst;2.50 in central
[2025-05-26T02:48:16.246+0000] {spark_submit.py:649} INFO - found com.cedarsoftware#java-util;1.9.0 in central
[2025-05-26T02:48:16.327+0000] {spark_submit.py:649} INFO - found com.cedarsoftware#json-io;2.5.1 in central
[2025-05-26T02:48:16.444+0000] {spark_submit.py:649} INFO - found org.apache.hadoop#hadoop-yarn-server-web-proxy;3.1.0 in central
[2025-05-26T02:48:17.015+0000] {spark_submit.py:649} INFO - found javax.servlet.jsp#jsp-api;2.1 in central
[2025-05-26T02:48:17.118+0000] {spark_submit.py:649} INFO - found com.microsoft.sqlserver#mssql-jdbc;6.2.1.jre7 in central
[2025-05-26T02:48:17.228+0000] {spark_submit.py:649} INFO - found org.apache.hive.shims#hive-shims-scheduler;3.1.3 in central
[2025-05-26T02:48:17.257+0000] {spark_submit.py:649} INFO - found org.apache.hive#hive-storage-api;2.7.0 in central
[2025-05-26T02:48:17.267+0000] {spark_submit.py:649} INFO - found org.apache.commons#commons-lang3;3.9 in central
[2025-05-26T02:48:17.313+0000] {spark_submit.py:649} INFO - found org.apache.orc#orc-core;1.5.8 in user-list
[2025-05-26T02:48:17.338+0000] {spark_submit.py:649} INFO - found org.apache.orc#orc-shims;1.5.8 in central
[2025-05-26T02:48:17.377+0000] {spark_submit.py:649} INFO - found io.airlift#aircompressor;0.10 in user-list
[2025-05-26T02:48:17.406+0000] {spark_submit.py:649} INFO - found org.eclipse.jetty#jetty-rewrite;9.3.20.v20170531 in central
[2025-05-26T02:48:17.458+0000] {spark_submit.py:649} INFO - found org.eclipse.jetty#jetty-client;9.3.20.v20170531 in central
[2025-05-26T02:48:17.500+0000] {spark_submit.py:649} INFO - found joda-time#joda-time;2.9.9 in central
[2025-05-26T02:48:17.550+0000] {spark_submit.py:649} INFO - found org.apache.logging.log4j#log4j-1.2-api;2.17.1 in central
[2025-05-26T02:48:17.581+0000] {spark_submit.py:649} INFO - found org.apache.logging.log4j#log4j-web;2.17.1 in central
[2025-05-26T02:48:17.647+0000] {spark_submit.py:649} INFO - found org.apache.ant#ant;1.9.1 in central
[2025-05-26T02:48:17.681+0000] {spark_submit.py:649} INFO - found org.apache.ant#ant-launcher;1.9.1 in central
[2025-05-26T02:48:17.720+0000] {spark_submit.py:649} INFO - found net.sf.jpam#jpam;1.1 in central
[2025-05-26T02:48:17.769+0000] {spark_submit.py:649} INFO - found com.tdunning#json;1.8 in central
[2025-05-26T02:48:17.821+0000] {spark_submit.py:649} INFO - found io.dropwizard.metrics#metrics-core;3.1.0 in central
[2025-05-26T02:48:17.882+0000] {spark_submit.py:649} INFO - found io.dropwizard.metrics#metrics-jvm;3.1.0 in central
[2025-05-26T02:48:17.932+0000] {spark_submit.py:649} INFO - found io.dropwizard.metrics#metrics-json;3.1.0 in central
[2025-05-26T02:48:17.987+0000] {spark_submit.py:649} INFO - found com.github.joshelser#dropwizard-metrics-hadoop-metrics2-reporter;0.1.2 in central
[2025-05-26T02:48:18.022+0000] {spark_submit.py:649} INFO - found javolution#javolution;5.5.1 in central
[2025-05-26T02:48:18.124+0000] {spark_submit.py:649} INFO - found org.apache.hive#hive-service-rpc;3.1.3 in central
[2025-05-26T02:48:18.140+0000] {spark_submit.py:649} INFO - found org.apache.thrift#libfb303;0.9.3 in central
[2025-05-26T02:48:18.172+0000] {spark_submit.py:649} INFO - found org.apache.arrow#arrow-vector;0.8.0 in central
[2025-05-26T02:48:18.255+0000] {spark_submit.py:649} INFO - found org.apache.arrow#arrow-format;0.8.0 in central
[2025-05-26T02:48:18.317+0000] {spark_submit.py:649} INFO - found com.vlkan#flatbuffers;1.2.0-3f79e055 in central
[2025-05-26T02:48:18.396+0000] {spark_submit.py:649} INFO - found org.apache.arrow#arrow-memory;0.8.0 in user-list
[2025-05-26T02:48:18.691+0000] {spark_submit.py:649} INFO - found io.netty#netty-buffer;4.1.17.Final in central
[2025-05-26T02:48:18.758+0000] {spark_submit.py:649} INFO - found io.netty#netty-common;4.1.17.Final in central
[2025-05-26T02:48:18.921+0000] {spark_submit.py:649} INFO - found com.carrotsearch#hppc;0.7.2 in central
[2025-05-26T02:48:18.984+0000] {spark_submit.py:649} INFO - found net.sf.opencsv#opencsv;2.3 in central
[2025-05-26T02:48:19.027+0000] {spark_submit.py:649} INFO - found org.apache.parquet#parquet-hadoop-bundle;1.10.0 in central
[2025-05-26T02:48:19.244+0000] {spark_submit.py:649} INFO - found org.apache.hive#hive-standalone-metastore;3.1.3 in central
[2025-05-26T02:48:19.291+0000] {spark_submit.py:649} INFO - found com.jolbox#bonecp;0.8.0.RELEASE in central
[2025-05-26T02:48:19.754+0000] {spark_submit.py:649} INFO - found com.zaxxer#HikariCP;2.6.1 in central
[2025-05-26T02:48:20.974+0000] {spark_submit.py:649} INFO - found commons-dbcp#commons-dbcp;1.4 in central
[2025-05-26T02:48:21.000+0000] {spark_submit.py:649} INFO - found commons-pool#commons-pool;1.5.4 in central
[2025-05-26T02:48:21.048+0000] {spark_submit.py:649} INFO - found org.antlr#antlr-runtime;3.5.2 in central
[2025-05-26T02:48:21.096+0000] {spark_submit.py:649} INFO - found org.datanucleus#datanucleus-api-jdo;4.2.4 in user-list
[2025-05-26T02:48:21.123+0000] {spark_submit.py:649} INFO - found org.datanucleus#datanucleus-core;4.1.17 in user-list
[2025-05-26T02:48:21.192+0000] {spark_submit.py:649} INFO - found org.datanucleus#datanucleus-rdbms;4.1.19 in central
[2025-05-26T02:48:21.341+0000] {spark_submit.py:649} INFO - found org.datanucleus#javax.jdo;3.2.0-m3 in central
[2025-05-26T02:48:24.030+0000] {spark_submit.py:649} INFO - found javax.transaction#transaction-api;1.1 in central
[2025-05-26T02:48:24.238+0000] {spark_submit.py:649} INFO - found sqlline#sqlline;1.3.0 in central
[2025-05-26T02:48:29.692+0000] {spark_submit.py:649} INFO - found org.apache.hbase#hbase-client;2.0.0-alpha4 in central
[2025-05-26T02:48:29.864+0000] {spark_submit.py:649} INFO - found org.apache.hbase.thirdparty#hbase-shaded-protobuf;1.0.1 in central
[2025-05-26T02:48:29.955+0000] {spark_submit.py:649} INFO - found org.apache.hbase#hbase-protocol-shaded;2.0.0-alpha4 in central
[2025-05-26T02:48:29.965+0000] {spark_submit.py:649} INFO - found org.apache.yetus#audience-annotations;0.5.0 in central
[2025-05-26T02:48:29.973+0000] {spark_submit.py:649} INFO - found junit#junit;4.11 in central
[2025-05-26T02:48:30.029+0000] {spark_submit.py:649} INFO - found org.hamcrest#hamcrest-core;1.3 in central
[2025-05-26T02:48:30.086+0000] {spark_submit.py:649} INFO - found org.apache.hbase#hbase-protocol;2.0.0-alpha4 in central
[2025-05-26T02:48:30.204+0000] {spark_submit.py:649} INFO - found org.apache.hbase.thirdparty#hbase-shaded-miscellaneous;1.0.1 in central
[2025-05-26T02:48:30.212+0000] {spark_submit.py:649} INFO - found org.apache.hbase.thirdparty#hbase-shaded-netty;1.0.1 in central
[2025-05-26T02:48:30.298+0000] {spark_submit.py:649} INFO - found org.apache.htrace#htrace-core;3.2.0-incubating in central
[2025-05-26T02:48:30.307+0000] {spark_submit.py:649} INFO - found org.jruby.jcodings#jcodings;1.0.18 in central
[2025-05-26T02:48:30.316+0000] {spark_submit.py:649} INFO - found org.jruby.joni#joni;2.1.11 in central
[2025-05-26T02:48:30.324+0000] {spark_submit.py:649} INFO - found io.dropwizard.metrics#metrics-core;3.2.1 in central
[2025-05-26T02:48:30.340+0000] {spark_submit.py:649} INFO - found org.apache.commons#commons-crypto;1.0.0 in central
[2025-05-26T02:48:30.712+0000] {spark_submit.py:649} INFO - found javax.jdo#jdo-api;3.0.1 in central
[2025-05-26T02:48:30.728+0000] {spark_submit.py:649} INFO - found javax.transaction#jta;1.1 in central
[2025-05-26T02:48:30.739+0000] {spark_submit.py:649} INFO - found co.cask.tephra#tephra-api;0.6.0 in central
[2025-05-26T02:48:30.766+0000] {spark_submit.py:649} INFO - found co.cask.tephra#tephra-core;0.6.0 in central
[2025-05-26T02:48:30.796+0000] {spark_submit.py:649} INFO - found com.google.inject.extensions#guice-assistedinject;3.0 in central
[2025-05-26T02:48:30.827+0000] {spark_submit.py:649} INFO - found it.unimi.dsi#fastutil;6.5.6 in central
[2025-05-26T02:48:30.842+0000] {spark_submit.py:649} INFO - found org.apache.twill#twill-common;0.6.0-incubating in central
[2025-05-26T02:48:30.854+0000] {spark_submit.py:649} INFO - found org.apache.twill#twill-core;0.6.0-incubating in central
[2025-05-26T02:48:30.730+0000] {job.py:229} INFO - Heartbeat recovered after 25.70 seconds
[2025-05-26T02:48:30.957+0000] {spark_submit.py:649} INFO - found org.apache.twill#twill-api;0.6.0-incubating in central
[2025-05-26T02:48:31.059+0000] {spark_submit.py:649} INFO - found org.apache.twill#twill-discovery-api;0.6.0-incubating in central
[2025-05-26T02:48:31.129+0000] {spark_submit.py:649} INFO - found org.apache.twill#twill-zookeeper;0.6.0-incubating in central
[2025-05-26T02:48:31.213+0000] {spark_submit.py:649} INFO - found org.apache.twill#twill-discovery-core;0.6.0-incubating in central
[2025-05-26T02:48:31.224+0000] {spark_submit.py:649} INFO - found co.cask.tephra#tephra-hbase-compat-1.0;0.6.0 in central
[2025-05-26T02:48:31.285+0000] {spark_submit.py:649} INFO - found org.apache.hive#hive-exec;3.1.3 in central
[2025-05-26T02:48:31.349+0000] {spark_submit.py:649} INFO - found org.apache.hive#hive-llap-tez;3.1.3 in central
[2025-05-26T02:48:31.367+0000] {spark_submit.py:649} INFO - found org.apache.hive#hive-llap-client;3.1.3 in central
[2025-05-26T02:48:31.381+0000] {spark_submit.py:649} INFO - found org.apache.hive#hive-llap-common;3.1.3 in central
[2025-05-26T02:48:31.472+0000] {spark_submit.py:649} INFO - found org.antlr#ST4;4.0.4 in central
[2025-05-26T02:48:31.514+0000] {spark_submit.py:649} INFO - found org.apache.ivy#ivy;2.4.0 in central
[2025-05-26T02:48:31.541+0000] {spark_submit.py:649} INFO - found org.codehaus.groovy#groovy-all;2.4.11 in central
[2025-05-26T02:48:31.569+0000] {spark_submit.py:649} INFO - found org.apache.calcite#calcite-core;1.16.0 in central
[2025-05-26T02:48:31.594+0000] {spark_submit.py:649} INFO - found org.apache.calcite#calcite-linq4j;1.16.0 in central
[2025-05-26T02:48:31.642+0000] {spark_submit.py:649} INFO - found com.esri.geometry#esri-geometry-api;2.0.0 in central
[2025-05-26T02:48:31.662+0000] {spark_submit.py:649} INFO - found com.google.code.findbugs#jsr305;3.0.1 in central
[2025-05-26T02:48:31.679+0000] {spark_submit.py:649} INFO - found com.yahoo.datasketches#sketches-core;0.9.0 in central
[2025-05-26T02:48:31.695+0000] {spark_submit.py:649} INFO - found com.yahoo.datasketches#memory;0.9.0 in central
[2025-05-26T02:48:31.705+0000] {spark_submit.py:649} INFO - found org.codehaus.janino#janino;2.7.6 in central
[2025-05-26T02:48:31.718+0000] {spark_submit.py:649} INFO - found org.codehaus.janino#commons-compiler;2.7.6 in central
[2025-05-26T02:48:31.751+0000] {spark_submit.py:649} INFO - found org.apache.calcite.avatica#avatica;1.11.0 in central
[2025-05-26T02:48:31.771+0000] {spark_submit.py:649} INFO - found stax#stax-api;1.0.1 in central
[2025-05-26T02:48:31.794+0000] {spark_submit.py:649} INFO - found org.apache.hadoop#hadoop-client-api;3.3.4 in central
[2025-05-26T02:48:31.813+0000] {spark_submit.py:649} INFO - found org.xerial.snappy#snappy-java;1.1.8.2 in central
[2025-05-26T02:48:31.823+0000] {spark_submit.py:649} INFO - found org.apache.hadoop#hadoop-client-runtime;3.3.4 in central
[2025-05-26T02:48:31.830+0000] {spark_submit.py:649} INFO - found org.slf4j#slf4j-api;1.7.36 in central
[2025-05-26T02:48:32.354+0000] {spark_submit.py:649} INFO - :: resolution report :: resolve 30911ms :: artifacts dl 291ms
[2025-05-26T02:48:32.355+0000] {spark_submit.py:649} INFO - :: modules in use:
[2025-05-26T02:48:32.365+0000] {spark_submit.py:649} INFO - aopalliance#aopalliance;1.0 from user-list in [default]
[2025-05-26T02:48:32.365+0000] {spark_submit.py:649} INFO - co.cask.tephra#tephra-api;0.6.0 from central in [default]
[2025-05-26T02:48:32.366+0000] {spark_submit.py:649} INFO - co.cask.tephra#tephra-core;0.6.0 from central in [default]
[2025-05-26T02:48:32.367+0000] {spark_submit.py:649} INFO - co.cask.tephra#tephra-hbase-compat-1.0;0.6.0 from central in [default]
[2025-05-26T02:48:32.367+0000] {spark_submit.py:649} INFO - com.carrotsearch#hppc;0.7.2 from central in [default]
[2025-05-26T02:48:32.368+0000] {spark_submit.py:649} INFO - com.cedarsoftware#java-util;1.9.0 from central in [default]
[2025-05-26T02:48:32.368+0000] {spark_submit.py:649} INFO - com.cedarsoftware#json-io;2.5.1 from central in [default]
[2025-05-26T02:48:32.369+0000] {spark_submit.py:649} INFO - com.esri.geometry#esri-geometry-api;2.0.0 from central in [default]
[2025-05-26T02:48:32.369+0000] {spark_submit.py:649} INFO - com.fasterxml.jackson.core#jackson-annotations;2.12.0 from user-list in [default]
[2025-05-26T02:48:32.369+0000] {spark_submit.py:649} INFO - com.fasterxml.jackson.core#jackson-core;2.12.0 from central in [default]
[2025-05-26T02:48:32.369+0000] {spark_submit.py:649} INFO - com.fasterxml.jackson.core#jackson-databind;2.12.0 from central in [default]
[2025-05-26T02:48:32.370+0000] {spark_submit.py:649} INFO - com.fasterxml.jackson.jaxrs#jackson-jaxrs-base;2.12.0 from user-list in [default]
[2025-05-26T02:48:32.387+0000] {spark_submit.py:649} INFO - com.fasterxml.jackson.jaxrs#jackson-jaxrs-json-provider;2.12.0 from central in [default]
[2025-05-26T02:48:32.388+0000] {spark_submit.py:649} INFO - com.fasterxml.jackson.module#jackson-module-jaxb-annotations;2.12.0 from central in [default]
[2025-05-26T02:48:32.389+0000] {spark_submit.py:649} INFO - com.fasterxml.woodstox#woodstox-core;5.0.3 from central in [default]
[2025-05-26T02:48:32.390+0000] {spark_submit.py:649} INFO - com.github.joshelser#dropwizard-metrics-hadoop-metrics2-reporter;0.1.2 from central in [default]
[2025-05-26T02:48:32.391+0000] {spark_submit.py:649} INFO - com.github.stephenc.jcip#jcip-annotations;1.0-1 from central in [default]
[2025-05-26T02:48:32.391+0000] {spark_submit.py:649} INFO - com.google.code.findbugs#jsr305;3.0.1 from central in [default]
[2025-05-26T02:48:32.392+0000] {spark_submit.py:649} INFO - com.google.code.gson#gson;2.2.4 from central in [default]
[2025-05-26T02:48:32.393+0000] {spark_submit.py:649} INFO - com.google.guava#guava;19.0 from central in [default]
[2025-05-26T02:48:32.394+0000] {spark_submit.py:649} INFO - com.google.inject#guice;4.0 from central in [default]
[2025-05-26T02:48:32.394+0000] {spark_submit.py:649} INFO - com.google.inject.extensions#guice-assistedinject;3.0 from central in [default]
[2025-05-26T02:48:32.394+0000] {spark_submit.py:649} INFO - com.google.inject.extensions#guice-servlet;4.0 from central in [default]
[2025-05-26T02:48:32.395+0000] {spark_submit.py:649} INFO - com.google.protobuf#protobuf-java;2.5.0 from central in [default]
[2025-05-26T02:48:32.395+0000] {spark_submit.py:649} INFO - com.google.re2j#re2j;1.1 from central in [default]
[2025-05-26T02:48:32.396+0000] {spark_submit.py:649} INFO - com.jcraft#jsch;0.1.54 from central in [default]
[2025-05-26T02:48:32.396+0000] {spark_submit.py:649} INFO - com.jolbox#bonecp;0.8.0.RELEASE from central in [default]
[2025-05-26T02:48:32.396+0000] {spark_submit.py:649} INFO - com.microsoft.sqlserver#mssql-jdbc;6.2.1.jre7 from central in [default]
[2025-05-26T02:48:32.397+0000] {spark_submit.py:649} INFO - com.nimbusds#nimbus-jose-jwt;4.41.1 from central in [default]
[2025-05-26T02:48:32.397+0000] {spark_submit.py:649} INFO - com.sun.jersey#jersey-client;1.19 from central in [default]
[2025-05-26T02:48:32.397+0000] {spark_submit.py:649} INFO - com.sun.jersey#jersey-core;1.19 from user-list in [default]
[2025-05-26T02:48:32.398+0000] {spark_submit.py:649} INFO - com.sun.jersey#jersey-json;1.19 from central in [default]
[2025-05-26T02:48:32.398+0000] {spark_submit.py:649} INFO - com.sun.jersey#jersey-server;1.19 from central in [default]
[2025-05-26T02:48:32.398+0000] {spark_submit.py:649} INFO - com.sun.jersey#jersey-servlet;1.19 from central in [default]
[2025-05-26T02:48:32.399+0000] {spark_submit.py:649} INFO - com.sun.jersey.contribs#jersey-guice;1.19 from user-list in [default]
[2025-05-26T02:48:32.399+0000] {spark_submit.py:649} INFO - com.sun.xml.bind#jaxb-impl;2.2.3-1 from central in [default]
[2025-05-26T02:48:32.399+0000] {spark_submit.py:649} INFO - com.tdunning#json;1.8 from central in [default]
[2025-05-26T02:48:32.400+0000] {spark_submit.py:649} INFO - com.thoughtworks.paranamer#paranamer;2.7 from central in [default]
[2025-05-26T02:48:32.400+0000] {spark_submit.py:649} INFO - com.vlkan#flatbuffers;1.2.0-3f79e055 from central in [default]
[2025-05-26T02:48:32.400+0000] {spark_submit.py:649} INFO - com.yahoo.datasketches#memory;0.9.0 from central in [default]
[2025-05-26T02:48:32.401+0000] {spark_submit.py:649} INFO - com.yahoo.datasketches#sketches-core;0.9.0 from central in [default]
[2025-05-26T02:48:32.402+0000] {spark_submit.py:649} INFO - com.zaxxer#HikariCP;2.6.1 from central in [default]
[2025-05-26T02:48:32.402+0000] {spark_submit.py:649} INFO - com.zaxxer#HikariCP-java7;2.4.12 from central in [default]
[2025-05-26T02:48:32.402+0000] {spark_submit.py:649} INFO - commons-beanutils#commons-beanutils;1.9.3 from central in [default]
[2025-05-26T02:48:32.403+0000] {spark_submit.py:649} INFO - commons-cli#commons-cli;1.2 from user-list in [default]
[2025-05-26T02:48:32.403+0000] {spark_submit.py:649} INFO - commons-codec#commons-codec;1.15 from central in [default]
[2025-05-26T02:48:32.404+0000] {spark_submit.py:649} INFO - commons-collections#commons-collections;3.2.2 from user-list in [default]
[2025-05-26T02:48:32.404+0000] {spark_submit.py:649} INFO - commons-daemon#commons-daemon;1.0.13 from central in [default]
[2025-05-26T02:48:32.404+0000] {spark_submit.py:649} INFO - commons-dbcp#commons-dbcp;1.4 from central in [default]
[2025-05-26T02:48:32.405+0000] {spark_submit.py:649} INFO - commons-io#commons-io;2.6 from central in [default]
[2025-05-26T02:48:32.405+0000] {spark_submit.py:649} INFO - commons-lang#commons-lang;2.6 from central in [default]
[2025-05-26T02:48:32.405+0000] {spark_submit.py:649} INFO - commons-logging#commons-logging;1.2 from central in [default]
[2025-05-26T02:48:32.405+0000] {spark_submit.py:649} INFO - commons-net#commons-net;3.6 from central in [default]
[2025-05-26T02:48:32.406+0000] {spark_submit.py:649} INFO - commons-pool#commons-pool;1.5.4 from central in [default]
[2025-05-26T02:48:32.406+0000] {spark_submit.py:649} INFO - de.ruedigermoeller#fst;2.50 from central in [default]
[2025-05-26T02:48:32.406+0000] {spark_submit.py:649} INFO - dnsjava#dnsjava;2.1.7 from central in [default]
[2025-05-26T02:48:32.407+0000] {spark_submit.py:649} INFO - io.airlift#aircompressor;0.10 from user-list in [default]
[2025-05-26T02:48:32.407+0000] {spark_submit.py:649} INFO - io.dropwizard.metrics#metrics-core;3.2.1 from central in [default]
[2025-05-26T02:48:32.407+0000] {spark_submit.py:649} INFO - io.dropwizard.metrics#metrics-json;3.1.0 from central in [default]
[2025-05-26T02:48:32.409+0000] {spark_submit.py:649} INFO - io.dropwizard.metrics#metrics-jvm;3.1.0 from central in [default]
[2025-05-26T02:48:32.409+0000] {spark_submit.py:649} INFO - io.netty#netty;3.7.0.Final from central in [default]
[2025-05-26T02:48:32.410+0000] {spark_submit.py:649} INFO - io.netty#netty-buffer;4.1.17.Final from central in [default]
[2025-05-26T02:48:32.410+0000] {spark_submit.py:649} INFO - io.netty#netty-common;4.1.17.Final from central in [default]
[2025-05-26T02:48:32.411+0000] {spark_submit.py:649} INFO - it.unimi.dsi#fastutil;6.5.6 from central in [default]
[2025-05-26T02:48:32.411+0000] {spark_submit.py:649} INFO - jakarta.activation#jakarta.activation-api;1.2.1 from user-list in [default]
[2025-05-26T02:48:32.412+0000] {spark_submit.py:649} INFO - jakarta.xml.bind#jakarta.xml.bind-api;2.3.2 from central in [default]
[2025-05-26T02:48:32.412+0000] {spark_submit.py:649} INFO - javax.inject#javax.inject;1 from central in [default]
[2025-05-26T02:48:32.412+0000] {spark_submit.py:649} INFO - javax.jdo#jdo-api;3.0.1 from central in [default]
[2025-05-26T02:48:32.413+0000] {spark_submit.py:649} INFO - javax.servlet#javax.servlet-api;3.1.0 from central in [default]
[2025-05-26T02:48:32.413+0000] {spark_submit.py:649} INFO - javax.servlet.jsp#jsp-api;2.1 from central in [default]
[2025-05-26T02:48:32.414+0000] {spark_submit.py:649} INFO - javax.transaction#jta;1.1 from central in [default]
[2025-05-26T02:48:32.414+0000] {spark_submit.py:649} INFO - javax.transaction#transaction-api;1.1 from central in [default]
[2025-05-26T02:48:32.415+0000] {spark_submit.py:649} INFO - javax.ws.rs#jsr311-api;1.1.1 from user-list in [default]
[2025-05-26T02:48:32.415+0000] {spark_submit.py:649} INFO - javax.xml.bind#jaxb-api;2.2.11 from central in [default]
[2025-05-26T02:48:32.415+0000] {spark_submit.py:649} INFO - javolution#javolution;5.5.1 from central in [default]
[2025-05-26T02:48:32.416+0000] {spark_submit.py:649} INFO - jline#jline;2.12 from central in [default]
[2025-05-26T02:48:32.416+0000] {spark_submit.py:649} INFO - joda-time#joda-time;2.9.9 from central in [default]
[2025-05-26T02:48:32.416+0000] {spark_submit.py:649} INFO - junit#junit;4.11 from central in [default]
[2025-05-26T02:48:32.417+0000] {spark_submit.py:649} INFO - log4j#log4j;1.2.17 from central in [default]
[2025-05-26T02:48:32.417+0000] {spark_submit.py:649} INFO - net.minidev#accessors-smart;1.2 from central in [default]
[2025-05-26T02:48:32.417+0000] {spark_submit.py:649} INFO - net.minidev#json-smart;2.3 from central in [default]
[2025-05-26T02:48:32.418+0000] {spark_submit.py:649} INFO - net.sf.jpam#jpam;1.1 from central in [default]
[2025-05-26T02:48:32.419+0000] {spark_submit.py:649} INFO - net.sf.opencsv#opencsv;2.3 from central in [default]
[2025-05-26T02:48:32.425+0000] {spark_submit.py:649} INFO - org.antlr#ST4;4.0.4 from central in [default]
[2025-05-26T02:48:32.437+0000] {spark_submit.py:649} INFO - org.antlr#antlr-runtime;3.5.2 from central in [default]
[2025-05-26T02:48:32.438+0000] {spark_submit.py:649} INFO - org.apache.ant#ant;1.9.1 from central in [default]
[2025-05-26T02:48:32.438+0000] {spark_submit.py:649} INFO - org.apache.ant#ant-launcher;1.9.1 from central in [default]
[2025-05-26T02:48:32.439+0000] {spark_submit.py:649} INFO - org.apache.arrow#arrow-format;0.8.0 from central in [default]
[2025-05-26T02:48:32.440+0000] {spark_submit.py:649} INFO - org.apache.arrow#arrow-memory;0.8.0 from user-list in [default]
[2025-05-26T02:48:32.441+0000] {spark_submit.py:649} INFO - org.apache.arrow#arrow-vector;0.8.0 from central in [default]
[2025-05-26T02:48:32.441+0000] {spark_submit.py:649} INFO - org.apache.avro#avro;1.8.2 from central in [default]
[2025-05-26T02:48:32.442+0000] {spark_submit.py:649} INFO - org.apache.calcite#calcite-core;1.16.0 from central in [default]
[2025-05-26T02:48:32.442+0000] {spark_submit.py:649} INFO - org.apache.calcite#calcite-linq4j;1.16.0 from central in [default]
[2025-05-26T02:48:32.442+0000] {spark_submit.py:649} INFO - org.apache.calcite.avatica#avatica;1.11.0 from central in [default]
[2025-05-26T02:48:32.443+0000] {spark_submit.py:649} INFO - org.apache.commons#commons-compress;1.19 from central in [default]
[2025-05-26T02:48:32.443+0000] {spark_submit.py:649} INFO - org.apache.commons#commons-configuration2;2.1.1 from central in [default]
[2025-05-26T02:48:32.444+0000] {spark_submit.py:649} INFO - org.apache.commons#commons-crypto;1.0.0 from central in [default]
[2025-05-26T02:48:32.444+0000] {spark_submit.py:649} INFO - org.apache.commons#commons-lang3;3.9 from central in [default]
[2025-05-26T02:48:32.445+0000] {spark_submit.py:649} INFO - org.apache.commons#commons-math3;3.1.1 from central in [default]
[2025-05-26T02:48:32.445+0000] {spark_submit.py:649} INFO - org.apache.derby#derby;10.14.1.0 from central in [default]
[2025-05-26T02:48:32.445+0000] {spark_submit.py:649} INFO - org.apache.geronimo.specs#geronimo-jcache_1.0_spec;1.0-alpha-1 from central in [default]
[2025-05-26T02:48:32.446+0000] {spark_submit.py:649} INFO - org.apache.hadoop#hadoop-annotations;3.1.0 from central in [default]
[2025-05-26T02:48:32.446+0000] {spark_submit.py:649} INFO - org.apache.hadoop#hadoop-auth;3.1.0 from central in [default]
[2025-05-26T02:48:32.446+0000] {spark_submit.py:649} INFO - org.apache.hadoop#hadoop-client-api;3.3.4 from central in [default]
[2025-05-26T02:48:32.447+0000] {spark_submit.py:649} INFO - org.apache.hadoop#hadoop-client-runtime;3.3.4 from central in [default]
[2025-05-26T02:48:32.447+0000] {spark_submit.py:649} INFO - org.apache.hadoop#hadoop-common;3.1.0 from central in [default]
[2025-05-26T02:48:32.448+0000] {spark_submit.py:649} INFO - org.apache.hadoop#hadoop-yarn-api;3.1.0 from user-list in [default]
[2025-05-26T02:48:32.448+0000] {spark_submit.py:649} INFO - org.apache.hadoop#hadoop-yarn-common;3.1.0 from central in [default]
[2025-05-26T02:48:32.449+0000] {spark_submit.py:649} INFO - org.apache.hadoop#hadoop-yarn-registry;3.1.0 from central in [default]
[2025-05-26T02:48:32.449+0000] {spark_submit.py:649} INFO - org.apache.hadoop#hadoop-yarn-server-applicationhistoryservice;3.1.0 from central in [default]
[2025-05-26T02:48:32.450+0000] {spark_submit.py:649} INFO - org.apache.hadoop#hadoop-yarn-server-common;3.1.0 from central in [default]
[2025-05-26T02:48:32.450+0000] {spark_submit.py:649} INFO - org.apache.hadoop#hadoop-yarn-server-resourcemanager;3.1.0 from central in [default]
[2025-05-26T02:48:32.450+0000] {spark_submit.py:649} INFO - org.apache.hadoop#hadoop-yarn-server-web-proxy;3.1.0 from central in [default]
[2025-05-26T02:48:32.451+0000] {spark_submit.py:649} INFO - org.apache.hbase#hbase-client;2.0.0-alpha4 from central in [default]
[2025-05-26T02:48:32.451+0000] {spark_submit.py:649} INFO - org.apache.hbase#hbase-protocol;2.0.0-alpha4 from central in [default]
[2025-05-26T02:48:32.452+0000] {spark_submit.py:649} INFO - org.apache.hbase#hbase-protocol-shaded;2.0.0-alpha4 from central in [default]
[2025-05-26T02:48:32.452+0000] {spark_submit.py:649} INFO - org.apache.hbase.thirdparty#hbase-shaded-miscellaneous;1.0.1 from central in [default]
[2025-05-26T02:48:32.453+0000] {spark_submit.py:649} INFO - org.apache.hbase.thirdparty#hbase-shaded-netty;1.0.1 from central in [default]
[2025-05-26T02:48:32.454+0000] {spark_submit.py:649} INFO - org.apache.hbase.thirdparty#hbase-shaded-protobuf;1.0.1 from central in [default]
[2025-05-26T02:48:32.454+0000] {spark_submit.py:649} INFO - org.apache.hive#hive-classification;3.1.3 from central in [default]
[2025-05-26T02:48:32.454+0000] {spark_submit.py:649} INFO - org.apache.hive#hive-common;3.1.3 from central in [default]
[2025-05-26T02:48:32.467+0000] {spark_submit.py:649} INFO - org.apache.hive#hive-exec;3.1.3 from central in [default]
[2025-05-26T02:48:32.486+0000] {spark_submit.py:649} INFO - org.apache.hive#hive-llap-client;3.1.3 from central in [default]
[2025-05-26T02:48:32.488+0000] {spark_submit.py:649} INFO - org.apache.hive#hive-llap-common;3.1.3 from central in [default]
[2025-05-26T02:48:32.489+0000] {spark_submit.py:649} INFO - org.apache.hive#hive-llap-tez;3.1.3 from central in [default]
[2025-05-26T02:48:32.490+0000] {spark_submit.py:649} INFO - org.apache.hive#hive-metastore;3.1.3 from central in [default]
[2025-05-26T02:48:32.491+0000] {spark_submit.py:649} INFO - org.apache.hive#hive-serde;3.1.3 from central in [default]
[2025-05-26T02:48:32.507+0000] {spark_submit.py:649} INFO - org.apache.hive#hive-service-rpc;3.1.3 from central in [default]
[2025-05-26T02:48:32.508+0000] {spark_submit.py:649} INFO - org.apache.hive#hive-shims;3.1.3 from central in [default]
[2025-05-26T02:48:32.508+0000] {spark_submit.py:649} INFO - org.apache.hive#hive-standalone-metastore;3.1.3 from central in [default]
[2025-05-26T02:48:32.509+0000] {spark_submit.py:649} INFO - org.apache.hive#hive-storage-api;2.7.0 from central in [default]
[2025-05-26T02:48:32.509+0000] {spark_submit.py:649} INFO - org.apache.hive#hive-upgrade-acid;3.1.3 from central in [default]
[2025-05-26T02:48:32.510+0000] {spark_submit.py:649} INFO - org.apache.hive.shims#hive-shims-0.23;3.1.3 from central in [default]
[2025-05-26T02:48:32.510+0000] {spark_submit.py:649} INFO - org.apache.hive.shims#hive-shims-common;3.1.3 from central in [default]
[2025-05-26T02:48:32.510+0000] {spark_submit.py:649} INFO - org.apache.hive.shims#hive-shims-scheduler;3.1.3 from central in [default]
[2025-05-26T02:48:32.514+0000] {spark_submit.py:649} INFO - org.apache.htrace#htrace-core;3.2.0-incubating from central in [default]
[2025-05-26T02:48:32.515+0000] {spark_submit.py:649} INFO - org.apache.htrace#htrace-core4;4.1.0-incubating from central in [default]
[2025-05-26T02:48:32.518+0000] {spark_submit.py:649} INFO - org.apache.httpcomponents#httpclient;4.5.13 from central in [default]
[2025-05-26T02:48:32.518+0000] {spark_submit.py:649} INFO - org.apache.httpcomponents#httpcore;4.4.13 from central in [default]
[2025-05-26T02:48:32.519+0000] {spark_submit.py:649} INFO - org.apache.ivy#ivy;2.4.0 from central in [default]
[2025-05-26T02:48:32.520+0000] {spark_submit.py:649} INFO - org.apache.kerby#kerb-admin;1.0.1 from central in [default]
[2025-05-26T02:48:32.522+0000] {spark_submit.py:649} INFO - org.apache.kerby#kerb-client;1.0.1 from central in [default]
[2025-05-26T02:48:32.524+0000] {spark_submit.py:649} INFO - org.apache.kerby#kerb-common;1.0.1 from central in [default]
[2025-05-26T02:48:32.527+0000] {spark_submit.py:649} INFO - org.apache.kerby#kerb-core;1.0.1 from user-list in [default]
[2025-05-26T02:48:32.528+0000] {spark_submit.py:649} INFO - org.apache.kerby#kerb-crypto;1.0.1 from central in [default]
[2025-05-26T02:48:32.528+0000] {spark_submit.py:649} INFO - org.apache.kerby#kerb-identity;1.0.1 from user-list in [default]
[2025-05-26T02:48:32.529+0000] {spark_submit.py:649} INFO - org.apache.kerby#kerb-server;1.0.1 from central in [default]
[2025-05-26T02:48:32.529+0000] {spark_submit.py:649} INFO - org.apache.kerby#kerb-simplekdc;1.0.1 from central in [default]
[2025-05-26T02:48:32.529+0000] {spark_submit.py:649} INFO - org.apache.kerby#kerb-util;1.0.1 from central in [default]
[2025-05-26T02:48:32.531+0000] {spark_submit.py:649} INFO - org.apache.kerby#kerby-asn1;1.0.1 from central in [default]
[2025-05-26T02:48:32.532+0000] {spark_submit.py:649} INFO - org.apache.kerby#kerby-config;1.0.1 from central in [default]
[2025-05-26T02:48:32.532+0000] {spark_submit.py:649} INFO - org.apache.kerby#kerby-pkix;1.0.1 from central in [default]
[2025-05-26T02:48:32.535+0000] {spark_submit.py:649} INFO - org.apache.kerby#kerby-util;1.0.1 from central in [default]
[2025-05-26T02:48:32.536+0000] {spark_submit.py:649} INFO - org.apache.kerby#kerby-xdr;1.0.1 from central in [default]
[2025-05-26T02:48:32.536+0000] {spark_submit.py:649} INFO - org.apache.kerby#token-provider;1.0.1 from central in [default]
[2025-05-26T02:48:32.537+0000] {spark_submit.py:649} INFO - org.apache.logging.log4j#log4j-1.2-api;2.17.1 from central in [default]
[2025-05-26T02:48:32.539+0000] {spark_submit.py:649} INFO - org.apache.logging.log4j#log4j-api;2.10.0 from central in [default]
[2025-05-26T02:48:32.540+0000] {spark_submit.py:649} INFO - org.apache.logging.log4j#log4j-core;2.17.1 from central in [default]
[2025-05-26T02:48:32.543+0000] {spark_submit.py:649} INFO - org.apache.logging.log4j#log4j-slf4j-impl;2.17.1 from central in [default]
[2025-05-26T02:48:32.544+0000] {spark_submit.py:649} INFO - org.apache.logging.log4j#log4j-web;2.17.1 from central in [default]
[2025-05-26T02:48:32.544+0000] {spark_submit.py:649} INFO - org.apache.orc#orc-core;1.5.8 from user-list in [default]
[2025-05-26T02:48:32.545+0000] {spark_submit.py:649} INFO - org.apache.orc#orc-shims;1.5.8 from central in [default]
[2025-05-26T02:48:32.545+0000] {spark_submit.py:649} INFO - org.apache.parquet#parquet-hadoop-bundle;1.10.0 from central in [default]
[2025-05-26T02:48:32.546+0000] {spark_submit.py:649} INFO - org.apache.thrift#libfb303;0.9.3 from central in [default]
[2025-05-26T02:48:32.547+0000] {spark_submit.py:649} INFO - org.apache.thrift#libthrift;0.9.3 from central in [default]
[2025-05-26T02:48:32.547+0000] {spark_submit.py:649} INFO - org.apache.twill#twill-api;0.6.0-incubating from central in [default]
[2025-05-26T02:48:32.548+0000] {spark_submit.py:649} INFO - org.apache.twill#twill-common;0.6.0-incubating from central in [default]
[2025-05-26T02:48:32.548+0000] {spark_submit.py:649} INFO - org.apache.twill#twill-core;0.6.0-incubating from central in [default]
[2025-05-26T02:48:32.567+0000] {spark_submit.py:649} INFO - org.apache.twill#twill-discovery-api;0.6.0-incubating from central in [default]
[2025-05-26T02:48:32.568+0000] {spark_submit.py:649} INFO - org.apache.twill#twill-discovery-core;0.6.0-incubating from central in [default]
[2025-05-26T02:48:32.568+0000] {spark_submit.py:649} INFO - org.apache.twill#twill-zookeeper;0.6.0-incubating from central in [default]
[2025-05-26T02:48:32.569+0000] {spark_submit.py:649} INFO - org.apache.yetus#audience-annotations;0.5.0 from central in [default]
[2025-05-26T02:48:32.569+0000] {spark_submit.py:649} INFO - org.apache.zookeeper#zookeeper;3.4.6 from central in [default]
[2025-05-26T02:48:32.570+0000] {spark_submit.py:649} INFO - org.codehaus.groovy#groovy-all;2.4.11 from central in [default]
[2025-05-26T02:48:32.570+0000] {spark_submit.py:649} INFO - org.codehaus.jackson#jackson-core-asl;1.9.13 from central in [default]
[2025-05-26T02:48:32.570+0000] {spark_submit.py:649} INFO - org.codehaus.jackson#jackson-jaxrs;1.9.13 from central in [default]
[2025-05-26T02:48:32.572+0000] {spark_submit.py:649} INFO - org.codehaus.jackson#jackson-mapper-asl;1.9.13 from central in [default]
[2025-05-26T02:48:32.574+0000] {spark_submit.py:649} INFO - org.codehaus.jackson#jackson-xc;1.9.13 from central in [default]
[2025-05-26T02:48:32.575+0000] {spark_submit.py:649} INFO - org.codehaus.janino#commons-compiler;2.7.6 from central in [default]
[2025-05-26T02:48:32.575+0000] {spark_submit.py:649} INFO - org.codehaus.janino#janino;2.7.6 from central in [default]
[2025-05-26T02:48:32.576+0000] {spark_submit.py:649} INFO - org.codehaus.jettison#jettison;1.1 from central in [default]
[2025-05-26T02:48:32.576+0000] {spark_submit.py:649} INFO - org.codehaus.woodstox#stax2-api;3.1.4 from central in [default]
[2025-05-26T02:48:32.578+0000] {spark_submit.py:649} INFO - org.datanucleus#datanucleus-api-jdo;4.2.4 from user-list in [default]
[2025-05-26T02:48:32.579+0000] {spark_submit.py:649} INFO - org.datanucleus#datanucleus-core;4.1.17 from user-list in [default]
[2025-05-26T02:48:32.580+0000] {spark_submit.py:649} INFO - org.datanucleus#datanucleus-rdbms;4.1.19 from central in [default]
[2025-05-26T02:48:32.580+0000] {spark_submit.py:649} INFO - org.datanucleus#javax.jdo;3.2.0-m3 from central in [default]
[2025-05-26T02:48:32.580+0000] {spark_submit.py:649} INFO - org.eclipse.jetty#jetty-client;9.3.20.v20170531 from central in [default]
[2025-05-26T02:48:32.581+0000] {spark_submit.py:649} INFO - org.eclipse.jetty#jetty-http;9.3.20.v20170531 from central in [default]
[2025-05-26T02:48:32.581+0000] {spark_submit.py:649} INFO - org.eclipse.jetty#jetty-io;9.3.20.v20170531 from user-list in [default]
[2025-05-26T02:48:32.581+0000] {spark_submit.py:649} INFO - org.eclipse.jetty#jetty-rewrite;9.3.20.v20170531 from central in [default]
[2025-05-26T02:48:32.583+0000] {spark_submit.py:649} INFO - org.eclipse.jetty#jetty-security;9.3.20.v20170531 from central in [default]
[2025-05-26T02:48:32.584+0000] {spark_submit.py:649} INFO - org.eclipse.jetty#jetty-server;9.3.20.v20170531 from central in [default]
[2025-05-26T02:48:32.586+0000] {spark_submit.py:649} INFO - org.eclipse.jetty#jetty-servlet;9.3.20.v20170531 from central in [default]
[2025-05-26T02:48:32.586+0000] {spark_submit.py:649} INFO - org.eclipse.jetty#jetty-util;9.3.19.v20170502 from user-list in [default]
[2025-05-26T02:48:32.587+0000] {spark_submit.py:649} INFO - org.eclipse.jetty#jetty-util-ajax;9.3.19.v20170502 from central in [default]
[2025-05-26T02:48:32.587+0000] {spark_submit.py:649} INFO - org.eclipse.jetty#jetty-webapp;9.3.20.v20170531 from central in [default]
[2025-05-26T02:48:32.587+0000] {spark_submit.py:649} INFO - org.eclipse.jetty#jetty-xml;9.3.20.v20170531 from central in [default]
[2025-05-26T02:48:32.588+0000] {spark_submit.py:649} INFO - org.ehcache#ehcache;3.3.1 from central in [default]
[2025-05-26T02:48:32.588+0000] {spark_submit.py:649} INFO - org.fusesource.leveldbjni#leveldbjni-all;1.8 from central in [default]
[2025-05-26T02:48:32.589+0000] {spark_submit.py:649} INFO - org.hamcrest#hamcrest-core;1.3 from central in [default]
[2025-05-26T02:48:32.589+0000] {spark_submit.py:649} INFO - org.jruby.jcodings#jcodings;1.0.18 from central in [default]
[2025-05-26T02:48:32.589+0000] {spark_submit.py:649} INFO - org.jruby.joni#joni;2.1.11 from central in [default]
[2025-05-26T02:48:32.590+0000] {spark_submit.py:649} INFO - org.ow2.asm#asm;5.0.4 from central in [default]
[2025-05-26T02:48:32.590+0000] {spark_submit.py:649} INFO - org.slf4j#slf4j-api;1.7.36 from central in [default]
[2025-05-26T02:48:32.590+0000] {spark_submit.py:649} INFO - org.slf4j#slf4j-log4j12;1.6.1 from user-list in [default]
[2025-05-26T02:48:32.590+0000] {spark_submit.py:649} INFO - org.tukaani#xz;1.5 from central in [default]
[2025-05-26T02:48:32.591+0000] {spark_submit.py:649} INFO - org.xerial.snappy#snappy-java;1.1.8.2 from central in [default]
[2025-05-26T02:48:32.591+0000] {spark_submit.py:649} INFO - sqlline#sqlline;1.3.0 from central in [default]
[2025-05-26T02:48:32.591+0000] {spark_submit.py:649} INFO - stax#stax-api;1.0.1 from central in [default]
[2025-05-26T02:48:32.591+0000] {spark_submit.py:649} INFO - :: evicted modules:
[2025-05-26T02:48:32.610+0000] {spark_submit.py:649} INFO - org.slf4j#slf4j-api;1.7.10 by [org.slf4j#slf4j-api;1.7.36] in [default]
[2025-05-26T02:48:32.611+0000] {spark_submit.py:649} INFO - log4j#log4j;1.2.16 by [log4j#log4j;1.2.17] in [default]
[2025-05-26T02:48:32.611+0000] {spark_submit.py:649} INFO - commons-logging#commons-logging;1.1.3 by [commons-logging#commons-logging;1.2] in [default]
[2025-05-26T02:48:32.612+0000] {spark_submit.py:649} INFO - org.apache.commons#commons-lang3;3.4 by [org.apache.commons#commons-lang3;3.9] in [default]
[2025-05-26T02:48:32.612+0000] {spark_submit.py:649} INFO - org.xerial.snappy#snappy-java;1.1.4 by [org.xerial.snappy#snappy-java;1.1.8.2] in [default]
[2025-05-26T02:48:32.613+0000] {spark_submit.py:649} INFO - com.google.code.findbugs#jsr305;3.0.0 by [com.google.code.findbugs#jsr305;3.0.1] in [default]
[2025-05-26T02:48:32.614+0000] {spark_submit.py:649} INFO - commons-logging#commons-logging;1.0.4 by [commons-logging#commons-logging;1.2] in [default]
[2025-05-26T02:48:32.615+0000] {spark_submit.py:649} INFO - io.dropwizard.metrics#metrics-core;3.1.0 by [io.dropwizard.metrics#metrics-core;3.2.1] in [default]
[2025-05-26T02:48:32.615+0000] {spark_submit.py:649} INFO - io.dropwizard.metrics#metrics-core;3.1.2 by [io.dropwizard.metrics#metrics-core;3.1.0] in [default]
[2025-05-26T02:48:32.616+0000] {spark_submit.py:649} INFO - com.google.code.findbugs#jsr305;3.0.2 by [com.google.code.findbugs#jsr305;3.0.1] in [default]
[2025-05-26T02:48:32.616+0000] {spark_submit.py:649} INFO - org.apache.commons#commons-lang3;3.2 by [org.apache.commons#commons-lang3;3.9] in [default]
[2025-05-26T02:48:32.618+0000] {spark_submit.py:649} INFO - org.apache.commons#commons-lang3;3.6 by [org.apache.commons#commons-lang3;3.9] in [default]
[2025-05-26T02:48:32.619+0000] {spark_submit.py:649} INFO - com.google.inject#guice;3.0 by [com.google.inject#guice;4.0] in [default]
[2025-05-26T02:48:32.620+0000] {spark_submit.py:649} INFO - com.google.code.findbugs#jsr305;2.0.1 by [com.google.code.findbugs#jsr305;3.0.0] in [default]
[2025-05-26T02:48:32.620+0000] {spark_submit.py:649} INFO - com.google.guava#guava;14.0.1 by [com.google.guava#guava;19.0] in [default]
[2025-05-26T02:48:32.621+0000] {spark_submit.py:649} INFO - ---------------------------------------------------------------------
[2025-05-26T02:48:32.621+0000] {spark_submit.py:649} INFO - |                  |            modules            ||   artifacts   |
[2025-05-26T02:48:32.622+0000] {spark_submit.py:649} INFO - |       conf       | number| search|dwnlded|evicted|| number|dwnlded|
[2025-05-26T02:48:32.622+0000] {spark_submit.py:649} INFO - ---------------------------------------------------------------------
[2025-05-26T02:48:32.622+0000] {spark_submit.py:649} INFO - |      default     |  224  |   0   |   0   |   15  ||  209  |   0   |
[2025-05-26T02:48:32.623+0000] {spark_submit.py:649} INFO - ---------------------------------------------------------------------
[2025-05-26T02:48:32.624+0000] {spark_submit.py:649} INFO - 
[2025-05-26T02:48:32.625+0000] {spark_submit.py:649} INFO - :: problems summary ::
[2025-05-26T02:48:32.629+0000] {spark_submit.py:649} INFO - :::: ERRORS
[2025-05-26T02:48:32.630+0000] {spark_submit.py:649} INFO - unknown resolver null
[2025-05-26T02:48:32.631+0000] {spark_submit.py:649} INFO - 
[2025-05-26T02:48:32.631+0000] {spark_submit.py:649} INFO - unknown resolver null
[2025-05-26T02:48:32.632+0000] {spark_submit.py:649} INFO - 
[2025-05-26T02:48:32.632+0000] {spark_submit.py:649} INFO - unknown resolver null
[2025-05-26T02:48:32.632+0000] {spark_submit.py:649} INFO - 
[2025-05-26T02:48:32.634+0000] {spark_submit.py:649} INFO - unknown resolver null
[2025-05-26T02:48:32.638+0000] {spark_submit.py:649} INFO - 
[2025-05-26T02:48:32.639+0000] {spark_submit.py:649} INFO - unknown resolver null
[2025-05-26T02:48:32.640+0000] {spark_submit.py:649} INFO - 
[2025-05-26T02:48:32.640+0000] {spark_submit.py:649} INFO - 
[2025-05-26T02:48:32.641+0000] {spark_submit.py:649} INFO - :: USE VERBOSE OR DEBUG MESSAGE LEVEL FOR MORE DETAILS
[2025-05-26T02:48:32.641+0000] {spark_submit.py:649} INFO - :: retrieving :: org.apache.spark#spark-submit-parent-a92f7d6c-77bf-4f18-8dfb-d4a70e3a6d21
[2025-05-26T02:48:32.642+0000] {spark_submit.py:649} INFO - confs: [default]
[2025-05-26T02:48:32.677+0000] {spark_submit.py:649} INFO - 0 artifacts copied, 209 already retrieved (0kB/120ms)
[2025-05-26T02:48:42.593+0000] {spark_submit.py:649} INFO - 25/05/26 02:48:42 INFO IsolatedClientLoader: Downloaded metastore jars to /tmp/hive-v3_1-60927c25-b4a1-4ee1-8ee6-aadcba92bfcc
[2025-05-26T02:48:44.906+0000] {spark_submit.py:649} INFO - Hive Session ID = a6223647-faae-400f-ae48-736651b4599e
[2025-05-26T02:48:45.051+0000] {spark_submit.py:649} INFO - 25/05/26 02:48:45 INFO HiveClientImpl: Warehouse location for Hive client (version 3.1.3) is file:/opt/airflow/spark-warehouse
[2025-05-26T02:48:45.699+0000] {job.py:229} INFO - Heartbeat recovered after 14.99 seconds
[2025-05-26T02:48:46.687+0000] {spark_submit.py:649} INFO - 25/05/26 02:48:46 WARN MetricsConfig: Cannot locate configuration: tried hadoop-metrics2-s3a-file-system.properties,hadoop-metrics2.properties
[2025-05-26T02:48:46.701+0000] {spark_submit.py:649} INFO - 25/05/26 02:48:46 INFO MetricsSystemImpl: Scheduled Metric snapshot period at 10 second(s).
[2025-05-26T02:48:46.702+0000] {spark_submit.py:649} INFO - 25/05/26 02:48:46 INFO MetricsSystemImpl: s3a-file-system metrics system started
[2025-05-26T02:50:04.028+0000] {spark_submit.py:649} INFO - 25/05/26 02:50:04 INFO AsyncEventQueue: Process of event SparkListenerExecutorMetricsUpdate(driver,WrappedArray(),Map((-1,-1) -> org.apache.spark.executor.ExecutorMetrics@7ff26da3)) by listener AppStatusListener took 1.088254465s.
[2025-05-26T02:50:04.928+0000] {job.py:229} INFO - Heartbeat recovered after 79.24 seconds
[2025-05-26T02:50:06.512+0000] {spark_submit.py:649} INFO - 25/05/26 02:50:06 INFO DelegatingLogStore: LogStore LogStoreAdapter(io.delta.storage.S3SingleDriverLogStore) is used for scheme s3a
[2025-05-26T02:50:06.765+0000] {spark_submit.py:649} INFO - 25/05/26 02:50:06 INFO DeltaLog: Creating initial snapshot without metadata, because the directory is empty
[2025-05-26T02:50:06.850+0000] {spark_submit.py:649} INFO - 25/05/26 02:50:06 INFO DummySnapshot: [tableId=5fa4cb23-a530-4465-b7b3-a5ade804fd28] Created snapshot DummySnapshot(path=s3a://medical-bucket/curated/transactional/medical-data-sample/dim_date/_delta_log, version=-1, metadata=Metadata(654d9cb6-b006-469e-a249-e07a792935d7,null,null,Format(parquet,Map()),null,List(),Map(),Some(1748227806778)), logSegment=LogSegment(s3a://medical-bucket/curated/transactional/medical-data-sample/dim_date/_delta_log,-1,List(),org.apache.spark.sql.delta.EmptyCheckpointProvider$@4b022bf8,-1), checksumOpt=None)
[2025-05-26T02:50:06.981+0000] {spark_submit.py:649} INFO - 25/05/26 02:50:06 INFO DeltaLog: Creating initial snapshot without metadata, because the directory is empty
[2025-05-26T02:50:06.984+0000] {spark_submit.py:649} INFO - 25/05/26 02:50:06 INFO DummySnapshot: [tableId=654d9cb6-b006-469e-a249-e07a792935d7] Created snapshot DummySnapshot(path=s3a://medical-bucket/curated/transactional/medical-data-sample/dim_date/_delta_log, version=-1, metadata=Metadata(1c2ae7e3-332d-4314-a7f4-3d72e58dc51c,null,null,Format(parquet,Map()),null,List(),Map(),Some(1748227806981)), logSegment=LogSegment(s3a://medical-bucket/curated/transactional/medical-data-sample/dim_date/_delta_log,-1,List(),org.apache.spark.sql.delta.EmptyCheckpointProvider$@4b022bf8,-1), checksumOpt=None)
[2025-05-26T02:50:07.209+0000] {spark_submit.py:649} INFO - 25/05/26 02:50:07 INFO OptimisticTransaction: [tableId=1c2ae7e3,txnId=185f48d3] Updated metadata from - to Metadata(c77e96a0-bf55-46a3-a2cc-5a85c2323d7d,null,null,Format(parquet,Map()),{"type":"struct","fields":[{"name":"Date_Key","type":"integer","nullable":true,"metadata":{}},{"name":"Date","type":"date","nullable":true,"metadata":{}},{"name":"Year","type":"integer","nullable":true,"metadata":{}},{"name":"Month_Number","type":"integer","nullable":true,"metadata":{}},{"name":"Month_Name_Short","type":"string","nullable":true,"metadata":{}},{"name":"Month_Name_Long","type":"string","nullable":true,"metadata":{}},{"name":"Day_Of_Week_Number","type":"integer","nullable":true,"metadata":{}},{"name":"Day_Of_Week","type":"string","nullable":true,"metadata":{}},{"name":"Day_Of_Week_Short","type":"string","nullable":true,"metadata":{}},{"name":"quarter","type":"integer","nullable":true,"metadata":{}},{"name":"Year_Quarter","type":"string","nullable":true,"metadata":{}},{"name":"End_Of_Month","type":"date","nullable":true,"metadata":{}}]},ArrayBuffer(),Map(),Some(1748227807154))
[2025-05-26T02:50:13.433+0000] {spark_submit.py:649} INFO - 25/05/26 02:50:13 INFO ParquetUtils: Using default output committer for Parquet: org.apache.parquet.hadoop.ParquetOutputCommitter
[2025-05-26T02:50:35.855+0000] {spark_submit.py:649} INFO - 25/05/26 02:50:35 INFO AsyncEventQueue: Process of event SparkListenerExecutorMetricsUpdate(driver,WrappedArray(),Map((-1,-1) -> org.apache.spark.executor.ExecutorMetrics@1b82e98c)) by listener AppStatusListener took 1.949856237s.
[2025-05-26T02:51:26.159+0000] {spark_submit.py:649} INFO - 25/05/26 02:51:26 INFO CodeGenerator: Code generated in 68318.497574 ms
