[2025-05-26T02:47:43.793+0000] {local_task_job_runner.py:123} INFO - ::group::Pre task execution logs
[2025-05-26T02:47:43.803+0000] {taskinstance.py:2614} INFO - Dependencies all met for dep_context=non-requeueable deps ti=<TaskInstance: medical_dag_v20.dim_group.creating_dim_providers manual__2025-05-26T02:47:42.995694+00:00 [queued]>
[2025-05-26T02:47:43.808+0000] {taskinstance.py:2614} INFO - Dependencies all met for dep_context=requeueable deps ti=<TaskInstance: medical_dag_v20.dim_group.creating_dim_providers manual__2025-05-26T02:47:42.995694+00:00 [queued]>
[2025-05-26T02:47:43.809+0000] {taskinstance.py:2867} INFO - Starting attempt 1 of 1
[2025-05-26T02:47:43.838+0000] {taskinstance.py:2890} INFO - Executing <Task(SparkSubmitOperator): dim_group.creating_dim_providers> on 2025-05-26 02:47:42.995694+00:00
[2025-05-26T02:47:43.845+0000] {standard_task_runner.py:104} INFO - Running: ['airflow', 'tasks', 'run', 'medical_dag_v20', 'dim_group.creating_dim_providers', 'manual__2025-05-26T02:47:42.995694+00:00', '--job-id', '71', '--raw', '--subdir', 'DAGS_FOLDER/raw_enriched_dag.py', '--cfg-path', '/tmp/tmpx2opnedm']
[2025-05-26T02:47:43.847+0000] {standard_task_runner.py:105} INFO - Job 71: Subtask dim_group.creating_dim_providers
[2025-05-26T02:47:43.849+0000] {logging_mixin.py:190} WARNING - /home/airflow/.local/lib/python3.12/site-packages/airflow/task/task_runner/standard_task_runner.py:70 DeprecationWarning: This process (pid=3225) is multi-threaded, use of fork() may lead to deadlocks in the child.
[2025-05-26T02:47:43.850+0000] {standard_task_runner.py:72} INFO - Started process 3233 to run task
[2025-05-26T02:47:43.885+0000] {task_command.py:467} INFO - Running <TaskInstance: medical_dag_v20.dim_group.creating_dim_providers manual__2025-05-26T02:47:42.995694+00:00 [running]> on host airflow-scheduler
[2025-05-26T02:47:43.968+0000] {taskinstance.py:3134} INFO - Exporting env vars: AIRFLOW_CTX_DAG_OWNER='airflow' AIRFLOW_CTX_DAG_ID='medical_dag_v20' AIRFLOW_CTX_TASK_ID='dim_group.creating_dim_providers' AIRFLOW_CTX_EXECUTION_DATE='2025-05-26T02:47:42.995694+00:00' AIRFLOW_CTX_TRY_NUMBER='1' AIRFLOW_CTX_DAG_RUN_ID='manual__2025-05-26T02:47:42.995694+00:00'
[2025-05-26T02:47:43.969+0000] {taskinstance.py:732} INFO - ::endgroup::
[2025-05-26T02:47:43.992+0000] {base.py:84} INFO - Retrieving connection 'spark_conn'
[2025-05-26T02:47:43.992+0000] {spark_submit.py:473} INFO - Spark-Submit cmd: spark-submit --master spark://spark-master:7077 --packages io.delta:delta-spark_2.12:3.3.0,org.apache.hadoop:hadoop-aws:3.3.4 --name arrow-spark --deploy-mode client /opt/etl/enriched_curated/creating_dim_providers.py
[2025-05-26T02:47:45.946+0000] {spark_submit.py:649} INFO - :: loading settings :: url = jar:file:/opt/spark/jars/ivy-2.5.1.jar!/org/apache/ivy/core/settings/ivysettings.xml
[2025-05-26T02:47:46.033+0000] {spark_submit.py:649} INFO - Ivy Default Cache set to: /home/airflow/.ivy2/cache
[2025-05-26T02:47:46.034+0000] {spark_submit.py:649} INFO - The jars for the packages stored in: /home/airflow/.ivy2/jars
[2025-05-26T02:47:46.039+0000] {spark_submit.py:649} INFO - io.delta#delta-spark_2.12 added as a dependency
[2025-05-26T02:47:46.040+0000] {spark_submit.py:649} INFO - org.apache.hadoop#hadoop-aws added as a dependency
[2025-05-26T02:47:46.041+0000] {spark_submit.py:649} INFO - :: resolving dependencies :: org.apache.spark#spark-submit-parent-4d0f909c-151e-48b1-a13f-02f77ea87f1c;1.0
[2025-05-26T02:47:46.042+0000] {spark_submit.py:649} INFO - confs: [default]
[2025-05-26T02:47:46.208+0000] {spark_submit.py:649} INFO - found io.delta#delta-spark_2.12;3.3.0 in central
[2025-05-26T02:47:46.270+0000] {spark_submit.py:649} INFO - found io.delta#delta-storage;3.3.0 in central
[2025-05-26T02:47:46.302+0000] {spark_submit.py:649} INFO - found org.antlr#antlr4-runtime;4.9.3 in central
[2025-05-26T02:47:46.373+0000] {spark_submit.py:649} INFO - found org.apache.hadoop#hadoop-aws;3.3.4 in central
[2025-05-26T02:47:46.420+0000] {spark_submit.py:649} INFO - found com.amazonaws#aws-java-sdk-bundle;1.12.262 in central
[2025-05-26T02:47:46.456+0000] {spark_submit.py:649} INFO - found org.wildfly.openssl#wildfly-openssl;1.0.7.Final in central
[2025-05-26T02:47:46.489+0000] {spark_submit.py:649} INFO - :: resolution report :: resolve 431ms :: artifacts dl 17ms
[2025-05-26T02:47:46.490+0000] {spark_submit.py:649} INFO - :: modules in use:
[2025-05-26T02:47:46.491+0000] {spark_submit.py:649} INFO - com.amazonaws#aws-java-sdk-bundle;1.12.262 from central in [default]
[2025-05-26T02:47:46.491+0000] {spark_submit.py:649} INFO - io.delta#delta-spark_2.12;3.3.0 from central in [default]
[2025-05-26T02:47:46.492+0000] {spark_submit.py:649} INFO - io.delta#delta-storage;3.3.0 from central in [default]
[2025-05-26T02:47:46.492+0000] {spark_submit.py:649} INFO - org.antlr#antlr4-runtime;4.9.3 from central in [default]
[2025-05-26T02:47:46.492+0000] {spark_submit.py:649} INFO - org.apache.hadoop#hadoop-aws;3.3.4 from central in [default]
[2025-05-26T02:47:46.493+0000] {spark_submit.py:649} INFO - org.wildfly.openssl#wildfly-openssl;1.0.7.Final from central in [default]
[2025-05-26T02:47:46.493+0000] {spark_submit.py:649} INFO - ---------------------------------------------------------------------
[2025-05-26T02:47:46.493+0000] {spark_submit.py:649} INFO - |                  |            modules            ||   artifacts   |
[2025-05-26T02:47:46.494+0000] {spark_submit.py:649} INFO - |       conf       | number| search|dwnlded|evicted|| number|dwnlded|
[2025-05-26T02:47:46.494+0000] {spark_submit.py:649} INFO - ---------------------------------------------------------------------
[2025-05-26T02:47:46.494+0000] {spark_submit.py:649} INFO - |      default     |   6   |   0   |   0   |   0   ||   6   |   0   |
[2025-05-26T02:47:46.494+0000] {spark_submit.py:649} INFO - ---------------------------------------------------------------------
[2025-05-26T02:47:46.501+0000] {spark_submit.py:649} INFO - :: retrieving :: org.apache.spark#spark-submit-parent-4d0f909c-151e-48b1-a13f-02f77ea87f1c
[2025-05-26T02:47:46.501+0000] {spark_submit.py:649} INFO - confs: [default]
[2025-05-26T02:47:46.510+0000] {spark_submit.py:649} INFO - 0 artifacts copied, 6 already retrieved (0kB/8ms)
[2025-05-26T02:47:46.884+0000] {spark_submit.py:649} INFO - 25/05/26 02:47:46 WARN NativeCodeLoader: Unable to load native-hadoop library for your platform... using builtin-java classes where applicable
[2025-05-26T02:47:50.493+0000] {spark_submit.py:649} INFO - 25/05/26 02:47:50 INFO SparkContext: Running Spark version 3.5.3
[2025-05-26T02:47:50.494+0000] {spark_submit.py:649} INFO - 25/05/26 02:47:50 INFO SparkContext: OS info Linux, 5.15.167.4-microsoft-standard-WSL2, amd64
[2025-05-26T02:47:50.495+0000] {spark_submit.py:649} INFO - 25/05/26 02:47:50 INFO SparkContext: Java version 17.0.15
[2025-05-26T02:47:50.529+0000] {spark_submit.py:649} INFO - 25/05/26 02:47:50 INFO ResourceUtils: ==============================================================
[2025-05-26T02:47:50.530+0000] {spark_submit.py:649} INFO - 25/05/26 02:47:50 INFO ResourceUtils: No custom resources configured for spark.driver.
[2025-05-26T02:47:50.531+0000] {spark_submit.py:649} INFO - 25/05/26 02:47:50 INFO ResourceUtils: ==============================================================
[2025-05-26T02:47:50.532+0000] {spark_submit.py:649} INFO - 25/05/26 02:47:50 INFO SparkContext: Submitted application: MyETLPipeline
[2025-05-26T02:47:50.562+0000] {spark_submit.py:649} INFO - 25/05/26 02:47:50 INFO ResourceProfile: Default ResourceProfile created, executor resources: Map(memory -> name: memory, amount: 1024, script: , vendor: , offHeap -> name: offHeap, amount: 0, script: , vendor: ), task resources: Map(cpus -> name: cpus, amount: 1.0)
[2025-05-26T02:47:50.573+0000] {spark_submit.py:649} INFO - 25/05/26 02:47:50 INFO ResourceProfile: Limiting resource is cpu
[2025-05-26T02:47:50.573+0000] {spark_submit.py:649} INFO - 25/05/26 02:47:50 INFO ResourceProfileManager: Added ResourceProfile id: 0
[2025-05-26T02:47:50.628+0000] {spark_submit.py:649} INFO - 25/05/26 02:47:50 INFO SecurityManager: Changing view acls to: airflow
[2025-05-26T02:47:50.629+0000] {spark_submit.py:649} INFO - 25/05/26 02:47:50 INFO SecurityManager: Changing modify acls to: airflow
[2025-05-26T02:47:50.630+0000] {spark_submit.py:649} INFO - 25/05/26 02:47:50 INFO SecurityManager: Changing view acls groups to:
[2025-05-26T02:47:50.630+0000] {spark_submit.py:649} INFO - 25/05/26 02:47:50 INFO SecurityManager: Changing modify acls groups to:
[2025-05-26T02:47:50.630+0000] {spark_submit.py:649} INFO - 25/05/26 02:47:50 INFO SecurityManager: SecurityManager: authentication disabled; ui acls disabled; users with view permissions: airflow; groups with view permissions: EMPTY; users with modify permissions: airflow; groups with modify permissions: EMPTY
[2025-05-26T02:47:51.003+0000] {spark_submit.py:649} INFO - 25/05/26 02:47:51 INFO Utils: Successfully started service 'sparkDriver' on port 44543.
[2025-05-26T02:47:51.064+0000] {spark_submit.py:649} INFO - 25/05/26 02:47:51 INFO SparkEnv: Registering MapOutputTracker
[2025-05-26T02:47:51.110+0000] {spark_submit.py:649} INFO - 25/05/26 02:47:51 INFO SparkEnv: Registering BlockManagerMaster
[2025-05-26T02:47:51.139+0000] {spark_submit.py:649} INFO - 25/05/26 02:47:51 INFO BlockManagerMasterEndpoint: Using org.apache.spark.storage.DefaultTopologyMapper for getting topology information
[2025-05-26T02:47:51.140+0000] {spark_submit.py:649} INFO - 25/05/26 02:47:51 INFO BlockManagerMasterEndpoint: BlockManagerMasterEndpoint up
[2025-05-26T02:47:51.146+0000] {spark_submit.py:649} INFO - 25/05/26 02:47:51 INFO SparkEnv: Registering BlockManagerMasterHeartbeat
[2025-05-26T02:47:51.180+0000] {spark_submit.py:649} INFO - 25/05/26 02:47:51 INFO DiskBlockManager: Created local directory at /tmp/blockmgr-7036daa8-a50c-4def-9ae9-916990bbe45e
[2025-05-26T02:47:51.198+0000] {spark_submit.py:649} INFO - 25/05/26 02:47:51 INFO MemoryStore: MemoryStore started with capacity 434.4 MiB
[2025-05-26T02:47:51.216+0000] {spark_submit.py:649} INFO - 25/05/26 02:47:51 INFO SparkEnv: Registering OutputCommitCoordinator
[2025-05-26T02:47:51.396+0000] {spark_submit.py:649} INFO - 25/05/26 02:47:51 INFO JettyUtils: Start Jetty 0.0.0.0:4040 for SparkUI
[2025-05-26T02:47:51.525+0000] {spark_submit.py:649} INFO - 25/05/26 02:47:51 INFO Utils: Successfully started service 'SparkUI' on port 4040.
[2025-05-26T02:47:51.581+0000] {spark_submit.py:649} INFO - 25/05/26 02:47:51 INFO SparkContext: Added JAR file:///home/airflow/.ivy2/jars/io.delta_delta-spark_2.12-3.3.0.jar at spark://airflow-scheduler:44543/jars/io.delta_delta-spark_2.12-3.3.0.jar with timestamp 1748227670484
[2025-05-26T02:47:51.581+0000] {spark_submit.py:649} INFO - 25/05/26 02:47:51 INFO SparkContext: Added JAR file:///home/airflow/.ivy2/jars/org.apache.hadoop_hadoop-aws-3.3.4.jar at spark://airflow-scheduler:44543/jars/org.apache.hadoop_hadoop-aws-3.3.4.jar with timestamp 1748227670484
[2025-05-26T02:47:51.582+0000] {spark_submit.py:649} INFO - 25/05/26 02:47:51 INFO SparkContext: Added JAR file:///home/airflow/.ivy2/jars/io.delta_delta-storage-3.3.0.jar at spark://airflow-scheduler:44543/jars/io.delta_delta-storage-3.3.0.jar with timestamp 1748227670484
[2025-05-26T02:47:51.582+0000] {spark_submit.py:649} INFO - 25/05/26 02:47:51 INFO SparkContext: Added JAR file:///home/airflow/.ivy2/jars/org.antlr_antlr4-runtime-4.9.3.jar at spark://airflow-scheduler:44543/jars/org.antlr_antlr4-runtime-4.9.3.jar with timestamp 1748227670484
[2025-05-26T02:47:51.583+0000] {spark_submit.py:649} INFO - 25/05/26 02:47:51 INFO SparkContext: Added JAR file:///home/airflow/.ivy2/jars/com.amazonaws_aws-java-sdk-bundle-1.12.262.jar at spark://airflow-scheduler:44543/jars/com.amazonaws_aws-java-sdk-bundle-1.12.262.jar with timestamp 1748227670484
[2025-05-26T02:47:51.583+0000] {spark_submit.py:649} INFO - 25/05/26 02:47:51 INFO SparkContext: Added JAR file:///home/airflow/.ivy2/jars/org.wildfly.openssl_wildfly-openssl-1.0.7.Final.jar at spark://airflow-scheduler:44543/jars/org.wildfly.openssl_wildfly-openssl-1.0.7.Final.jar with timestamp 1748227670484
[2025-05-26T02:47:51.592+0000] {spark_submit.py:649} INFO - 25/05/26 02:47:51 INFO SparkContext: Added file file:///home/airflow/.ivy2/jars/io.delta_delta-spark_2.12-3.3.0.jar at spark://airflow-scheduler:44543/files/io.delta_delta-spark_2.12-3.3.0.jar with timestamp 1748227670484
[2025-05-26T02:47:51.594+0000] {spark_submit.py:649} INFO - 25/05/26 02:47:51 INFO Utils: Copying /home/airflow/.ivy2/jars/io.delta_delta-spark_2.12-3.3.0.jar to /tmp/spark-147201e8-d545-415b-9a98-bc373444075c/userFiles-2f47779b-9770-41cb-8576-9e066de13d5d/io.delta_delta-spark_2.12-3.3.0.jar
[2025-05-26T02:47:51.669+0000] {spark_submit.py:649} INFO - 25/05/26 02:47:51 INFO SparkContext: Added file file:///home/airflow/.ivy2/jars/org.apache.hadoop_hadoop-aws-3.3.4.jar at spark://airflow-scheduler:44543/files/org.apache.hadoop_hadoop-aws-3.3.4.jar with timestamp 1748227670484
[2025-05-26T02:47:51.670+0000] {spark_submit.py:649} INFO - 25/05/26 02:47:51 INFO Utils: Copying /home/airflow/.ivy2/jars/org.apache.hadoop_hadoop-aws-3.3.4.jar to /tmp/spark-147201e8-d545-415b-9a98-bc373444075c/userFiles-2f47779b-9770-41cb-8576-9e066de13d5d/org.apache.hadoop_hadoop-aws-3.3.4.jar
[2025-05-26T02:47:51.678+0000] {spark_submit.py:649} INFO - 25/05/26 02:47:51 INFO SparkContext: Added file file:///home/airflow/.ivy2/jars/io.delta_delta-storage-3.3.0.jar at spark://airflow-scheduler:44543/files/io.delta_delta-storage-3.3.0.jar with timestamp 1748227670484
[2025-05-26T02:47:51.679+0000] {spark_submit.py:649} INFO - 25/05/26 02:47:51 INFO Utils: Copying /home/airflow/.ivy2/jars/io.delta_delta-storage-3.3.0.jar to /tmp/spark-147201e8-d545-415b-9a98-bc373444075c/userFiles-2f47779b-9770-41cb-8576-9e066de13d5d/io.delta_delta-storage-3.3.0.jar
[2025-05-26T02:47:51.688+0000] {spark_submit.py:649} INFO - 25/05/26 02:47:51 INFO SparkContext: Added file file:///home/airflow/.ivy2/jars/org.antlr_antlr4-runtime-4.9.3.jar at spark://airflow-scheduler:44543/files/org.antlr_antlr4-runtime-4.9.3.jar with timestamp 1748227670484
[2025-05-26T02:47:51.689+0000] {spark_submit.py:649} INFO - 25/05/26 02:47:51 INFO Utils: Copying /home/airflow/.ivy2/jars/org.antlr_antlr4-runtime-4.9.3.jar to /tmp/spark-147201e8-d545-415b-9a98-bc373444075c/userFiles-2f47779b-9770-41cb-8576-9e066de13d5d/org.antlr_antlr4-runtime-4.9.3.jar
[2025-05-26T02:47:51.695+0000] {spark_submit.py:649} INFO - 25/05/26 02:47:51 INFO SparkContext: Added file file:///home/airflow/.ivy2/jars/com.amazonaws_aws-java-sdk-bundle-1.12.262.jar at spark://airflow-scheduler:44543/files/com.amazonaws_aws-java-sdk-bundle-1.12.262.jar with timestamp 1748227670484
[2025-05-26T02:47:51.696+0000] {spark_submit.py:649} INFO - 25/05/26 02:47:51 INFO Utils: Copying /home/airflow/.ivy2/jars/com.amazonaws_aws-java-sdk-bundle-1.12.262.jar to /tmp/spark-147201e8-d545-415b-9a98-bc373444075c/userFiles-2f47779b-9770-41cb-8576-9e066de13d5d/com.amazonaws_aws-java-sdk-bundle-1.12.262.jar
[2025-05-26T02:47:58.263+0000] {spark_submit.py:649} INFO - 25/05/26 02:47:58 INFO SparkContext: Added file file:///home/airflow/.ivy2/jars/org.wildfly.openssl_wildfly-openssl-1.0.7.Final.jar at spark://airflow-scheduler:44543/files/org.wildfly.openssl_wildfly-openssl-1.0.7.Final.jar with timestamp 1748227670484
[2025-05-26T02:47:58.264+0000] {spark_submit.py:649} INFO - 25/05/26 02:47:58 INFO Utils: Copying /home/airflow/.ivy2/jars/org.wildfly.openssl_wildfly-openssl-1.0.7.Final.jar to /tmp/spark-147201e8-d545-415b-9a98-bc373444075c/userFiles-2f47779b-9770-41cb-8576-9e066de13d5d/org.wildfly.openssl_wildfly-openssl-1.0.7.Final.jar
[2025-05-26T02:47:58.364+0000] {spark_submit.py:649} INFO - 25/05/26 02:47:58 INFO StandaloneAppClient$ClientEndpoint: Connecting to master spark://spark-master:7077...
[2025-05-26T02:47:58.433+0000] {spark_submit.py:649} INFO - 25/05/26 02:47:58 INFO TransportClientFactory: Successfully created connection to spark-master/172.18.0.10:7077 after 37 ms (0 ms spent in bootstraps)
[2025-05-26T02:47:58.718+0000] {spark_submit.py:649} INFO - 25/05/26 02:47:58 INFO StandaloneSchedulerBackend: Connected to Spark cluster with app ID app-20250526024758-0007
[2025-05-26T02:47:58.723+0000] {spark_submit.py:649} INFO - 25/05/26 02:47:58 INFO Utils: Successfully started service 'org.apache.spark.network.netty.NettyBlockTransferService' on port 46035.
[2025-05-26T02:47:58.724+0000] {spark_submit.py:649} INFO - 25/05/26 02:47:58 INFO NettyBlockTransferService: Server created on airflow-scheduler:46035
[2025-05-26T02:47:58.725+0000] {spark_submit.py:649} INFO - 25/05/26 02:47:58 INFO BlockManager: Using org.apache.spark.storage.RandomBlockReplicationPolicy for block replication policy
[2025-05-26T02:47:58.730+0000] {spark_submit.py:649} INFO - 25/05/26 02:47:58 INFO BlockManagerMaster: Registering BlockManager BlockManagerId(driver, airflow-scheduler, 46035, None)
[2025-05-26T02:47:58.733+0000] {spark_submit.py:649} INFO - 25/05/26 02:47:58 INFO BlockManagerMasterEndpoint: Registering block manager airflow-scheduler:46035 with 434.4 MiB RAM, BlockManagerId(driver, airflow-scheduler, 46035, None)
[2025-05-26T02:47:58.735+0000] {spark_submit.py:649} INFO - 25/05/26 02:47:58 INFO BlockManagerMaster: Registered BlockManager BlockManagerId(driver, airflow-scheduler, 46035, None)
[2025-05-26T02:47:58.737+0000] {spark_submit.py:649} INFO - 25/05/26 02:47:58 INFO BlockManager: Initialized BlockManager: BlockManagerId(driver, airflow-scheduler, 46035, None)
[2025-05-26T02:47:58.955+0000] {spark_submit.py:649} INFO - 25/05/26 02:47:58 INFO StandaloneSchedulerBackend: SchedulerBackend is ready for scheduling beginning after reached minRegisteredResourcesRatio: 0.0
[2025-05-26T02:47:59.574+0000] {spark_submit.py:649} INFO - 25/05/26 02:47:59 INFO SharedState: Setting hive.metastore.warehouse.dir ('null') to the value of spark.sql.warehouse.dir.
[2025-05-26T02:47:59.578+0000] {spark_submit.py:649} INFO - 25/05/26 02:47:59 INFO SharedState: Warehouse path is 'file:/opt/airflow/spark-warehouse'.
[2025-05-26T02:48:01.109+0000] {spark_submit.py:649} INFO - 25/05/26 02:48:01 INFO HiveConf: Found configuration file null
[2025-05-26T02:48:01.118+0000] {spark_submit.py:649} INFO - 25/05/26 02:48:01 INFO HiveUtils: Initializing HiveMetastoreConnection version 3.1.3 using maven.
[2025-05-26T02:48:01.127+0000] {spark_submit.py:649} INFO - https://maven-central.storage-download.googleapis.com/maven2/ added as a remote repository with the name: repo-1
[2025-05-26T02:48:01.129+0000] {spark_submit.py:649} INFO - https://maven-central.storage-download.googleapis.com/maven2/ added as a remote repository with the name: repo-1
[2025-05-26T02:48:01.162+0000] {spark_submit.py:649} INFO - Ivy Default Cache set to: /home/airflow/.ivy2/cache
[2025-05-26T02:48:01.163+0000] {spark_submit.py:649} INFO - The jars for the packages stored in: /home/airflow/.ivy2/jars
[2025-05-26T02:48:01.164+0000] {spark_submit.py:649} INFO - org.apache.logging.log4j#log4j-api added as a dependency
[2025-05-26T02:48:01.164+0000] {spark_submit.py:649} INFO - org.apache.derby#derby added as a dependency
[2025-05-26T02:48:01.165+0000] {spark_submit.py:649} INFO - org.apache.hive#hive-metastore added as a dependency
[2025-05-26T02:48:01.165+0000] {spark_submit.py:649} INFO - org.apache.hive#hive-exec added as a dependency
[2025-05-26T02:48:01.165+0000] {spark_submit.py:649} INFO - org.apache.hive#hive-common added as a dependency
[2025-05-26T02:48:01.166+0000] {spark_submit.py:649} INFO - org.apache.hive#hive-serde added as a dependency
[2025-05-26T02:48:01.166+0000] {spark_submit.py:649} INFO - com.google.guava#guava added as a dependency
[2025-05-26T02:48:01.166+0000] {spark_submit.py:649} INFO - org.apache.hadoop#hadoop-client-api added as a dependency
[2025-05-26T02:48:01.167+0000] {spark_submit.py:649} INFO - org.apache.hadoop#hadoop-client-runtime added as a dependency
[2025-05-26T02:48:01.167+0000] {spark_submit.py:649} INFO - :: resolving dependencies :: org.apache.spark#spark-submit-parent-6c1a2eb8-4c61-4dab-a52e-2c91678ee006;1.0
[2025-05-26T02:48:01.167+0000] {spark_submit.py:649} INFO - confs: [default]
[2025-05-26T02:48:01.200+0000] {spark_submit.py:649} INFO - found org.apache.logging.log4j#log4j-api;2.10.0 in central
[2025-05-26T02:48:01.210+0000] {spark_submit.py:649} INFO - found org.apache.derby#derby;10.14.1.0 in central
[2025-05-26T02:48:01.225+0000] {spark_submit.py:649} INFO - found org.apache.hive#hive-metastore;3.1.3 in central
[2025-05-26T02:48:01.257+0000] {spark_submit.py:649} INFO - found org.apache.hive#hive-serde;3.1.3 in central
[2025-05-26T02:48:01.281+0000] {spark_submit.py:649} INFO - found org.apache.hive#hive-common;3.1.3 in central
[2025-05-26T02:48:01.323+0000] {spark_submit.py:649} INFO - found org.apache.hive#hive-classification;3.1.3 in central
[2025-05-26T02:48:01.341+0000] {spark_submit.py:649} INFO - found org.slf4j#slf4j-api;1.7.10 in central
[2025-05-26T02:48:01.389+0000] {spark_submit.py:649} INFO - found org.apache.hive#hive-upgrade-acid;3.1.3 in central
[2025-05-26T02:48:01.415+0000] {spark_submit.py:649} INFO - found org.apache.hive#hive-shims;3.1.3 in central
[2025-05-26T02:48:01.435+0000] {spark_submit.py:649} INFO - found org.apache.hive.shims#hive-shims-common;3.1.3 in central
[2025-05-26T02:48:01.455+0000] {spark_submit.py:649} INFO - found org.apache.logging.log4j#log4j-slf4j-impl;2.17.1 in central
[2025-05-26T02:48:01.480+0000] {spark_submit.py:649} INFO - found com.google.guava#guava;19.0 in central
[2025-05-26T02:48:01.500+0000] {spark_submit.py:649} INFO - found commons-lang#commons-lang;2.6 in central
[2025-05-26T02:48:01.526+0000] {spark_submit.py:649} INFO - found org.apache.thrift#libthrift;0.9.3 in central
[2025-05-26T02:48:01.549+0000] {spark_submit.py:649} INFO - found org.apache.httpcomponents#httpclient;4.5.13 in central
[2025-05-26T02:48:01.578+0000] {spark_submit.py:649} INFO - found org.apache.httpcomponents#httpcore;4.4.13 in central
[2025-05-26T02:48:01.602+0000] {spark_submit.py:649} INFO - found commons-logging#commons-logging;1.2 in central
[2025-05-26T02:48:01.627+0000] {spark_submit.py:649} INFO - found commons-codec#commons-codec;1.15 in central
[2025-05-26T02:48:01.652+0000] {spark_submit.py:649} INFO - found org.apache.zookeeper#zookeeper;3.4.6 in central
[2025-05-26T02:48:01.679+0000] {spark_submit.py:649} INFO - found org.slf4j#slf4j-log4j12;1.6.1 in central
[2025-05-26T02:48:01.700+0000] {spark_submit.py:649} INFO - found log4j#log4j;1.2.16 in central
[2025-05-26T02:48:01.719+0000] {spark_submit.py:649} INFO - found jline#jline;2.12 in central
[2025-05-26T02:48:01.744+0000] {spark_submit.py:649} INFO - found io.netty#netty;3.7.0.Final in central
[2025-05-26T02:48:01.794+0000] {spark_submit.py:649} INFO - found org.apache.logging.log4j#log4j-core;2.17.1 in central
[2025-05-26T02:48:01.837+0000] {spark_submit.py:649} INFO - found org.apache.hive.shims#hive-shims-0.23;3.1.3 in central
[2025-05-26T02:48:01.861+0000] {spark_submit.py:649} INFO - found org.apache.hadoop#hadoop-yarn-server-resourcemanager;3.1.0 in central
[2025-05-26T02:48:01.885+0000] {spark_submit.py:649} INFO - found javax.servlet#javax.servlet-api;3.1.0 in central
[2025-05-26T02:48:01.917+0000] {spark_submit.py:649} INFO - found org.apache.hadoop#hadoop-annotations;3.1.0 in central
[2025-05-26T02:48:01.939+0000] {spark_submit.py:649} INFO - found com.google.inject.extensions#guice-servlet;4.0 in central
[2025-05-26T02:48:01.964+0000] {spark_submit.py:649} INFO - found com.google.inject#guice;4.0 in central
[2025-05-26T02:48:01.992+0000] {spark_submit.py:649} INFO - found javax.inject#javax.inject;1 in central
[2025-05-26T02:48:02.017+0000] {spark_submit.py:649} INFO - found aopalliance#aopalliance;1.0 in user-list
[2025-05-26T02:48:02.053+0000] {spark_submit.py:649} INFO - found com.google.protobuf#protobuf-java;2.5.0 in central
[2025-05-26T02:48:02.071+0000] {spark_submit.py:649} INFO - found commons-io#commons-io;2.6 in central
[2025-05-26T02:48:02.092+0000] {spark_submit.py:649} INFO - found com.sun.jersey#jersey-json;1.19 in central
[2025-05-26T02:48:02.110+0000] {spark_submit.py:649} INFO - found org.codehaus.jettison#jettison;1.1 in central
[2025-05-26T02:48:02.135+0000] {spark_submit.py:649} INFO - found com.sun.xml.bind#jaxb-impl;2.2.3-1 in central
[2025-05-26T02:48:02.156+0000] {spark_submit.py:649} INFO - found javax.xml.bind#jaxb-api;2.2.11 in central
[2025-05-26T02:48:02.183+0000] {spark_submit.py:649} INFO - found org.codehaus.jackson#jackson-core-asl;1.9.13 in central
[2025-05-26T02:48:02.213+0000] {spark_submit.py:649} INFO - found org.codehaus.jackson#jackson-mapper-asl;1.9.13 in central
[2025-05-26T02:48:02.240+0000] {spark_submit.py:649} INFO - found org.codehaus.jackson#jackson-jaxrs;1.9.13 in central
[2025-05-26T02:48:02.290+0000] {spark_submit.py:649} INFO - found org.codehaus.jackson#jackson-xc;1.9.13 in central
[2025-05-26T02:48:02.319+0000] {spark_submit.py:649} INFO - found com.sun.jersey#jersey-core;1.19 in central
[2025-05-26T02:48:02.360+0000] {spark_submit.py:649} INFO - found javax.ws.rs#jsr311-api;1.1.1 in central
[2025-05-26T02:48:02.391+0000] {spark_submit.py:649} INFO - found com.sun.jersey.contribs#jersey-guice;1.19 in user-list
[2025-05-26T02:48:02.448+0000] {spark_submit.py:649} INFO - found com.sun.jersey#jersey-servlet;1.19 in central
[2025-05-26T02:48:02.478+0000] {spark_submit.py:649} INFO - found com.sun.jersey#jersey-server;1.19 in central
[2025-05-26T02:48:02.508+0000] {spark_submit.py:649} INFO - found org.apache.hadoop#hadoop-yarn-common;3.1.0 in central
[2025-05-26T02:48:02.544+0000] {spark_submit.py:649} INFO - found org.apache.hadoop#hadoop-yarn-api;3.1.0 in central
[2025-05-26T02:48:02.647+0000] {spark_submit.py:649} INFO - found com.fasterxml.jackson.core#jackson-annotations;2.12.0 in user-list
[2025-05-26T02:48:02.672+0000] {spark_submit.py:649} INFO - found org.apache.hadoop#hadoop-auth;3.1.0 in central
[2025-05-26T02:48:02.713+0000] {spark_submit.py:649} INFO - found com.nimbusds#nimbus-jose-jwt;4.41.1 in central
[2025-05-26T02:48:02.734+0000] {spark_submit.py:649} INFO - found com.github.stephenc.jcip#jcip-annotations;1.0-1 in central
[2025-05-26T02:48:02.753+0000] {spark_submit.py:649} INFO - found net.minidev#json-smart;2.3 in central
[2025-05-26T02:48:02.781+0000] {spark_submit.py:649} INFO - found net.minidev#accessors-smart;1.2 in central
[2025-05-26T02:48:02.832+0000] {spark_submit.py:649} INFO - found org.ow2.asm#asm;5.0.4 in central
[2025-05-26T02:48:02.855+0000] {spark_submit.py:649} INFO - found org.apache.kerby#kerb-simplekdc;1.0.1 in central
[2025-05-26T02:48:02.880+0000] {spark_submit.py:649} INFO - found org.apache.kerby#kerb-client;1.0.1 in central
[2025-05-26T02:48:02.917+0000] {spark_submit.py:649} INFO - found org.apache.kerby#kerby-config;1.0.1 in central
[2025-05-26T02:48:02.958+0000] {spark_submit.py:649} INFO - found org.apache.kerby#kerb-core;1.0.1 in user-list
[2025-05-26T02:48:02.977+0000] {spark_submit.py:649} INFO - found org.apache.kerby#kerby-pkix;1.0.1 in central
[2025-05-26T02:48:03.001+0000] {spark_submit.py:649} INFO - found org.apache.kerby#kerby-asn1;1.0.1 in central
[2025-05-26T02:48:03.018+0000] {spark_submit.py:649} INFO - found org.apache.kerby#kerby-util;1.0.1 in central
[2025-05-26T02:48:03.039+0000] {spark_submit.py:649} INFO - found org.apache.kerby#kerb-common;1.0.1 in central
[2025-05-26T02:48:03.058+0000] {spark_submit.py:649} INFO - found org.apache.kerby#kerb-crypto;1.0.1 in central
[2025-05-26T02:48:03.090+0000] {spark_submit.py:649} INFO - found org.apache.kerby#kerb-util;1.0.1 in central
[2025-05-26T02:48:03.122+0000] {spark_submit.py:649} INFO - found org.apache.kerby#token-provider;1.0.1 in central
[2025-05-26T02:48:03.150+0000] {spark_submit.py:649} INFO - found org.apache.kerby#kerb-admin;1.0.1 in central
[2025-05-26T02:48:03.173+0000] {spark_submit.py:649} INFO - found org.apache.kerby#kerb-server;1.0.1 in central
[2025-05-26T02:48:03.197+0000] {spark_submit.py:649} INFO - found org.apache.kerby#kerb-identity;1.0.1 in user-list
[2025-05-26T02:48:03.216+0000] {spark_submit.py:649} INFO - found org.apache.kerby#kerby-xdr;1.0.1 in central
[2025-05-26T02:48:03.235+0000] {spark_submit.py:649} INFO - found org.apache.commons#commons-compress;1.19 in central
[2025-05-26T02:48:03.253+0000] {spark_submit.py:649} INFO - found org.eclipse.jetty#jetty-util;9.3.19.v20170502 in user-list
[2025-05-26T02:48:03.277+0000] {spark_submit.py:649} INFO - found com.sun.jersey#jersey-client;1.19 in central
[2025-05-26T02:48:03.306+0000] {spark_submit.py:649} INFO - found commons-cli#commons-cli;1.2 in central
[2025-05-26T02:48:03.354+0000] {spark_submit.py:649} INFO - found log4j#log4j;1.2.17 in central
[2025-05-26T02:48:03.384+0000] {spark_submit.py:649} INFO - found com.fasterxml.jackson.core#jackson-core;2.12.0 in central
[2025-05-26T02:48:03.407+0000] {spark_submit.py:649} INFO - found com.fasterxml.jackson.core#jackson-databind;2.12.0 in central
[2025-05-26T02:48:03.429+0000] {spark_submit.py:649} INFO - found com.fasterxml.jackson.module#jackson-module-jaxb-annotations;2.12.0 in central
[2025-05-26T02:48:03.454+0000] {spark_submit.py:649} INFO - found jakarta.xml.bind#jakarta.xml.bind-api;2.3.2 in central
[2025-05-26T02:48:03.484+0000] {spark_submit.py:649} INFO - found jakarta.activation#jakarta.activation-api;1.2.1 in central
[2025-05-26T02:48:03.501+0000] {spark_submit.py:649} INFO - found com.fasterxml.jackson.jaxrs#jackson-jaxrs-json-provider;2.12.0 in central
[2025-05-26T02:48:03.520+0000] {spark_submit.py:649} INFO - found com.fasterxml.jackson.jaxrs#jackson-jaxrs-base;2.12.0 in user-list
[2025-05-26T02:48:03.541+0000] {spark_submit.py:649} INFO - found org.eclipse.jetty#jetty-util-ajax;9.3.19.v20170502 in central
[2025-05-26T02:48:03.584+0000] {spark_submit.py:649} INFO - found org.apache.hadoop#hadoop-yarn-server-common;3.1.0 in central
[2025-05-26T02:48:03.611+0000] {spark_submit.py:649} INFO - found org.apache.hadoop#hadoop-yarn-registry;3.1.0 in central
[2025-05-26T02:48:03.644+0000] {spark_submit.py:649} INFO - found org.apache.hadoop#hadoop-common;3.1.0 in central
[2025-05-26T02:48:03.698+0000] {spark_submit.py:649} INFO - found org.apache.commons#commons-math3;3.1.1 in central
[2025-05-26T02:48:03.782+0000] {spark_submit.py:649} INFO - found commons-net#commons-net;3.6 in central
[2025-05-26T02:48:03.844+0000] {spark_submit.py:649} INFO - found commons-collections#commons-collections;3.2.2 in user-list
[2025-05-26T02:48:03.934+0000] {spark_submit.py:649} INFO - found org.eclipse.jetty#jetty-server;9.3.20.v20170531 in central
[2025-05-26T02:48:04.070+0000] {spark_submit.py:649} INFO - found org.eclipse.jetty#jetty-http;9.3.20.v20170531 in central
[2025-05-26T02:48:04.139+0000] {spark_submit.py:649} INFO - found org.eclipse.jetty#jetty-io;9.3.20.v20170531 in user-list
[2025-05-26T02:48:04.173+0000] {spark_submit.py:649} INFO - found org.eclipse.jetty#jetty-servlet;9.3.20.v20170531 in user-list
[2025-05-26T02:48:04.227+0000] {spark_submit.py:649} INFO - found org.eclipse.jetty#jetty-security;9.3.20.v20170531 in central
[2025-05-26T02:48:04.280+0000] {spark_submit.py:649} INFO - found org.eclipse.jetty#jetty-webapp;9.3.20.v20170531 in central
[2025-05-26T02:48:04.333+0000] {spark_submit.py:649} INFO - found org.eclipse.jetty#jetty-xml;9.3.20.v20170531 in central
[2025-05-26T02:48:04.486+0000] {spark_submit.py:649} INFO - found commons-beanutils#commons-beanutils;1.9.3 in central
[2025-05-26T02:48:04.576+0000] {spark_submit.py:649} INFO - found org.apache.commons#commons-configuration2;2.1.1 in central
[2025-05-26T02:48:04.680+0000] {spark_submit.py:649} INFO - found org.apache.avro#avro;1.8.2 in central
[2025-05-26T02:48:04.767+0000] {spark_submit.py:649} INFO - found com.thoughtworks.paranamer#paranamer;2.7 in central
[2025-05-26T02:48:04.792+0000] {spark_submit.py:649} INFO - found org.xerial.snappy#snappy-java;1.1.4 in central
[2025-05-26T02:48:04.819+0000] {spark_submit.py:649} INFO - found org.tukaani#xz;1.5 in central
[2025-05-26T02:48:04.842+0000] {spark_submit.py:649} INFO - found com.google.re2j#re2j;1.1 in central
[2025-05-26T02:48:04.876+0000] {spark_submit.py:649} INFO - found com.google.code.gson#gson;2.2.4 in central
[2025-05-26T02:48:04.913+0000] {spark_submit.py:649} INFO - found com.jcraft#jsch;0.1.54 in central
[2025-05-26T02:48:04.994+0000] {spark_submit.py:649} INFO - found com.google.code.findbugs#jsr305;3.0.0 in central
[2025-05-26T02:48:05.199+0000] {spark_submit.py:649} INFO - found org.apache.htrace#htrace-core4;4.1.0-incubating in user-list
[2025-05-26T02:48:08.741+0000] {spark_submit.py:649} INFO - found org.codehaus.woodstox#stax2-api;3.1.4 in central
[2025-05-26T02:48:11.639+0000] {spark_submit.py:649} INFO - found com.fasterxml.woodstox#woodstox-core;5.0.3 in central
[2025-05-26T02:48:16.139+0000] {spark_submit.py:649} INFO - found commons-daemon#commons-daemon;1.0.13 in central
[2025-05-26T02:48:15.990+0000] {job.py:229} INFO - Heartbeat recovered after 16.43 seconds
[2025-05-26T02:48:16.457+0000] {spark_submit.py:649} INFO - found dnsjava#dnsjava;2.1.7 in central
[2025-05-26T02:48:16.516+0000] {spark_submit.py:649} INFO - found org.fusesource.leveldbjni#leveldbjni-all;1.8 in central
[2025-05-26T02:48:16.590+0000] {spark_submit.py:649} INFO - found org.apache.geronimo.specs#geronimo-jcache_1.0_spec;1.0-alpha-1 in central
[2025-05-26T02:48:16.693+0000] {spark_submit.py:649} INFO - found org.ehcache#ehcache;3.3.1 in user-list
[2025-05-26T02:48:16.791+0000] {spark_submit.py:649} INFO - found com.zaxxer#HikariCP-java7;2.4.12 in central
[2025-05-26T02:48:16.829+0000] {spark_submit.py:649} INFO - found org.apache.hadoop#hadoop-yarn-server-applicationhistoryservice;3.1.0 in central
[2025-05-26T02:48:17.095+0000] {spark_submit.py:649} INFO - found de.ruedigermoeller#fst;2.50 in central
[2025-05-26T02:48:17.164+0000] {spark_submit.py:649} INFO - found com.cedarsoftware#java-util;1.9.0 in central
[2025-05-26T02:48:17.208+0000] {spark_submit.py:649} INFO - found com.cedarsoftware#json-io;2.5.1 in central
[2025-05-26T02:48:17.314+0000] {spark_submit.py:649} INFO - found org.apache.hadoop#hadoop-yarn-server-web-proxy;3.1.0 in central
[2025-05-26T02:48:17.777+0000] {spark_submit.py:649} INFO - found javax.servlet.jsp#jsp-api;2.1 in central
[2025-05-26T02:48:17.807+0000] {spark_submit.py:649} INFO - found com.microsoft.sqlserver#mssql-jdbc;6.2.1.jre7 in central
[2025-05-26T02:48:17.878+0000] {spark_submit.py:649} INFO - found org.apache.hive.shims#hive-shims-scheduler;3.1.3 in central
[2025-05-26T02:48:17.935+0000] {spark_submit.py:649} INFO - found org.apache.hive#hive-storage-api;2.7.0 in central
[2025-05-26T02:48:17.975+0000] {spark_submit.py:649} INFO - found org.apache.commons#commons-lang3;3.9 in central
[2025-05-26T02:48:18.018+0000] {spark_submit.py:649} INFO - found org.apache.orc#orc-core;1.5.8 in user-list
[2025-05-26T02:48:18.059+0000] {spark_submit.py:649} INFO - found org.apache.orc#orc-shims;1.5.8 in central
[2025-05-26T02:48:18.106+0000] {spark_submit.py:649} INFO - found io.airlift#aircompressor;0.10 in user-list
[2025-05-26T02:48:18.161+0000] {spark_submit.py:649} INFO - found org.eclipse.jetty#jetty-rewrite;9.3.20.v20170531 in central
[2025-05-26T02:48:18.218+0000] {spark_submit.py:649} INFO - found org.eclipse.jetty#jetty-client;9.3.20.v20170531 in central
[2025-05-26T02:48:18.275+0000] {spark_submit.py:649} INFO - found joda-time#joda-time;2.9.9 in central
[2025-05-26T02:48:18.324+0000] {spark_submit.py:649} INFO - found org.apache.logging.log4j#log4j-1.2-api;2.17.1 in central
[2025-05-26T02:48:18.510+0000] {spark_submit.py:649} INFO - found org.apache.logging.log4j#log4j-web;2.17.1 in central
[2025-05-26T02:48:18.613+0000] {spark_submit.py:649} INFO - found org.apache.ant#ant;1.9.1 in central
[2025-05-26T02:48:18.672+0000] {spark_submit.py:649} INFO - found org.apache.ant#ant-launcher;1.9.1 in central
[2025-05-26T02:48:18.723+0000] {spark_submit.py:649} INFO - found net.sf.jpam#jpam;1.1 in central
[2025-05-26T02:48:18.779+0000] {spark_submit.py:649} INFO - found com.tdunning#json;1.8 in user-list
[2025-05-26T02:48:18.934+0000] {spark_submit.py:649} INFO - found io.dropwizard.metrics#metrics-core;3.1.0 in central
[2025-05-26T02:48:18.990+0000] {spark_submit.py:649} INFO - found io.dropwizard.metrics#metrics-jvm;3.1.0 in central
[2025-05-26T02:48:19.096+0000] {spark_submit.py:649} INFO - found io.dropwizard.metrics#metrics-json;3.1.0 in central
[2025-05-26T02:48:19.753+0000] {spark_submit.py:649} INFO - found com.github.joshelser#dropwizard-metrics-hadoop-metrics2-reporter;0.1.2 in central
[2025-05-26T02:48:21.048+0000] {spark_submit.py:649} INFO - found javolution#javolution;5.5.1 in central
[2025-05-26T02:48:23.625+0000] {spark_submit.py:649} INFO - found org.apache.hive#hive-service-rpc;3.1.3 in central
[2025-05-26T02:48:24.206+0000] {spark_submit.py:649} INFO - found org.apache.thrift#libfb303;0.9.3 in central
[2025-05-26T02:48:29.645+0000] {spark_submit.py:649} INFO - found org.apache.arrow#arrow-vector;0.8.0 in central
[2025-05-26T02:48:29.721+0000] {spark_submit.py:649} INFO - found org.apache.arrow#arrow-format;0.8.0 in central
[2025-05-26T02:48:29.790+0000] {spark_submit.py:649} INFO - found com.vlkan#flatbuffers;1.2.0-3f79e055 in central
[2025-05-26T02:48:29.826+0000] {spark_submit.py:649} INFO - found org.apache.arrow#arrow-memory;0.8.0 in user-list
[2025-05-26T02:48:29.859+0000] {spark_submit.py:649} INFO - found io.netty#netty-buffer;4.1.17.Final in central
[2025-05-26T02:48:29.896+0000] {spark_submit.py:649} INFO - found io.netty#netty-common;4.1.17.Final in central
[2025-05-26T02:48:30.032+0000] {spark_submit.py:649} INFO - found com.carrotsearch#hppc;0.7.2 in central
[2025-05-26T02:48:30.052+0000] {spark_submit.py:649} INFO - found net.sf.opencsv#opencsv;2.3 in central
[2025-05-26T02:48:30.079+0000] {spark_submit.py:649} INFO - found org.apache.parquet#parquet-hadoop-bundle;1.10.0 in central
[2025-05-26T02:48:30.093+0000] {spark_submit.py:649} INFO - found org.apache.hive#hive-standalone-metastore;3.1.3 in central
[2025-05-26T02:48:30.111+0000] {spark_submit.py:649} INFO - found com.jolbox#bonecp;0.8.0.RELEASE in central
[2025-05-26T02:48:30.121+0000] {spark_submit.py:649} INFO - found com.zaxxer#HikariCP;2.6.1 in central
[2025-05-26T02:48:30.137+0000] {spark_submit.py:649} INFO - found commons-dbcp#commons-dbcp;1.4 in central
[2025-05-26T02:48:30.146+0000] {spark_submit.py:649} INFO - found commons-pool#commons-pool;1.5.4 in central
[2025-05-26T02:48:30.173+0000] {spark_submit.py:649} INFO - found org.antlr#antlr-runtime;3.5.2 in central
[2025-05-26T02:48:30.217+0000] {spark_submit.py:649} INFO - found org.datanucleus#datanucleus-api-jdo;4.2.4 in user-list
[2025-05-26T02:48:30.231+0000] {spark_submit.py:649} INFO - found org.datanucleus#datanucleus-core;4.1.17 in user-list
[2025-05-26T02:48:30.265+0000] {spark_submit.py:649} INFO - found org.datanucleus#datanucleus-rdbms;4.1.19 in central
[2025-05-26T02:48:30.660+0000] {spark_submit.py:649} INFO - found org.datanucleus#javax.jdo;3.2.0-m3 in central
[2025-05-26T02:48:30.723+0000] {spark_submit.py:649} INFO - found javax.transaction#transaction-api;1.1 in central
[2025-05-26T02:48:30.723+0000] {job.py:229} INFO - Heartbeat recovered after 14.76 seconds
[2025-05-26T02:48:30.763+0000] {spark_submit.py:649} INFO - found sqlline#sqlline;1.3.0 in user-list
[2025-05-26T02:48:30.816+0000] {spark_submit.py:649} INFO - found org.apache.hbase#hbase-client;2.0.0-alpha4 in central
[2025-05-26T02:48:30.862+0000] {spark_submit.py:649} INFO - found org.apache.hbase.thirdparty#hbase-shaded-protobuf;1.0.1 in central
[2025-05-26T02:48:30.887+0000] {spark_submit.py:649} INFO - found org.apache.hbase#hbase-protocol-shaded;2.0.0-alpha4 in central
[2025-05-26T02:48:30.920+0000] {spark_submit.py:649} INFO - found org.apache.yetus#audience-annotations;0.5.0 in central
[2025-05-26T02:48:30.936+0000] {spark_submit.py:649} INFO - found junit#junit;4.11 in central
[2025-05-26T02:48:31.015+0000] {spark_submit.py:649} INFO - found org.hamcrest#hamcrest-core;1.3 in central
[2025-05-26T02:48:31.308+0000] {spark_submit.py:649} INFO - found org.apache.hbase#hbase-protocol;2.0.0-alpha4 in central
[2025-05-26T02:48:31.651+0000] {spark_submit.py:649} INFO - found org.apache.hbase.thirdparty#hbase-shaded-miscellaneous;1.0.1 in central
[2025-05-26T02:48:31.659+0000] {spark_submit.py:649} INFO - found org.apache.hbase.thirdparty#hbase-shaded-netty;1.0.1 in central
[2025-05-26T02:48:31.672+0000] {spark_submit.py:649} INFO - found org.apache.htrace#htrace-core;3.2.0-incubating in central
[2025-05-26T02:48:31.682+0000] {spark_submit.py:649} INFO - found org.jruby.jcodings#jcodings;1.0.18 in central
[2025-05-26T02:48:31.694+0000] {spark_submit.py:649} INFO - found org.jruby.joni#joni;2.1.11 in central
[2025-05-26T02:48:31.704+0000] {spark_submit.py:649} INFO - found io.dropwizard.metrics#metrics-core;3.2.1 in central
[2025-05-26T02:48:31.717+0000] {spark_submit.py:649} INFO - found org.apache.commons#commons-crypto;1.0.0 in central
[2025-05-26T02:48:31.744+0000] {spark_submit.py:649} INFO - found javax.jdo#jdo-api;3.0.1 in central
[2025-05-26T02:48:31.755+0000] {spark_submit.py:649} INFO - found javax.transaction#jta;1.1 in central
[2025-05-26T02:48:31.762+0000] {spark_submit.py:649} INFO - found co.cask.tephra#tephra-api;0.6.0 in central
[2025-05-26T02:48:31.770+0000] {spark_submit.py:649} INFO - found co.cask.tephra#tephra-core;0.6.0 in central
[2025-05-26T02:48:31.782+0000] {spark_submit.py:649} INFO - found com.google.inject.extensions#guice-assistedinject;3.0 in central
[2025-05-26T02:48:31.791+0000] {spark_submit.py:649} INFO - found it.unimi.dsi#fastutil;6.5.6 in central
[2025-05-26T02:48:31.802+0000] {spark_submit.py:649} INFO - found org.apache.twill#twill-common;0.6.0-incubating in central
[2025-05-26T02:48:31.812+0000] {spark_submit.py:649} INFO - found org.apache.twill#twill-core;0.6.0-incubating in central
[2025-05-26T02:48:31.828+0000] {spark_submit.py:649} INFO - found org.apache.twill#twill-api;0.6.0-incubating in user-list
[2025-05-26T02:48:31.838+0000] {spark_submit.py:649} INFO - found org.apache.twill#twill-discovery-api;0.6.0-incubating in central
[2025-05-26T02:48:31.847+0000] {spark_submit.py:649} INFO - found org.apache.twill#twill-zookeeper;0.6.0-incubating in central
[2025-05-26T02:48:31.858+0000] {spark_submit.py:649} INFO - found org.apache.twill#twill-discovery-core;0.6.0-incubating in central
[2025-05-26T02:48:31.877+0000] {spark_submit.py:649} INFO - found co.cask.tephra#tephra-hbase-compat-1.0;0.6.0 in central
[2025-05-26T02:48:31.878+0000] {spark_submit.py:649} INFO - found org.apache.hive#hive-exec;3.1.3 in central
[2025-05-26T02:48:31.907+0000] {spark_submit.py:649} INFO - found org.apache.hive#hive-llap-tez;3.1.3 in central
[2025-05-26T02:48:31.971+0000] {spark_submit.py:649} INFO - found org.apache.hive#hive-llap-client;3.1.3 in central
[2025-05-26T02:48:31.982+0000] {spark_submit.py:649} INFO - found org.apache.hive#hive-llap-common;3.1.3 in central
[2025-05-26T02:48:32.048+0000] {spark_submit.py:649} INFO - found org.antlr#ST4;4.0.4 in central
[2025-05-26T02:48:32.121+0000] {spark_submit.py:649} INFO - found org.apache.ivy#ivy;2.4.0 in central
[2025-05-26T02:48:32.170+0000] {spark_submit.py:649} INFO - found org.codehaus.groovy#groovy-all;2.4.11 in central
[2025-05-26T02:48:32.213+0000] {spark_submit.py:649} INFO - found org.apache.calcite#calcite-core;1.16.0 in central
[2025-05-26T02:48:32.297+0000] {spark_submit.py:649} INFO - found org.apache.calcite#calcite-linq4j;1.16.0 in central
[2025-05-26T02:48:32.362+0000] {spark_submit.py:649} INFO - found com.esri.geometry#esri-geometry-api;2.0.0 in central
[2025-05-26T02:48:32.386+0000] {spark_submit.py:649} INFO - found com.google.code.findbugs#jsr305;3.0.1 in central
[2025-05-26T02:48:32.440+0000] {spark_submit.py:649} INFO - found com.yahoo.datasketches#sketches-core;0.9.0 in central
[2025-05-26T02:48:32.482+0000] {spark_submit.py:649} INFO - found com.yahoo.datasketches#memory;0.9.0 in central
[2025-05-26T02:48:32.491+0000] {spark_submit.py:649} INFO - found org.codehaus.janino#janino;2.7.6 in central
[2025-05-26T02:48:32.507+0000] {spark_submit.py:649} INFO - found org.codehaus.janino#commons-compiler;2.7.6 in central
[2025-05-26T02:48:32.512+0000] {spark_submit.py:649} INFO - found org.apache.calcite.avatica#avatica;1.11.0 in central
[2025-05-26T02:48:32.525+0000] {spark_submit.py:649} INFO - found stax#stax-api;1.0.1 in central
[2025-05-26T02:48:32.551+0000] {spark_submit.py:649} INFO - found org.apache.hadoop#hadoop-client-api;3.3.4 in central
[2025-05-26T02:48:32.578+0000] {spark_submit.py:649} INFO - found org.xerial.snappy#snappy-java;1.1.8.2 in central
[2025-05-26T02:48:32.604+0000] {spark_submit.py:649} INFO - found org.apache.hadoop#hadoop-client-runtime;3.3.4 in central
[2025-05-26T02:48:32.612+0000] {spark_submit.py:649} INFO - found org.slf4j#slf4j-api;1.7.36 in central
[2025-05-26T02:48:33.105+0000] {spark_submit.py:649} INFO - :: resolution report :: resolve 31599ms :: artifacts dl 333ms
[2025-05-26T02:48:33.106+0000] {spark_submit.py:649} INFO - :: modules in use:
[2025-05-26T02:48:33.109+0000] {spark_submit.py:649} INFO - aopalliance#aopalliance;1.0 from user-list in [default]
[2025-05-26T02:48:33.117+0000] {spark_submit.py:649} INFO - co.cask.tephra#tephra-api;0.6.0 from central in [default]
[2025-05-26T02:48:33.118+0000] {spark_submit.py:649} INFO - co.cask.tephra#tephra-core;0.6.0 from central in [default]
[2025-05-26T02:48:33.119+0000] {spark_submit.py:649} INFO - co.cask.tephra#tephra-hbase-compat-1.0;0.6.0 from central in [default]
[2025-05-26T02:48:33.119+0000] {spark_submit.py:649} INFO - com.carrotsearch#hppc;0.7.2 from central in [default]
[2025-05-26T02:48:33.120+0000] {spark_submit.py:649} INFO - com.cedarsoftware#java-util;1.9.0 from central in [default]
[2025-05-26T02:48:33.121+0000] {spark_submit.py:649} INFO - com.cedarsoftware#json-io;2.5.1 from central in [default]
[2025-05-26T02:48:33.121+0000] {spark_submit.py:649} INFO - com.esri.geometry#esri-geometry-api;2.0.0 from central in [default]
[2025-05-26T02:48:33.121+0000] {spark_submit.py:649} INFO - com.fasterxml.jackson.core#jackson-annotations;2.12.0 from user-list in [default]
[2025-05-26T02:48:33.122+0000] {spark_submit.py:649} INFO - com.fasterxml.jackson.core#jackson-core;2.12.0 from central in [default]
[2025-05-26T02:48:33.123+0000] {spark_submit.py:649} INFO - com.fasterxml.jackson.core#jackson-databind;2.12.0 from central in [default]
[2025-05-26T02:48:33.123+0000] {spark_submit.py:649} INFO - com.fasterxml.jackson.jaxrs#jackson-jaxrs-base;2.12.0 from user-list in [default]
[2025-05-26T02:48:33.124+0000] {spark_submit.py:649} INFO - com.fasterxml.jackson.jaxrs#jackson-jaxrs-json-provider;2.12.0 from central in [default]
[2025-05-26T02:48:33.124+0000] {spark_submit.py:649} INFO - com.fasterxml.jackson.module#jackson-module-jaxb-annotations;2.12.0 from central in [default]
[2025-05-26T02:48:33.124+0000] {spark_submit.py:649} INFO - com.fasterxml.woodstox#woodstox-core;5.0.3 from central in [default]
[2025-05-26T02:48:33.129+0000] {spark_submit.py:649} INFO - com.github.joshelser#dropwizard-metrics-hadoop-metrics2-reporter;0.1.2 from central in [default]
[2025-05-26T02:48:33.130+0000] {spark_submit.py:649} INFO - com.github.stephenc.jcip#jcip-annotations;1.0-1 from central in [default]
[2025-05-26T02:48:33.132+0000] {spark_submit.py:649} INFO - com.google.code.findbugs#jsr305;3.0.1 from central in [default]
[2025-05-26T02:48:33.132+0000] {spark_submit.py:649} INFO - com.google.code.gson#gson;2.2.4 from central in [default]
[2025-05-26T02:48:33.132+0000] {spark_submit.py:649} INFO - com.google.guava#guava;19.0 from central in [default]
[2025-05-26T02:48:33.133+0000] {spark_submit.py:649} INFO - com.google.inject#guice;4.0 from central in [default]
[2025-05-26T02:48:33.133+0000] {spark_submit.py:649} INFO - com.google.inject.extensions#guice-assistedinject;3.0 from central in [default]
[2025-05-26T02:48:33.134+0000] {spark_submit.py:649} INFO - com.google.inject.extensions#guice-servlet;4.0 from central in [default]
[2025-05-26T02:48:33.134+0000] {spark_submit.py:649} INFO - com.google.protobuf#protobuf-java;2.5.0 from central in [default]
[2025-05-26T02:48:33.135+0000] {spark_submit.py:649} INFO - com.google.re2j#re2j;1.1 from central in [default]
[2025-05-26T02:48:33.135+0000] {spark_submit.py:649} INFO - com.jcraft#jsch;0.1.54 from central in [default]
[2025-05-26T02:48:33.136+0000] {spark_submit.py:649} INFO - com.jolbox#bonecp;0.8.0.RELEASE from central in [default]
[2025-05-26T02:48:33.136+0000] {spark_submit.py:649} INFO - com.microsoft.sqlserver#mssql-jdbc;6.2.1.jre7 from central in [default]
[2025-05-26T02:48:33.136+0000] {spark_submit.py:649} INFO - com.nimbusds#nimbus-jose-jwt;4.41.1 from central in [default]
[2025-05-26T02:48:33.137+0000] {spark_submit.py:649} INFO - com.sun.jersey#jersey-client;1.19 from central in [default]
[2025-05-26T02:48:33.137+0000] {spark_submit.py:649} INFO - com.sun.jersey#jersey-core;1.19 from central in [default]
[2025-05-26T02:48:33.137+0000] {spark_submit.py:649} INFO - com.sun.jersey#jersey-json;1.19 from central in [default]
[2025-05-26T02:48:33.138+0000] {spark_submit.py:649} INFO - com.sun.jersey#jersey-server;1.19 from central in [default]
[2025-05-26T02:48:33.138+0000] {spark_submit.py:649} INFO - com.sun.jersey#jersey-servlet;1.19 from central in [default]
[2025-05-26T02:48:33.139+0000] {spark_submit.py:649} INFO - com.sun.jersey.contribs#jersey-guice;1.19 from user-list in [default]
[2025-05-26T02:48:33.139+0000] {spark_submit.py:649} INFO - com.sun.xml.bind#jaxb-impl;2.2.3-1 from central in [default]
[2025-05-26T02:48:33.140+0000] {spark_submit.py:649} INFO - com.tdunning#json;1.8 from user-list in [default]
[2025-05-26T02:48:33.142+0000] {spark_submit.py:649} INFO - com.thoughtworks.paranamer#paranamer;2.7 from central in [default]
[2025-05-26T02:48:33.144+0000] {spark_submit.py:649} INFO - com.vlkan#flatbuffers;1.2.0-3f79e055 from central in [default]
[2025-05-26T02:48:33.144+0000] {spark_submit.py:649} INFO - com.yahoo.datasketches#memory;0.9.0 from central in [default]
[2025-05-26T02:48:33.146+0000] {spark_submit.py:649} INFO - com.yahoo.datasketches#sketches-core;0.9.0 from central in [default]
[2025-05-26T02:48:33.147+0000] {spark_submit.py:649} INFO - com.zaxxer#HikariCP;2.6.1 from central in [default]
[2025-05-26T02:48:33.149+0000] {spark_submit.py:649} INFO - com.zaxxer#HikariCP-java7;2.4.12 from central in [default]
[2025-05-26T02:48:33.150+0000] {spark_submit.py:649} INFO - commons-beanutils#commons-beanutils;1.9.3 from central in [default]
[2025-05-26T02:48:33.150+0000] {spark_submit.py:649} INFO - commons-cli#commons-cli;1.2 from central in [default]
[2025-05-26T02:48:33.151+0000] {spark_submit.py:649} INFO - commons-codec#commons-codec;1.15 from central in [default]
[2025-05-26T02:48:33.154+0000] {spark_submit.py:649} INFO - commons-collections#commons-collections;3.2.2 from user-list in [default]
[2025-05-26T02:48:33.154+0000] {spark_submit.py:649} INFO - commons-daemon#commons-daemon;1.0.13 from central in [default]
[2025-05-26T02:48:33.155+0000] {spark_submit.py:649} INFO - commons-dbcp#commons-dbcp;1.4 from central in [default]
[2025-05-26T02:48:33.155+0000] {spark_submit.py:649} INFO - commons-io#commons-io;2.6 from central in [default]
[2025-05-26T02:48:33.156+0000] {spark_submit.py:649} INFO - commons-lang#commons-lang;2.6 from central in [default]
[2025-05-26T02:48:33.157+0000] {spark_submit.py:649} INFO - commons-logging#commons-logging;1.2 from central in [default]
[2025-05-26T02:48:33.158+0000] {spark_submit.py:649} INFO - commons-net#commons-net;3.6 from central in [default]
[2025-05-26T02:48:33.163+0000] {spark_submit.py:649} INFO - commons-pool#commons-pool;1.5.4 from central in [default]
[2025-05-26T02:48:33.164+0000] {spark_submit.py:649} INFO - de.ruedigermoeller#fst;2.50 from central in [default]
[2025-05-26T02:48:33.164+0000] {spark_submit.py:649} INFO - dnsjava#dnsjava;2.1.7 from central in [default]
[2025-05-26T02:48:33.165+0000] {spark_submit.py:649} INFO - io.airlift#aircompressor;0.10 from user-list in [default]
[2025-05-26T02:48:33.165+0000] {spark_submit.py:649} INFO - io.dropwizard.metrics#metrics-core;3.2.1 from central in [default]
[2025-05-26T02:48:33.166+0000] {spark_submit.py:649} INFO - io.dropwizard.metrics#metrics-json;3.1.0 from central in [default]
[2025-05-26T02:48:33.168+0000] {spark_submit.py:649} INFO - io.dropwizard.metrics#metrics-jvm;3.1.0 from central in [default]
[2025-05-26T02:48:33.169+0000] {spark_submit.py:649} INFO - io.netty#netty;3.7.0.Final from central in [default]
[2025-05-26T02:48:33.169+0000] {spark_submit.py:649} INFO - io.netty#netty-buffer;4.1.17.Final from central in [default]
[2025-05-26T02:48:33.169+0000] {spark_submit.py:649} INFO - io.netty#netty-common;4.1.17.Final from central in [default]
[2025-05-26T02:48:33.170+0000] {spark_submit.py:649} INFO - it.unimi.dsi#fastutil;6.5.6 from central in [default]
[2025-05-26T02:48:33.170+0000] {spark_submit.py:649} INFO - jakarta.activation#jakarta.activation-api;1.2.1 from central in [default]
[2025-05-26T02:48:33.170+0000] {spark_submit.py:649} INFO - jakarta.xml.bind#jakarta.xml.bind-api;2.3.2 from central in [default]
[2025-05-26T02:48:33.171+0000] {spark_submit.py:649} INFO - javax.inject#javax.inject;1 from central in [default]
[2025-05-26T02:48:33.171+0000] {spark_submit.py:649} INFO - javax.jdo#jdo-api;3.0.1 from central in [default]
[2025-05-26T02:48:33.171+0000] {spark_submit.py:649} INFO - javax.servlet#javax.servlet-api;3.1.0 from central in [default]
[2025-05-26T02:48:33.172+0000] {spark_submit.py:649} INFO - javax.servlet.jsp#jsp-api;2.1 from central in [default]
[2025-05-26T02:48:33.174+0000] {spark_submit.py:649} INFO - javax.transaction#jta;1.1 from central in [default]
[2025-05-26T02:48:33.175+0000] {spark_submit.py:649} INFO - javax.transaction#transaction-api;1.1 from central in [default]
[2025-05-26T02:48:33.176+0000] {spark_submit.py:649} INFO - javax.ws.rs#jsr311-api;1.1.1 from central in [default]
[2025-05-26T02:48:33.176+0000] {spark_submit.py:649} INFO - javax.xml.bind#jaxb-api;2.2.11 from central in [default]
[2025-05-26T02:48:33.178+0000] {spark_submit.py:649} INFO - javolution#javolution;5.5.1 from central in [default]
[2025-05-26T02:48:33.179+0000] {spark_submit.py:649} INFO - jline#jline;2.12 from central in [default]
[2025-05-26T02:48:33.179+0000] {spark_submit.py:649} INFO - joda-time#joda-time;2.9.9 from central in [default]
[2025-05-26T02:48:33.179+0000] {spark_submit.py:649} INFO - junit#junit;4.11 from central in [default]
[2025-05-26T02:48:33.180+0000] {spark_submit.py:649} INFO - log4j#log4j;1.2.17 from central in [default]
[2025-05-26T02:48:33.180+0000] {spark_submit.py:649} INFO - net.minidev#accessors-smart;1.2 from central in [default]
[2025-05-26T02:48:33.180+0000] {spark_submit.py:649} INFO - net.minidev#json-smart;2.3 from central in [default]
[2025-05-26T02:48:33.181+0000] {spark_submit.py:649} INFO - net.sf.jpam#jpam;1.1 from central in [default]
[2025-05-26T02:48:33.181+0000] {spark_submit.py:649} INFO - net.sf.opencsv#opencsv;2.3 from central in [default]
[2025-05-26T02:48:33.181+0000] {spark_submit.py:649} INFO - org.antlr#ST4;4.0.4 from central in [default]
[2025-05-26T02:48:33.181+0000] {spark_submit.py:649} INFO - org.antlr#antlr-runtime;3.5.2 from central in [default]
[2025-05-26T02:48:33.181+0000] {spark_submit.py:649} INFO - org.apache.ant#ant;1.9.1 from central in [default]
[2025-05-26T02:48:33.182+0000] {spark_submit.py:649} INFO - org.apache.ant#ant-launcher;1.9.1 from central in [default]
[2025-05-26T02:48:33.182+0000] {spark_submit.py:649} INFO - org.apache.arrow#arrow-format;0.8.0 from central in [default]
[2025-05-26T02:48:33.182+0000] {spark_submit.py:649} INFO - org.apache.arrow#arrow-memory;0.8.0 from user-list in [default]
[2025-05-26T02:48:33.182+0000] {spark_submit.py:649} INFO - org.apache.arrow#arrow-vector;0.8.0 from central in [default]
[2025-05-26T02:48:33.183+0000] {spark_submit.py:649} INFO - org.apache.avro#avro;1.8.2 from central in [default]
[2025-05-26T02:48:33.183+0000] {spark_submit.py:649} INFO - org.apache.calcite#calcite-core;1.16.0 from central in [default]
[2025-05-26T02:48:33.183+0000] {spark_submit.py:649} INFO - org.apache.calcite#calcite-linq4j;1.16.0 from central in [default]
[2025-05-26T02:48:33.185+0000] {spark_submit.py:649} INFO - org.apache.calcite.avatica#avatica;1.11.0 from central in [default]
[2025-05-26T02:48:33.185+0000] {spark_submit.py:649} INFO - org.apache.commons#commons-compress;1.19 from central in [default]
[2025-05-26T02:48:33.186+0000] {spark_submit.py:649} INFO - org.apache.commons#commons-configuration2;2.1.1 from central in [default]
[2025-05-26T02:48:33.186+0000] {spark_submit.py:649} INFO - org.apache.commons#commons-crypto;1.0.0 from central in [default]
[2025-05-26T02:48:33.186+0000] {spark_submit.py:649} INFO - org.apache.commons#commons-lang3;3.9 from central in [default]
[2025-05-26T02:48:33.187+0000] {spark_submit.py:649} INFO - org.apache.commons#commons-math3;3.1.1 from central in [default]
[2025-05-26T02:48:33.187+0000] {spark_submit.py:649} INFO - org.apache.derby#derby;10.14.1.0 from central in [default]
[2025-05-26T02:48:33.188+0000] {spark_submit.py:649} INFO - org.apache.geronimo.specs#geronimo-jcache_1.0_spec;1.0-alpha-1 from central in [default]
[2025-05-26T02:48:33.188+0000] {spark_submit.py:649} INFO - org.apache.hadoop#hadoop-annotations;3.1.0 from central in [default]
[2025-05-26T02:48:33.189+0000] {spark_submit.py:649} INFO - org.apache.hadoop#hadoop-auth;3.1.0 from central in [default]
[2025-05-26T02:48:33.189+0000] {spark_submit.py:649} INFO - org.apache.hadoop#hadoop-client-api;3.3.4 from central in [default]
[2025-05-26T02:48:33.189+0000] {spark_submit.py:649} INFO - org.apache.hadoop#hadoop-client-runtime;3.3.4 from central in [default]
[2025-05-26T02:48:33.189+0000] {spark_submit.py:649} INFO - org.apache.hadoop#hadoop-common;3.1.0 from central in [default]
[2025-05-26T02:48:33.190+0000] {spark_submit.py:649} INFO - org.apache.hadoop#hadoop-yarn-api;3.1.0 from central in [default]
[2025-05-26T02:48:33.190+0000] {spark_submit.py:649} INFO - org.apache.hadoop#hadoop-yarn-common;3.1.0 from central in [default]
[2025-05-26T02:48:33.191+0000] {spark_submit.py:649} INFO - org.apache.hadoop#hadoop-yarn-registry;3.1.0 from central in [default]
[2025-05-26T02:48:33.193+0000] {spark_submit.py:649} INFO - org.apache.hadoop#hadoop-yarn-server-applicationhistoryservice;3.1.0 from central in [default]
[2025-05-26T02:48:33.194+0000] {spark_submit.py:649} INFO - org.apache.hadoop#hadoop-yarn-server-common;3.1.0 from central in [default]
[2025-05-26T02:48:33.195+0000] {spark_submit.py:649} INFO - org.apache.hadoop#hadoop-yarn-server-resourcemanager;3.1.0 from central in [default]
[2025-05-26T02:48:33.198+0000] {spark_submit.py:649} INFO - org.apache.hadoop#hadoop-yarn-server-web-proxy;3.1.0 from central in [default]
[2025-05-26T02:48:33.199+0000] {spark_submit.py:649} INFO - org.apache.hbase#hbase-client;2.0.0-alpha4 from central in [default]
[2025-05-26T02:48:33.202+0000] {spark_submit.py:649} INFO - org.apache.hbase#hbase-protocol;2.0.0-alpha4 from central in [default]
[2025-05-26T02:48:33.203+0000] {spark_submit.py:649} INFO - org.apache.hbase#hbase-protocol-shaded;2.0.0-alpha4 from central in [default]
[2025-05-26T02:48:33.203+0000] {spark_submit.py:649} INFO - org.apache.hbase.thirdparty#hbase-shaded-miscellaneous;1.0.1 from central in [default]
[2025-05-26T02:48:33.203+0000] {spark_submit.py:649} INFO - org.apache.hbase.thirdparty#hbase-shaded-netty;1.0.1 from central in [default]
[2025-05-26T02:48:33.205+0000] {spark_submit.py:649} INFO - org.apache.hbase.thirdparty#hbase-shaded-protobuf;1.0.1 from central in [default]
[2025-05-26T02:48:33.207+0000] {spark_submit.py:649} INFO - org.apache.hive#hive-classification;3.1.3 from central in [default]
[2025-05-26T02:48:33.208+0000] {spark_submit.py:649} INFO - org.apache.hive#hive-common;3.1.3 from central in [default]
[2025-05-26T02:48:33.208+0000] {spark_submit.py:649} INFO - org.apache.hive#hive-exec;3.1.3 from central in [default]
[2025-05-26T02:48:33.208+0000] {spark_submit.py:649} INFO - org.apache.hive#hive-llap-client;3.1.3 from central in [default]
[2025-05-26T02:48:33.209+0000] {spark_submit.py:649} INFO - org.apache.hive#hive-llap-common;3.1.3 from central in [default]
[2025-05-26T02:48:33.209+0000] {spark_submit.py:649} INFO - org.apache.hive#hive-llap-tez;3.1.3 from central in [default]
[2025-05-26T02:48:33.210+0000] {spark_submit.py:649} INFO - org.apache.hive#hive-metastore;3.1.3 from central in [default]
[2025-05-26T02:48:33.211+0000] {spark_submit.py:649} INFO - org.apache.hive#hive-serde;3.1.3 from central in [default]
[2025-05-26T02:48:33.211+0000] {spark_submit.py:649} INFO - org.apache.hive#hive-service-rpc;3.1.3 from central in [default]
[2025-05-26T02:48:33.212+0000] {spark_submit.py:649} INFO - org.apache.hive#hive-shims;3.1.3 from central in [default]
[2025-05-26T02:48:33.212+0000] {spark_submit.py:649} INFO - org.apache.hive#hive-standalone-metastore;3.1.3 from central in [default]
[2025-05-26T02:48:33.212+0000] {spark_submit.py:649} INFO - org.apache.hive#hive-storage-api;2.7.0 from central in [default]
[2025-05-26T02:48:33.213+0000] {spark_submit.py:649} INFO - org.apache.hive#hive-upgrade-acid;3.1.3 from central in [default]
[2025-05-26T02:48:33.213+0000] {spark_submit.py:649} INFO - org.apache.hive.shims#hive-shims-0.23;3.1.3 from central in [default]
[2025-05-26T02:48:33.213+0000] {spark_submit.py:649} INFO - org.apache.hive.shims#hive-shims-common;3.1.3 from central in [default]
[2025-05-26T02:48:33.214+0000] {spark_submit.py:649} INFO - org.apache.hive.shims#hive-shims-scheduler;3.1.3 from central in [default]
[2025-05-26T02:48:33.214+0000] {spark_submit.py:649} INFO - org.apache.htrace#htrace-core;3.2.0-incubating from central in [default]
[2025-05-26T02:48:33.214+0000] {spark_submit.py:649} INFO - org.apache.htrace#htrace-core4;4.1.0-incubating from user-list in [default]
[2025-05-26T02:48:33.215+0000] {spark_submit.py:649} INFO - org.apache.httpcomponents#httpclient;4.5.13 from central in [default]
[2025-05-26T02:48:33.215+0000] {spark_submit.py:649} INFO - org.apache.httpcomponents#httpcore;4.4.13 from central in [default]
[2025-05-26T02:48:33.222+0000] {spark_submit.py:649} INFO - org.apache.ivy#ivy;2.4.0 from central in [default]
[2025-05-26T02:48:33.222+0000] {spark_submit.py:649} INFO - org.apache.kerby#kerb-admin;1.0.1 from central in [default]
[2025-05-26T02:48:33.223+0000] {spark_submit.py:649} INFO - org.apache.kerby#kerb-client;1.0.1 from central in [default]
[2025-05-26T02:48:33.223+0000] {spark_submit.py:649} INFO - org.apache.kerby#kerb-common;1.0.1 from central in [default]
[2025-05-26T02:48:33.223+0000] {spark_submit.py:649} INFO - org.apache.kerby#kerb-core;1.0.1 from user-list in [default]
[2025-05-26T02:48:33.224+0000] {spark_submit.py:649} INFO - org.apache.kerby#kerb-crypto;1.0.1 from central in [default]
[2025-05-26T02:48:33.224+0000] {spark_submit.py:649} INFO - org.apache.kerby#kerb-identity;1.0.1 from user-list in [default]
[2025-05-26T02:48:33.224+0000] {spark_submit.py:649} INFO - org.apache.kerby#kerb-server;1.0.1 from central in [default]
[2025-05-26T02:48:33.224+0000] {spark_submit.py:649} INFO - org.apache.kerby#kerb-simplekdc;1.0.1 from central in [default]
[2025-05-26T02:48:33.225+0000] {spark_submit.py:649} INFO - org.apache.kerby#kerb-util;1.0.1 from central in [default]
[2025-05-26T02:48:33.225+0000] {spark_submit.py:649} INFO - org.apache.kerby#kerby-asn1;1.0.1 from central in [default]
[2025-05-26T02:48:33.225+0000] {spark_submit.py:649} INFO - org.apache.kerby#kerby-config;1.0.1 from central in [default]
[2025-05-26T02:48:33.226+0000] {spark_submit.py:649} INFO - org.apache.kerby#kerby-pkix;1.0.1 from central in [default]
[2025-05-26T02:48:33.226+0000] {spark_submit.py:649} INFO - org.apache.kerby#kerby-util;1.0.1 from central in [default]
[2025-05-26T02:48:33.227+0000] {spark_submit.py:649} INFO - org.apache.kerby#kerby-xdr;1.0.1 from central in [default]
[2025-05-26T02:48:33.227+0000] {spark_submit.py:649} INFO - org.apache.kerby#token-provider;1.0.1 from central in [default]
[2025-05-26T02:48:33.227+0000] {spark_submit.py:649} INFO - org.apache.logging.log4j#log4j-1.2-api;2.17.1 from central in [default]
[2025-05-26T02:48:33.227+0000] {spark_submit.py:649} INFO - org.apache.logging.log4j#log4j-api;2.10.0 from central in [default]
[2025-05-26T02:48:33.228+0000] {spark_submit.py:649} INFO - org.apache.logging.log4j#log4j-core;2.17.1 from central in [default]
[2025-05-26T02:48:33.228+0000] {spark_submit.py:649} INFO - org.apache.logging.log4j#log4j-slf4j-impl;2.17.1 from central in [default]
[2025-05-26T02:48:33.229+0000] {spark_submit.py:649} INFO - org.apache.logging.log4j#log4j-web;2.17.1 from central in [default]
[2025-05-26T02:48:33.229+0000] {spark_submit.py:649} INFO - org.apache.orc#orc-core;1.5.8 from user-list in [default]
[2025-05-26T02:48:33.230+0000] {spark_submit.py:649} INFO - org.apache.orc#orc-shims;1.5.8 from central in [default]
[2025-05-26T02:48:33.231+0000] {spark_submit.py:649} INFO - org.apache.parquet#parquet-hadoop-bundle;1.10.0 from central in [default]
[2025-05-26T02:48:33.232+0000] {spark_submit.py:649} INFO - org.apache.thrift#libfb303;0.9.3 from central in [default]
[2025-05-26T02:48:33.233+0000] {spark_submit.py:649} INFO - org.apache.thrift#libthrift;0.9.3 from central in [default]
[2025-05-26T02:48:33.233+0000] {spark_submit.py:649} INFO - org.apache.twill#twill-api;0.6.0-incubating from user-list in [default]
[2025-05-26T02:48:33.233+0000] {spark_submit.py:649} INFO - org.apache.twill#twill-common;0.6.0-incubating from central in [default]
[2025-05-26T02:48:33.234+0000] {spark_submit.py:649} INFO - org.apache.twill#twill-core;0.6.0-incubating from central in [default]
[2025-05-26T02:48:33.234+0000] {spark_submit.py:649} INFO - org.apache.twill#twill-discovery-api;0.6.0-incubating from central in [default]
[2025-05-26T02:48:33.235+0000] {spark_submit.py:649} INFO - org.apache.twill#twill-discovery-core;0.6.0-incubating from central in [default]
[2025-05-26T02:48:33.236+0000] {spark_submit.py:649} INFO - org.apache.twill#twill-zookeeper;0.6.0-incubating from central in [default]
[2025-05-26T02:48:33.236+0000] {spark_submit.py:649} INFO - org.apache.yetus#audience-annotations;0.5.0 from central in [default]
[2025-05-26T02:48:33.237+0000] {spark_submit.py:649} INFO - org.apache.zookeeper#zookeeper;3.4.6 from central in [default]
[2025-05-26T02:48:33.237+0000] {spark_submit.py:649} INFO - org.codehaus.groovy#groovy-all;2.4.11 from central in [default]
[2025-05-26T02:48:33.240+0000] {spark_submit.py:649} INFO - org.codehaus.jackson#jackson-core-asl;1.9.13 from central in [default]
[2025-05-26T02:48:33.240+0000] {spark_submit.py:649} INFO - org.codehaus.jackson#jackson-jaxrs;1.9.13 from central in [default]
[2025-05-26T02:48:33.241+0000] {spark_submit.py:649} INFO - org.codehaus.jackson#jackson-mapper-asl;1.9.13 from central in [default]
[2025-05-26T02:48:33.241+0000] {spark_submit.py:649} INFO - org.codehaus.jackson#jackson-xc;1.9.13 from central in [default]
[2025-05-26T02:48:33.241+0000] {spark_submit.py:649} INFO - org.codehaus.janino#commons-compiler;2.7.6 from central in [default]
[2025-05-26T02:48:33.242+0000] {spark_submit.py:649} INFO - org.codehaus.janino#janino;2.7.6 from central in [default]
[2025-05-26T02:48:33.242+0000] {spark_submit.py:649} INFO - org.codehaus.jettison#jettison;1.1 from central in [default]
[2025-05-26T02:48:33.242+0000] {spark_submit.py:649} INFO - org.codehaus.woodstox#stax2-api;3.1.4 from central in [default]
[2025-05-26T02:48:33.243+0000] {spark_submit.py:649} INFO - org.datanucleus#datanucleus-api-jdo;4.2.4 from user-list in [default]
[2025-05-26T02:48:33.243+0000] {spark_submit.py:649} INFO - org.datanucleus#datanucleus-core;4.1.17 from user-list in [default]
[2025-05-26T02:48:33.244+0000] {spark_submit.py:649} INFO - org.datanucleus#datanucleus-rdbms;4.1.19 from central in [default]
[2025-05-26T02:48:33.244+0000] {spark_submit.py:649} INFO - org.datanucleus#javax.jdo;3.2.0-m3 from central in [default]
[2025-05-26T02:48:33.245+0000] {spark_submit.py:649} INFO - org.eclipse.jetty#jetty-client;9.3.20.v20170531 from central in [default]
[2025-05-26T02:48:33.245+0000] {spark_submit.py:649} INFO - org.eclipse.jetty#jetty-http;9.3.20.v20170531 from central in [default]
[2025-05-26T02:48:33.245+0000] {spark_submit.py:649} INFO - org.eclipse.jetty#jetty-io;9.3.20.v20170531 from user-list in [default]
[2025-05-26T02:48:33.245+0000] {spark_submit.py:649} INFO - org.eclipse.jetty#jetty-rewrite;9.3.20.v20170531 from central in [default]
[2025-05-26T02:48:33.246+0000] {spark_submit.py:649} INFO - org.eclipse.jetty#jetty-security;9.3.20.v20170531 from central in [default]
[2025-05-26T02:48:33.246+0000] {spark_submit.py:649} INFO - org.eclipse.jetty#jetty-server;9.3.20.v20170531 from central in [default]
[2025-05-26T02:48:33.247+0000] {spark_submit.py:649} INFO - org.eclipse.jetty#jetty-servlet;9.3.20.v20170531 from user-list in [default]
[2025-05-26T02:48:33.248+0000] {spark_submit.py:649} INFO - org.eclipse.jetty#jetty-util;9.3.19.v20170502 from user-list in [default]
[2025-05-26T02:48:33.249+0000] {spark_submit.py:649} INFO - org.eclipse.jetty#jetty-util-ajax;9.3.19.v20170502 from central in [default]
[2025-05-26T02:48:33.249+0000] {spark_submit.py:649} INFO - org.eclipse.jetty#jetty-webapp;9.3.20.v20170531 from central in [default]
[2025-05-26T02:48:33.250+0000] {spark_submit.py:649} INFO - org.eclipse.jetty#jetty-xml;9.3.20.v20170531 from central in [default]
[2025-05-26T02:48:33.251+0000] {spark_submit.py:649} INFO - org.ehcache#ehcache;3.3.1 from user-list in [default]
[2025-05-26T02:48:33.252+0000] {spark_submit.py:649} INFO - org.fusesource.leveldbjni#leveldbjni-all;1.8 from central in [default]
[2025-05-26T02:48:33.252+0000] {spark_submit.py:649} INFO - org.hamcrest#hamcrest-core;1.3 from central in [default]
[2025-05-26T02:48:33.252+0000] {spark_submit.py:649} INFO - org.jruby.jcodings#jcodings;1.0.18 from central in [default]
[2025-05-26T02:48:33.253+0000] {spark_submit.py:649} INFO - org.jruby.joni#joni;2.1.11 from central in [default]
[2025-05-26T02:48:33.254+0000] {spark_submit.py:649} INFO - org.ow2.asm#asm;5.0.4 from central in [default]
[2025-05-26T02:48:33.255+0000] {spark_submit.py:649} INFO - org.slf4j#slf4j-api;1.7.36 from central in [default]
[2025-05-26T02:48:33.256+0000] {spark_submit.py:649} INFO - org.slf4j#slf4j-log4j12;1.6.1 from central in [default]
[2025-05-26T02:48:33.257+0000] {spark_submit.py:649} INFO - org.tukaani#xz;1.5 from central in [default]
[2025-05-26T02:48:33.259+0000] {spark_submit.py:649} INFO - org.xerial.snappy#snappy-java;1.1.8.2 from central in [default]
[2025-05-26T02:48:33.260+0000] {spark_submit.py:649} INFO - sqlline#sqlline;1.3.0 from user-list in [default]
[2025-05-26T02:48:33.260+0000] {spark_submit.py:649} INFO - stax#stax-api;1.0.1 from central in [default]
[2025-05-26T02:48:33.260+0000] {spark_submit.py:649} INFO - :: evicted modules:
[2025-05-26T02:48:33.261+0000] {spark_submit.py:649} INFO - org.slf4j#slf4j-api;1.7.10 by [org.slf4j#slf4j-api;1.7.36] in [default]
[2025-05-26T02:48:33.261+0000] {spark_submit.py:649} INFO - log4j#log4j;1.2.16 by [log4j#log4j;1.2.17] in [default]
[2025-05-26T02:48:33.262+0000] {spark_submit.py:649} INFO - commons-logging#commons-logging;1.1.3 by [commons-logging#commons-logging;1.2] in [default]
[2025-05-26T02:48:33.262+0000] {spark_submit.py:649} INFO - org.apache.commons#commons-lang3;3.4 by [org.apache.commons#commons-lang3;3.9] in [default]
[2025-05-26T02:48:33.263+0000] {spark_submit.py:649} INFO - org.xerial.snappy#snappy-java;1.1.4 by [org.xerial.snappy#snappy-java;1.1.8.2] in [default]
[2025-05-26T02:48:33.263+0000] {spark_submit.py:649} INFO - com.google.code.findbugs#jsr305;3.0.0 by [com.google.code.findbugs#jsr305;3.0.1] in [default]
[2025-05-26T02:48:33.264+0000] {spark_submit.py:649} INFO - commons-logging#commons-logging;1.0.4 by [commons-logging#commons-logging;1.2] in [default]
[2025-05-26T02:48:33.264+0000] {spark_submit.py:649} INFO - io.dropwizard.metrics#metrics-core;3.1.0 by [io.dropwizard.metrics#metrics-core;3.2.1] in [default]
[2025-05-26T02:48:33.265+0000] {spark_submit.py:649} INFO - io.dropwizard.metrics#metrics-core;3.1.2 by [io.dropwizard.metrics#metrics-core;3.1.0] in [default]
[2025-05-26T02:48:33.265+0000] {spark_submit.py:649} INFO - com.google.code.findbugs#jsr305;3.0.2 by [com.google.code.findbugs#jsr305;3.0.1] in [default]
[2025-05-26T02:48:33.266+0000] {spark_submit.py:649} INFO - org.apache.commons#commons-lang3;3.2 by [org.apache.commons#commons-lang3;3.9] in [default]
[2025-05-26T02:48:33.270+0000] {spark_submit.py:649} INFO - org.apache.commons#commons-lang3;3.6 by [org.apache.commons#commons-lang3;3.9] in [default]
[2025-05-26T02:48:33.271+0000] {spark_submit.py:649} INFO - com.google.inject#guice;3.0 by [com.google.inject#guice;4.0] in [default]
[2025-05-26T02:48:33.272+0000] {spark_submit.py:649} INFO - com.google.code.findbugs#jsr305;2.0.1 by [com.google.code.findbugs#jsr305;3.0.0] in [default]
[2025-05-26T02:48:33.272+0000] {spark_submit.py:649} INFO - com.google.guava#guava;14.0.1 by [com.google.guava#guava;19.0] in [default]
[2025-05-26T02:48:33.273+0000] {spark_submit.py:649} INFO - ---------------------------------------------------------------------
[2025-05-26T02:48:33.273+0000] {spark_submit.py:649} INFO - |                  |            modules            ||   artifacts   |
[2025-05-26T02:48:33.274+0000] {spark_submit.py:649} INFO - |       conf       | number| search|dwnlded|evicted|| number|dwnlded|
[2025-05-26T02:48:33.274+0000] {spark_submit.py:649} INFO - ---------------------------------------------------------------------
[2025-05-26T02:48:33.274+0000] {spark_submit.py:649} INFO - |      default     |  224  |   0   |   0   |   15  ||  209  |   0   |
[2025-05-26T02:48:33.274+0000] {spark_submit.py:649} INFO - ---------------------------------------------------------------------
[2025-05-26T02:48:33.275+0000] {spark_submit.py:649} INFO - 
[2025-05-26T02:48:33.275+0000] {spark_submit.py:649} INFO - :: problems summary ::
[2025-05-26T02:48:33.275+0000] {spark_submit.py:649} INFO - :::: ERRORS
[2025-05-26T02:48:33.276+0000] {spark_submit.py:649} INFO - unknown resolver null
[2025-05-26T02:48:33.276+0000] {spark_submit.py:649} INFO - 
[2025-05-26T02:48:33.277+0000] {spark_submit.py:649} INFO - unknown resolver null
[2025-05-26T02:48:33.278+0000] {spark_submit.py:649} INFO - 
[2025-05-26T02:48:33.280+0000] {spark_submit.py:649} INFO - unknown resolver null
[2025-05-26T02:48:33.286+0000] {spark_submit.py:649} INFO - 
[2025-05-26T02:48:33.287+0000] {spark_submit.py:649} INFO - unknown resolver null
[2025-05-26T02:48:33.288+0000] {spark_submit.py:649} INFO - 
[2025-05-26T02:48:33.296+0000] {spark_submit.py:649} INFO - unknown resolver null
[2025-05-26T02:48:33.298+0000] {spark_submit.py:649} INFO - 
[2025-05-26T02:48:33.298+0000] {spark_submit.py:649} INFO - unknown resolver null
[2025-05-26T02:48:33.309+0000] {spark_submit.py:649} INFO - 
[2025-05-26T02:48:33.311+0000] {spark_submit.py:649} INFO - unknown resolver null
[2025-05-26T02:48:33.312+0000] {spark_submit.py:649} INFO - 
[2025-05-26T02:48:33.313+0000] {spark_submit.py:649} INFO - 
[2025-05-26T02:48:33.320+0000] {spark_submit.py:649} INFO - :: USE VERBOSE OR DEBUG MESSAGE LEVEL FOR MORE DETAILS
[2025-05-26T02:48:33.323+0000] {spark_submit.py:649} INFO - :: retrieving :: org.apache.spark#spark-submit-parent-6c1a2eb8-4c61-4dab-a52e-2c91678ee006
[2025-05-26T02:48:33.325+0000] {spark_submit.py:649} INFO - confs: [default]
[2025-05-26T02:48:33.362+0000] {spark_submit.py:649} INFO - 0 artifacts copied, 209 already retrieved (0kB/94ms)
[2025-05-26T02:48:45.576+0000] {spark_submit.py:649} INFO - 25/05/26 02:48:45 INFO IsolatedClientLoader: Downloaded metastore jars to /tmp/hive-v3_1-9664846d-464c-4554-9f31-d658ceef69ab
[2025-05-26T02:48:45.699+0000] {job.py:229} INFO - Heartbeat recovered after 15.00 seconds
[2025-05-26T02:48:46.456+0000] {spark_submit.py:649} INFO - Hive Session ID = 6e9c1016-181e-42d7-8ced-02c439d09ff5
[2025-05-26T02:48:46.542+0000] {spark_submit.py:649} INFO - 25/05/26 02:48:46 INFO HiveClientImpl: Warehouse location for Hive client (version 3.1.3) is file:/opt/airflow/spark-warehouse
[2025-05-26T02:48:47.420+0000] {spark_submit.py:649} INFO - 25/05/26 02:48:47 WARN MetricsConfig: Cannot locate configuration: tried hadoop-metrics2-s3a-file-system.properties,hadoop-metrics2.properties
[2025-05-26T02:48:47.436+0000] {spark_submit.py:649} INFO - 25/05/26 02:48:47 INFO MetricsSystemImpl: Scheduled Metric snapshot period at 10 second(s).
[2025-05-26T02:48:47.436+0000] {spark_submit.py:649} INFO - 25/05/26 02:48:47 INFO MetricsSystemImpl: s3a-file-system metrics system started
[2025-05-26T02:48:48.470+0000] {spark_submit.py:649} INFO - 25/05/26 02:48:48 INFO DelegatingLogStore: LogStore LogStoreAdapter(io.delta.storage.S3SingleDriverLogStore) is used for scheme s3a
[2025-05-26T02:48:48.628+0000] {spark_submit.py:649} INFO - 25/05/26 02:48:48 INFO DeltaLog: Loading version 0.
[2025-05-26T02:50:04.668+0000] {job.py:229} INFO - Heartbeat recovered after 78.98 seconds
[2025-05-26T02:50:04.991+0000] {taskinstance.py:3313} ERROR - Task failed with exception
Traceback (most recent call last):
  File "/home/airflow/.local/lib/python3.12/site-packages/airflow/models/taskinstance.py", line 768, in _execute_task
    result = _execute_callable(context=context, **execute_callable_kwargs)
             ^^^^^^^^^^^^^^^^^^^^^^^^^^^^^^^^^^^^^^^^^^^^^^^^^^^^^^^^^^^^^
  File "/home/airflow/.local/lib/python3.12/site-packages/airflow/models/taskinstance.py", line 734, in _execute_callable
    return ExecutionCallableRunner(
           ^^^^^^^^^^^^^^^^^^^^^^^^
  File "/home/airflow/.local/lib/python3.12/site-packages/airflow/utils/operator_helpers.py", line 252, in run
    return self.func(*args, **kwargs)
           ^^^^^^^^^^^^^^^^^^^^^^^^^^
  File "/home/airflow/.local/lib/python3.12/site-packages/airflow/models/baseoperator.py", line 424, in wrapper
    return func(self, *args, **kwargs)
           ^^^^^^^^^^^^^^^^^^^^^^^^^^^
  File "/home/airflow/.local/lib/python3.12/site-packages/airflow/providers/apache/spark/operators/spark_submit.py", line 176, in execute
    self._hook.submit(self.application)
  File "/home/airflow/.local/lib/python3.12/site-packages/airflow/providers/apache/spark/hooks/spark_submit.py", line 575, in submit
    raise AirflowException(
airflow.exceptions.AirflowException: Cannot execute: spark-submit --master spark://spark-master:7077 --packages io.delta:delta-spark_2.12:3.3.0,org.apache.hadoop:hadoop-aws:3.3.4 --name arrow-spark --deploy-mode client /opt/etl/enriched_curated/creating_dim_providers.py. Error code is: -9.
[2025-05-26T02:50:05.150+0000] {taskinstance.py:1226} INFO - Marking task as FAILED. dag_id=medical_dag_v20, task_id=dim_group.creating_dim_providers, run_id=manual__2025-05-26T02:47:42.995694+00:00, execution_date=20250526T024742, start_date=20250526T024743, end_date=20250526T025005
[2025-05-26T02:50:05.469+0000] {taskinstance.py:341} INFO - ::group::Post task execution logs
[2025-05-26T02:50:05.489+0000] {standard_task_runner.py:124} ERROR - Failed to execute job 71 for task dim_group.creating_dim_providers (Cannot execute: spark-submit --master spark://spark-master:7077 --packages io.delta:delta-spark_2.12:3.3.0,org.apache.hadoop:hadoop-aws:3.3.4 --name arrow-spark --deploy-mode client /opt/etl/enriched_curated/creating_dim_providers.py. Error code is: -9.; 3233)
Traceback (most recent call last):
  File "/home/airflow/.local/lib/python3.12/site-packages/airflow/task/task_runner/standard_task_runner.py", line 117, in _start_by_fork
    ret = args.func(args, dag=self.dag)
          ^^^^^^^^^^^^^^^^^^^^^^^^^^^^^
  File "/home/airflow/.local/lib/python3.12/site-packages/airflow/cli/cli_config.py", line 49, in command
    return func(*args, **kwargs)
           ^^^^^^^^^^^^^^^^^^^^^
  File "/home/airflow/.local/lib/python3.12/site-packages/airflow/utils/cli.py", line 116, in wrapper
    return f(*args, **kwargs)
           ^^^^^^^^^^^^^^^^^^
  File "/home/airflow/.local/lib/python3.12/site-packages/airflow/cli/commands/task_command.py", line 483, in task_run
    task_return_code = _run_task_by_selected_method(args, _dag, ti)
                       ^^^^^^^^^^^^^^^^^^^^^^^^^^^^^^^^^^^^^^^^^^^^
  File "/home/airflow/.local/lib/python3.12/site-packages/airflow/cli/commands/task_command.py", line 256, in _run_task_by_selected_method
    return _run_raw_task(args, ti)
           ^^^^^^^^^^^^^^^^^^^^^^^
  File "/home/airflow/.local/lib/python3.12/site-packages/airflow/cli/commands/task_command.py", line 341, in _run_raw_task
    return ti._run_raw_task(
           ^^^^^^^^^^^^^^^^^
  File "/home/airflow/.local/lib/python3.12/site-packages/airflow/utils/session.py", line 97, in wrapper
    return func(*args, session=session, **kwargs)
           ^^^^^^^^^^^^^^^^^^^^^^^^^^^^^^^^^^^^^^
  File "/home/airflow/.local/lib/python3.12/site-packages/airflow/models/taskinstance.py", line 3006, in _run_raw_task
    return _run_raw_task(
           ^^^^^^^^^^^^^^
  File "/home/airflow/.local/lib/python3.12/site-packages/airflow/models/taskinstance.py", line 274, in _run_raw_task
    TaskInstance._execute_task_with_callbacks(
  File "/home/airflow/.local/lib/python3.12/site-packages/airflow/models/taskinstance.py", line 3161, in _execute_task_with_callbacks
    result = self._execute_task(context, task_orig)
             ^^^^^^^^^^^^^^^^^^^^^^^^^^^^^^^^^^^^^^
  File "/home/airflow/.local/lib/python3.12/site-packages/airflow/models/taskinstance.py", line 3185, in _execute_task
    return _execute_task(self, context, task_orig)
           ^^^^^^^^^^^^^^^^^^^^^^^^^^^^^^^^^^^^^^^
  File "/home/airflow/.local/lib/python3.12/site-packages/airflow/models/taskinstance.py", line 768, in _execute_task
    result = _execute_callable(context=context, **execute_callable_kwargs)
             ^^^^^^^^^^^^^^^^^^^^^^^^^^^^^^^^^^^^^^^^^^^^^^^^^^^^^^^^^^^^^
  File "/home/airflow/.local/lib/python3.12/site-packages/airflow/models/taskinstance.py", line 734, in _execute_callable
    return ExecutionCallableRunner(
           ^^^^^^^^^^^^^^^^^^^^^^^^
  File "/home/airflow/.local/lib/python3.12/site-packages/airflow/utils/operator_helpers.py", line 252, in run
    return self.func(*args, **kwargs)
           ^^^^^^^^^^^^^^^^^^^^^^^^^^
  File "/home/airflow/.local/lib/python3.12/site-packages/airflow/models/baseoperator.py", line 424, in wrapper
    return func(self, *args, **kwargs)
           ^^^^^^^^^^^^^^^^^^^^^^^^^^^
  File "/home/airflow/.local/lib/python3.12/site-packages/airflow/providers/apache/spark/operators/spark_submit.py", line 176, in execute
    self._hook.submit(self.application)
  File "/home/airflow/.local/lib/python3.12/site-packages/airflow/providers/apache/spark/hooks/spark_submit.py", line 575, in submit
    raise AirflowException(
airflow.exceptions.AirflowException: Cannot execute: spark-submit --master spark://spark-master:7077 --packages io.delta:delta-spark_2.12:3.3.0,org.apache.hadoop:hadoop-aws:3.3.4 --name arrow-spark --deploy-mode client /opt/etl/enriched_curated/creating_dim_providers.py. Error code is: -9.
[2025-05-26T02:50:05.582+0000] {local_task_job_runner.py:266} INFO - Task exited with return code 1
[2025-05-26T02:50:05.917+0000] {taskinstance.py:3901} INFO - 0 downstream tasks scheduled from follow-on schedule check
[2025-05-26T02:50:05.942+0000] {local_task_job_runner.py:245} INFO - ::endgroup::
