[2025-05-01T07:08:17.703+0000] {local_task_job_runner.py:123} INFO - ::group::Pre task execution logs
[2025-05-01T07:08:17.746+0000] {taskinstance.py:2614} INFO - Dependencies all met for dep_context=non-requeueable deps ti=<TaskInstance: medical_dag_v12.raw_enriched_group.creating_enriched_organzations manual__2025-05-01T07:05:58.563537+00:00 [queued]>
[2025-05-01T07:08:17.763+0000] {taskinstance.py:2614} INFO - Dependencies all met for dep_context=requeueable deps ti=<TaskInstance: medical_dag_v12.raw_enriched_group.creating_enriched_organzations manual__2025-05-01T07:05:58.563537+00:00 [queued]>
[2025-05-01T07:08:17.764+0000] {taskinstance.py:2867} INFO - Starting attempt 1 of 1
[2025-05-01T07:08:17.798+0000] {taskinstance.py:2890} INFO - Executing <Task(SparkSubmitOperator): raw_enriched_group.creating_enriched_organzations> on 2025-05-01 07:05:58.563537+00:00
[2025-05-01T07:08:17.808+0000] {standard_task_runner.py:104} INFO - Running: ['airflow', 'tasks', 'run', 'medical_dag_v12', 'raw_enriched_group.creating_enriched_organzations', 'manual__2025-05-01T07:05:58.563537+00:00', '--job-id', '86', '--raw', '--subdir', 'DAGS_FOLDER/raw_enriched_dag.py', '--cfg-path', '/tmp/tmpeyuu1w95']
[2025-05-01T07:08:17.810+0000] {standard_task_runner.py:105} INFO - Job 86: Subtask raw_enriched_group.creating_enriched_organzations
[2025-05-01T07:08:17.813+0000] {logging_mixin.py:190} WARNING - /home/airflow/.local/lib/python3.12/site-packages/airflow/task/task_runner/standard_task_runner.py:70 DeprecationWarning: This process (pid=5139) is multi-threaded, use of fork() may lead to deadlocks in the child.
[2025-05-01T07:08:17.815+0000] {standard_task_runner.py:72} INFO - Started process 5140 to run task
[2025-05-01T07:08:17.872+0000] {task_command.py:467} INFO - Running <TaskInstance: medical_dag_v12.raw_enriched_group.creating_enriched_organzations manual__2025-05-01T07:05:58.563537+00:00 [running]> on host airflow-scheduler
[2025-05-01T07:08:17.988+0000] {taskinstance.py:3134} INFO - Exporting env vars: AIRFLOW_CTX_DAG_OWNER='airflow' AIRFLOW_CTX_DAG_ID='medical_dag_v12' AIRFLOW_CTX_TASK_ID='raw_enriched_group.creating_enriched_organzations' AIRFLOW_CTX_EXECUTION_DATE='2025-05-01T07:05:58.563537+00:00' AIRFLOW_CTX_TRY_NUMBER='1' AIRFLOW_CTX_DAG_RUN_ID='manual__2025-05-01T07:05:58.563537+00:00'
[2025-05-01T07:08:17.990+0000] {taskinstance.py:732} INFO - ::endgroup::
[2025-05-01T07:08:18.054+0000] {base.py:84} INFO - Retrieving connection 'spark_conn'
[2025-05-01T07:08:18.056+0000] {spark_submit.py:473} INFO - Spark-Submit cmd: spark-submit --master local --packages io.delta:delta-spark_2.12:3.3.0,org.apache.hadoop:hadoop-aws:3.3.4 --name arrow-spark --deploy-mode client /opt/etl/raw_enriched/creating_enriched_organzations.py
[2025-05-01T07:08:21.088+0000] {spark_submit.py:649} INFO - :: loading settings :: url = jar:file:/opt/spark/jars/ivy-2.5.1.jar!/org/apache/ivy/core/settings/ivysettings.xml
[2025-05-01T07:08:21.243+0000] {spark_submit.py:649} INFO - Ivy Default Cache set to: /home/***/.ivy2/cache
[2025-05-01T07:08:21.248+0000] {spark_submit.py:649} INFO - The jars for the packages stored in: /home/***/.ivy2/jars
[2025-05-01T07:08:21.255+0000] {spark_submit.py:649} INFO - io.delta#delta-spark_2.12 added as a dependency
[2025-05-01T07:08:21.256+0000] {spark_submit.py:649} INFO - org.apache.hadoop#hadoop-aws added as a dependency
[2025-05-01T07:08:21.258+0000] {spark_submit.py:649} INFO - :: resolving dependencies :: org.apache.spark#spark-submit-parent-65bf0f22-7115-4ab1-89b5-b1d703bdff65;1.0
[2025-05-01T07:08:21.259+0000] {spark_submit.py:649} INFO - confs: [default]
[2025-05-01T07:08:21.547+0000] {spark_submit.py:649} INFO - found io.delta#delta-spark_2.12;3.3.0 in central
[2025-05-01T07:08:21.597+0000] {spark_submit.py:649} INFO - found io.delta#delta-storage;3.3.0 in central
[2025-05-01T07:08:21.641+0000] {spark_submit.py:649} INFO - found org.antlr#antlr4-runtime;4.9.3 in central
[2025-05-01T07:08:21.749+0000] {spark_submit.py:649} INFO - found org.apache.hadoop#hadoop-aws;3.3.4 in central
[2025-05-01T07:08:21.791+0000] {spark_submit.py:649} INFO - found com.amazonaws#aws-java-sdk-bundle;1.12.262 in central
[2025-05-01T07:08:21.837+0000] {spark_submit.py:649} INFO - found org.wildfly.openssl#wildfly-openssl;1.0.7.Final in central
[2025-05-01T07:08:21.916+0000] {spark_submit.py:649} INFO - :: resolution report :: resolve 611ms :: artifacts dl 48ms
[2025-05-01T07:08:21.918+0000] {spark_submit.py:649} INFO - :: modules in use:
[2025-05-01T07:08:21.919+0000] {spark_submit.py:649} INFO - com.amazonaws#aws-java-sdk-bundle;1.12.262 from central in [default]
[2025-05-01T07:08:21.921+0000] {spark_submit.py:649} INFO - io.delta#delta-spark_2.12;3.3.0 from central in [default]
[2025-05-01T07:08:21.924+0000] {spark_submit.py:649} INFO - io.delta#delta-storage;3.3.0 from central in [default]
[2025-05-01T07:08:21.925+0000] {spark_submit.py:649} INFO - org.antlr#antlr4-runtime;4.9.3 from central in [default]
[2025-05-01T07:08:21.927+0000] {spark_submit.py:649} INFO - org.apache.hadoop#hadoop-aws;3.3.4 from central in [default]
[2025-05-01T07:08:21.928+0000] {spark_submit.py:649} INFO - org.wildfly.openssl#wildfly-openssl;1.0.7.Final from central in [default]
[2025-05-01T07:08:21.929+0000] {spark_submit.py:649} INFO - ---------------------------------------------------------------------
[2025-05-01T07:08:21.931+0000] {spark_submit.py:649} INFO - |                  |            modules            ||   artifacts   |
[2025-05-01T07:08:21.932+0000] {spark_submit.py:649} INFO - |       conf       | number| search|dwnlded|evicted|| number|dwnlded|
[2025-05-01T07:08:21.933+0000] {spark_submit.py:649} INFO - ---------------------------------------------------------------------
[2025-05-01T07:08:21.934+0000] {spark_submit.py:649} INFO - |      default     |   6   |   0   |   0   |   0   ||   6   |   0   |
[2025-05-01T07:08:21.936+0000] {spark_submit.py:649} INFO - ---------------------------------------------------------------------
[2025-05-01T07:08:21.937+0000] {spark_submit.py:649} INFO - :: retrieving :: org.apache.spark#spark-submit-parent-65bf0f22-7115-4ab1-89b5-b1d703bdff65
[2025-05-01T07:08:21.939+0000] {spark_submit.py:649} INFO - confs: [default]
[2025-05-01T07:08:21.958+0000] {spark_submit.py:649} INFO - 0 artifacts copied, 6 already retrieved (0kB/21ms)
[2025-05-01T07:08:22.551+0000] {spark_submit.py:649} INFO - 25/05/01 07:08:22 WARN NativeCodeLoader: Unable to load native-hadoop library for your platform... using builtin-java classes where applicable
[2025-05-01T07:08:23.610+0000] {spark_submit.py:649} INFO - python3: can't open file '/opt/etl/raw_enriched/creating_enriched_organzations.py': [Errno 2] No such file or directory
[2025-05-01T07:08:23.633+0000] {spark_submit.py:649} INFO - 25/05/01 07:08:23 INFO ShutdownHookManager: Shutdown hook called
[2025-05-01T07:08:23.634+0000] {spark_submit.py:649} INFO - 25/05/01 07:08:23 INFO ShutdownHookManager: Deleting directory /tmp/spark-7818678f-c936-4aa8-99d1-1806c680a21b
[2025-05-01T07:08:23.702+0000] {taskinstance.py:3313} ERROR - Task failed with exception
Traceback (most recent call last):
  File "/home/airflow/.local/lib/python3.12/site-packages/airflow/models/taskinstance.py", line 768, in _execute_task
    result = _execute_callable(context=context, **execute_callable_kwargs)
             ^^^^^^^^^^^^^^^^^^^^^^^^^^^^^^^^^^^^^^^^^^^^^^^^^^^^^^^^^^^^^
  File "/home/airflow/.local/lib/python3.12/site-packages/airflow/models/taskinstance.py", line 734, in _execute_callable
    return ExecutionCallableRunner(
           ^^^^^^^^^^^^^^^^^^^^^^^^
  File "/home/airflow/.local/lib/python3.12/site-packages/airflow/utils/operator_helpers.py", line 252, in run
    return self.func(*args, **kwargs)
           ^^^^^^^^^^^^^^^^^^^^^^^^^^
  File "/home/airflow/.local/lib/python3.12/site-packages/airflow/models/baseoperator.py", line 424, in wrapper
    return func(self, *args, **kwargs)
           ^^^^^^^^^^^^^^^^^^^^^^^^^^^
  File "/home/airflow/.local/lib/python3.12/site-packages/airflow/providers/apache/spark/operators/spark_submit.py", line 176, in execute
    self._hook.submit(self.application)
  File "/home/airflow/.local/lib/python3.12/site-packages/airflow/providers/apache/spark/hooks/spark_submit.py", line 575, in submit
    raise AirflowException(
airflow.exceptions.AirflowException: Cannot execute: spark-submit --master local --packages io.delta:delta-spark_2.12:3.3.0,org.apache.hadoop:hadoop-aws:3.3.4 --name arrow-spark --deploy-mode client /opt/etl/raw_enriched/creating_enriched_organzations.py. Error code is: 2.
[2025-05-01T07:08:23.732+0000] {taskinstance.py:1226} INFO - Marking task as FAILED. dag_id=medical_dag_v12, task_id=raw_enriched_group.creating_enriched_organzations, run_id=manual__2025-05-01T07:05:58.563537+00:00, execution_date=20250501T070558, start_date=20250501T070817, end_date=20250501T070823
[2025-05-01T07:08:23.803+0000] {taskinstance.py:341} INFO - ::group::Post task execution logs
[2025-05-01T07:08:23.804+0000] {standard_task_runner.py:124} ERROR - Failed to execute job 86 for task raw_enriched_group.creating_enriched_organzations (Cannot execute: spark-submit --master local --packages io.delta:delta-spark_2.12:3.3.0,org.apache.hadoop:hadoop-aws:3.3.4 --name arrow-spark --deploy-mode client /opt/etl/raw_enriched/creating_enriched_organzations.py. Error code is: 2.; 5140)
Traceback (most recent call last):
  File "/home/airflow/.local/lib/python3.12/site-packages/airflow/task/task_runner/standard_task_runner.py", line 117, in _start_by_fork
    ret = args.func(args, dag=self.dag)
          ^^^^^^^^^^^^^^^^^^^^^^^^^^^^^
  File "/home/airflow/.local/lib/python3.12/site-packages/airflow/cli/cli_config.py", line 49, in command
    return func(*args, **kwargs)
           ^^^^^^^^^^^^^^^^^^^^^
  File "/home/airflow/.local/lib/python3.12/site-packages/airflow/utils/cli.py", line 116, in wrapper
    return f(*args, **kwargs)
           ^^^^^^^^^^^^^^^^^^
  File "/home/airflow/.local/lib/python3.12/site-packages/airflow/cli/commands/task_command.py", line 483, in task_run
    task_return_code = _run_task_by_selected_method(args, _dag, ti)
                       ^^^^^^^^^^^^^^^^^^^^^^^^^^^^^^^^^^^^^^^^^^^^
  File "/home/airflow/.local/lib/python3.12/site-packages/airflow/cli/commands/task_command.py", line 256, in _run_task_by_selected_method
    return _run_raw_task(args, ti)
           ^^^^^^^^^^^^^^^^^^^^^^^
  File "/home/airflow/.local/lib/python3.12/site-packages/airflow/cli/commands/task_command.py", line 341, in _run_raw_task
    return ti._run_raw_task(
           ^^^^^^^^^^^^^^^^^
  File "/home/airflow/.local/lib/python3.12/site-packages/airflow/utils/session.py", line 97, in wrapper
    return func(*args, session=session, **kwargs)
           ^^^^^^^^^^^^^^^^^^^^^^^^^^^^^^^^^^^^^^
  File "/home/airflow/.local/lib/python3.12/site-packages/airflow/models/taskinstance.py", line 3006, in _run_raw_task
    return _run_raw_task(
           ^^^^^^^^^^^^^^
  File "/home/airflow/.local/lib/python3.12/site-packages/airflow/models/taskinstance.py", line 274, in _run_raw_task
    TaskInstance._execute_task_with_callbacks(
  File "/home/airflow/.local/lib/python3.12/site-packages/airflow/models/taskinstance.py", line 3161, in _execute_task_with_callbacks
    result = self._execute_task(context, task_orig)
             ^^^^^^^^^^^^^^^^^^^^^^^^^^^^^^^^^^^^^^
  File "/home/airflow/.local/lib/python3.12/site-packages/airflow/models/taskinstance.py", line 3185, in _execute_task
    return _execute_task(self, context, task_orig)
           ^^^^^^^^^^^^^^^^^^^^^^^^^^^^^^^^^^^^^^^
  File "/home/airflow/.local/lib/python3.12/site-packages/airflow/models/taskinstance.py", line 768, in _execute_task
    result = _execute_callable(context=context, **execute_callable_kwargs)
             ^^^^^^^^^^^^^^^^^^^^^^^^^^^^^^^^^^^^^^^^^^^^^^^^^^^^^^^^^^^^^
  File "/home/airflow/.local/lib/python3.12/site-packages/airflow/models/taskinstance.py", line 734, in _execute_callable
    return ExecutionCallableRunner(
           ^^^^^^^^^^^^^^^^^^^^^^^^
  File "/home/airflow/.local/lib/python3.12/site-packages/airflow/utils/operator_helpers.py", line 252, in run
    return self.func(*args, **kwargs)
           ^^^^^^^^^^^^^^^^^^^^^^^^^^
  File "/home/airflow/.local/lib/python3.12/site-packages/airflow/models/baseoperator.py", line 424, in wrapper
    return func(self, *args, **kwargs)
           ^^^^^^^^^^^^^^^^^^^^^^^^^^^
  File "/home/airflow/.local/lib/python3.12/site-packages/airflow/providers/apache/spark/operators/spark_submit.py", line 176, in execute
    self._hook.submit(self.application)
  File "/home/airflow/.local/lib/python3.12/site-packages/airflow/providers/apache/spark/hooks/spark_submit.py", line 575, in submit
    raise AirflowException(
airflow.exceptions.AirflowException: Cannot execute: spark-submit --master local --packages io.delta:delta-spark_2.12:3.3.0,org.apache.hadoop:hadoop-aws:3.3.4 --name arrow-spark --deploy-mode client /opt/etl/raw_enriched/creating_enriched_organzations.py. Error code is: 2.
[2025-05-01T07:08:23.836+0000] {local_task_job_runner.py:266} INFO - Task exited with return code 1
[2025-05-01T07:08:23.860+0000] {taskinstance.py:3901} INFO - 0 downstream tasks scheduled from follow-on schedule check
[2025-05-01T07:08:23.862+0000] {local_task_job_runner.py:245} INFO - ::endgroup::
