[2025-04-27T09:33:27.876+0000] {local_task_job_runner.py:123} INFO - ::group::Pre task execution logs
[2025-04-27T09:33:28.304+0000] {taskinstance.py:2614} INFO - Dependencies all met for dep_context=non-requeueable deps ti=<TaskInstance: medical_dag_v1.raw_enriched_grou.creating_enriched_observations manual__2025-04-27T09:33:15.012143+00:00 [queued]>
[2025-04-27T09:33:28.471+0000] {taskinstance.py:2614} INFO - Dependencies all met for dep_context=requeueable deps ti=<TaskInstance: medical_dag_v1.raw_enriched_grou.creating_enriched_observations manual__2025-04-27T09:33:15.012143+00:00 [queued]>
[2025-04-27T09:33:28.479+0000] {taskinstance.py:2867} INFO - Starting attempt 1 of 1
[2025-04-27T09:33:28.733+0000] {taskinstance.py:2890} INFO - Executing <Task(SparkSubmitOperator): raw_enriched_grou.creating_enriched_observations> on 2025-04-27 09:33:15.012143+00:00
[2025-04-27T09:33:28.835+0000] {standard_task_runner.py:104} INFO - Running: ['airflow', 'tasks', 'run', 'medical_dag_v1', 'raw_enriched_grou.creating_enriched_observations', 'manual__2025-04-27T09:33:15.012143+00:00', '--job-id', '36', '--raw', '--subdir', 'DAGS_FOLDER/raw_enriched_dag.py', '--cfg-path', '/tmp/tmp885gwcar']
[2025-04-27T09:33:28.861+0000] {standard_task_runner.py:105} INFO - Job 36: Subtask raw_enriched_grou.creating_enriched_observations
[2025-04-27T09:33:28.884+0000] {logging_mixin.py:190} WARNING - /home/airflow/.local/lib/python3.12/site-packages/airflow/task/task_runner/standard_task_runner.py:70 DeprecationWarning: This process (pid=2591) is multi-threaded, use of fork() may lead to deadlocks in the child.
[2025-04-27T09:33:28.889+0000] {standard_task_runner.py:72} INFO - Started process 2601 to run task
[2025-04-27T09:33:29.379+0000] {task_command.py:467} INFO - Running <TaskInstance: medical_dag_v1.raw_enriched_grou.creating_enriched_observations manual__2025-04-27T09:33:15.012143+00:00 [running]> on host airflow-scheduler
[2025-04-27T09:33:30.052+0000] {taskinstance.py:3134} INFO - Exporting env vars: AIRFLOW_CTX_DAG_OWNER='airflow' AIRFLOW_CTX_DAG_ID='medical_dag_v1' AIRFLOW_CTX_TASK_ID='raw_enriched_grou.creating_enriched_observations' AIRFLOW_CTX_EXECUTION_DATE='2025-04-27T09:33:15.012143+00:00' AIRFLOW_CTX_TRY_NUMBER='1' AIRFLOW_CTX_DAG_RUN_ID='manual__2025-04-27T09:33:15.012143+00:00'
[2025-04-27T09:33:30.060+0000] {taskinstance.py:732} INFO - ::endgroup::
[2025-04-27T09:33:30.364+0000] {base.py:84} INFO - Retrieving connection 'spark_conn'
[2025-04-27T09:33:30.375+0000] {spark_submit.py:473} INFO - Spark-Submit cmd: spark-submit --master local --packages io.delta:delta-spark_2.12:3.3.0,org.apache.hadoop:hadoop-aws:3.3.4 --name arrow-spark --deploy-mode client /opt/etl/raw_enriched/creating_enriched_observations.py
[2025-04-27T09:33:37.560+0000] {spark_submit.py:649} INFO - :: loading settings :: url = jar:file:/opt/spark/jars/ivy-2.5.1.jar!/org/apache/ivy/core/settings/ivysettings.xml
[2025-04-27T09:33:37.726+0000] {spark_submit.py:649} INFO - Ivy Default Cache set to: /home/***/.ivy2/cache
[2025-04-27T09:33:37.729+0000] {spark_submit.py:649} INFO - The jars for the packages stored in: /home/***/.ivy2/jars
[2025-04-27T09:33:37.735+0000] {spark_submit.py:649} INFO - io.delta#delta-spark_2.12 added as a dependency
[2025-04-27T09:33:37.736+0000] {spark_submit.py:649} INFO - org.apache.hadoop#hadoop-aws added as a dependency
[2025-04-27T09:33:37.737+0000] {spark_submit.py:649} INFO - :: resolving dependencies :: org.apache.spark#spark-submit-parent-5ac0e861-b2bc-4feb-ab34-3bd1317dfd16;1.0
[2025-04-27T09:33:37.739+0000] {spark_submit.py:649} INFO - confs: [default]
[2025-04-27T09:33:38.008+0000] {spark_submit.py:649} INFO - found io.delta#delta-spark_2.12;3.3.0 in central
[2025-04-27T09:33:38.059+0000] {spark_submit.py:649} INFO - found io.delta#delta-storage;3.3.0 in central
[2025-04-27T09:33:38.099+0000] {spark_submit.py:649} INFO - found org.antlr#antlr4-runtime;4.9.3 in central
[2025-04-27T09:33:38.209+0000] {spark_submit.py:649} INFO - found org.apache.hadoop#hadoop-aws;3.3.4 in central
[2025-04-27T09:33:38.264+0000] {spark_submit.py:649} INFO - found com.amazonaws#aws-java-sdk-bundle;1.12.262 in central
[2025-04-27T09:33:38.313+0000] {spark_submit.py:649} INFO - found org.wildfly.openssl#wildfly-openssl;1.0.7.Final in central
[2025-04-27T09:33:38.381+0000] {spark_submit.py:649} INFO - :: resolution report :: resolve 605ms :: artifacts dl 39ms
[2025-04-27T09:33:38.382+0000] {spark_submit.py:649} INFO - :: modules in use:
[2025-04-27T09:33:38.383+0000] {spark_submit.py:649} INFO - com.amazonaws#aws-java-sdk-bundle;1.12.262 from central in [default]
[2025-04-27T09:33:38.383+0000] {spark_submit.py:649} INFO - io.delta#delta-spark_2.12;3.3.0 from central in [default]
[2025-04-27T09:33:38.384+0000] {spark_submit.py:649} INFO - io.delta#delta-storage;3.3.0 from central in [default]
[2025-04-27T09:33:38.385+0000] {spark_submit.py:649} INFO - org.antlr#antlr4-runtime;4.9.3 from central in [default]
[2025-04-27T09:33:38.385+0000] {spark_submit.py:649} INFO - org.apache.hadoop#hadoop-aws;3.3.4 from central in [default]
[2025-04-27T09:33:38.386+0000] {spark_submit.py:649} INFO - org.wildfly.openssl#wildfly-openssl;1.0.7.Final from central in [default]
[2025-04-27T09:33:38.387+0000] {spark_submit.py:649} INFO - ---------------------------------------------------------------------
[2025-04-27T09:33:38.387+0000] {spark_submit.py:649} INFO - |                  |            modules            ||   artifacts   |
[2025-04-27T09:33:38.388+0000] {spark_submit.py:649} INFO - |       conf       | number| search|dwnlded|evicted|| number|dwnlded|
[2025-04-27T09:33:38.389+0000] {spark_submit.py:649} INFO - ---------------------------------------------------------------------
[2025-04-27T09:33:38.389+0000] {spark_submit.py:649} INFO - |      default     |   6   |   0   |   0   |   0   ||   6   |   0   |
[2025-04-27T09:33:38.390+0000] {spark_submit.py:649} INFO - ---------------------------------------------------------------------
[2025-04-27T09:33:38.392+0000] {spark_submit.py:649} INFO - :: retrieving :: org.apache.spark#spark-submit-parent-5ac0e861-b2bc-4feb-ab34-3bd1317dfd16
[2025-04-27T09:33:38.393+0000] {spark_submit.py:649} INFO - confs: [default]
[2025-04-27T09:33:38.406+0000] {spark_submit.py:649} INFO - 0 artifacts copied, 6 already retrieved (0kB/13ms)
[2025-04-27T09:33:38.820+0000] {spark_submit.py:649} INFO - 25/04/27 09:33:38 WARN NativeCodeLoader: Unable to load native-hadoop library for your platform... using builtin-java classes where applicable
[2025-04-27T09:33:48.167+0000] {spark_submit.py:649} INFO - 25/04/27 09:33:48 INFO SparkContext: Running Spark version 3.5.3
[2025-04-27T09:33:48.169+0000] {spark_submit.py:649} INFO - 25/04/27 09:33:48 INFO SparkContext: OS info Linux, 5.15.153.1-microsoft-standard-WSL2, amd64
[2025-04-27T09:33:48.171+0000] {spark_submit.py:649} INFO - 25/04/27 09:33:48 INFO SparkContext: Java version 17.0.14
[2025-04-27T09:33:48.266+0000] {spark_submit.py:649} INFO - 25/04/27 09:33:48 INFO ResourceUtils: ==============================================================
[2025-04-27T09:33:48.267+0000] {spark_submit.py:649} INFO - 25/04/27 09:33:48 INFO ResourceUtils: No custom resources configured for spark.driver.
[2025-04-27T09:33:48.268+0000] {spark_submit.py:649} INFO - 25/04/27 09:33:48 INFO ResourceUtils: ==============================================================
[2025-04-27T09:33:48.269+0000] {spark_submit.py:649} INFO - 25/04/27 09:33:48 INFO SparkContext: Submitted application: MyETLPipeline
[2025-04-27T09:33:48.326+0000] {spark_submit.py:649} INFO - 25/04/27 09:33:48 INFO ResourceProfile: Default ResourceProfile created, executor resources: Map(cores -> name: cores, amount: 1, script: , vendor: , memory -> name: memory, amount: 1024, script: , vendor: , offHeap -> name: offHeap, amount: 0, script: , vendor: ), task resources: Map(cpus -> name: cpus, amount: 1.0)
[2025-04-27T09:33:48.346+0000] {spark_submit.py:649} INFO - 25/04/27 09:33:48 INFO ResourceProfile: Limiting resource is cpu
[2025-04-27T09:33:48.347+0000] {spark_submit.py:649} INFO - 25/04/27 09:33:48 INFO ResourceProfileManager: Added ResourceProfile id: 0
[2025-04-27T09:33:48.524+0000] {spark_submit.py:649} INFO - 25/04/27 09:33:48 INFO SecurityManager: Changing view acls to: ***
[2025-04-27T09:33:48.525+0000] {spark_submit.py:649} INFO - 25/04/27 09:33:48 INFO SecurityManager: Changing modify acls to: ***
[2025-04-27T09:33:48.526+0000] {spark_submit.py:649} INFO - 25/04/27 09:33:48 INFO SecurityManager: Changing view acls groups to:
[2025-04-27T09:33:48.527+0000] {spark_submit.py:649} INFO - 25/04/27 09:33:48 INFO SecurityManager: Changing modify acls groups to:
[2025-04-27T09:33:48.528+0000] {spark_submit.py:649} INFO - 25/04/27 09:33:48 INFO SecurityManager: SecurityManager: authentication disabled; ui acls disabled; users with view permissions: ***; groups with view permissions: EMPTY; users with modify permissions: ***; groups with modify permissions: EMPTY
[2025-04-27T09:33:48.995+0000] {spark_submit.py:649} INFO - 25/04/27 09:33:48 INFO Utils: Successfully started service 'sparkDriver' on port 37511.
[2025-04-27T09:33:49.072+0000] {spark_submit.py:649} INFO - 25/04/27 09:33:49 INFO SparkEnv: Registering MapOutputTracker
[2025-04-27T09:33:49.169+0000] {spark_submit.py:649} INFO - 25/04/27 09:33:49 INFO SparkEnv: Registering BlockManagerMaster
[2025-04-27T09:33:49.209+0000] {spark_submit.py:649} INFO - 25/04/27 09:33:49 INFO BlockManagerMasterEndpoint: Using org.apache.spark.storage.DefaultTopologyMapper for getting topology information
[2025-04-27T09:33:49.211+0000] {spark_submit.py:649} INFO - 25/04/27 09:33:49 INFO BlockManagerMasterEndpoint: BlockManagerMasterEndpoint up
[2025-04-27T09:33:49.219+0000] {spark_submit.py:649} INFO - 25/04/27 09:33:49 INFO SparkEnv: Registering BlockManagerMasterHeartbeat
[2025-04-27T09:33:49.287+0000] {spark_submit.py:649} INFO - 25/04/27 09:33:49 INFO DiskBlockManager: Created local directory at /tmp/blockmgr-423f40a8-2874-41d4-ac56-a6a4272a3700
[2025-04-27T09:33:49.325+0000] {spark_submit.py:649} INFO - 25/04/27 09:33:49 INFO MemoryStore: MemoryStore started with capacity 434.4 MiB
[2025-04-27T09:33:49.365+0000] {spark_submit.py:649} INFO - 25/04/27 09:33:49 INFO SparkEnv: Registering OutputCommitCoordinator
[2025-04-27T09:33:49.693+0000] {spark_submit.py:649} INFO - 25/04/27 09:33:49 INFO JettyUtils: Start Jetty 0.0.0.0:4040 for SparkUI
[2025-04-27T09:33:49.838+0000] {spark_submit.py:649} INFO - 25/04/27 09:33:49 INFO Utils: Successfully started service 'SparkUI' on port 4040.
[2025-04-27T09:33:49.921+0000] {spark_submit.py:649} INFO - 25/04/27 09:33:49 INFO SparkContext: Added JAR file:///home/***/.ivy2/jars/io.delta_delta-spark_2.12-3.3.0.jar at spark://***-scheduler:37511/jars/io.delta_delta-spark_2.12-3.3.0.jar with timestamp 1745746428136
[2025-04-27T09:33:49.923+0000] {spark_submit.py:649} INFO - 25/04/27 09:33:49 INFO SparkContext: Added JAR file:///home/***/.ivy2/jars/org.apache.hadoop_hadoop-aws-3.3.4.jar at spark://***-scheduler:37511/jars/org.apache.hadoop_hadoop-aws-3.3.4.jar with timestamp 1745746428136
[2025-04-27T09:33:49.924+0000] {spark_submit.py:649} INFO - 25/04/27 09:33:49 INFO SparkContext: Added JAR file:///home/***/.ivy2/jars/io.delta_delta-storage-3.3.0.jar at spark://***-scheduler:37511/jars/io.delta_delta-storage-3.3.0.jar with timestamp 1745746428136
[2025-04-27T09:33:49.925+0000] {spark_submit.py:649} INFO - 25/04/27 09:33:49 INFO SparkContext: Added JAR file:///home/***/.ivy2/jars/org.antlr_antlr4-runtime-4.9.3.jar at spark://***-scheduler:37511/jars/org.antlr_antlr4-runtime-4.9.3.jar with timestamp 1745746428136
[2025-04-27T09:33:49.926+0000] {spark_submit.py:649} INFO - 25/04/27 09:33:49 INFO SparkContext: Added JAR file:///home/***/.ivy2/jars/com.amazonaws_aws-java-sdk-bundle-1.12.262.jar at spark://***-scheduler:37511/jars/com.amazonaws_aws-java-sdk-bundle-1.12.262.jar with timestamp 1745746428136
[2025-04-27T09:33:49.928+0000] {spark_submit.py:649} INFO - 25/04/27 09:33:49 INFO SparkContext: Added JAR file:///home/***/.ivy2/jars/org.wildfly.openssl_wildfly-openssl-1.0.7.Final.jar at spark://***-scheduler:37511/jars/org.wildfly.openssl_wildfly-openssl-1.0.7.Final.jar with timestamp 1745746428136
[2025-04-27T09:33:49.929+0000] {spark_submit.py:649} INFO - 25/04/27 09:33:49 INFO SparkContext: Added file file:///home/***/.ivy2/jars/io.delta_delta-spark_2.12-3.3.0.jar at file:///home/***/.ivy2/jars/io.delta_delta-spark_2.12-3.3.0.jar with timestamp 1745746428136
[2025-04-27T09:33:49.931+0000] {spark_submit.py:649} INFO - 25/04/27 09:33:49 INFO Utils: Copying /home/***/.ivy2/jars/io.delta_delta-spark_2.12-3.3.0.jar to /tmp/spark-6db84402-cdcb-45a0-919c-a78b98203d14/userFiles-6387222b-ba12-4f9a-a5c0-712046112ab5/io.delta_delta-spark_2.12-3.3.0.jar
[2025-04-27T09:33:50.099+0000] {spark_submit.py:649} INFO - 25/04/27 09:33:50 INFO SparkContext: Added file file:///home/***/.ivy2/jars/org.apache.hadoop_hadoop-aws-3.3.4.jar at file:///home/***/.ivy2/jars/org.apache.hadoop_hadoop-aws-3.3.4.jar with timestamp 1745746428136
[2025-04-27T09:33:50.101+0000] {spark_submit.py:649} INFO - 25/04/27 09:33:50 INFO Utils: Copying /home/***/.ivy2/jars/org.apache.hadoop_hadoop-aws-3.3.4.jar to /tmp/spark-6db84402-cdcb-45a0-919c-a78b98203d14/userFiles-6387222b-ba12-4f9a-a5c0-712046112ab5/org.apache.hadoop_hadoop-aws-3.3.4.jar
[2025-04-27T09:33:50.123+0000] {spark_submit.py:649} INFO - 25/04/27 09:33:50 INFO SparkContext: Added file file:///home/***/.ivy2/jars/io.delta_delta-storage-3.3.0.jar at file:///home/***/.ivy2/jars/io.delta_delta-storage-3.3.0.jar with timestamp 1745746428136
[2025-04-27T09:33:50.125+0000] {spark_submit.py:649} INFO - 25/04/27 09:33:50 INFO Utils: Copying /home/***/.ivy2/jars/io.delta_delta-storage-3.3.0.jar to /tmp/spark-6db84402-cdcb-45a0-919c-a78b98203d14/userFiles-6387222b-ba12-4f9a-a5c0-712046112ab5/io.delta_delta-storage-3.3.0.jar
[2025-04-27T09:33:50.135+0000] {spark_submit.py:649} INFO - 25/04/27 09:33:50 INFO SparkContext: Added file file:///home/***/.ivy2/jars/org.antlr_antlr4-runtime-4.9.3.jar at file:///home/***/.ivy2/jars/org.antlr_antlr4-runtime-4.9.3.jar with timestamp 1745746428136
[2025-04-27T09:33:50.136+0000] {spark_submit.py:649} INFO - 25/04/27 09:33:50 INFO Utils: Copying /home/***/.ivy2/jars/org.antlr_antlr4-runtime-4.9.3.jar to /tmp/spark-6db84402-cdcb-45a0-919c-a78b98203d14/userFiles-6387222b-ba12-4f9a-a5c0-712046112ab5/org.antlr_antlr4-runtime-4.9.3.jar
[2025-04-27T09:33:50.150+0000] {spark_submit.py:649} INFO - 25/04/27 09:33:50 INFO SparkContext: Added file file:///home/***/.ivy2/jars/com.amazonaws_aws-java-sdk-bundle-1.12.262.jar at file:///home/***/.ivy2/jars/com.amazonaws_aws-java-sdk-bundle-1.12.262.jar with timestamp 1745746428136
[2025-04-27T09:33:50.151+0000] {spark_submit.py:649} INFO - 25/04/27 09:33:50 INFO Utils: Copying /home/***/.ivy2/jars/com.amazonaws_aws-java-sdk-bundle-1.12.262.jar to /tmp/spark-6db84402-cdcb-45a0-919c-a78b98203d14/userFiles-6387222b-ba12-4f9a-a5c0-712046112ab5/com.amazonaws_aws-java-sdk-bundle-1.12.262.jar
