[2025-05-26T02:47:43.792+0000] {local_task_job_runner.py:123} INFO - ::group::Pre task execution logs
[2025-05-26T02:47:43.801+0000] {taskinstance.py:2614} INFO - Dependencies all met for dep_context=non-requeueable deps ti=<TaskInstance: medical_dag_v20.dim_group.creating_dim_supplies manual__2025-05-26T02:47:42.995694+00:00 [queued]>
[2025-05-26T02:47:43.807+0000] {taskinstance.py:2614} INFO - Dependencies all met for dep_context=requeueable deps ti=<TaskInstance: medical_dag_v20.dim_group.creating_dim_supplies manual__2025-05-26T02:47:42.995694+00:00 [queued]>
[2025-05-26T02:47:43.808+0000] {taskinstance.py:2867} INFO - Starting attempt 1 of 1
[2025-05-26T02:47:43.841+0000] {taskinstance.py:2890} INFO - Executing <Task(SparkSubmitOperator): dim_group.creating_dim_supplies> on 2025-05-26 02:47:42.995694+00:00
[2025-05-26T02:47:43.852+0000] {standard_task_runner.py:104} INFO - Running: ['airflow', 'tasks', 'run', 'medical_dag_v20', 'dim_group.creating_dim_supplies', 'manual__2025-05-26T02:47:42.995694+00:00', '--job-id', '70', '--raw', '--subdir', 'DAGS_FOLDER/raw_enriched_dag.py', '--cfg-path', '/tmp/tmpnt34c9kt']
[2025-05-26T02:47:43.855+0000] {standard_task_runner.py:105} INFO - Job 70: Subtask dim_group.creating_dim_supplies
[2025-05-26T02:47:43.858+0000] {logging_mixin.py:190} WARNING - /home/airflow/.local/lib/python3.12/site-packages/airflow/task/task_runner/standard_task_runner.py:70 DeprecationWarning: This process (pid=3214) is multi-threaded, use of fork() may lead to deadlocks in the child.
[2025-05-26T02:47:43.858+0000] {standard_task_runner.py:72} INFO - Started process 3236 to run task
[2025-05-26T02:47:43.893+0000] {task_command.py:467} INFO - Running <TaskInstance: medical_dag_v20.dim_group.creating_dim_supplies manual__2025-05-26T02:47:42.995694+00:00 [running]> on host airflow-scheduler
[2025-05-26T02:47:43.959+0000] {taskinstance.py:3134} INFO - Exporting env vars: AIRFLOW_CTX_DAG_OWNER='airflow' AIRFLOW_CTX_DAG_ID='medical_dag_v20' AIRFLOW_CTX_TASK_ID='dim_group.creating_dim_supplies' AIRFLOW_CTX_EXECUTION_DATE='2025-05-26T02:47:42.995694+00:00' AIRFLOW_CTX_TRY_NUMBER='1' AIRFLOW_CTX_DAG_RUN_ID='manual__2025-05-26T02:47:42.995694+00:00'
[2025-05-26T02:47:43.960+0000] {taskinstance.py:732} INFO - ::endgroup::
[2025-05-26T02:47:44.005+0000] {base.py:84} INFO - Retrieving connection 'spark_conn'
[2025-05-26T02:47:44.006+0000] {spark_submit.py:473} INFO - Spark-Submit cmd: spark-submit --master spark://spark-master:7077 --packages io.delta:delta-spark_2.12:3.3.0,org.apache.hadoop:hadoop-aws:3.3.4 --name arrow-spark --deploy-mode client /opt/etl/enriched_curated/creating_dim_supplies.py
[2025-05-26T02:47:46.117+0000] {spark_submit.py:649} INFO - :: loading settings :: url = jar:file:/opt/spark/jars/ivy-2.5.1.jar!/org/apache/ivy/core/settings/ivysettings.xml
[2025-05-26T02:47:46.261+0000] {spark_submit.py:649} INFO - Ivy Default Cache set to: /home/airflow/.ivy2/cache
[2025-05-26T02:47:46.263+0000] {spark_submit.py:649} INFO - The jars for the packages stored in: /home/airflow/.ivy2/jars
[2025-05-26T02:47:46.268+0000] {spark_submit.py:649} INFO - io.delta#delta-spark_2.12 added as a dependency
[2025-05-26T02:47:46.269+0000] {spark_submit.py:649} INFO - org.apache.hadoop#hadoop-aws added as a dependency
[2025-05-26T02:47:46.272+0000] {spark_submit.py:649} INFO - :: resolving dependencies :: org.apache.spark#spark-submit-parent-15942fd5-42f6-4f41-a23d-5c397e2f78e2;1.0
[2025-05-26T02:47:46.273+0000] {spark_submit.py:649} INFO - confs: [default]
[2025-05-26T02:47:46.456+0000] {spark_submit.py:649} INFO - found io.delta#delta-spark_2.12;3.3.0 in central
[2025-05-26T02:47:46.491+0000] {spark_submit.py:649} INFO - found io.delta#delta-storage;3.3.0 in central
[2025-05-26T02:47:46.574+0000] {spark_submit.py:649} INFO - found org.antlr#antlr4-runtime;4.9.3 in central
[2025-05-26T02:47:46.774+0000] {spark_submit.py:649} INFO - found org.apache.hadoop#hadoop-aws;3.3.4 in central
[2025-05-26T02:47:46.837+0000] {spark_submit.py:649} INFO - found com.amazonaws#aws-java-sdk-bundle;1.12.262 in central
[2025-05-26T02:47:46.880+0000] {spark_submit.py:649} INFO - found org.wildfly.openssl#wildfly-openssl;1.0.7.Final in central
[2025-05-26T02:47:46.924+0000] {spark_submit.py:649} INFO - :: resolution report :: resolve 633ms :: artifacts dl 19ms
[2025-05-26T02:47:46.925+0000] {spark_submit.py:649} INFO - :: modules in use:
[2025-05-26T02:47:46.926+0000] {spark_submit.py:649} INFO - com.amazonaws#aws-java-sdk-bundle;1.12.262 from central in [default]
[2025-05-26T02:47:46.926+0000] {spark_submit.py:649} INFO - io.delta#delta-spark_2.12;3.3.0 from central in [default]
[2025-05-26T02:47:46.926+0000] {spark_submit.py:649} INFO - io.delta#delta-storage;3.3.0 from central in [default]
[2025-05-26T02:47:46.927+0000] {spark_submit.py:649} INFO - org.antlr#antlr4-runtime;4.9.3 from central in [default]
[2025-05-26T02:47:46.927+0000] {spark_submit.py:649} INFO - org.apache.hadoop#hadoop-aws;3.3.4 from central in [default]
[2025-05-26T02:47:46.927+0000] {spark_submit.py:649} INFO - org.wildfly.openssl#wildfly-openssl;1.0.7.Final from central in [default]
[2025-05-26T02:47:46.928+0000] {spark_submit.py:649} INFO - ---------------------------------------------------------------------
[2025-05-26T02:47:46.928+0000] {spark_submit.py:649} INFO - |                  |            modules            ||   artifacts   |
[2025-05-26T02:47:46.929+0000] {spark_submit.py:649} INFO - |       conf       | number| search|dwnlded|evicted|| number|dwnlded|
[2025-05-26T02:47:46.930+0000] {spark_submit.py:649} INFO - ---------------------------------------------------------------------
[2025-05-26T02:47:46.931+0000] {spark_submit.py:649} INFO - |      default     |   6   |   0   |   0   |   0   ||   6   |   0   |
[2025-05-26T02:47:46.931+0000] {spark_submit.py:649} INFO - ---------------------------------------------------------------------
[2025-05-26T02:47:46.932+0000] {spark_submit.py:649} INFO - 
[2025-05-26T02:47:46.933+0000] {spark_submit.py:649} INFO - :: problems summary ::
[2025-05-26T02:47:46.934+0000] {spark_submit.py:649} INFO - :::: ERRORS
[2025-05-26T02:47:46.934+0000] {spark_submit.py:649} INFO - unknown resolver null
[2025-05-26T02:47:46.935+0000] {spark_submit.py:649} INFO - 
[2025-05-26T02:47:46.936+0000] {spark_submit.py:649} INFO - 
[2025-05-26T02:47:46.937+0000] {spark_submit.py:649} INFO - :: USE VERBOSE OR DEBUG MESSAGE LEVEL FOR MORE DETAILS
[2025-05-26T02:47:46.938+0000] {spark_submit.py:649} INFO - :: retrieving :: org.apache.spark#spark-submit-parent-15942fd5-42f6-4f41-a23d-5c397e2f78e2
[2025-05-26T02:47:46.939+0000] {spark_submit.py:649} INFO - confs: [default]
[2025-05-26T02:47:46.953+0000] {spark_submit.py:649} INFO - 0 artifacts copied, 6 already retrieved (0kB/19ms)
[2025-05-26T02:47:47.256+0000] {spark_submit.py:649} INFO - 25/05/26 02:47:47 WARN NativeCodeLoader: Unable to load native-hadoop library for your platform... using builtin-java classes where applicable
[2025-05-26T02:47:50.988+0000] {spark_submit.py:649} INFO - 25/05/26 02:47:50 INFO SparkContext: Running Spark version 3.5.3
[2025-05-26T02:47:50.989+0000] {spark_submit.py:649} INFO - 25/05/26 02:47:50 INFO SparkContext: OS info Linux, 5.15.167.4-microsoft-standard-WSL2, amd64
[2025-05-26T02:47:50.989+0000] {spark_submit.py:649} INFO - 25/05/26 02:47:50 INFO SparkContext: Java version 17.0.15
[2025-05-26T02:47:51.021+0000] {spark_submit.py:649} INFO - 25/05/26 02:47:51 INFO ResourceUtils: ==============================================================
[2025-05-26T02:47:51.022+0000] {spark_submit.py:649} INFO - 25/05/26 02:47:51 INFO ResourceUtils: No custom resources configured for spark.driver.
[2025-05-26T02:47:51.022+0000] {spark_submit.py:649} INFO - 25/05/26 02:47:51 INFO ResourceUtils: ==============================================================
[2025-05-26T02:47:51.023+0000] {spark_submit.py:649} INFO - 25/05/26 02:47:51 INFO SparkContext: Submitted application: MyETLPipeline
[2025-05-26T02:47:51.060+0000] {spark_submit.py:649} INFO - 25/05/26 02:47:51 INFO ResourceProfile: Default ResourceProfile created, executor resources: Map(memory -> name: memory, amount: 1024, script: , vendor: , offHeap -> name: offHeap, amount: 0, script: , vendor: ), task resources: Map(cpus -> name: cpus, amount: 1.0)
[2025-05-26T02:47:51.070+0000] {spark_submit.py:649} INFO - 25/05/26 02:47:51 INFO ResourceProfile: Limiting resource is cpu
[2025-05-26T02:47:51.070+0000] {spark_submit.py:649} INFO - 25/05/26 02:47:51 INFO ResourceProfileManager: Added ResourceProfile id: 0
[2025-05-26T02:47:51.131+0000] {spark_submit.py:649} INFO - 25/05/26 02:47:51 INFO SecurityManager: Changing view acls to: airflow
[2025-05-26T02:47:51.132+0000] {spark_submit.py:649} INFO - 25/05/26 02:47:51 INFO SecurityManager: Changing modify acls to: airflow
[2025-05-26T02:47:51.133+0000] {spark_submit.py:649} INFO - 25/05/26 02:47:51 INFO SecurityManager: Changing view acls groups to:
[2025-05-26T02:47:51.134+0000] {spark_submit.py:649} INFO - 25/05/26 02:47:51 INFO SecurityManager: Changing modify acls groups to:
[2025-05-26T02:47:51.135+0000] {spark_submit.py:649} INFO - 25/05/26 02:47:51 INFO SecurityManager: SecurityManager: authentication disabled; ui acls disabled; users with view permissions: airflow; groups with view permissions: EMPTY; users with modify permissions: airflow; groups with modify permissions: EMPTY
[2025-05-26T02:47:51.522+0000] {spark_submit.py:649} INFO - 25/05/26 02:47:51 INFO Utils: Successfully started service 'sparkDriver' on port 42023.
[2025-05-26T02:47:51.560+0000] {spark_submit.py:649} INFO - 25/05/26 02:47:51 INFO SparkEnv: Registering MapOutputTracker
[2025-05-26T02:47:51.613+0000] {spark_submit.py:649} INFO - 25/05/26 02:47:51 INFO SparkEnv: Registering BlockManagerMaster
[2025-05-26T02:47:51.627+0000] {spark_submit.py:649} INFO - 25/05/26 02:47:51 INFO BlockManagerMasterEndpoint: Using org.apache.spark.storage.DefaultTopologyMapper for getting topology information
[2025-05-26T02:47:51.629+0000] {spark_submit.py:649} INFO - 25/05/26 02:47:51 INFO BlockManagerMasterEndpoint: BlockManagerMasterEndpoint up
[2025-05-26T02:47:51.632+0000] {spark_submit.py:649} INFO - 25/05/26 02:47:51 INFO SparkEnv: Registering BlockManagerMasterHeartbeat
[2025-05-26T02:47:51.668+0000] {spark_submit.py:649} INFO - 25/05/26 02:47:51 INFO DiskBlockManager: Created local directory at /tmp/blockmgr-f8d13719-9fa8-4cfd-88a9-da3ccadad41e
[2025-05-26T02:47:51.693+0000] {spark_submit.py:649} INFO - 25/05/26 02:47:51 INFO MemoryStore: MemoryStore started with capacity 434.4 MiB
[2025-05-26T02:47:51.718+0000] {spark_submit.py:649} INFO - 25/05/26 02:47:51 INFO SparkEnv: Registering OutputCommitCoordinator
[2025-05-26T02:47:51.841+0000] {spark_submit.py:649} INFO - 25/05/26 02:47:51 INFO JettyUtils: Start Jetty 0.0.0.0:4040 for SparkUI
[2025-05-26T02:47:51.889+0000] {spark_submit.py:649} INFO - 25/05/26 02:47:51 WARN Utils: Service 'SparkUI' could not bind on port 4040. Attempting port 4041.
[2025-05-26T02:47:51.889+0000] {spark_submit.py:649} INFO - 25/05/26 02:47:51 WARN Utils: Service 'SparkUI' could not bind on port 4041. Attempting port 4042.
[2025-05-26T02:47:51.890+0000] {spark_submit.py:649} INFO - 25/05/26 02:47:51 WARN Utils: Service 'SparkUI' could not bind on port 4042. Attempting port 4043.
[2025-05-26T02:47:51.890+0000] {spark_submit.py:649} INFO - 25/05/26 02:47:51 WARN Utils: Service 'SparkUI' could not bind on port 4043. Attempting port 4044.
[2025-05-26T02:47:51.890+0000] {spark_submit.py:649} INFO - 25/05/26 02:47:51 WARN Utils: Service 'SparkUI' could not bind on port 4044. Attempting port 4045.
[2025-05-26T02:47:51.891+0000] {spark_submit.py:649} INFO - 25/05/26 02:47:51 WARN Utils: Service 'SparkUI' could not bind on port 4045. Attempting port 4046.
[2025-05-26T02:47:51.891+0000] {spark_submit.py:649} INFO - 25/05/26 02:47:51 WARN Utils: Service 'SparkUI' could not bind on port 4046. Attempting port 4047.
[2025-05-26T02:47:51.891+0000] {spark_submit.py:649} INFO - 25/05/26 02:47:51 WARN Utils: Service 'SparkUI' could not bind on port 4047. Attempting port 4048.
[2025-05-26T02:47:51.892+0000] {spark_submit.py:649} INFO - 25/05/26 02:47:51 WARN Utils: Service 'SparkUI' could not bind on port 4048. Attempting port 4049.
[2025-05-26T02:47:51.892+0000] {spark_submit.py:649} INFO - 25/05/26 02:47:51 WARN Utils: Service 'SparkUI' could not bind on port 4049. Attempting port 4050.
[2025-05-26T02:47:51.892+0000] {spark_submit.py:649} INFO - 25/05/26 02:47:51 WARN Utils: Service 'SparkUI' could not bind on port 4050. Attempting port 4051.
[2025-05-26T02:47:51.893+0000] {spark_submit.py:649} INFO - 25/05/26 02:47:51 WARN Utils: Service 'SparkUI' could not bind on port 4051. Attempting port 4052.
[2025-05-26T02:47:51.893+0000] {spark_submit.py:649} INFO - 25/05/26 02:47:51 WARN Utils: Service 'SparkUI' could not bind on port 4052. Attempting port 4053.
[2025-05-26T02:47:51.893+0000] {spark_submit.py:649} INFO - 25/05/26 02:47:51 WARN Utils: Service 'SparkUI' could not bind on port 4053. Attempting port 4054.
[2025-05-26T02:47:51.895+0000] {spark_submit.py:649} INFO - 25/05/26 02:47:51 INFO Utils: Successfully started service 'SparkUI' on port 4054.
[2025-05-26T02:47:51.925+0000] {spark_submit.py:649} INFO - 25/05/26 02:47:51 INFO SparkContext: Added JAR file:///home/airflow/.ivy2/jars/io.delta_delta-spark_2.12-3.3.0.jar at spark://airflow-scheduler:42023/jars/io.delta_delta-spark_2.12-3.3.0.jar with timestamp 1748227670967
[2025-05-26T02:47:51.926+0000] {spark_submit.py:649} INFO - 25/05/26 02:47:51 INFO SparkContext: Added JAR file:///home/airflow/.ivy2/jars/org.apache.hadoop_hadoop-aws-3.3.4.jar at spark://airflow-scheduler:42023/jars/org.apache.hadoop_hadoop-aws-3.3.4.jar with timestamp 1748227670967
[2025-05-26T02:47:51.926+0000] {spark_submit.py:649} INFO - 25/05/26 02:47:51 INFO SparkContext: Added JAR file:///home/airflow/.ivy2/jars/io.delta_delta-storage-3.3.0.jar at spark://airflow-scheduler:42023/jars/io.delta_delta-storage-3.3.0.jar with timestamp 1748227670967
[2025-05-26T02:47:51.926+0000] {spark_submit.py:649} INFO - 25/05/26 02:47:51 INFO SparkContext: Added JAR file:///home/airflow/.ivy2/jars/org.antlr_antlr4-runtime-4.9.3.jar at spark://airflow-scheduler:42023/jars/org.antlr_antlr4-runtime-4.9.3.jar with timestamp 1748227670967
[2025-05-26T02:47:51.927+0000] {spark_submit.py:649} INFO - 25/05/26 02:47:51 INFO SparkContext: Added JAR file:///home/airflow/.ivy2/jars/com.amazonaws_aws-java-sdk-bundle-1.12.262.jar at spark://airflow-scheduler:42023/jars/com.amazonaws_aws-java-sdk-bundle-1.12.262.jar with timestamp 1748227670967
[2025-05-26T02:47:51.927+0000] {spark_submit.py:649} INFO - 25/05/26 02:47:51 INFO SparkContext: Added JAR file:///home/airflow/.ivy2/jars/org.wildfly.openssl_wildfly-openssl-1.0.7.Final.jar at spark://airflow-scheduler:42023/jars/org.wildfly.openssl_wildfly-openssl-1.0.7.Final.jar with timestamp 1748227670967
[2025-05-26T02:47:51.928+0000] {spark_submit.py:649} INFO - 25/05/26 02:47:51 INFO SparkContext: Added file file:///home/airflow/.ivy2/jars/io.delta_delta-spark_2.12-3.3.0.jar at spark://airflow-scheduler:42023/files/io.delta_delta-spark_2.12-3.3.0.jar with timestamp 1748227670967
[2025-05-26T02:47:51.929+0000] {spark_submit.py:649} INFO - 25/05/26 02:47:51 INFO Utils: Copying /home/airflow/.ivy2/jars/io.delta_delta-spark_2.12-3.3.0.jar to /tmp/spark-e57937ce-0f27-45ed-be81-2bddf98fe27e/userFiles-62330f0d-0f2c-48c5-b0a6-165a7e1e5ebd/io.delta_delta-spark_2.12-3.3.0.jar
[2025-05-26T02:47:51.947+0000] {spark_submit.py:649} INFO - 25/05/26 02:47:51 INFO SparkContext: Added file file:///home/airflow/.ivy2/jars/org.apache.hadoop_hadoop-aws-3.3.4.jar at spark://airflow-scheduler:42023/files/org.apache.hadoop_hadoop-aws-3.3.4.jar with timestamp 1748227670967
[2025-05-26T02:47:51.947+0000] {spark_submit.py:649} INFO - 25/05/26 02:47:51 INFO Utils: Copying /home/airflow/.ivy2/jars/org.apache.hadoop_hadoop-aws-3.3.4.jar to /tmp/spark-e57937ce-0f27-45ed-be81-2bddf98fe27e/userFiles-62330f0d-0f2c-48c5-b0a6-165a7e1e5ebd/org.apache.hadoop_hadoop-aws-3.3.4.jar
[2025-05-26T02:47:51.960+0000] {spark_submit.py:649} INFO - 25/05/26 02:47:51 INFO SparkContext: Added file file:///home/airflow/.ivy2/jars/io.delta_delta-storage-3.3.0.jar at spark://airflow-scheduler:42023/files/io.delta_delta-storage-3.3.0.jar with timestamp 1748227670967
[2025-05-26T02:47:51.960+0000] {spark_submit.py:649} INFO - 25/05/26 02:47:51 INFO Utils: Copying /home/airflow/.ivy2/jars/io.delta_delta-storage-3.3.0.jar to /tmp/spark-e57937ce-0f27-45ed-be81-2bddf98fe27e/userFiles-62330f0d-0f2c-48c5-b0a6-165a7e1e5ebd/io.delta_delta-storage-3.3.0.jar
[2025-05-26T02:47:51.963+0000] {spark_submit.py:649} INFO - 25/05/26 02:47:51 INFO SparkContext: Added file file:///home/airflow/.ivy2/jars/org.antlr_antlr4-runtime-4.9.3.jar at spark://airflow-scheduler:42023/files/org.antlr_antlr4-runtime-4.9.3.jar with timestamp 1748227670967
[2025-05-26T02:47:51.963+0000] {spark_submit.py:649} INFO - 25/05/26 02:47:51 INFO Utils: Copying /home/airflow/.ivy2/jars/org.antlr_antlr4-runtime-4.9.3.jar to /tmp/spark-e57937ce-0f27-45ed-be81-2bddf98fe27e/userFiles-62330f0d-0f2c-48c5-b0a6-165a7e1e5ebd/org.antlr_antlr4-runtime-4.9.3.jar
[2025-05-26T02:47:51.966+0000] {spark_submit.py:649} INFO - 25/05/26 02:47:51 INFO SparkContext: Added file file:///home/airflow/.ivy2/jars/com.amazonaws_aws-java-sdk-bundle-1.12.262.jar at spark://airflow-scheduler:42023/files/com.amazonaws_aws-java-sdk-bundle-1.12.262.jar with timestamp 1748227670967
[2025-05-26T02:47:51.967+0000] {spark_submit.py:649} INFO - 25/05/26 02:47:51 INFO Utils: Copying /home/airflow/.ivy2/jars/com.amazonaws_aws-java-sdk-bundle-1.12.262.jar to /tmp/spark-e57937ce-0f27-45ed-be81-2bddf98fe27e/userFiles-62330f0d-0f2c-48c5-b0a6-165a7e1e5ebd/com.amazonaws_aws-java-sdk-bundle-1.12.262.jar
[2025-05-26T02:47:58.263+0000] {spark_submit.py:649} INFO - 25/05/26 02:47:58 INFO SparkContext: Added file file:///home/airflow/.ivy2/jars/org.wildfly.openssl_wildfly-openssl-1.0.7.Final.jar at spark://airflow-scheduler:42023/files/org.wildfly.openssl_wildfly-openssl-1.0.7.Final.jar with timestamp 1748227670967
[2025-05-26T02:47:58.264+0000] {spark_submit.py:649} INFO - 25/05/26 02:47:58 INFO Utils: Copying /home/airflow/.ivy2/jars/org.wildfly.openssl_wildfly-openssl-1.0.7.Final.jar to /tmp/spark-e57937ce-0f27-45ed-be81-2bddf98fe27e/userFiles-62330f0d-0f2c-48c5-b0a6-165a7e1e5ebd/org.wildfly.openssl_wildfly-openssl-1.0.7.Final.jar
[2025-05-26T02:47:58.365+0000] {spark_submit.py:649} INFO - 25/05/26 02:47:58 INFO StandaloneAppClient$ClientEndpoint: Connecting to master spark://spark-master:7077...
[2025-05-26T02:47:58.431+0000] {spark_submit.py:649} INFO - 25/05/26 02:47:58 INFO TransportClientFactory: Successfully created connection to spark-master/172.18.0.10:7077 after 37 ms (0 ms spent in bootstraps)
[2025-05-26T02:47:58.722+0000] {spark_submit.py:649} INFO - 25/05/26 02:47:58 INFO StandaloneSchedulerBackend: Connected to Spark cluster with app ID app-20250526024758-0009
[2025-05-26T02:47:58.730+0000] {spark_submit.py:649} INFO - 25/05/26 02:47:58 INFO Utils: Successfully started service 'org.apache.spark.network.netty.NettyBlockTransferService' on port 33963.
[2025-05-26T02:47:58.731+0000] {spark_submit.py:649} INFO - 25/05/26 02:47:58 INFO NettyBlockTransferService: Server created on airflow-scheduler:33963
[2025-05-26T02:47:58.732+0000] {spark_submit.py:649} INFO - 25/05/26 02:47:58 INFO BlockManager: Using org.apache.spark.storage.RandomBlockReplicationPolicy for block replication policy
[2025-05-26T02:47:58.737+0000] {spark_submit.py:649} INFO - 25/05/26 02:47:58 INFO BlockManagerMaster: Registering BlockManager BlockManagerId(driver, airflow-scheduler, 33963, None)
[2025-05-26T02:47:58.740+0000] {spark_submit.py:649} INFO - 25/05/26 02:47:58 INFO BlockManagerMasterEndpoint: Registering block manager airflow-scheduler:33963 with 434.4 MiB RAM, BlockManagerId(driver, airflow-scheduler, 33963, None)
[2025-05-26T02:47:58.743+0000] {spark_submit.py:649} INFO - 25/05/26 02:47:58 INFO BlockManagerMaster: Registered BlockManager BlockManagerId(driver, airflow-scheduler, 33963, None)
[2025-05-26T02:47:58.744+0000] {spark_submit.py:649} INFO - 25/05/26 02:47:58 INFO BlockManager: Initialized BlockManager: BlockManagerId(driver, airflow-scheduler, 33963, None)
[2025-05-26T02:47:58.932+0000] {spark_submit.py:649} INFO - 25/05/26 02:47:58 INFO StandaloneSchedulerBackend: SchedulerBackend is ready for scheduling beginning after reached minRegisteredResourcesRatio: 0.0
[2025-05-26T02:47:59.574+0000] {spark_submit.py:649} INFO - 25/05/26 02:47:59 INFO SharedState: Setting hive.metastore.warehouse.dir ('null') to the value of spark.sql.warehouse.dir.
[2025-05-26T02:47:59.576+0000] {spark_submit.py:649} INFO - 25/05/26 02:47:59 INFO SharedState: Warehouse path is 'file:/opt/airflow/spark-warehouse'.
[2025-05-26T02:48:01.126+0000] {spark_submit.py:649} INFO - 25/05/26 02:48:01 INFO HiveConf: Found configuration file null
[2025-05-26T02:48:01.139+0000] {spark_submit.py:649} INFO - 25/05/26 02:48:01 INFO HiveUtils: Initializing HiveMetastoreConnection version 3.1.3 using maven.
[2025-05-26T02:48:01.150+0000] {spark_submit.py:649} INFO - https://maven-central.storage-download.googleapis.com/maven2/ added as a remote repository with the name: repo-1
[2025-05-26T02:48:01.156+0000] {spark_submit.py:649} INFO - https://maven-central.storage-download.googleapis.com/maven2/ added as a remote repository with the name: repo-1
[2025-05-26T02:48:01.203+0000] {spark_submit.py:649} INFO - Ivy Default Cache set to: /home/airflow/.ivy2/cache
[2025-05-26T02:48:01.204+0000] {spark_submit.py:649} INFO - The jars for the packages stored in: /home/airflow/.ivy2/jars
[2025-05-26T02:48:01.205+0000] {spark_submit.py:649} INFO - org.apache.logging.log4j#log4j-api added as a dependency
[2025-05-26T02:48:01.206+0000] {spark_submit.py:649} INFO - org.apache.derby#derby added as a dependency
[2025-05-26T02:48:01.206+0000] {spark_submit.py:649} INFO - org.apache.hive#hive-metastore added as a dependency
[2025-05-26T02:48:01.207+0000] {spark_submit.py:649} INFO - org.apache.hive#hive-exec added as a dependency
[2025-05-26T02:48:01.207+0000] {spark_submit.py:649} INFO - org.apache.hive#hive-common added as a dependency
[2025-05-26T02:48:01.208+0000] {spark_submit.py:649} INFO - org.apache.hive#hive-serde added as a dependency
[2025-05-26T02:48:01.208+0000] {spark_submit.py:649} INFO - com.google.guava#guava added as a dependency
[2025-05-26T02:48:01.209+0000] {spark_submit.py:649} INFO - org.apache.hadoop#hadoop-client-api added as a dependency
[2025-05-26T02:48:01.209+0000] {spark_submit.py:649} INFO - org.apache.hadoop#hadoop-client-runtime added as a dependency
[2025-05-26T02:48:01.209+0000] {spark_submit.py:649} INFO - :: resolving dependencies :: org.apache.spark#spark-submit-parent-35e005e0-f711-412e-a65f-ba8f2ce775fa;1.0
[2025-05-26T02:48:01.210+0000] {spark_submit.py:649} INFO - confs: [default]
[2025-05-26T02:48:01.238+0000] {spark_submit.py:649} INFO - found org.apache.logging.log4j#log4j-api;2.10.0 in central
[2025-05-26T02:48:01.258+0000] {spark_submit.py:649} INFO - found org.apache.derby#derby;10.14.1.0 in central
[2025-05-26T02:48:01.289+0000] {spark_submit.py:649} INFO - found org.apache.hive#hive-metastore;3.1.3 in user-list
[2025-05-26T02:48:01.330+0000] {spark_submit.py:649} INFO - found org.apache.hive#hive-serde;3.1.3 in central
[2025-05-26T02:48:01.372+0000] {spark_submit.py:649} INFO - found org.apache.hive#hive-common;3.1.3 in central
[2025-05-26T02:48:01.412+0000] {spark_submit.py:649} INFO - found org.apache.hive#hive-classification;3.1.3 in central
[2025-05-26T02:48:01.432+0000] {spark_submit.py:649} INFO - found org.slf4j#slf4j-api;1.7.10 in user-list
[2025-05-26T02:48:01.476+0000] {spark_submit.py:649} INFO - found org.apache.hive#hive-upgrade-acid;3.1.3 in central
[2025-05-26T02:48:01.516+0000] {spark_submit.py:649} INFO - found org.apache.hive#hive-shims;3.1.3 in central
[2025-05-26T02:48:01.550+0000] {spark_submit.py:649} INFO - found org.apache.hive.shims#hive-shims-common;3.1.3 in central
[2025-05-26T02:48:01.584+0000] {spark_submit.py:649} INFO - found org.apache.logging.log4j#log4j-slf4j-impl;2.17.1 in central
[2025-05-26T02:48:01.604+0000] {spark_submit.py:649} INFO - found com.google.guava#guava;19.0 in central
[2025-05-26T02:48:01.656+0000] {spark_submit.py:649} INFO - found commons-lang#commons-lang;2.6 in central
[2025-05-26T02:48:01.712+0000] {spark_submit.py:649} INFO - found org.apache.thrift#libthrift;0.9.3 in central
[2025-05-26T02:48:01.735+0000] {spark_submit.py:649} INFO - found org.apache.httpcomponents#httpclient;4.5.13 in central
[2025-05-26T02:48:01.755+0000] {spark_submit.py:649} INFO - found org.apache.httpcomponents#httpcore;4.4.13 in central
[2025-05-26T02:48:01.774+0000] {spark_submit.py:649} INFO - found commons-logging#commons-logging;1.2 in central
[2025-05-26T02:48:01.834+0000] {spark_submit.py:649} INFO - found commons-codec#commons-codec;1.15 in central
[2025-05-26T02:48:01.854+0000] {spark_submit.py:649} INFO - found org.apache.zookeeper#zookeeper;3.4.6 in user-list
[2025-05-26T02:48:01.877+0000] {spark_submit.py:649} INFO - found org.slf4j#slf4j-log4j12;1.6.1 in user-list
[2025-05-26T02:48:01.894+0000] {spark_submit.py:649} INFO - found log4j#log4j;1.2.16 in user-list
[2025-05-26T02:48:01.912+0000] {spark_submit.py:649} INFO - found jline#jline;2.12 in central
[2025-05-26T02:48:01.938+0000] {spark_submit.py:649} INFO - found io.netty#netty;3.7.0.Final in central
[2025-05-26T02:48:01.971+0000] {spark_submit.py:649} INFO - found org.apache.logging.log4j#log4j-core;2.17.1 in central
[2025-05-26T02:48:01.996+0000] {spark_submit.py:649} INFO - found org.apache.hive.shims#hive-shims-0.23;3.1.3 in central
[2025-05-26T02:48:02.027+0000] {spark_submit.py:649} INFO - found org.apache.hadoop#hadoop-yarn-server-resourcemanager;3.1.0 in central
[2025-05-26T02:48:02.075+0000] {spark_submit.py:649} INFO - found javax.servlet#javax.servlet-api;3.1.0 in central
[2025-05-26T02:48:02.103+0000] {spark_submit.py:649} INFO - found org.apache.hadoop#hadoop-annotations;3.1.0 in central
[2025-05-26T02:48:02.123+0000] {spark_submit.py:649} INFO - found com.google.inject.extensions#guice-servlet;4.0 in central
[2025-05-26T02:48:02.152+0000] {spark_submit.py:649} INFO - found com.google.inject#guice;4.0 in central
[2025-05-26T02:48:02.178+0000] {spark_submit.py:649} INFO - found javax.inject#javax.inject;1 in central
[2025-05-26T02:48:02.197+0000] {spark_submit.py:649} INFO - found aopalliance#aopalliance;1.0 in user-list
[2025-05-26T02:48:02.229+0000] {spark_submit.py:649} INFO - found com.google.protobuf#protobuf-java;2.5.0 in central
[2025-05-26T02:48:02.253+0000] {spark_submit.py:649} INFO - found commons-io#commons-io;2.6 in central
[2025-05-26T02:48:02.279+0000] {spark_submit.py:649} INFO - found com.sun.jersey#jersey-json;1.19 in central
[2025-05-26T02:48:02.299+0000] {spark_submit.py:649} INFO - found org.codehaus.jettison#jettison;1.1 in central
[2025-05-26T02:48:02.333+0000] {spark_submit.py:649} INFO - found com.sun.xml.bind#jaxb-impl;2.2.3-1 in central
[2025-05-26T02:48:02.366+0000] {spark_submit.py:649} INFO - found javax.xml.bind#jaxb-api;2.2.11 in central
[2025-05-26T02:48:02.397+0000] {spark_submit.py:649} INFO - found org.codehaus.jackson#jackson-core-asl;1.9.13 in central
[2025-05-26T02:48:02.413+0000] {spark_submit.py:649} INFO - found org.codehaus.jackson#jackson-mapper-asl;1.9.13 in user-list
[2025-05-26T02:48:02.431+0000] {spark_submit.py:649} INFO - found org.codehaus.jackson#jackson-jaxrs;1.9.13 in central
[2025-05-26T02:48:02.481+0000] {spark_submit.py:649} INFO - found org.codehaus.jackson#jackson-xc;1.9.13 in central
[2025-05-26T02:48:02.529+0000] {spark_submit.py:649} INFO - found com.sun.jersey#jersey-core;1.19 in user-list
[2025-05-26T02:48:02.569+0000] {spark_submit.py:649} INFO - found javax.ws.rs#jsr311-api;1.1.1 in user-list
[2025-05-26T02:48:02.596+0000] {spark_submit.py:649} INFO - found com.sun.jersey.contribs#jersey-guice;1.19 in user-list
[2025-05-26T02:48:02.637+0000] {spark_submit.py:649} INFO - found com.sun.jersey#jersey-servlet;1.19 in central
[2025-05-26T02:48:02.670+0000] {spark_submit.py:649} INFO - found com.sun.jersey#jersey-server;1.19 in central
[2025-05-26T02:48:02.704+0000] {spark_submit.py:649} INFO - found org.apache.hadoop#hadoop-yarn-common;3.1.0 in central
[2025-05-26T02:48:02.748+0000] {spark_submit.py:649} INFO - found org.apache.hadoop#hadoop-yarn-api;3.1.0 in user-list
[2025-05-26T02:48:02.814+0000] {spark_submit.py:649} INFO - found com.fasterxml.jackson.core#jackson-annotations;2.12.0 in user-list
[2025-05-26T02:48:02.851+0000] {spark_submit.py:649} INFO - found org.apache.hadoop#hadoop-auth;3.1.0 in central
[2025-05-26T02:48:02.903+0000] {spark_submit.py:649} INFO - found com.nimbusds#nimbus-jose-jwt;4.41.1 in central
[2025-05-26T02:48:02.923+0000] {spark_submit.py:649} INFO - found com.github.stephenc.jcip#jcip-annotations;1.0-1 in central
[2025-05-26T02:48:02.940+0000] {spark_submit.py:649} INFO - found net.minidev#json-smart;2.3 in central
[2025-05-26T02:48:02.961+0000] {spark_submit.py:649} INFO - found net.minidev#accessors-smart;1.2 in central
[2025-05-26T02:48:02.980+0000] {spark_submit.py:649} INFO - found org.ow2.asm#asm;5.0.4 in central
[2025-05-26T02:48:03.014+0000] {spark_submit.py:649} INFO - found org.apache.kerby#kerb-simplekdc;1.0.1 in central
[2025-05-26T02:48:03.050+0000] {spark_submit.py:649} INFO - found org.apache.kerby#kerb-client;1.0.1 in central
[2025-05-26T02:48:03.069+0000] {spark_submit.py:649} INFO - found org.apache.kerby#kerby-config;1.0.1 in central
[2025-05-26T02:48:03.093+0000] {spark_submit.py:649} INFO - found org.apache.kerby#kerb-core;1.0.1 in user-list
[2025-05-26T02:48:03.116+0000] {spark_submit.py:649} INFO - found org.apache.kerby#kerby-pkix;1.0.1 in central
[2025-05-26T02:48:03.136+0000] {spark_submit.py:649} INFO - found org.apache.kerby#kerby-asn1;1.0.1 in central
[2025-05-26T02:48:03.172+0000] {spark_submit.py:649} INFO - found org.apache.kerby#kerby-util;1.0.1 in central
[2025-05-26T02:48:03.189+0000] {spark_submit.py:649} INFO - found org.apache.kerby#kerb-common;1.0.1 in central
[2025-05-26T02:48:03.211+0000] {spark_submit.py:649} INFO - found org.apache.kerby#kerb-crypto;1.0.1 in central
[2025-05-26T02:48:03.235+0000] {spark_submit.py:649} INFO - found org.apache.kerby#kerb-util;1.0.1 in user-list
[2025-05-26T02:48:03.262+0000] {spark_submit.py:649} INFO - found org.apache.kerby#token-provider;1.0.1 in central
[2025-05-26T02:48:03.317+0000] {spark_submit.py:649} INFO - found org.apache.kerby#kerb-admin;1.0.1 in central
[2025-05-26T02:48:03.370+0000] {spark_submit.py:649} INFO - found org.apache.kerby#kerb-server;1.0.1 in central
[2025-05-26T02:48:03.421+0000] {spark_submit.py:649} INFO - found org.apache.kerby#kerb-identity;1.0.1 in user-list
[2025-05-26T02:48:03.466+0000] {spark_submit.py:649} INFO - found org.apache.kerby#kerby-xdr;1.0.1 in central
[2025-05-26T02:48:03.498+0000] {spark_submit.py:649} INFO - found org.apache.commons#commons-compress;1.19 in central
[2025-05-26T02:48:03.520+0000] {spark_submit.py:649} INFO - found org.eclipse.jetty#jetty-util;9.3.19.v20170502 in user-list
[2025-05-26T02:48:03.541+0000] {spark_submit.py:649} INFO - found com.sun.jersey#jersey-client;1.19 in central
[2025-05-26T02:48:03.563+0000] {spark_submit.py:649} INFO - found commons-cli#commons-cli;1.2 in user-list
[2025-05-26T02:48:03.593+0000] {spark_submit.py:649} INFO - found log4j#log4j;1.2.17 in central
[2025-05-26T02:48:03.629+0000] {spark_submit.py:649} INFO - found com.fasterxml.jackson.core#jackson-core;2.12.0 in central
[2025-05-26T02:48:03.647+0000] {spark_submit.py:649} INFO - found com.fasterxml.jackson.core#jackson-databind;2.12.0 in central
[2025-05-26T02:48:03.672+0000] {spark_submit.py:649} INFO - found com.fasterxml.jackson.module#jackson-module-jaxb-annotations;2.12.0 in central
[2025-05-26T02:48:03.699+0000] {spark_submit.py:649} INFO - found jakarta.xml.bind#jakarta.xml.bind-api;2.3.2 in central
[2025-05-26T02:48:03.741+0000] {spark_submit.py:649} INFO - found jakarta.activation#jakarta.activation-api;1.2.1 in user-list
[2025-05-26T02:48:03.781+0000] {spark_submit.py:649} INFO - found com.fasterxml.jackson.jaxrs#jackson-jaxrs-json-provider;2.12.0 in central
[2025-05-26T02:48:03.808+0000] {spark_submit.py:649} INFO - found com.fasterxml.jackson.jaxrs#jackson-jaxrs-base;2.12.0 in user-list
[2025-05-26T02:48:03.834+0000] {spark_submit.py:649} INFO - found org.eclipse.jetty#jetty-util-ajax;9.3.19.v20170502 in central
[2025-05-26T02:48:03.888+0000] {spark_submit.py:649} INFO - found org.apache.hadoop#hadoop-yarn-server-common;3.1.0 in central
[2025-05-26T02:48:03.937+0000] {spark_submit.py:649} INFO - found org.apache.hadoop#hadoop-yarn-registry;3.1.0 in central
[2025-05-26T02:48:03.994+0000] {spark_submit.py:649} INFO - found org.apache.hadoop#hadoop-common;3.1.0 in central
[2025-05-26T02:48:04.052+0000] {spark_submit.py:649} INFO - found org.apache.commons#commons-math3;3.1.1 in user-list
[2025-05-26T02:48:04.149+0000] {spark_submit.py:649} INFO - found commons-net#commons-net;3.6 in central
[2025-05-26T02:48:04.206+0000] {spark_submit.py:649} INFO - found commons-collections#commons-collections;3.2.2 in user-list
[2025-05-26T02:48:04.289+0000] {spark_submit.py:649} INFO - found org.eclipse.jetty#jetty-server;9.3.20.v20170531 in central
[2025-05-26T02:48:04.329+0000] {spark_submit.py:649} INFO - found org.eclipse.jetty#jetty-http;9.3.20.v20170531 in central
[2025-05-26T02:48:04.419+0000] {spark_submit.py:649} INFO - found org.eclipse.jetty#jetty-io;9.3.20.v20170531 in user-list
[2025-05-26T02:48:04.458+0000] {spark_submit.py:649} INFO - found org.eclipse.jetty#jetty-servlet;9.3.20.v20170531 in user-list
[2025-05-26T02:48:04.525+0000] {spark_submit.py:649} INFO - found org.eclipse.jetty#jetty-security;9.3.20.v20170531 in central
[2025-05-26T02:48:04.633+0000] {spark_submit.py:649} INFO - found org.eclipse.jetty#jetty-webapp;9.3.20.v20170531 in central
[2025-05-26T02:48:04.709+0000] {spark_submit.py:649} INFO - found org.eclipse.jetty#jetty-xml;9.3.20.v20170531 in central
[2025-05-26T02:48:04.928+0000] {spark_submit.py:649} INFO - found commons-beanutils#commons-beanutils;1.9.3 in central
[2025-05-26T02:48:04.989+0000] {spark_submit.py:649} INFO - found org.apache.commons#commons-configuration2;2.1.1 in central
[2025-05-26T02:48:11.603+0000] {spark_submit.py:649} INFO - found org.apache.avro#avro;1.8.2 in central
[2025-05-26T02:48:15.605+0000] {spark_submit.py:649} INFO - found com.thoughtworks.paranamer#paranamer;2.7 in central
[2025-05-26T02:48:15.905+0000] {spark_submit.py:649} INFO - found org.xerial.snappy#snappy-java;1.1.4 in central
[2025-05-26T02:48:15.956+0000] {spark_submit.py:649} INFO - found org.tukaani#xz;1.5 in central
[2025-05-26T02:48:16.235+0000] {job.py:229} INFO - Heartbeat recovered after 16.65 seconds
[2025-05-26T02:48:16.368+0000] {spark_submit.py:649} INFO - found com.google.re2j#re2j;1.1 in central
[2025-05-26T02:48:16.565+0000] {spark_submit.py:649} INFO - found com.google.code.gson#gson;2.2.4 in central
[2025-05-26T02:48:16.600+0000] {spark_submit.py:649} INFO - found com.jcraft#jsch;0.1.54 in user-list
[2025-05-26T02:48:16.716+0000] {spark_submit.py:649} INFO - found com.google.code.findbugs#jsr305;3.0.0 in central
[2025-05-26T02:48:16.757+0000] {spark_submit.py:649} INFO - found org.apache.htrace#htrace-core4;4.1.0-incubating in user-list
[2025-05-26T02:48:16.853+0000] {spark_submit.py:649} INFO - found org.codehaus.woodstox#stax2-api;3.1.4 in central
[2025-05-26T02:48:16.875+0000] {spark_submit.py:649} INFO - found com.fasterxml.woodstox#woodstox-core;5.0.3 in central
[2025-05-26T02:48:16.970+0000] {spark_submit.py:649} INFO - found commons-daemon#commons-daemon;1.0.13 in central
[2025-05-26T02:48:17.059+0000] {spark_submit.py:649} INFO - found dnsjava#dnsjava;2.1.7 in central
[2025-05-26T02:48:17.097+0000] {spark_submit.py:649} INFO - found org.fusesource.leveldbjni#leveldbjni-all;1.8 in central
[2025-05-26T02:48:17.137+0000] {spark_submit.py:649} INFO - found org.apache.geronimo.specs#geronimo-jcache_1.0_spec;1.0-alpha-1 in central
[2025-05-26T02:48:17.173+0000] {spark_submit.py:649} INFO - found org.ehcache#ehcache;3.3.1 in user-list
[2025-05-26T02:48:17.219+0000] {spark_submit.py:649} INFO - found com.zaxxer#HikariCP-java7;2.4.12 in central
[2025-05-26T02:48:17.319+0000] {spark_submit.py:649} INFO - found org.apache.hadoop#hadoop-yarn-server-applicationhistoryservice;3.1.0 in central
[2025-05-26T02:48:17.413+0000] {spark_submit.py:649} INFO - found de.ruedigermoeller#fst;2.50 in central
[2025-05-26T02:48:17.468+0000] {spark_submit.py:649} INFO - found com.cedarsoftware#java-util;1.9.0 in central
[2025-05-26T02:48:17.505+0000] {spark_submit.py:649} INFO - found com.cedarsoftware#json-io;2.5.1 in central
[2025-05-26T02:48:17.568+0000] {spark_submit.py:649} INFO - found org.apache.hadoop#hadoop-yarn-server-web-proxy;3.1.0 in central
[2025-05-26T02:48:17.752+0000] {spark_submit.py:649} INFO - found javax.servlet.jsp#jsp-api;2.1 in central
[2025-05-26T02:48:17.819+0000] {spark_submit.py:649} INFO - found com.microsoft.sqlserver#mssql-jdbc;6.2.1.jre7 in central
[2025-05-26T02:48:17.888+0000] {spark_submit.py:649} INFO - found org.apache.hive.shims#hive-shims-scheduler;3.1.3 in central
[2025-05-26T02:48:17.938+0000] {spark_submit.py:649} INFO - found org.apache.hive#hive-storage-api;2.7.0 in central
[2025-05-26T02:48:17.976+0000] {spark_submit.py:649} INFO - found org.apache.commons#commons-lang3;3.9 in user-list
[2025-05-26T02:48:18.015+0000] {spark_submit.py:649} INFO - found org.apache.orc#orc-core;1.5.8 in user-list
[2025-05-26T02:48:18.085+0000] {spark_submit.py:649} INFO - found org.apache.orc#orc-shims;1.5.8 in central
[2025-05-26T02:48:18.140+0000] {spark_submit.py:649} INFO - found io.airlift#aircompressor;0.10 in user-list
[2025-05-26T02:48:18.194+0000] {spark_submit.py:649} INFO - found org.eclipse.jetty#jetty-rewrite;9.3.20.v20170531 in central
[2025-05-26T02:48:18.244+0000] {spark_submit.py:649} INFO - found org.eclipse.jetty#jetty-client;9.3.20.v20170531 in central
[2025-05-26T02:48:18.309+0000] {spark_submit.py:649} INFO - found joda-time#joda-time;2.9.9 in central
[2025-05-26T02:48:18.618+0000] {spark_submit.py:649} INFO - found org.apache.logging.log4j#log4j-1.2-api;2.17.1 in central
[2025-05-26T02:48:18.653+0000] {spark_submit.py:649} INFO - found org.apache.logging.log4j#log4j-web;2.17.1 in central
[2025-05-26T02:48:18.678+0000] {spark_submit.py:649} INFO - found org.apache.ant#ant;1.9.1 in central
[2025-05-26T02:48:18.708+0000] {spark_submit.py:649} INFO - found org.apache.ant#ant-launcher;1.9.1 in central
[2025-05-26T02:48:18.739+0000] {spark_submit.py:649} INFO - found net.sf.jpam#jpam;1.1 in central
[2025-05-26T02:48:18.779+0000] {spark_submit.py:649} INFO - found com.tdunning#json;1.8 in user-list
[2025-05-26T02:48:19.006+0000] {spark_submit.py:649} INFO - found io.dropwizard.metrics#metrics-core;3.1.0 in central
[2025-05-26T02:48:19.071+0000] {spark_submit.py:649} INFO - found io.dropwizard.metrics#metrics-jvm;3.1.0 in central
[2025-05-26T02:48:19.248+0000] {spark_submit.py:649} INFO - found io.dropwizard.metrics#metrics-json;3.1.0 in central
[2025-05-26T02:48:19.371+0000] {spark_submit.py:649} INFO - found com.github.joshelser#dropwizard-metrics-hadoop-metrics2-reporter;0.1.2 in central
[2025-05-26T02:48:19.438+0000] {spark_submit.py:649} INFO - found javolution#javolution;5.5.1 in central
[2025-05-26T02:48:20.980+0000] {spark_submit.py:649} INFO - found org.apache.hive#hive-service-rpc;3.1.3 in central
[2025-05-26T02:48:21.053+0000] {spark_submit.py:649} INFO - found org.apache.thrift#libfb303;0.9.3 in central
[2025-05-26T02:48:21.086+0000] {spark_submit.py:649} INFO - found org.apache.arrow#arrow-vector;0.8.0 in central
[2025-05-26T02:48:21.122+0000] {spark_submit.py:649} INFO - found org.apache.arrow#arrow-format;0.8.0 in central
[2025-05-26T02:48:21.163+0000] {spark_submit.py:649} INFO - found com.vlkan#flatbuffers;1.2.0-3f79e055 in central
[2025-05-26T02:48:21.323+0000] {spark_submit.py:649} INFO - found org.apache.arrow#arrow-memory;0.8.0 in user-list
[2025-05-26T02:48:23.625+0000] {spark_submit.py:649} INFO - found io.netty#netty-buffer;4.1.17.Final in central
[2025-05-26T02:48:24.029+0000] {spark_submit.py:649} INFO - found io.netty#netty-common;4.1.17.Final in central
[2025-05-26T02:48:29.620+0000] {spark_submit.py:649} INFO - found com.carrotsearch#hppc;0.7.2 in central
[2025-05-26T02:48:29.713+0000] {spark_submit.py:649} INFO - found net.sf.opencsv#opencsv;2.3 in central
[2025-05-26T02:48:29.747+0000] {spark_submit.py:649} INFO - found org.apache.parquet#parquet-hadoop-bundle;1.10.0 in central
[2025-05-26T02:48:29.827+0000] {spark_submit.py:649} INFO - found org.apache.hive#hive-standalone-metastore;3.1.3 in central
[2025-05-26T02:48:29.848+0000] {spark_submit.py:649} INFO - found com.jolbox#bonecp;0.8.0.RELEASE in central
[2025-05-26T02:48:29.863+0000] {spark_submit.py:649} INFO - found com.zaxxer#HikariCP;2.6.1 in central
[2025-05-26T02:48:29.874+0000] {spark_submit.py:649} INFO - found commons-dbcp#commons-dbcp;1.4 in central
[2025-05-26T02:48:29.886+0000] {spark_submit.py:649} INFO - found commons-pool#commons-pool;1.5.4 in central
[2025-05-26T02:48:29.931+0000] {spark_submit.py:649} INFO - found org.antlr#antlr-runtime;3.5.2 in central
[2025-05-26T02:48:30.037+0000] {spark_submit.py:649} INFO - found org.datanucleus#datanucleus-api-jdo;4.2.4 in user-list
[2025-05-26T02:48:30.059+0000] {spark_submit.py:649} INFO - found org.datanucleus#datanucleus-core;4.1.17 in user-list
[2025-05-26T02:48:30.087+0000] {spark_submit.py:649} INFO - found org.datanucleus#datanucleus-rdbms;4.1.19 in central
[2025-05-26T02:48:30.158+0000] {spark_submit.py:649} INFO - found org.datanucleus#javax.jdo;3.2.0-m3 in central
[2025-05-26T02:48:30.167+0000] {spark_submit.py:649} INFO - found javax.transaction#transaction-api;1.1 in central
[2025-05-26T02:48:30.210+0000] {spark_submit.py:649} INFO - found sqlline#sqlline;1.3.0 in user-list
[2025-05-26T02:48:30.246+0000] {spark_submit.py:649} INFO - found org.apache.hbase#hbase-client;2.0.0-alpha4 in central
[2025-05-26T02:48:30.287+0000] {spark_submit.py:649} INFO - found org.apache.hbase.thirdparty#hbase-shaded-protobuf;1.0.1 in central
[2025-05-26T02:48:30.324+0000] {spark_submit.py:649} INFO - found org.apache.hbase#hbase-protocol-shaded;2.0.0-alpha4 in central
[2025-05-26T02:48:30.333+0000] {spark_submit.py:649} INFO - found org.apache.yetus#audience-annotations;0.5.0 in central
[2025-05-26T02:48:30.664+0000] {spark_submit.py:649} INFO - found junit#junit;4.11 in central
[2025-05-26T02:48:30.704+0000] {spark_submit.py:649} INFO - found org.hamcrest#hamcrest-core;1.3 in central
[2025-05-26T02:48:30.734+0000] {spark_submit.py:649} INFO - found org.apache.hbase#hbase-protocol;2.0.0-alpha4 in central
[2025-05-26T02:48:30.734+0000] {job.py:229} INFO - Heartbeat recovered after 14.54 seconds
[2025-05-26T02:48:30.837+0000] {spark_submit.py:649} INFO - found org.apache.hbase.thirdparty#hbase-shaded-miscellaneous;1.0.1 in central
[2025-05-26T02:48:30.861+0000] {spark_submit.py:649} INFO - found org.apache.hbase.thirdparty#hbase-shaded-netty;1.0.1 in central
[2025-05-26T02:48:30.892+0000] {spark_submit.py:649} INFO - found org.apache.htrace#htrace-core;3.2.0-incubating in central
[2025-05-26T02:48:30.955+0000] {spark_submit.py:649} INFO - found org.jruby.jcodings#jcodings;1.0.18 in central
[2025-05-26T02:48:31.009+0000] {spark_submit.py:649} INFO - found org.jruby.joni#joni;2.1.11 in central
[2025-05-26T02:48:31.051+0000] {spark_submit.py:649} INFO - found io.dropwizard.metrics#metrics-core;3.2.1 in central
[2025-05-26T02:48:31.081+0000] {spark_submit.py:649} INFO - found org.apache.commons#commons-crypto;1.0.0 in central
[2025-05-26T02:48:31.109+0000] {spark_submit.py:649} INFO - found javax.jdo#jdo-api;3.0.1 in central
[2025-05-26T02:48:31.133+0000] {spark_submit.py:649} INFO - found javax.transaction#jta;1.1 in central
[2025-05-26T02:48:31.159+0000] {spark_submit.py:649} INFO - found co.cask.tephra#tephra-api;0.6.0 in central
[2025-05-26T02:48:31.203+0000] {spark_submit.py:649} INFO - found co.cask.tephra#tephra-core;0.6.0 in central
[2025-05-26T02:48:31.236+0000] {spark_submit.py:649} INFO - found com.google.inject.extensions#guice-assistedinject;3.0 in central
[2025-05-26T02:48:31.256+0000] {spark_submit.py:649} INFO - found it.unimi.dsi#fastutil;6.5.6 in central
[2025-05-26T02:48:31.278+0000] {spark_submit.py:649} INFO - found org.apache.twill#twill-common;0.6.0-incubating in central
[2025-05-26T02:48:31.321+0000] {spark_submit.py:649} INFO - found org.apache.twill#twill-core;0.6.0-incubating in central
[2025-05-26T02:48:31.352+0000] {spark_submit.py:649} INFO - found org.apache.twill#twill-api;0.6.0-incubating in user-list
[2025-05-26T02:48:31.375+0000] {spark_submit.py:649} INFO - found org.apache.twill#twill-discovery-api;0.6.0-incubating in central
[2025-05-26T02:48:31.437+0000] {spark_submit.py:649} INFO - found org.apache.twill#twill-zookeeper;0.6.0-incubating in central
[2025-05-26T02:48:31.498+0000] {spark_submit.py:649} INFO - found org.apache.twill#twill-discovery-core;0.6.0-incubating in central
[2025-05-26T02:48:31.580+0000] {spark_submit.py:649} INFO - found co.cask.tephra#tephra-hbase-compat-1.0;0.6.0 in central
[2025-05-26T02:48:31.611+0000] {spark_submit.py:649} INFO - found org.apache.hive#hive-exec;3.1.3 in central
[2025-05-26T02:48:31.752+0000] {spark_submit.py:649} INFO - found org.apache.hive#hive-llap-tez;3.1.3 in central
[2025-05-26T02:48:31.821+0000] {spark_submit.py:649} INFO - found org.apache.hive#hive-llap-client;3.1.3 in central
[2025-05-26T02:48:31.836+0000] {spark_submit.py:649} INFO - found org.apache.hive#hive-llap-common;3.1.3 in central
[2025-05-26T02:48:31.919+0000] {spark_submit.py:649} INFO - found org.antlr#ST4;4.0.4 in central
[2025-05-26T02:48:31.982+0000] {spark_submit.py:649} INFO - found org.apache.ivy#ivy;2.4.0 in central
[2025-05-26T02:48:32.011+0000] {spark_submit.py:649} INFO - found org.codehaus.groovy#groovy-all;2.4.11 in central
[2025-05-26T02:48:32.069+0000] {spark_submit.py:649} INFO - found org.apache.calcite#calcite-core;1.16.0 in central
[2025-05-26T02:48:32.091+0000] {spark_submit.py:649} INFO - found org.apache.calcite#calcite-linq4j;1.16.0 in central
[2025-05-26T02:48:32.122+0000] {spark_submit.py:649} INFO - found com.esri.geometry#esri-geometry-api;2.0.0 in central
[2025-05-26T02:48:32.161+0000] {spark_submit.py:649} INFO - found com.google.code.findbugs#jsr305;3.0.1 in central
[2025-05-26T02:48:32.178+0000] {spark_submit.py:649} INFO - found com.yahoo.datasketches#sketches-core;0.9.0 in central
[2025-05-26T02:48:32.197+0000] {spark_submit.py:649} INFO - found com.yahoo.datasketches#memory;0.9.0 in central
[2025-05-26T02:48:32.207+0000] {spark_submit.py:649} INFO - found org.codehaus.janino#janino;2.7.6 in central
[2025-05-26T02:48:32.292+0000] {spark_submit.py:649} INFO - found org.codehaus.janino#commons-compiler;2.7.6 in central
[2025-05-26T02:48:32.314+0000] {spark_submit.py:649} INFO - found org.apache.calcite.avatica#avatica;1.11.0 in central
[2025-05-26T02:48:32.322+0000] {spark_submit.py:649} INFO - found stax#stax-api;1.0.1 in central
[2025-05-26T02:48:32.333+0000] {spark_submit.py:649} INFO - found org.apache.hadoop#hadoop-client-api;3.3.4 in central
[2025-05-26T02:48:32.339+0000] {spark_submit.py:649} INFO - found org.xerial.snappy#snappy-java;1.1.8.2 in central
[2025-05-26T02:48:32.348+0000] {spark_submit.py:649} INFO - found org.apache.hadoop#hadoop-client-runtime;3.3.4 in central
[2025-05-26T02:48:32.355+0000] {spark_submit.py:649} INFO - found org.slf4j#slf4j-api;1.7.36 in central
[2025-05-26T02:48:33.116+0000] {spark_submit.py:649} INFO - :: resolution report :: resolve 31392ms :: artifacts dl 513ms
[2025-05-26T02:48:33.117+0000] {spark_submit.py:649} INFO - :: modules in use:
[2025-05-26T02:48:33.118+0000] {spark_submit.py:649} INFO - aopalliance#aopalliance;1.0 from user-list in [default]
[2025-05-26T02:48:33.119+0000] {spark_submit.py:649} INFO - co.cask.tephra#tephra-api;0.6.0 from central in [default]
[2025-05-26T02:48:33.120+0000] {spark_submit.py:649} INFO - co.cask.tephra#tephra-core;0.6.0 from central in [default]
[2025-05-26T02:48:33.121+0000] {spark_submit.py:649} INFO - co.cask.tephra#tephra-hbase-compat-1.0;0.6.0 from central in [default]
[2025-05-26T02:48:33.123+0000] {spark_submit.py:649} INFO - com.carrotsearch#hppc;0.7.2 from central in [default]
[2025-05-26T02:48:33.123+0000] {spark_submit.py:649} INFO - com.cedarsoftware#java-util;1.9.0 from central in [default]
[2025-05-26T02:48:33.123+0000] {spark_submit.py:649} INFO - com.cedarsoftware#json-io;2.5.1 from central in [default]
[2025-05-26T02:48:33.124+0000] {spark_submit.py:649} INFO - com.esri.geometry#esri-geometry-api;2.0.0 from central in [default]
[2025-05-26T02:48:33.130+0000] {spark_submit.py:649} INFO - com.fasterxml.jackson.core#jackson-annotations;2.12.0 from user-list in [default]
[2025-05-26T02:48:33.133+0000] {spark_submit.py:649} INFO - com.fasterxml.jackson.core#jackson-core;2.12.0 from central in [default]
[2025-05-26T02:48:33.134+0000] {spark_submit.py:649} INFO - com.fasterxml.jackson.core#jackson-databind;2.12.0 from central in [default]
[2025-05-26T02:48:33.134+0000] {spark_submit.py:649} INFO - com.fasterxml.jackson.jaxrs#jackson-jaxrs-base;2.12.0 from user-list in [default]
[2025-05-26T02:48:33.136+0000] {spark_submit.py:649} INFO - com.fasterxml.jackson.jaxrs#jackson-jaxrs-json-provider;2.12.0 from central in [default]
[2025-05-26T02:48:33.137+0000] {spark_submit.py:649} INFO - com.fasterxml.jackson.module#jackson-module-jaxb-annotations;2.12.0 from central in [default]
[2025-05-26T02:48:33.138+0000] {spark_submit.py:649} INFO - com.fasterxml.woodstox#woodstox-core;5.0.3 from central in [default]
[2025-05-26T02:48:33.139+0000] {spark_submit.py:649} INFO - com.github.joshelser#dropwizard-metrics-hadoop-metrics2-reporter;0.1.2 from central in [default]
[2025-05-26T02:48:33.140+0000] {spark_submit.py:649} INFO - com.github.stephenc.jcip#jcip-annotations;1.0-1 from central in [default]
[2025-05-26T02:48:33.141+0000] {spark_submit.py:649} INFO - com.google.code.findbugs#jsr305;3.0.1 from central in [default]
[2025-05-26T02:48:33.144+0000] {spark_submit.py:649} INFO - com.google.code.gson#gson;2.2.4 from central in [default]
[2025-05-26T02:48:33.144+0000] {spark_submit.py:649} INFO - com.google.guava#guava;19.0 from central in [default]
[2025-05-26T02:48:33.147+0000] {spark_submit.py:649} INFO - com.google.inject#guice;4.0 from central in [default]
[2025-05-26T02:48:33.147+0000] {spark_submit.py:649} INFO - com.google.inject.extensions#guice-assistedinject;3.0 from central in [default]
[2025-05-26T02:48:33.149+0000] {spark_submit.py:649} INFO - com.google.inject.extensions#guice-servlet;4.0 from central in [default]
[2025-05-26T02:48:33.150+0000] {spark_submit.py:649} INFO - com.google.protobuf#protobuf-java;2.5.0 from central in [default]
[2025-05-26T02:48:33.150+0000] {spark_submit.py:649} INFO - com.google.re2j#re2j;1.1 from central in [default]
[2025-05-26T02:48:33.154+0000] {spark_submit.py:649} INFO - com.jcraft#jsch;0.1.54 from user-list in [default]
[2025-05-26T02:48:33.155+0000] {spark_submit.py:649} INFO - com.jolbox#bonecp;0.8.0.RELEASE from central in [default]
[2025-05-26T02:48:33.162+0000] {spark_submit.py:649} INFO - com.microsoft.sqlserver#mssql-jdbc;6.2.1.jre7 from central in [default]
[2025-05-26T02:48:33.163+0000] {spark_submit.py:649} INFO - com.nimbusds#nimbus-jose-jwt;4.41.1 from central in [default]
[2025-05-26T02:48:33.165+0000] {spark_submit.py:649} INFO - com.sun.jersey#jersey-client;1.19 from central in [default]
[2025-05-26T02:48:33.166+0000] {spark_submit.py:649} INFO - com.sun.jersey#jersey-core;1.19 from user-list in [default]
[2025-05-26T02:48:33.169+0000] {spark_submit.py:649} INFO - com.sun.jersey#jersey-json;1.19 from central in [default]
[2025-05-26T02:48:33.172+0000] {spark_submit.py:649} INFO - com.sun.jersey#jersey-server;1.19 from central in [default]
[2025-05-26T02:48:33.174+0000] {spark_submit.py:649} INFO - com.sun.jersey#jersey-servlet;1.19 from central in [default]
[2025-05-26T02:48:33.175+0000] {spark_submit.py:649} INFO - com.sun.jersey.contribs#jersey-guice;1.19 from user-list in [default]
[2025-05-26T02:48:33.175+0000] {spark_submit.py:649} INFO - com.sun.xml.bind#jaxb-impl;2.2.3-1 from central in [default]
[2025-05-26T02:48:33.176+0000] {spark_submit.py:649} INFO - com.tdunning#json;1.8 from user-list in [default]
[2025-05-26T02:48:33.176+0000] {spark_submit.py:649} INFO - com.thoughtworks.paranamer#paranamer;2.7 from central in [default]
[2025-05-26T02:48:33.178+0000] {spark_submit.py:649} INFO - com.vlkan#flatbuffers;1.2.0-3f79e055 from central in [default]
[2025-05-26T02:48:33.186+0000] {spark_submit.py:649} INFO - com.yahoo.datasketches#memory;0.9.0 from central in [default]
[2025-05-26T02:48:33.187+0000] {spark_submit.py:649} INFO - com.yahoo.datasketches#sketches-core;0.9.0 from central in [default]
[2025-05-26T02:48:33.187+0000] {spark_submit.py:649} INFO - com.zaxxer#HikariCP;2.6.1 from central in [default]
[2025-05-26T02:48:33.188+0000] {spark_submit.py:649} INFO - com.zaxxer#HikariCP-java7;2.4.12 from central in [default]
[2025-05-26T02:48:33.189+0000] {spark_submit.py:649} INFO - commons-beanutils#commons-beanutils;1.9.3 from central in [default]
[2025-05-26T02:48:33.190+0000] {spark_submit.py:649} INFO - commons-cli#commons-cli;1.2 from user-list in [default]
[2025-05-26T02:48:33.192+0000] {spark_submit.py:649} INFO - commons-codec#commons-codec;1.15 from central in [default]
[2025-05-26T02:48:33.192+0000] {spark_submit.py:649} INFO - commons-collections#commons-collections;3.2.2 from user-list in [default]
[2025-05-26T02:48:33.194+0000] {spark_submit.py:649} INFO - commons-daemon#commons-daemon;1.0.13 from central in [default]
[2025-05-26T02:48:33.195+0000] {spark_submit.py:649} INFO - commons-dbcp#commons-dbcp;1.4 from central in [default]
[2025-05-26T02:48:33.196+0000] {spark_submit.py:649} INFO - commons-io#commons-io;2.6 from central in [default]
[2025-05-26T02:48:33.200+0000] {spark_submit.py:649} INFO - commons-lang#commons-lang;2.6 from central in [default]
[2025-05-26T02:48:33.201+0000] {spark_submit.py:649} INFO - commons-logging#commons-logging;1.2 from central in [default]
[2025-05-26T02:48:33.201+0000] {spark_submit.py:649} INFO - commons-net#commons-net;3.6 from central in [default]
[2025-05-26T02:48:33.202+0000] {spark_submit.py:649} INFO - commons-pool#commons-pool;1.5.4 from central in [default]
[2025-05-26T02:48:33.202+0000] {spark_submit.py:649} INFO - de.ruedigermoeller#fst;2.50 from central in [default]
[2025-05-26T02:48:33.202+0000] {spark_submit.py:649} INFO - dnsjava#dnsjava;2.1.7 from central in [default]
[2025-05-26T02:48:33.204+0000] {spark_submit.py:649} INFO - io.airlift#aircompressor;0.10 from user-list in [default]
[2025-05-26T02:48:33.205+0000] {spark_submit.py:649} INFO - io.dropwizard.metrics#metrics-core;3.2.1 from central in [default]
[2025-05-26T02:48:33.205+0000] {spark_submit.py:649} INFO - io.dropwizard.metrics#metrics-json;3.1.0 from central in [default]
[2025-05-26T02:48:33.206+0000] {spark_submit.py:649} INFO - io.dropwizard.metrics#metrics-jvm;3.1.0 from central in [default]
[2025-05-26T02:48:33.206+0000] {spark_submit.py:649} INFO - io.netty#netty;3.7.0.Final from central in [default]
[2025-05-26T02:48:33.206+0000] {spark_submit.py:649} INFO - io.netty#netty-buffer;4.1.17.Final from central in [default]
[2025-05-26T02:48:33.207+0000] {spark_submit.py:649} INFO - io.netty#netty-common;4.1.17.Final from central in [default]
[2025-05-26T02:48:33.207+0000] {spark_submit.py:649} INFO - it.unimi.dsi#fastutil;6.5.6 from central in [default]
[2025-05-26T02:48:33.207+0000] {spark_submit.py:649} INFO - jakarta.activation#jakarta.activation-api;1.2.1 from user-list in [default]
[2025-05-26T02:48:33.208+0000] {spark_submit.py:649} INFO - jakarta.xml.bind#jakarta.xml.bind-api;2.3.2 from central in [default]
[2025-05-26T02:48:33.208+0000] {spark_submit.py:649} INFO - javax.inject#javax.inject;1 from central in [default]
[2025-05-26T02:48:33.208+0000] {spark_submit.py:649} INFO - javax.jdo#jdo-api;3.0.1 from central in [default]
[2025-05-26T02:48:33.209+0000] {spark_submit.py:649} INFO - javax.servlet#javax.servlet-api;3.1.0 from central in [default]
[2025-05-26T02:48:33.209+0000] {spark_submit.py:649} INFO - javax.servlet.jsp#jsp-api;2.1 from central in [default]
[2025-05-26T02:48:33.210+0000] {spark_submit.py:649} INFO - javax.transaction#jta;1.1 from central in [default]
[2025-05-26T02:48:33.210+0000] {spark_submit.py:649} INFO - javax.transaction#transaction-api;1.1 from central in [default]
[2025-05-26T02:48:33.210+0000] {spark_submit.py:649} INFO - javax.ws.rs#jsr311-api;1.1.1 from user-list in [default]
[2025-05-26T02:48:33.210+0000] {spark_submit.py:649} INFO - javax.xml.bind#jaxb-api;2.2.11 from central in [default]
[2025-05-26T02:48:33.211+0000] {spark_submit.py:649} INFO - javolution#javolution;5.5.1 from central in [default]
[2025-05-26T02:48:33.211+0000] {spark_submit.py:649} INFO - jline#jline;2.12 from central in [default]
[2025-05-26T02:48:33.212+0000] {spark_submit.py:649} INFO - joda-time#joda-time;2.9.9 from central in [default]
[2025-05-26T02:48:33.212+0000] {spark_submit.py:649} INFO - junit#junit;4.11 from central in [default]
[2025-05-26T02:48:33.212+0000] {spark_submit.py:649} INFO - log4j#log4j;1.2.17 from central in [default]
[2025-05-26T02:48:33.213+0000] {spark_submit.py:649} INFO - net.minidev#accessors-smart;1.2 from central in [default]
[2025-05-26T02:48:33.213+0000] {spark_submit.py:649} INFO - net.minidev#json-smart;2.3 from central in [default]
[2025-05-26T02:48:33.214+0000] {spark_submit.py:649} INFO - net.sf.jpam#jpam;1.1 from central in [default]
[2025-05-26T02:48:33.215+0000] {spark_submit.py:649} INFO - net.sf.opencsv#opencsv;2.3 from central in [default]
[2025-05-26T02:48:33.215+0000] {spark_submit.py:649} INFO - org.antlr#ST4;4.0.4 from central in [default]
[2025-05-26T02:48:33.216+0000] {spark_submit.py:649} INFO - org.antlr#antlr-runtime;3.5.2 from central in [default]
[2025-05-26T02:48:33.216+0000] {spark_submit.py:649} INFO - org.apache.ant#ant;1.9.1 from central in [default]
[2025-05-26T02:48:33.216+0000] {spark_submit.py:649} INFO - org.apache.ant#ant-launcher;1.9.1 from central in [default]
[2025-05-26T02:48:33.217+0000] {spark_submit.py:649} INFO - org.apache.arrow#arrow-format;0.8.0 from central in [default]
[2025-05-26T02:48:33.217+0000] {spark_submit.py:649} INFO - org.apache.arrow#arrow-memory;0.8.0 from user-list in [default]
[2025-05-26T02:48:33.221+0000] {spark_submit.py:649} INFO - org.apache.arrow#arrow-vector;0.8.0 from central in [default]
[2025-05-26T02:48:33.222+0000] {spark_submit.py:649} INFO - org.apache.avro#avro;1.8.2 from central in [default]
[2025-05-26T02:48:33.224+0000] {spark_submit.py:649} INFO - org.apache.calcite#calcite-core;1.16.0 from central in [default]
[2025-05-26T02:48:33.225+0000] {spark_submit.py:649} INFO - org.apache.calcite#calcite-linq4j;1.16.0 from central in [default]
[2025-05-26T02:48:33.225+0000] {spark_submit.py:649} INFO - org.apache.calcite.avatica#avatica;1.11.0 from central in [default]
[2025-05-26T02:48:33.227+0000] {spark_submit.py:649} INFO - org.apache.commons#commons-compress;1.19 from central in [default]
[2025-05-26T02:48:33.228+0000] {spark_submit.py:649} INFO - org.apache.commons#commons-configuration2;2.1.1 from central in [default]
[2025-05-26T02:48:33.229+0000] {spark_submit.py:649} INFO - org.apache.commons#commons-crypto;1.0.0 from central in [default]
[2025-05-26T02:48:33.229+0000] {spark_submit.py:649} INFO - org.apache.commons#commons-lang3;3.9 from user-list in [default]
[2025-05-26T02:48:33.230+0000] {spark_submit.py:649} INFO - org.apache.commons#commons-math3;3.1.1 from user-list in [default]
[2025-05-26T02:48:33.233+0000] {spark_submit.py:649} INFO - org.apache.derby#derby;10.14.1.0 from central in [default]
[2025-05-26T02:48:33.233+0000] {spark_submit.py:649} INFO - org.apache.geronimo.specs#geronimo-jcache_1.0_spec;1.0-alpha-1 from central in [default]
[2025-05-26T02:48:33.234+0000] {spark_submit.py:649} INFO - org.apache.hadoop#hadoop-annotations;3.1.0 from central in [default]
[2025-05-26T02:48:33.234+0000] {spark_submit.py:649} INFO - org.apache.hadoop#hadoop-auth;3.1.0 from central in [default]
[2025-05-26T02:48:33.238+0000] {spark_submit.py:649} INFO - org.apache.hadoop#hadoop-client-api;3.3.4 from central in [default]
[2025-05-26T02:48:33.239+0000] {spark_submit.py:649} INFO - org.apache.hadoop#hadoop-client-runtime;3.3.4 from central in [default]
[2025-05-26T02:48:33.240+0000] {spark_submit.py:649} INFO - org.apache.hadoop#hadoop-common;3.1.0 from central in [default]
[2025-05-26T02:48:33.240+0000] {spark_submit.py:649} INFO - org.apache.hadoop#hadoop-yarn-api;3.1.0 from user-list in [default]
[2025-05-26T02:48:33.241+0000] {spark_submit.py:649} INFO - org.apache.hadoop#hadoop-yarn-common;3.1.0 from central in [default]
[2025-05-26T02:48:33.241+0000] {spark_submit.py:649} INFO - org.apache.hadoop#hadoop-yarn-registry;3.1.0 from central in [default]
[2025-05-26T02:48:33.242+0000] {spark_submit.py:649} INFO - org.apache.hadoop#hadoop-yarn-server-applicationhistoryservice;3.1.0 from central in [default]
[2025-05-26T02:48:33.242+0000] {spark_submit.py:649} INFO - org.apache.hadoop#hadoop-yarn-server-common;3.1.0 from central in [default]
[2025-05-26T02:48:33.242+0000] {spark_submit.py:649} INFO - org.apache.hadoop#hadoop-yarn-server-resourcemanager;3.1.0 from central in [default]
[2025-05-26T02:48:33.242+0000] {spark_submit.py:649} INFO - org.apache.hadoop#hadoop-yarn-server-web-proxy;3.1.0 from central in [default]
[2025-05-26T02:48:33.243+0000] {spark_submit.py:649} INFO - org.apache.hbase#hbase-client;2.0.0-alpha4 from central in [default]
[2025-05-26T02:48:33.244+0000] {spark_submit.py:649} INFO - org.apache.hbase#hbase-protocol;2.0.0-alpha4 from central in [default]
[2025-05-26T02:48:33.244+0000] {spark_submit.py:649} INFO - org.apache.hbase#hbase-protocol-shaded;2.0.0-alpha4 from central in [default]
[2025-05-26T02:48:33.244+0000] {spark_submit.py:649} INFO - org.apache.hbase.thirdparty#hbase-shaded-miscellaneous;1.0.1 from central in [default]
[2025-05-26T02:48:33.244+0000] {spark_submit.py:649} INFO - org.apache.hbase.thirdparty#hbase-shaded-netty;1.0.1 from central in [default]
[2025-05-26T02:48:33.245+0000] {spark_submit.py:649} INFO - org.apache.hbase.thirdparty#hbase-shaded-protobuf;1.0.1 from central in [default]
[2025-05-26T02:48:33.245+0000] {spark_submit.py:649} INFO - org.apache.hive#hive-classification;3.1.3 from central in [default]
[2025-05-26T02:48:33.246+0000] {spark_submit.py:649} INFO - org.apache.hive#hive-common;3.1.3 from central in [default]
[2025-05-26T02:48:33.246+0000] {spark_submit.py:649} INFO - org.apache.hive#hive-exec;3.1.3 from central in [default]
[2025-05-26T02:48:33.246+0000] {spark_submit.py:649} INFO - org.apache.hive#hive-llap-client;3.1.3 from central in [default]
[2025-05-26T02:48:33.247+0000] {spark_submit.py:649} INFO - org.apache.hive#hive-llap-common;3.1.3 from central in [default]
[2025-05-26T02:48:33.247+0000] {spark_submit.py:649} INFO - org.apache.hive#hive-llap-tez;3.1.3 from central in [default]
[2025-05-26T02:48:33.248+0000] {spark_submit.py:649} INFO - org.apache.hive#hive-metastore;3.1.3 from user-list in [default]
[2025-05-26T02:48:33.250+0000] {spark_submit.py:649} INFO - org.apache.hive#hive-serde;3.1.3 from central in [default]
[2025-05-26T02:48:33.250+0000] {spark_submit.py:649} INFO - org.apache.hive#hive-service-rpc;3.1.3 from central in [default]
[2025-05-26T02:48:33.251+0000] {spark_submit.py:649} INFO - org.apache.hive#hive-shims;3.1.3 from central in [default]
[2025-05-26T02:48:33.252+0000] {spark_submit.py:649} INFO - org.apache.hive#hive-standalone-metastore;3.1.3 from central in [default]
[2025-05-26T02:48:33.252+0000] {spark_submit.py:649} INFO - org.apache.hive#hive-storage-api;2.7.0 from central in [default]
[2025-05-26T02:48:33.252+0000] {spark_submit.py:649} INFO - org.apache.hive#hive-upgrade-acid;3.1.3 from central in [default]
[2025-05-26T02:48:33.252+0000] {spark_submit.py:649} INFO - org.apache.hive.shims#hive-shims-0.23;3.1.3 from central in [default]
[2025-05-26T02:48:33.253+0000] {spark_submit.py:649} INFO - org.apache.hive.shims#hive-shims-common;3.1.3 from central in [default]
[2025-05-26T02:48:33.253+0000] {spark_submit.py:649} INFO - org.apache.hive.shims#hive-shims-scheduler;3.1.3 from central in [default]
[2025-05-26T02:48:33.253+0000] {spark_submit.py:649} INFO - org.apache.htrace#htrace-core;3.2.0-incubating from central in [default]
[2025-05-26T02:48:33.254+0000] {spark_submit.py:649} INFO - org.apache.htrace#htrace-core4;4.1.0-incubating from user-list in [default]
[2025-05-26T02:48:33.259+0000] {spark_submit.py:649} INFO - org.apache.httpcomponents#httpclient;4.5.13 from central in [default]
[2025-05-26T02:48:33.260+0000] {spark_submit.py:649} INFO - org.apache.httpcomponents#httpcore;4.4.13 from central in [default]
[2025-05-26T02:48:33.260+0000] {spark_submit.py:649} INFO - org.apache.ivy#ivy;2.4.0 from central in [default]
[2025-05-26T02:48:33.261+0000] {spark_submit.py:649} INFO - org.apache.kerby#kerb-admin;1.0.1 from central in [default]
[2025-05-26T02:48:33.262+0000] {spark_submit.py:649} INFO - org.apache.kerby#kerb-client;1.0.1 from central in [default]
[2025-05-26T02:48:33.263+0000] {spark_submit.py:649} INFO - org.apache.kerby#kerb-common;1.0.1 from central in [default]
[2025-05-26T02:48:33.263+0000] {spark_submit.py:649} INFO - org.apache.kerby#kerb-core;1.0.1 from user-list in [default]
[2025-05-26T02:48:33.266+0000] {spark_submit.py:649} INFO - org.apache.kerby#kerb-crypto;1.0.1 from central in [default]
[2025-05-26T02:48:33.271+0000] {spark_submit.py:649} INFO - org.apache.kerby#kerb-identity;1.0.1 from user-list in [default]
[2025-05-26T02:48:33.272+0000] {spark_submit.py:649} INFO - org.apache.kerby#kerb-server;1.0.1 from central in [default]
[2025-05-26T02:48:33.273+0000] {spark_submit.py:649} INFO - org.apache.kerby#kerb-simplekdc;1.0.1 from central in [default]
[2025-05-26T02:48:33.273+0000] {spark_submit.py:649} INFO - org.apache.kerby#kerb-util;1.0.1 from user-list in [default]
[2025-05-26T02:48:33.274+0000] {spark_submit.py:649} INFO - org.apache.kerby#kerby-asn1;1.0.1 from central in [default]
[2025-05-26T02:48:33.274+0000] {spark_submit.py:649} INFO - org.apache.kerby#kerby-config;1.0.1 from central in [default]
[2025-05-26T02:48:33.275+0000] {spark_submit.py:649} INFO - org.apache.kerby#kerby-pkix;1.0.1 from central in [default]
[2025-05-26T02:48:33.276+0000] {spark_submit.py:649} INFO - org.apache.kerby#kerby-util;1.0.1 from central in [default]
[2025-05-26T02:48:33.276+0000] {spark_submit.py:649} INFO - org.apache.kerby#kerby-xdr;1.0.1 from central in [default]
[2025-05-26T02:48:33.276+0000] {spark_submit.py:649} INFO - org.apache.kerby#token-provider;1.0.1 from central in [default]
[2025-05-26T02:48:33.277+0000] {spark_submit.py:649} INFO - org.apache.logging.log4j#log4j-1.2-api;2.17.1 from central in [default]
[2025-05-26T02:48:33.277+0000] {spark_submit.py:649} INFO - org.apache.logging.log4j#log4j-api;2.10.0 from central in [default]
[2025-05-26T02:48:33.277+0000] {spark_submit.py:649} INFO - org.apache.logging.log4j#log4j-core;2.17.1 from central in [default]
[2025-05-26T02:48:33.278+0000] {spark_submit.py:649} INFO - org.apache.logging.log4j#log4j-slf4j-impl;2.17.1 from central in [default]
[2025-05-26T02:48:33.278+0000] {spark_submit.py:649} INFO - org.apache.logging.log4j#log4j-web;2.17.1 from central in [default]
[2025-05-26T02:48:33.279+0000] {spark_submit.py:649} INFO - org.apache.orc#orc-core;1.5.8 from user-list in [default]
[2025-05-26T02:48:33.280+0000] {spark_submit.py:649} INFO - org.apache.orc#orc-shims;1.5.8 from central in [default]
[2025-05-26T02:48:33.280+0000] {spark_submit.py:649} INFO - org.apache.parquet#parquet-hadoop-bundle;1.10.0 from central in [default]
[2025-05-26T02:48:33.293+0000] {spark_submit.py:649} INFO - org.apache.thrift#libfb303;0.9.3 from central in [default]
[2025-05-26T02:48:33.295+0000] {spark_submit.py:649} INFO - org.apache.thrift#libthrift;0.9.3 from central in [default]
[2025-05-26T02:48:33.296+0000] {spark_submit.py:649} INFO - org.apache.twill#twill-api;0.6.0-incubating from user-list in [default]
[2025-05-26T02:48:33.297+0000] {spark_submit.py:649} INFO - org.apache.twill#twill-common;0.6.0-incubating from central in [default]
[2025-05-26T02:48:33.298+0000] {spark_submit.py:649} INFO - org.apache.twill#twill-core;0.6.0-incubating from central in [default]
[2025-05-26T02:48:33.298+0000] {spark_submit.py:649} INFO - org.apache.twill#twill-discovery-api;0.6.0-incubating from central in [default]
[2025-05-26T02:48:33.299+0000] {spark_submit.py:649} INFO - org.apache.twill#twill-discovery-core;0.6.0-incubating from central in [default]
[2025-05-26T02:48:33.299+0000] {spark_submit.py:649} INFO - org.apache.twill#twill-zookeeper;0.6.0-incubating from central in [default]
[2025-05-26T02:48:33.299+0000] {spark_submit.py:649} INFO - org.apache.yetus#audience-annotations;0.5.0 from central in [default]
[2025-05-26T02:48:33.300+0000] {spark_submit.py:649} INFO - org.apache.zookeeper#zookeeper;3.4.6 from user-list in [default]
[2025-05-26T02:48:33.300+0000] {spark_submit.py:649} INFO - org.codehaus.groovy#groovy-all;2.4.11 from central in [default]
[2025-05-26T02:48:33.300+0000] {spark_submit.py:649} INFO - org.codehaus.jackson#jackson-core-asl;1.9.13 from central in [default]
[2025-05-26T02:48:33.301+0000] {spark_submit.py:649} INFO - org.codehaus.jackson#jackson-jaxrs;1.9.13 from central in [default]
[2025-05-26T02:48:33.301+0000] {spark_submit.py:649} INFO - org.codehaus.jackson#jackson-mapper-asl;1.9.13 from user-list in [default]
[2025-05-26T02:48:33.301+0000] {spark_submit.py:649} INFO - org.codehaus.jackson#jackson-xc;1.9.13 from central in [default]
[2025-05-26T02:48:33.301+0000] {spark_submit.py:649} INFO - org.codehaus.janino#commons-compiler;2.7.6 from central in [default]
[2025-05-26T02:48:33.302+0000] {spark_submit.py:649} INFO - org.codehaus.janino#janino;2.7.6 from central in [default]
[2025-05-26T02:48:33.302+0000] {spark_submit.py:649} INFO - org.codehaus.jettison#jettison;1.1 from central in [default]
[2025-05-26T02:48:33.302+0000] {spark_submit.py:649} INFO - org.codehaus.woodstox#stax2-api;3.1.4 from central in [default]
[2025-05-26T02:48:33.303+0000] {spark_submit.py:649} INFO - org.datanucleus#datanucleus-api-jdo;4.2.4 from user-list in [default]
[2025-05-26T02:48:33.303+0000] {spark_submit.py:649} INFO - org.datanucleus#datanucleus-core;4.1.17 from user-list in [default]
[2025-05-26T02:48:33.303+0000] {spark_submit.py:649} INFO - org.datanucleus#datanucleus-rdbms;4.1.19 from central in [default]
[2025-05-26T02:48:33.303+0000] {spark_submit.py:649} INFO - org.datanucleus#javax.jdo;3.2.0-m3 from central in [default]
[2025-05-26T02:48:33.304+0000] {spark_submit.py:649} INFO - org.eclipse.jetty#jetty-client;9.3.20.v20170531 from central in [default]
[2025-05-26T02:48:33.304+0000] {spark_submit.py:649} INFO - org.eclipse.jetty#jetty-http;9.3.20.v20170531 from central in [default]
[2025-05-26T02:48:33.304+0000] {spark_submit.py:649} INFO - org.eclipse.jetty#jetty-io;9.3.20.v20170531 from user-list in [default]
[2025-05-26T02:48:33.305+0000] {spark_submit.py:649} INFO - org.eclipse.jetty#jetty-rewrite;9.3.20.v20170531 from central in [default]
[2025-05-26T02:48:33.306+0000] {spark_submit.py:649} INFO - org.eclipse.jetty#jetty-security;9.3.20.v20170531 from central in [default]
[2025-05-26T02:48:33.308+0000] {spark_submit.py:649} INFO - org.eclipse.jetty#jetty-server;9.3.20.v20170531 from central in [default]
[2025-05-26T02:48:33.310+0000] {spark_submit.py:649} INFO - org.eclipse.jetty#jetty-servlet;9.3.20.v20170531 from user-list in [default]
[2025-05-26T02:48:33.316+0000] {spark_submit.py:649} INFO - org.eclipse.jetty#jetty-util;9.3.19.v20170502 from user-list in [default]
[2025-05-26T02:48:33.317+0000] {spark_submit.py:649} INFO - org.eclipse.jetty#jetty-util-ajax;9.3.19.v20170502 from central in [default]
[2025-05-26T02:48:33.317+0000] {spark_submit.py:649} INFO - org.eclipse.jetty#jetty-webapp;9.3.20.v20170531 from central in [default]
[2025-05-26T02:48:33.319+0000] {spark_submit.py:649} INFO - org.eclipse.jetty#jetty-xml;9.3.20.v20170531 from central in [default]
[2025-05-26T02:48:33.320+0000] {spark_submit.py:649} INFO - org.ehcache#ehcache;3.3.1 from user-list in [default]
[2025-05-26T02:48:33.320+0000] {spark_submit.py:649} INFO - org.fusesource.leveldbjni#leveldbjni-all;1.8 from central in [default]
[2025-05-26T02:48:33.320+0000] {spark_submit.py:649} INFO - org.hamcrest#hamcrest-core;1.3 from central in [default]
[2025-05-26T02:48:33.321+0000] {spark_submit.py:649} INFO - org.jruby.jcodings#jcodings;1.0.18 from central in [default]
[2025-05-26T02:48:33.321+0000] {spark_submit.py:649} INFO - org.jruby.joni#joni;2.1.11 from central in [default]
[2025-05-26T02:48:33.322+0000] {spark_submit.py:649} INFO - org.ow2.asm#asm;5.0.4 from central in [default]
[2025-05-26T02:48:33.323+0000] {spark_submit.py:649} INFO - org.slf4j#slf4j-api;1.7.36 from central in [default]
[2025-05-26T02:48:33.324+0000] {spark_submit.py:649} INFO - org.slf4j#slf4j-log4j12;1.6.1 from user-list in [default]
[2025-05-26T02:48:33.328+0000] {spark_submit.py:649} INFO - org.tukaani#xz;1.5 from central in [default]
[2025-05-26T02:48:33.330+0000] {spark_submit.py:649} INFO - org.xerial.snappy#snappy-java;1.1.8.2 from central in [default]
[2025-05-26T02:48:33.332+0000] {spark_submit.py:649} INFO - sqlline#sqlline;1.3.0 from user-list in [default]
[2025-05-26T02:48:33.333+0000] {spark_submit.py:649} INFO - stax#stax-api;1.0.1 from central in [default]
[2025-05-26T02:48:33.333+0000] {spark_submit.py:649} INFO - :: evicted modules:
[2025-05-26T02:48:33.338+0000] {spark_submit.py:649} INFO - org.slf4j#slf4j-api;1.7.10 by [org.slf4j#slf4j-api;1.7.36] in [default]
[2025-05-26T02:48:33.340+0000] {spark_submit.py:649} INFO - log4j#log4j;1.2.16 by [log4j#log4j;1.2.17] in [default]
[2025-05-26T02:48:33.342+0000] {spark_submit.py:649} INFO - commons-logging#commons-logging;1.1.3 by [commons-logging#commons-logging;1.2] in [default]
[2025-05-26T02:48:33.343+0000] {spark_submit.py:649} INFO - org.apache.commons#commons-lang3;3.4 by [org.apache.commons#commons-lang3;3.9] in [default]
[2025-05-26T02:48:33.349+0000] {spark_submit.py:649} INFO - org.xerial.snappy#snappy-java;1.1.4 by [org.xerial.snappy#snappy-java;1.1.8.2] in [default]
[2025-05-26T02:48:33.351+0000] {spark_submit.py:649} INFO - com.google.code.findbugs#jsr305;3.0.0 by [com.google.code.findbugs#jsr305;3.0.1] in [default]
[2025-05-26T02:48:33.352+0000] {spark_submit.py:649} INFO - commons-logging#commons-logging;1.0.4 by [commons-logging#commons-logging;1.2] in [default]
[2025-05-26T02:48:33.354+0000] {spark_submit.py:649} INFO - io.dropwizard.metrics#metrics-core;3.1.0 by [io.dropwizard.metrics#metrics-core;3.2.1] in [default]
[2025-05-26T02:48:33.359+0000] {spark_submit.py:649} INFO - io.dropwizard.metrics#metrics-core;3.1.2 by [io.dropwizard.metrics#metrics-core;3.1.0] in [default]
[2025-05-26T02:48:33.361+0000] {spark_submit.py:649} INFO - com.google.code.findbugs#jsr305;3.0.2 by [com.google.code.findbugs#jsr305;3.0.1] in [default]
[2025-05-26T02:48:33.364+0000] {spark_submit.py:649} INFO - org.apache.commons#commons-lang3;3.2 by [org.apache.commons#commons-lang3;3.9] in [default]
[2025-05-26T02:48:33.370+0000] {spark_submit.py:649} INFO - org.apache.commons#commons-lang3;3.6 by [org.apache.commons#commons-lang3;3.9] in [default]
[2025-05-26T02:48:33.374+0000] {spark_submit.py:649} INFO - com.google.inject#guice;3.0 by [com.google.inject#guice;4.0] in [default]
[2025-05-26T02:48:33.376+0000] {spark_submit.py:649} INFO - com.google.code.findbugs#jsr305;2.0.1 by [com.google.code.findbugs#jsr305;3.0.0] in [default]
[2025-05-26T02:48:33.376+0000] {spark_submit.py:649} INFO - com.google.guava#guava;14.0.1 by [com.google.guava#guava;19.0] in [default]
[2025-05-26T02:48:33.380+0000] {spark_submit.py:649} INFO - ---------------------------------------------------------------------
[2025-05-26T02:48:33.382+0000] {spark_submit.py:649} INFO - |                  |            modules            ||   artifacts   |
[2025-05-26T02:48:33.389+0000] {spark_submit.py:649} INFO - |       conf       | number| search|dwnlded|evicted|| number|dwnlded|
[2025-05-26T02:48:33.394+0000] {spark_submit.py:649} INFO - ---------------------------------------------------------------------
[2025-05-26T02:48:33.395+0000] {spark_submit.py:649} INFO - |      default     |  224  |   0   |   0   |   15  ||  209  |   0   |
[2025-05-26T02:48:33.395+0000] {spark_submit.py:649} INFO - ---------------------------------------------------------------------
[2025-05-26T02:48:33.399+0000] {spark_submit.py:649} INFO - 
[2025-05-26T02:48:33.403+0000] {spark_submit.py:649} INFO - :: problems summary ::
[2025-05-26T02:48:33.403+0000] {spark_submit.py:649} INFO - :::: ERRORS
[2025-05-26T02:48:33.404+0000] {spark_submit.py:649} INFO - unknown resolver null
[2025-05-26T02:48:33.406+0000] {spark_submit.py:649} INFO - 
[2025-05-26T02:48:33.406+0000] {spark_submit.py:649} INFO - unknown resolver null
[2025-05-26T02:48:33.407+0000] {spark_submit.py:649} INFO - 
[2025-05-26T02:48:33.407+0000] {spark_submit.py:649} INFO - unknown resolver null
[2025-05-26T02:48:33.410+0000] {spark_submit.py:649} INFO - 
[2025-05-26T02:48:33.411+0000] {spark_submit.py:649} INFO - unknown resolver null
[2025-05-26T02:48:33.411+0000] {spark_submit.py:649} INFO - 
[2025-05-26T02:48:33.412+0000] {spark_submit.py:649} INFO - unknown resolver null
[2025-05-26T02:48:33.434+0000] {spark_submit.py:649} INFO - 
[2025-05-26T02:48:33.439+0000] {spark_submit.py:649} INFO - 
[2025-05-26T02:48:33.440+0000] {spark_submit.py:649} INFO - :: USE VERBOSE OR DEBUG MESSAGE LEVEL FOR MORE DETAILS
[2025-05-26T02:48:33.458+0000] {spark_submit.py:649} INFO - :: retrieving :: org.apache.spark#spark-submit-parent-35e005e0-f711-412e-a65f-ba8f2ce775fa
[2025-05-26T02:48:33.463+0000] {spark_submit.py:649} INFO - confs: [default]
[2025-05-26T02:48:33.465+0000] {spark_submit.py:649} INFO - 0 artifacts copied, 209 already retrieved (0kB/45ms)
[2025-05-26T02:48:44.376+0000] {spark_submit.py:649} INFO - 25/05/26 02:48:44 INFO IsolatedClientLoader: Downloaded metastore jars to /tmp/hive-v3_1-7fd85dca-dc59-4eb1-bdc1-a9343dada6c3
[2025-05-26T02:48:45.517+0000] {spark_submit.py:649} INFO - Hive Session ID = a04a659b-f1a8-4bd7-9236-4f172d17aff4
[2025-05-26T02:48:45.579+0000] {spark_submit.py:649} INFO - 25/05/26 02:48:45 INFO HiveClientImpl: Warehouse location for Hive client (version 3.1.3) is file:/opt/airflow/spark-warehouse
[2025-05-26T02:48:45.696+0000] {job.py:229} INFO - Heartbeat recovered after 14.99 seconds
[2025-05-26T02:48:46.867+0000] {spark_submit.py:649} INFO - 25/05/26 02:48:46 WARN MetricsConfig: Cannot locate configuration: tried hadoop-metrics2-s3a-file-system.properties,hadoop-metrics2.properties
[2025-05-26T02:48:46.888+0000] {spark_submit.py:649} INFO - 25/05/26 02:48:46 INFO MetricsSystemImpl: Scheduled Metric snapshot period at 10 second(s).
[2025-05-26T02:48:46.889+0000] {spark_submit.py:649} INFO - 25/05/26 02:48:46 INFO MetricsSystemImpl: s3a-file-system metrics system started
[2025-05-26T02:48:48.280+0000] {spark_submit.py:649} INFO - 25/05/26 02:48:48 INFO DelegatingLogStore: LogStore LogStoreAdapter(io.delta.storage.S3SingleDriverLogStore) is used for scheme s3a
[2025-05-26T02:48:48.594+0000] {spark_submit.py:649} INFO - 25/05/26 02:48:48 INFO DeltaLog: Loading version 0.
[2025-05-26T02:50:04.185+0000] {spark_submit.py:649} INFO - 25/05/26 02:50:04 INFO Snapshot: [tableId=2261e240-8b28-4d19-a09f-042efa519a20] Created snapshot Snapshot(path=s3a://medical-bucket/enriched/transactional/medical-data-sample/enriched_encounters/_delta_log, version=0, metadata=Metadata(0ff15155-e6a2-403d-bde7-e7b7178365cd,null,null,Format(parquet,Map()),{"type":"struct","fields":[{"name":"ID","type":"string","nullable":true,"metadata":{}},{"name":"START","type":"timestamp","nullable":true,"metadata":{}},{"name":"STOP","type":"timestamp","nullable":true,"metadata":{}},{"name":"PATIENT","type":"string","nullable":true,"metadata":{}},{"name":"ORGANIZATION","type":"string","nullable":true,"metadata":{}},{"name":"PROVIDER","type":"string","nullable":true,"metadata":{}},{"name":"PAYER","type":"string","nullable":true,"metadata":{}},{"name":"ENCOUNTERCLASS","type":"string","nullable":true,"metadata":{}},{"name":"CODE","type":"long","nullable":true,"metadata":{}},{"name":"DESCRIPTION","type":"string","nullable":true,"metadata":{}},{"name":"BASE_ENCOUNTER_COST","type":"double","nullable":true,"metadata":{}},{"name":"TOTAL_CLAIM_COST","type":"double","nullable":true,"metadata":{}},{"name":"PAYER_COVERAGE","type":"double","nullable":true,"metadata":{}},{"name":"REASONCODE","type":"long","nullable":true,"metadata":{}},{"name":"REASONDESCRIPTION","type":"string","nullable":true,"metadata":{}},{"name":"HASH","type":"string","nullable":true,"metadata":{}}]},List(),Map(),Some(1747807484957)), logSegment=LogSegment(s3a://medical-bucket/enriched/transactional/medical-data-sample/enriched_encounters/_delta_log,0,WrappedArray(S3AFileStatus{path=s3a://medical-bucket/enriched/transactional/medical-data-sample/enriched_encounters/_delta_log/00000000000000000000.json; isDirectory=false; length=3809; replication=1; blocksize=33554432; modification_time=1747807488788; access_time=0; owner=airflow; group=airflow; permission=rw-rw-rw-; isSymlink=false; hasAcl=false; isEncrypted=true; isErasureCoded=false} isEmptyDirectory=FALSE eTag=faf3e13130150c979c377acf46a41b33 versionId=null),org.apache.spark.sql.delta.EmptyCheckpointProvider$@48f12f4d,1747807488788), checksumOpt=Some(VersionChecksum(Some(cfd12f29-c7d2-4367-ba51-3bf6c8592b12),1470370,1,None,None,1,1,None,Some(List()),Some(List()),Metadata(0ff15155-e6a2-403d-bde7-e7b7178365cd,null,null,Format(parquet,Map()),{"type":"struct","fields":[{"name":"ID","type":"string","nullable":true,"metadata":{}},{"name":"START","type":"timestamp","nullable":true,"metadata":{}},{"name":"STOP","type":"timestamp","nullable":true,"metadata":{}},{"name":"PATIENT","type":"string","nullable":true,"metadata":{}},{"name":"ORGANIZATION","type":"string","nullable":true,"metadata":{}},{"name":"PROVIDER","type":"string","nullable":true,"metadata":{}},{"name":"PAYER","type":"string","nullable":true,"metadata":{}},{"name":"ENCOUNTERCLASS","type":"string","nullable":true,"metadata":{}},{"name":"CODE","type":"long","nullable":true,"metadata":{}},{"name":"DESCRIPTION","type":"string","nullable":true,"metadata":{}},{"name":"BASE_ENCOUNTER_COST","type":"double","nullable":true,"metadata":{}},{"name":"TOTAL_CLAIM_COST","type":"double","nullable":true,"metadata":{}},{"name":"PAYER_COVERAGE","type":"double","nullable":true,"metadata":{}},{"name":"REASONCODE","type":"long","nullable":true,"metadata":{}},{"name":"REASONDESCRIPTION","type":"string","nullable":true,"metadata":{}},{"name":"HASH","type":"string","nullable":true,"metadata":{}}]},List(),Map(),Some(1747807484957)),Protocol(1,2),None,None,Some(List(AddFile(part-00000-092975b1-dade-485d-8dc3-7d4d00ef7ebc-c000.snappy.parquet,Map(),1470370,1747807487000,false,{"numRecords":7049,"minValues":{"ID":"0004591c-7253-3a60-3435-8bd8dd25","START":"1931-04-21T11:59:06.000Z","STOP":"1931-04-21T12:19:24.000Z","PATIENT":"00732e11-5e4d-37b7-01f8-929a2553","ORGANIZATION":"00ffb204-07b4-3c72-a678-fa252e6c","PROVIDER":"00b1a913-31e7-3941-8f26-9a07f04e","PAYER":"0133f751-9229-3cfd-815f-b6d4979b","ENCOUNTERCLASS":"ambulatory","CODE":1505002,"DESCRIPTION":"Administration of vaccine to pro","BASE_ENCOUNTER_COST":75.0,"TOTAL_CLAIM_COST":75.0,"PAYER_COVERAGE":0.0,"REASONCODE":3718001,"REASONDESCRIPTION":"Abnormal findings diagnostic ima","HASH":"0004591c-7253-3a60-3435-8bd8dd25"},"maxValues":{"ID":"fffa37f5-08f3-5c8a-09e0-a379d113","START":"2024-11-04T08:21:17.000Z","STOP":"2024-11-05T00:34:10.000Z","PATIENT":"fb164202-4e38-04a0-470a-b7229db1","ORGANIZATION":"fe30f2b4-9bc8-346e-afba-4455d176","PROVIDER":"fffdc2e7-c175-3e01-a2da-185da48c","PAYER":"e03e23c9-4df1-3eb6-a62d-f70f0230","ENCOUNTERCLASS":"wellness","CODE":453131000124105,"DESCRIPTION":"Well child visit (procedure)","BASE_ENCOUNTER_COST":146.18,"TOTAL_CLAIM_COST":67764.63,"PAYER_COVERAGE":56814.68,"REASONCODE":442571000124108,"REASONDESCRIPTION":"Viral sinusitis (disorder)","HASH":"fffa37f5-08f3-5c8a-09e0-a379d113"},"nullCount":{"ID":0,"START":0,"STOP":0,"PATIENT":0,"ORGANIZATION":0,"PROVIDER":0,"PAYER":0,"ENCOUNTERCLASS":0,"CODE":0,"DESCRIPTION":0,"BASE_ENCOUNTER_COST":0,"TOTAL_CLAIM_COST":0,"PAYER_COVERAGE":0,"REASONCODE":2436,"REASONDESCRIPTION":2436,"HASH":0}},null,null,None,None,None))))))
[2025-05-26T02:50:04.230+0000] {spark_submit.py:649} INFO - 25/05/26 02:50:04 INFO DeltaLog: Updated snapshot to Snapshot(path=s3a://medical-bucket/enriched/transactional/medical-data-sample/enriched_encounters/_delta_log, version=0, metadata=Metadata(0ff15155-e6a2-403d-bde7-e7b7178365cd,null,null,Format(parquet,Map()),{"type":"struct","fields":[{"name":"ID","type":"string","nullable":true,"metadata":{}},{"name":"START","type":"timestamp","nullable":true,"metadata":{}},{"name":"STOP","type":"timestamp","nullable":true,"metadata":{}},{"name":"PATIENT","type":"string","nullable":true,"metadata":{}},{"name":"ORGANIZATION","type":"string","nullable":true,"metadata":{}},{"name":"PROVIDER","type":"string","nullable":true,"metadata":{}},{"name":"PAYER","type":"string","nullable":true,"metadata":{}},{"name":"ENCOUNTERCLASS","type":"string","nullable":true,"metadata":{}},{"name":"CODE","type":"long","nullable":true,"metadata":{}},{"name":"DESCRIPTION","type":"string","nullable":true,"metadata":{}},{"name":"BASE_ENCOUNTER_COST","type":"double","nullable":true,"metadata":{}},{"name":"TOTAL_CLAIM_COST","type":"double","nullable":true,"metadata":{}},{"name":"PAYER_COVERAGE","type":"double","nullable":true,"metadata":{}},{"name":"REASONCODE","type":"long","nullable":true,"metadata":{}},{"name":"REASONDESCRIPTION","type":"string","nullable":true,"metadata":{}},{"name":"HASH","type":"string","nullable":true,"metadata":{}}]},List(),Map(),Some(1747807484957)), logSegment=LogSegment(s3a://medical-bucket/enriched/transactional/medical-data-sample/enriched_encounters/_delta_log,0,WrappedArray(S3AFileStatus{path=s3a://medical-bucket/enriched/transactional/medical-data-sample/enriched_encounters/_delta_log/00000000000000000000.json; isDirectory=false; length=3809; replication=1; blocksize=33554432; modification_time=1747807488788; access_time=0; owner=airflow; group=airflow; permission=rw-rw-rw-; isSymlink=false; hasAcl=false; isEncrypted=true; isErasureCoded=false} isEmptyDirectory=FALSE eTag=faf3e13130150c979c377acf46a41b33 versionId=null),org.apache.spark.sql.delta.EmptyCheckpointProvider$@48f12f4d,1747807488788), checksumOpt=Some(VersionChecksum(Some(cfd12f29-c7d2-4367-ba51-3bf6c8592b12),1470370,1,None,None,1,1,None,Some(List()),Some(List()),Metadata(0ff15155-e6a2-403d-bde7-e7b7178365cd,null,null,Format(parquet,Map()),{"type":"struct","fields":[{"name":"ID","type":"string","nullable":true,"metadata":{}},{"name":"START","type":"timestamp","nullable":true,"metadata":{}},{"name":"STOP","type":"timestamp","nullable":true,"metadata":{}},{"name":"PATIENT","type":"string","nullable":true,"metadata":{}},{"name":"ORGANIZATION","type":"string","nullable":true,"metadata":{}},{"name":"PROVIDER","type":"string","nullable":true,"metadata":{}},{"name":"PAYER","type":"string","nullable":true,"metadata":{}},{"name":"ENCOUNTERCLASS","type":"string","nullable":true,"metadata":{}},{"name":"CODE","type":"long","nullable":true,"metadata":{}},{"name":"DESCRIPTION","type":"string","nullable":true,"metadata":{}},{"name":"BASE_ENCOUNTER_COST","type":"double","nullable":true,"metadata":{}},{"name":"TOTAL_CLAIM_COST","type":"double","nullable":true,"metadata":{}},{"name":"PAYER_COVERAGE","type":"double","nullable":true,"metadata":{}},{"name":"REASONCODE","type":"long","nullable":true,"metadata":{}},{"name":"REASONDESCRIPTION","type":"string","nullable":true,"metadata":{}},{"name":"HASH","type":"string","nullable":true,"metadata":{}}]},List(),Map(),Some(1747807484957)),Protocol(1,2),None,None,Some(List(AddFile(part-00000-092975b1-dade-485d-8dc3-7d4d00ef7ebc-c000.snappy.parquet,Map(),1470370,1747807487000,false,{"numRecords":7049,"minValues":{"ID":"0004591c-7253-3a60-3435-8bd8dd25","START":"1931-04-21T11:59:06.000Z","STOP":"1931-04-21T12:19:24.000Z","PATIENT":"00732e11-5e4d-37b7-01f8-929a2553","ORGANIZATION":"00ffb204-07b4-3c72-a678-fa252e6c","PROVIDER":"00b1a913-31e7-3941-8f26-9a07f04e","PAYER":"0133f751-9229-3cfd-815f-b6d4979b","ENCOUNTERCLASS":"ambulatory","CODE":1505002,"DESCRIPTION":"Administration of vaccine to pro","BASE_ENCOUNTER_COST":75.0,"TOTAL_CLAIM_COST":75.0,"PAYER_COVERAGE":0.0,"REASONCODE":3718001,"REASONDESCRIPTION":"Abnormal findings diagnostic ima","HASH":"0004591c-7253-3a60-3435-8bd8dd25"},"maxValues":{"ID":"fffa37f5-08f3-5c8a-09e0-a379d113","START":"2024-11-04T08:21:17.000Z","STOP":"2024-11-05T00:34:10.000Z","PATIENT":"fb164202-4e38-04a0-470a-b7229db1","ORGANIZATION":"fe30f2b4-9bc8-346e-afba-4455d176","PROVIDER":"fffdc2e7-c175-3e01-a2da-185da48c","PAYER":"e03e23c9-4df1-3eb6-a62d-f70f0230","ENCOUNTERCLASS":"wellness","CODE":453131000124105,"DESCRIPTION":"Well child visit (procedure)","BASE_ENCOUNTER_COST":146.18,"TOTAL_CLAIM_COST":67764.63,"PAYER_COVERAGE":56814.68,"REASONCODE":442571000124108,"REASONDESCRIPTION":"Viral sinusitis (disorder)","HASH":"fffa37f5-08f3-5c8a-09e0-a379d113"},"nullCount":{"ID":0,"START":0,"STOP":0,"PATIENT":0,"ORGANIZATION":0,"PROVIDER":0,"PAYER":0,"ENCOUNTERCLASS":0,"CODE":0,"DESCRIPTION":0,"BASE_ENCOUNTER_COST":0,"TOTAL_CLAIM_COST":0,"PAYER_COVERAGE":0,"REASONCODE":2436,"REASONDESCRIPTION":2436,"HASH":0}},null,null,None,None,None))))))
[2025-05-26T02:50:05.096+0000] {job.py:229} INFO - Heartbeat recovered after 79.41 seconds
[2025-05-26T02:50:05.350+0000] {spark_submit.py:649} INFO - 25/05/26 02:50:05 INFO DelegatingLogStore: LogStore LogStoreAdapter(io.delta.storage.S3SingleDriverLogStore) is used for scheme s3a
[2025-05-26T02:50:05.550+0000] {spark_submit.py:649} INFO - 25/05/26 02:50:05 INFO DeltaLog: Loading version 0.
[2025-05-26T02:50:05.584+0000] {spark_submit.py:649} INFO - 25/05/26 02:50:05 INFO Snapshot: [tableId=343420d8-a28e-4283-9c80-cd4312f69ed4] Created snapshot Snapshot(path=s3a://medical-bucket/enriched/transactional/medical-data-sample/enriched_supplies/_delta_log, version=0, metadata=Metadata(a0bf733f-1772-4ca6-b96f-a6d2b1ec5ec4,null,null,Format(parquet,Map()),{"type":"struct","fields":[{"name":"DATE","type":"date","nullable":true,"metadata":{}},{"name":"PATIENT","type":"string","nullable":true,"metadata":{}},{"name":"ENCOUNTER","type":"string","nullable":true,"metadata":{}},{"name":"CODE","type":"long","nullable":true,"metadata":{}},{"name":"DESCRIPTION","type":"string","nullable":true,"metadata":{}},{"name":"QUANTITY","type":"long","nullable":true,"metadata":{}},{"name":"HASH","type":"string","nullable":true,"metadata":{}}]},List(),Map(),Some(1747807614701)), logSegment=LogSegment(s3a://medical-bucket/enriched/transactional/medical-data-sample/enriched_supplies/_delta_log,0,WrappedArray(S3AFileStatus{path=s3a://medical-bucket/enriched/transactional/medical-data-sample/enriched_supplies/_delta_log/00000000000000000000.json; isDirectory=false; length=2112; replication=1; blocksize=33554432; modification_time=1747807618288; access_time=0; owner=airflow; group=airflow; permission=rw-rw-rw-; isSymlink=false; hasAcl=false; isEncrypted=true; isErasureCoded=false} isEmptyDirectory=FALSE eTag=3e5805a128f0dc2c79c516da2ef2a107 versionId=null),org.apache.spark.sql.delta.EmptyCheckpointProvider$@48f12f4d,1747807618288), checksumOpt=Some(VersionChecksum(Some(f8366d51-e35d-43fa-ab75-c8b1588adbae),202747,1,None,None,1,1,None,Some(List()),Some(List()),Metadata(a0bf733f-1772-4ca6-b96f-a6d2b1ec5ec4,null,null,Format(parquet,Map()),{"type":"struct","fields":[{"name":"DATE","type":"date","nullable":true,"metadata":{}},{"name":"PATIENT","type":"string","nullable":true,"metadata":{}},{"name":"ENCOUNTER","type":"string","nullable":true,"metadata":{}},{"name":"CODE","type":"long","nullable":true,"metadata":{}},{"name":"DESCRIPTION","type":"string","nullable":true,"metadata":{}},{"name":"QUANTITY","type":"long","nullable":true,"metadata":{}},{"name":"HASH","type":"string","nullable":true,"metadata":{}}]},List(),Map(),Some(1747807614701)),Protocol(1,2),None,None,Some(List(AddFile(part-00000-2652329c-854b-40f7-8cb0-e41fa1de654e-c000.snappy.parquet,Map(),202747,1747807617000,false,{"numRecords":2677,"minValues":{"DATE":"1958-03-18","PATIENT":"00732e11-5e4d-37b7-01f8-929a2553","ENCOUNTER":"00236286-935c-fb60-8ec6-18548610","CODE":972002,"DESCRIPTION":"Air filter  device (physical obj","QUANTITY":1,"HASH":"1958-03-18|d5635f98-2461-70a1-59"},"maxValues":{"DATE":"2024-11-03","PATIENT":"fb164202-4e38-04a0-470a-b7229db1","ENCOUNTER":"ff6fb467-6fda-deb0-02d7-c3b0e3f9","CODE":1230220004,"DESCRIPTION":"Solution (substance)","QUANTITY":100,"HASH":"2024-11-03|f07fac6b-0a84-7874-f0"},"nullCount":{"DATE":0,"PATIENT":0,"ENCOUNTER":0,"CODE":0,"DESCRIPTION":0,"QUANTITY":0,"HASH":0}},null,null,None,None,None))))))
[2025-05-26T02:50:05.586+0000] {spark_submit.py:649} INFO - 25/05/26 02:50:05 INFO DeltaLog: Updated snapshot to Snapshot(path=s3a://medical-bucket/enriched/transactional/medical-data-sample/enriched_supplies/_delta_log, version=0, metadata=Metadata(a0bf733f-1772-4ca6-b96f-a6d2b1ec5ec4,null,null,Format(parquet,Map()),{"type":"struct","fields":[{"name":"DATE","type":"date","nullable":true,"metadata":{}},{"name":"PATIENT","type":"string","nullable":true,"metadata":{}},{"name":"ENCOUNTER","type":"string","nullable":true,"metadata":{}},{"name":"CODE","type":"long","nullable":true,"metadata":{}},{"name":"DESCRIPTION","type":"string","nullable":true,"metadata":{}},{"name":"QUANTITY","type":"long","nullable":true,"metadata":{}},{"name":"HASH","type":"string","nullable":true,"metadata":{}}]},List(),Map(),Some(1747807614701)), logSegment=LogSegment(s3a://medical-bucket/enriched/transactional/medical-data-sample/enriched_supplies/_delta_log,0,WrappedArray(S3AFileStatus{path=s3a://medical-bucket/enriched/transactional/medical-data-sample/enriched_supplies/_delta_log/00000000000000000000.json; isDirectory=false; length=2112; replication=1; blocksize=33554432; modification_time=1747807618288; access_time=0; owner=airflow; group=airflow; permission=rw-rw-rw-; isSymlink=false; hasAcl=false; isEncrypted=true; isErasureCoded=false} isEmptyDirectory=FALSE eTag=3e5805a128f0dc2c79c516da2ef2a107 versionId=null),org.apache.spark.sql.delta.EmptyCheckpointProvider$@48f12f4d,1747807618288), checksumOpt=Some(VersionChecksum(Some(f8366d51-e35d-43fa-ab75-c8b1588adbae),202747,1,None,None,1,1,None,Some(List()),Some(List()),Metadata(a0bf733f-1772-4ca6-b96f-a6d2b1ec5ec4,null,null,Format(parquet,Map()),{"type":"struct","fields":[{"name":"DATE","type":"date","nullable":true,"metadata":{}},{"name":"PATIENT","type":"string","nullable":true,"metadata":{}},{"name":"ENCOUNTER","type":"string","nullable":true,"metadata":{}},{"name":"CODE","type":"long","nullable":true,"metadata":{}},{"name":"DESCRIPTION","type":"string","nullable":true,"metadata":{}},{"name":"QUANTITY","type":"long","nullable":true,"metadata":{}},{"name":"HASH","type":"string","nullable":true,"metadata":{}}]},List(),Map(),Some(1747807614701)),Protocol(1,2),None,None,Some(List(AddFile(part-00000-2652329c-854b-40f7-8cb0-e41fa1de654e-c000.snappy.parquet,Map(),202747,1747807617000,false,{"numRecords":2677,"minValues":{"DATE":"1958-03-18","PATIENT":"00732e11-5e4d-37b7-01f8-929a2553","ENCOUNTER":"00236286-935c-fb60-8ec6-18548610","CODE":972002,"DESCRIPTION":"Air filter  device (physical obj","QUANTITY":1,"HASH":"1958-03-18|d5635f98-2461-70a1-59"},"maxValues":{"DATE":"2024-11-03","PATIENT":"fb164202-4e38-04a0-470a-b7229db1","ENCOUNTER":"ff6fb467-6fda-deb0-02d7-c3b0e3f9","CODE":1230220004,"DESCRIPTION":"Solution (substance)","QUANTITY":100,"HASH":"2024-11-03|f07fac6b-0a84-7874-f0"},"nullCount":{"DATE":0,"PATIENT":0,"ENCOUNTER":0,"CODE":0,"DESCRIPTION":0,"QUANTITY":0,"HASH":0}},null,null,None,None,None))))))
[2025-05-26T02:50:07.256+0000] {spark_submit.py:649} INFO - 25/05/26 02:50:07 INFO DelegatingLogStore: LogStore LogStoreAdapter(io.delta.storage.S3SingleDriverLogStore) is used for scheme s3a
[2025-05-26T02:50:07.292+0000] {spark_submit.py:649} INFO - 25/05/26 02:50:07 INFO DeltaLog: Creating initial snapshot without metadata, because the directory is empty
[2025-05-26T02:50:07.320+0000] {spark_submit.py:649} INFO - 25/05/26 02:50:07 INFO DummySnapshot: [tableId=0ceffc19-b0af-4b37-aefb-661971765fa8] Created snapshot DummySnapshot(path=s3a://medical-bucket/curated/transactional/medical-data-sample/dim_supplies/_delta_log, version=-1, metadata=Metadata(64631845-9999-4bce-b209-60c7607a3fc3,null,null,Format(parquet,Map()),null,List(),Map(),Some(1748227807295)), logSegment=LogSegment(s3a://medical-bucket/curated/transactional/medical-data-sample/dim_supplies/_delta_log,-1,List(),org.apache.spark.sql.delta.EmptyCheckpointProvider$@48f12f4d,-1), checksumOpt=None)
[2025-05-26T02:50:07.424+0000] {spark_submit.py:649} INFO - 25/05/26 02:50:07 INFO DeltaLog: Creating initial snapshot without metadata, because the directory is empty
[2025-05-26T02:50:07.434+0000] {spark_submit.py:649} INFO - 25/05/26 02:50:07 INFO DummySnapshot: [tableId=64631845-9999-4bce-b209-60c7607a3fc3] Created snapshot DummySnapshot(path=s3a://medical-bucket/curated/transactional/medical-data-sample/dim_supplies/_delta_log, version=-1, metadata=Metadata(e5b5b331-2903-4db9-b617-df221172b8f3,null,null,Format(parquet,Map()),null,List(),Map(),Some(1748227807425)), logSegment=LogSegment(s3a://medical-bucket/curated/transactional/medical-data-sample/dim_supplies/_delta_log,-1,List(),org.apache.spark.sql.delta.EmptyCheckpointProvider$@48f12f4d,-1), checksumOpt=None)
[2025-05-26T02:50:07.535+0000] {spark_submit.py:649} INFO - 25/05/26 02:50:07 INFO OptimisticTransaction: [tableId=e5b5b331,txnId=34258e0d] Updated metadata from - to Metadata(b69e047a-386d-43a9-a5f5-06317805473d,null,null,Format(parquet,Map()),{"type":"struct","fields":[{"name":"Supply_Key","type":"string","nullable":true,"metadata":{}},{"name":"Supply_Code","type":"long","nullable":true,"metadata":{}},{"name":"Supply_Description","type":"string","nullable":true,"metadata":{}},{"name":"Supply_Quantity","type":"long","nullable":true,"metadata":{}}]},ArrayBuffer(),Map(),Some(1748227807498))
