[2025-05-26T04:41:54.252+0000] {local_task_job_runner.py:123} INFO - ::group::Pre task execution logs
[2025-05-26T04:41:54.263+0000] {taskinstance.py:2614} INFO - Dependencies all met for dep_context=non-requeueable deps ti=<TaskInstance: medical_dag_v22.dim_group.creating_dim_date manual__2025-05-26T04:39:22.178167+00:00 [queued]>
[2025-05-26T04:41:54.270+0000] {taskinstance.py:2614} INFO - Dependencies all met for dep_context=requeueable deps ti=<TaskInstance: medical_dag_v22.dim_group.creating_dim_date manual__2025-05-26T04:39:22.178167+00:00 [queued]>
[2025-05-26T04:41:54.271+0000] {taskinstance.py:2867} INFO - Starting attempt 1 of 1
[2025-05-26T04:41:54.283+0000] {taskinstance.py:2890} INFO - Executing <Task(SparkSubmitOperator): dim_group.creating_dim_date> on 2025-05-26 04:39:22.178167+00:00
[2025-05-26T04:41:54.289+0000] {standard_task_runner.py:104} INFO - Running: ['airflow', 'tasks', 'run', 'medical_dag_v22', 'dim_group.creating_dim_date', 'manual__2025-05-26T04:39:22.178167+00:00', '--job-id', '109', '--raw', '--subdir', 'DAGS_FOLDER/raw_enriched_dag.py', '--cfg-path', '/tmp/tmp8bz8gj19']
[2025-05-26T04:41:54.290+0000] {standard_task_runner.py:105} INFO - Job 109: Subtask dim_group.creating_dim_date
[2025-05-26T04:41:54.293+0000] {logging_mixin.py:190} WARNING - /home/airflow/.local/lib/python3.12/site-packages/airflow/task/task_runner/standard_task_runner.py:70 DeprecationWarning: This process (pid=14840) is multi-threaded, use of fork() may lead to deadlocks in the child.
[2025-05-26T04:41:54.293+0000] {standard_task_runner.py:72} INFO - Started process 14841 to run task
[2025-05-26T04:41:54.322+0000] {task_command.py:467} INFO - Running <TaskInstance: medical_dag_v22.dim_group.creating_dim_date manual__2025-05-26T04:39:22.178167+00:00 [running]> on host airflow-scheduler
[2025-05-26T04:41:54.372+0000] {taskinstance.py:3134} INFO - Exporting env vars: AIRFLOW_CTX_DAG_OWNER='airflow' AIRFLOW_CTX_DAG_ID='medical_dag_v22' AIRFLOW_CTX_TASK_ID='dim_group.creating_dim_date' AIRFLOW_CTX_EXECUTION_DATE='2025-05-26T04:39:22.178167+00:00' AIRFLOW_CTX_TRY_NUMBER='1' AIRFLOW_CTX_DAG_RUN_ID='manual__2025-05-26T04:39:22.178167+00:00'
[2025-05-26T04:41:54.373+0000] {taskinstance.py:732} INFO - ::endgroup::
[2025-05-26T04:41:54.389+0000] {base.py:84} INFO - Retrieving connection 'spark_conn'
[2025-05-26T04:41:54.390+0000] {spark_submit.py:473} INFO - Spark-Submit cmd: spark-submit --master spark://spark-master:7077 --packages io.delta:delta-spark_2.12:3.3.0,org.apache.hadoop:hadoop-aws:3.3.4 --name arrow-spark --deploy-mode client /opt/etl/enriched_curated/creating_dim_date.py
[2025-05-26T04:41:55.557+0000] {spark_submit.py:649} INFO - :: loading settings :: url = jar:file:/opt/spark/jars/ivy-2.5.1.jar!/org/apache/ivy/core/settings/ivysettings.xml
[2025-05-26T04:41:55.596+0000] {spark_submit.py:649} INFO - Ivy Default Cache set to: /home/airflow/.ivy2/cache
[2025-05-26T04:41:55.597+0000] {spark_submit.py:649} INFO - The jars for the packages stored in: /home/airflow/.ivy2/jars
[2025-05-26T04:41:55.599+0000] {spark_submit.py:649} INFO - io.delta#delta-spark_2.12 added as a dependency
[2025-05-26T04:41:55.599+0000] {spark_submit.py:649} INFO - org.apache.hadoop#hadoop-aws added as a dependency
[2025-05-26T04:41:55.599+0000] {spark_submit.py:649} INFO - :: resolving dependencies :: org.apache.spark#spark-submit-parent-58d35db7-db72-4538-ae86-03e6e2addbfc;1.0
[2025-05-26T04:41:55.599+0000] {spark_submit.py:649} INFO - confs: [default]
[2025-05-26T04:41:55.665+0000] {spark_submit.py:649} INFO - found io.delta#delta-spark_2.12;3.3.0 in central
[2025-05-26T04:41:55.683+0000] {spark_submit.py:649} INFO - found io.delta#delta-storage;3.3.0 in central
[2025-05-26T04:41:55.694+0000] {spark_submit.py:649} INFO - found org.antlr#antlr4-runtime;4.9.3 in central
[2025-05-26T04:41:55.720+0000] {spark_submit.py:649} INFO - found org.apache.hadoop#hadoop-aws;3.3.4 in central
[2025-05-26T04:41:55.734+0000] {spark_submit.py:649} INFO - found com.amazonaws#aws-java-sdk-bundle;1.12.262 in central
[2025-05-26T04:41:55.744+0000] {spark_submit.py:649} INFO - found org.wildfly.openssl#wildfly-openssl;1.0.7.Final in central
[2025-05-26T04:41:55.759+0000] {spark_submit.py:649} INFO - :: resolution report :: resolve 152ms :: artifacts dl 8ms
[2025-05-26T04:41:55.760+0000] {spark_submit.py:649} INFO - :: modules in use:
[2025-05-26T04:41:55.760+0000] {spark_submit.py:649} INFO - com.amazonaws#aws-java-sdk-bundle;1.12.262 from central in [default]
[2025-05-26T04:41:55.761+0000] {spark_submit.py:649} INFO - io.delta#delta-spark_2.12;3.3.0 from central in [default]
[2025-05-26T04:41:55.761+0000] {spark_submit.py:649} INFO - io.delta#delta-storage;3.3.0 from central in [default]
[2025-05-26T04:41:55.761+0000] {spark_submit.py:649} INFO - org.antlr#antlr4-runtime;4.9.3 from central in [default]
[2025-05-26T04:41:55.762+0000] {spark_submit.py:649} INFO - org.apache.hadoop#hadoop-aws;3.3.4 from central in [default]
[2025-05-26T04:41:55.762+0000] {spark_submit.py:649} INFO - org.wildfly.openssl#wildfly-openssl;1.0.7.Final from central in [default]
[2025-05-26T04:41:55.762+0000] {spark_submit.py:649} INFO - ---------------------------------------------------------------------
[2025-05-26T04:41:55.762+0000] {spark_submit.py:649} INFO - |                  |            modules            ||   artifacts   |
[2025-05-26T04:41:55.763+0000] {spark_submit.py:649} INFO - |       conf       | number| search|dwnlded|evicted|| number|dwnlded|
[2025-05-26T04:41:55.763+0000] {spark_submit.py:649} INFO - ---------------------------------------------------------------------
[2025-05-26T04:41:55.763+0000] {spark_submit.py:649} INFO - |      default     |   6   |   0   |   0   |   0   ||   6   |   0   |
[2025-05-26T04:41:55.763+0000] {spark_submit.py:649} INFO - ---------------------------------------------------------------------
[2025-05-26T04:41:55.764+0000] {spark_submit.py:649} INFO - :: retrieving :: org.apache.spark#spark-submit-parent-58d35db7-db72-4538-ae86-03e6e2addbfc
[2025-05-26T04:41:55.764+0000] {spark_submit.py:649} INFO - confs: [default]
[2025-05-26T04:41:55.769+0000] {spark_submit.py:649} INFO - 0 artifacts copied, 6 already retrieved (0kB/5ms)
[2025-05-26T04:41:55.863+0000] {spark_submit.py:649} INFO - 25/05/26 04:41:55 WARN NativeCodeLoader: Unable to load native-hadoop library for your platform... using builtin-java classes where applicable
[2025-05-26T04:41:57.818+0000] {spark_submit.py:649} INFO - 25/05/26 04:41:57 INFO SparkContext: Running Spark version 3.5.3
[2025-05-26T04:41:57.818+0000] {spark_submit.py:649} INFO - 25/05/26 04:41:57 INFO SparkContext: OS info Linux, 5.15.167.4-microsoft-standard-WSL2, amd64
[2025-05-26T04:41:57.819+0000] {spark_submit.py:649} INFO - 25/05/26 04:41:57 INFO SparkContext: Java version 17.0.15
[2025-05-26T04:41:57.829+0000] {spark_submit.py:649} INFO - 25/05/26 04:41:57 INFO ResourceUtils: ==============================================================
[2025-05-26T04:41:57.830+0000] {spark_submit.py:649} INFO - 25/05/26 04:41:57 INFO ResourceUtils: No custom resources configured for spark.driver.
[2025-05-26T04:41:57.830+0000] {spark_submit.py:649} INFO - 25/05/26 04:41:57 INFO ResourceUtils: ==============================================================
[2025-05-26T04:41:57.830+0000] {spark_submit.py:649} INFO - 25/05/26 04:41:57 INFO SparkContext: Submitted application: MyETLPipeline
[2025-05-26T04:41:57.839+0000] {spark_submit.py:649} INFO - 25/05/26 04:41:57 INFO ResourceProfile: Default ResourceProfile created, executor resources: Map(memory -> name: memory, amount: 1024, script: , vendor: , offHeap -> name: offHeap, amount: 0, script: , vendor: ), task resources: Map(cpus -> name: cpus, amount: 1.0)
[2025-05-26T04:41:57.843+0000] {spark_submit.py:649} INFO - 25/05/26 04:41:57 INFO ResourceProfile: Limiting resource is cpu
[2025-05-26T04:41:57.843+0000] {spark_submit.py:649} INFO - 25/05/26 04:41:57 INFO ResourceProfileManager: Added ResourceProfile id: 0
[2025-05-26T04:41:57.866+0000] {spark_submit.py:649} INFO - 25/05/26 04:41:57 INFO SecurityManager: Changing view acls to: airflow
[2025-05-26T04:41:57.867+0000] {spark_submit.py:649} INFO - 25/05/26 04:41:57 INFO SecurityManager: Changing modify acls to: airflow
[2025-05-26T04:41:57.867+0000] {spark_submit.py:649} INFO - 25/05/26 04:41:57 INFO SecurityManager: Changing view acls groups to:
[2025-05-26T04:41:57.867+0000] {spark_submit.py:649} INFO - 25/05/26 04:41:57 INFO SecurityManager: Changing modify acls groups to:
[2025-05-26T04:41:57.868+0000] {spark_submit.py:649} INFO - 25/05/26 04:41:57 INFO SecurityManager: SecurityManager: authentication disabled; ui acls disabled; users with view permissions: airflow; groups with view permissions: EMPTY; users with modify permissions: airflow; groups with modify permissions: EMPTY
[2025-05-26T04:41:57.979+0000] {spark_submit.py:649} INFO - 25/05/26 04:41:57 INFO Utils: Successfully started service 'sparkDriver' on port 41295.
[2025-05-26T04:41:57.992+0000] {spark_submit.py:649} INFO - 25/05/26 04:41:57 INFO SparkEnv: Registering MapOutputTracker
[2025-05-26T04:41:58.007+0000] {spark_submit.py:649} INFO - 25/05/26 04:41:58 INFO SparkEnv: Registering BlockManagerMaster
[2025-05-26T04:41:58.013+0000] {spark_submit.py:649} INFO - 25/05/26 04:41:58 INFO BlockManagerMasterEndpoint: Using org.apache.spark.storage.DefaultTopologyMapper for getting topology information
[2025-05-26T04:41:58.013+0000] {spark_submit.py:649} INFO - 25/05/26 04:41:58 INFO BlockManagerMasterEndpoint: BlockManagerMasterEndpoint up
[2025-05-26T04:41:58.015+0000] {spark_submit.py:649} INFO - 25/05/26 04:41:58 INFO SparkEnv: Registering BlockManagerMasterHeartbeat
[2025-05-26T04:41:58.023+0000] {spark_submit.py:649} INFO - 25/05/26 04:41:58 INFO DiskBlockManager: Created local directory at /tmp/blockmgr-6cfea6d0-5aa6-41e5-b226-e0fc43546397
[2025-05-26T04:41:58.029+0000] {spark_submit.py:649} INFO - 25/05/26 04:41:58 INFO MemoryStore: MemoryStore started with capacity 434.4 MiB
[2025-05-26T04:41:58.036+0000] {spark_submit.py:649} INFO - 25/05/26 04:41:58 INFO SparkEnv: Registering OutputCommitCoordinator
[2025-05-26T04:41:58.097+0000] {spark_submit.py:649} INFO - 25/05/26 04:41:58 INFO JettyUtils: Start Jetty 0.0.0.0:4040 for SparkUI
[2025-05-26T04:41:58.120+0000] {spark_submit.py:649} INFO - 25/05/26 04:41:58 WARN Utils: Service 'SparkUI' could not bind on port 4040. Attempting port 4041.
[2025-05-26T04:41:58.128+0000] {spark_submit.py:649} INFO - 25/05/26 04:41:58 INFO Utils: Successfully started service 'SparkUI' on port 4041.
[2025-05-26T04:41:58.147+0000] {spark_submit.py:649} INFO - 25/05/26 04:41:58 INFO SparkContext: Added JAR file:///home/airflow/.ivy2/jars/io.delta_delta-spark_2.12-3.3.0.jar at spark://airflow-scheduler:41295/jars/io.delta_delta-spark_2.12-3.3.0.jar with timestamp 1748234517815
[2025-05-26T04:41:58.148+0000] {spark_submit.py:649} INFO - 25/05/26 04:41:58 INFO SparkContext: Added JAR file:///home/airflow/.ivy2/jars/org.apache.hadoop_hadoop-aws-3.3.4.jar at spark://airflow-scheduler:41295/jars/org.apache.hadoop_hadoop-aws-3.3.4.jar with timestamp 1748234517815
[2025-05-26T04:41:58.148+0000] {spark_submit.py:649} INFO - 25/05/26 04:41:58 INFO SparkContext: Added JAR file:///home/airflow/.ivy2/jars/io.delta_delta-storage-3.3.0.jar at spark://airflow-scheduler:41295/jars/io.delta_delta-storage-3.3.0.jar with timestamp 1748234517815
[2025-05-26T04:41:58.149+0000] {spark_submit.py:649} INFO - 25/05/26 04:41:58 INFO SparkContext: Added JAR file:///home/airflow/.ivy2/jars/org.antlr_antlr4-runtime-4.9.3.jar at spark://airflow-scheduler:41295/jars/org.antlr_antlr4-runtime-4.9.3.jar with timestamp 1748234517815
[2025-05-26T04:41:58.149+0000] {spark_submit.py:649} INFO - 25/05/26 04:41:58 INFO SparkContext: Added JAR file:///home/airflow/.ivy2/jars/com.amazonaws_aws-java-sdk-bundle-1.12.262.jar at spark://airflow-scheduler:41295/jars/com.amazonaws_aws-java-sdk-bundle-1.12.262.jar with timestamp 1748234517815
[2025-05-26T04:41:58.149+0000] {spark_submit.py:649} INFO - 25/05/26 04:41:58 INFO SparkContext: Added JAR file:///home/airflow/.ivy2/jars/org.wildfly.openssl_wildfly-openssl-1.0.7.Final.jar at spark://airflow-scheduler:41295/jars/org.wildfly.openssl_wildfly-openssl-1.0.7.Final.jar with timestamp 1748234517815
[2025-05-26T04:41:58.150+0000] {spark_submit.py:649} INFO - 25/05/26 04:41:58 INFO SparkContext: Added file file:///home/airflow/.ivy2/jars/io.delta_delta-spark_2.12-3.3.0.jar at spark://airflow-scheduler:41295/files/io.delta_delta-spark_2.12-3.3.0.jar with timestamp 1748234517815
[2025-05-26T04:41:58.150+0000] {spark_submit.py:649} INFO - 25/05/26 04:41:58 INFO Utils: Copying /home/airflow/.ivy2/jars/io.delta_delta-spark_2.12-3.3.0.jar to /tmp/spark-4b77131a-565c-4d7d-8b1c-e271a3da862f/userFiles-227e772b-74c9-4c29-b7ef-c7a27b84f725/io.delta_delta-spark_2.12-3.3.0.jar
[2025-05-26T04:41:58.157+0000] {spark_submit.py:649} INFO - 25/05/26 04:41:58 INFO SparkContext: Added file file:///home/airflow/.ivy2/jars/org.apache.hadoop_hadoop-aws-3.3.4.jar at spark://airflow-scheduler:41295/files/org.apache.hadoop_hadoop-aws-3.3.4.jar with timestamp 1748234517815
[2025-05-26T04:41:58.158+0000] {spark_submit.py:649} INFO - 25/05/26 04:41:58 INFO Utils: Copying /home/airflow/.ivy2/jars/org.apache.hadoop_hadoop-aws-3.3.4.jar to /tmp/spark-4b77131a-565c-4d7d-8b1c-e271a3da862f/userFiles-227e772b-74c9-4c29-b7ef-c7a27b84f725/org.apache.hadoop_hadoop-aws-3.3.4.jar
[2025-05-26T04:41:58.160+0000] {spark_submit.py:649} INFO - 25/05/26 04:41:58 INFO SparkContext: Added file file:///home/airflow/.ivy2/jars/io.delta_delta-storage-3.3.0.jar at spark://airflow-scheduler:41295/files/io.delta_delta-storage-3.3.0.jar with timestamp 1748234517815
[2025-05-26T04:41:58.160+0000] {spark_submit.py:649} INFO - 25/05/26 04:41:58 INFO Utils: Copying /home/airflow/.ivy2/jars/io.delta_delta-storage-3.3.0.jar to /tmp/spark-4b77131a-565c-4d7d-8b1c-e271a3da862f/userFiles-227e772b-74c9-4c29-b7ef-c7a27b84f725/io.delta_delta-storage-3.3.0.jar
[2025-05-26T04:41:58.162+0000] {spark_submit.py:649} INFO - 25/05/26 04:41:58 INFO SparkContext: Added file file:///home/airflow/.ivy2/jars/org.antlr_antlr4-runtime-4.9.3.jar at spark://airflow-scheduler:41295/files/org.antlr_antlr4-runtime-4.9.3.jar with timestamp 1748234517815
[2025-05-26T04:41:58.163+0000] {spark_submit.py:649} INFO - 25/05/26 04:41:58 INFO Utils: Copying /home/airflow/.ivy2/jars/org.antlr_antlr4-runtime-4.9.3.jar to /tmp/spark-4b77131a-565c-4d7d-8b1c-e271a3da862f/userFiles-227e772b-74c9-4c29-b7ef-c7a27b84f725/org.antlr_antlr4-runtime-4.9.3.jar
[2025-05-26T04:41:58.165+0000] {spark_submit.py:649} INFO - 25/05/26 04:41:58 INFO SparkContext: Added file file:///home/airflow/.ivy2/jars/com.amazonaws_aws-java-sdk-bundle-1.12.262.jar at spark://airflow-scheduler:41295/files/com.amazonaws_aws-java-sdk-bundle-1.12.262.jar with timestamp 1748234517815
[2025-05-26T04:41:58.165+0000] {spark_submit.py:649} INFO - 25/05/26 04:41:58 INFO Utils: Copying /home/airflow/.ivy2/jars/com.amazonaws_aws-java-sdk-bundle-1.12.262.jar to /tmp/spark-4b77131a-565c-4d7d-8b1c-e271a3da862f/userFiles-227e772b-74c9-4c29-b7ef-c7a27b84f725/com.amazonaws_aws-java-sdk-bundle-1.12.262.jar
[2025-05-26T04:41:58.314+0000] {spark_submit.py:649} INFO - 25/05/26 04:41:58 INFO SparkContext: Added file file:///home/airflow/.ivy2/jars/org.wildfly.openssl_wildfly-openssl-1.0.7.Final.jar at spark://airflow-scheduler:41295/files/org.wildfly.openssl_wildfly-openssl-1.0.7.Final.jar with timestamp 1748234517815
[2025-05-26T04:41:58.314+0000] {spark_submit.py:649} INFO - 25/05/26 04:41:58 INFO Utils: Copying /home/airflow/.ivy2/jars/org.wildfly.openssl_wildfly-openssl-1.0.7.Final.jar to /tmp/spark-4b77131a-565c-4d7d-8b1c-e271a3da862f/userFiles-227e772b-74c9-4c29-b7ef-c7a27b84f725/org.wildfly.openssl_wildfly-openssl-1.0.7.Final.jar
[2025-05-26T04:41:58.350+0000] {spark_submit.py:649} INFO - 25/05/26 04:41:58 INFO StandaloneAppClient$ClientEndpoint: Connecting to master spark://spark-master:7077...
[2025-05-26T04:41:58.371+0000] {spark_submit.py:649} INFO - 25/05/26 04:41:58 INFO TransportClientFactory: Successfully created connection to spark-master/172.18.0.8:7077 after 11 ms (0 ms spent in bootstraps)
[2025-05-26T04:41:58.413+0000] {spark_submit.py:649} INFO - 25/05/26 04:41:58 INFO StandaloneSchedulerBackend: Connected to Spark cluster with app ID app-20250526044158-0026
[2025-05-26T04:41:58.418+0000] {spark_submit.py:649} INFO - 25/05/26 04:41:58 INFO Utils: Successfully started service 'org.apache.spark.network.netty.NettyBlockTransferService' on port 44125.
[2025-05-26T04:41:58.418+0000] {spark_submit.py:649} INFO - 25/05/26 04:41:58 INFO NettyBlockTransferService: Server created on airflow-scheduler:44125
[2025-05-26T04:41:58.419+0000] {spark_submit.py:649} INFO - 25/05/26 04:41:58 INFO BlockManager: Using org.apache.spark.storage.RandomBlockReplicationPolicy for block replication policy
[2025-05-26T04:41:58.421+0000] {spark_submit.py:649} INFO - 25/05/26 04:41:58 INFO BlockManagerMaster: Registering BlockManager BlockManagerId(driver, airflow-scheduler, 44125, None)
[2025-05-26T04:41:58.423+0000] {spark_submit.py:649} INFO - 25/05/26 04:41:58 INFO BlockManagerMasterEndpoint: Registering block manager airflow-scheduler:44125 with 434.4 MiB RAM, BlockManagerId(driver, airflow-scheduler, 44125, None)
[2025-05-26T04:41:58.424+0000] {spark_submit.py:649} INFO - 25/05/26 04:41:58 INFO BlockManagerMaster: Registered BlockManager BlockManagerId(driver, airflow-scheduler, 44125, None)
[2025-05-26T04:41:58.424+0000] {spark_submit.py:649} INFO - 25/05/26 04:41:58 INFO BlockManager: Initialized BlockManager: BlockManagerId(driver, airflow-scheduler, 44125, None)
[2025-05-26T04:41:58.502+0000] {spark_submit.py:649} INFO - 25/05/26 04:41:58 INFO StandaloneSchedulerBackend: SchedulerBackend is ready for scheduling beginning after reached minRegisteredResourcesRatio: 0.0
[2025-05-26T04:41:58.613+0000] {spark_submit.py:649} INFO - 25/05/26 04:41:58 INFO SharedState: Setting hive.metastore.warehouse.dir ('null') to the value of spark.sql.warehouse.dir.
[2025-05-26T04:41:58.615+0000] {spark_submit.py:649} INFO - 25/05/26 04:41:58 INFO SharedState: Warehouse path is 'file:/opt/airflow/spark-warehouse'.
[2025-05-26T04:41:59.029+0000] {spark_submit.py:649} INFO - 25/05/26 04:41:59 INFO HiveConf: Found configuration file null
[2025-05-26T04:41:59.034+0000] {spark_submit.py:649} INFO - 25/05/26 04:41:59 INFO HiveUtils: Initializing HiveMetastoreConnection version 3.1.3 using maven.
[2025-05-26T04:41:59.038+0000] {spark_submit.py:649} INFO - https://maven-central.storage-download.googleapis.com/maven2/ added as a remote repository with the name: repo-1
[2025-05-26T04:41:59.039+0000] {spark_submit.py:649} INFO - https://maven-central.storage-download.googleapis.com/maven2/ added as a remote repository with the name: repo-1
[2025-05-26T04:41:59.047+0000] {spark_submit.py:649} INFO - Ivy Default Cache set to: /home/airflow/.ivy2/cache
[2025-05-26T04:41:59.047+0000] {spark_submit.py:649} INFO - The jars for the packages stored in: /home/airflow/.ivy2/jars
[2025-05-26T04:41:59.047+0000] {spark_submit.py:649} INFO - org.apache.logging.log4j#log4j-api added as a dependency
[2025-05-26T04:41:59.048+0000] {spark_submit.py:649} INFO - org.apache.derby#derby added as a dependency
[2025-05-26T04:41:59.048+0000] {spark_submit.py:649} INFO - org.apache.hive#hive-metastore added as a dependency
[2025-05-26T04:41:59.048+0000] {spark_submit.py:649} INFO - org.apache.hive#hive-exec added as a dependency
[2025-05-26T04:41:59.048+0000] {spark_submit.py:649} INFO - org.apache.hive#hive-common added as a dependency
[2025-05-26T04:41:59.049+0000] {spark_submit.py:649} INFO - org.apache.hive#hive-serde added as a dependency
[2025-05-26T04:41:59.049+0000] {spark_submit.py:649} INFO - com.google.guava#guava added as a dependency
[2025-05-26T04:41:59.049+0000] {spark_submit.py:649} INFO - org.apache.hadoop#hadoop-client-api added as a dependency
[2025-05-26T04:41:59.050+0000] {spark_submit.py:649} INFO - org.apache.hadoop#hadoop-client-runtime added as a dependency
[2025-05-26T04:41:59.050+0000] {spark_submit.py:649} INFO - :: resolving dependencies :: org.apache.spark#spark-submit-parent-a2b5026c-c3d7-4afb-b843-c2a371bbacfc;1.0
[2025-05-26T04:41:59.050+0000] {spark_submit.py:649} INFO - confs: [default]
[2025-05-26T04:41:59.058+0000] {spark_submit.py:649} INFO - found org.apache.logging.log4j#log4j-api;2.10.0 in user-list
[2025-05-26T04:41:59.063+0000] {spark_submit.py:649} INFO - found org.apache.derby#derby;10.14.1.0 in user-list
[2025-05-26T04:41:59.074+0000] {spark_submit.py:649} INFO - found org.apache.hive#hive-metastore;3.1.3 in user-list
[2025-05-26T04:41:59.088+0000] {spark_submit.py:649} INFO - found org.apache.hive#hive-serde;3.1.3 in central
[2025-05-26T04:41:59.100+0000] {spark_submit.py:649} INFO - found org.apache.hive#hive-common;3.1.3 in central
[2025-05-26T04:41:59.117+0000] {spark_submit.py:649} INFO - found org.apache.hive#hive-classification;3.1.3 in central
[2025-05-26T04:41:59.126+0000] {spark_submit.py:649} INFO - found org.slf4j#slf4j-api;1.7.10 in user-list
[2025-05-26T04:41:59.134+0000] {spark_submit.py:649} INFO - found org.apache.hive#hive-upgrade-acid;3.1.3 in central
[2025-05-26T04:41:59.147+0000] {spark_submit.py:649} INFO - found org.apache.hive#hive-shims;3.1.3 in central
[2025-05-26T04:41:59.156+0000] {spark_submit.py:649} INFO - found org.apache.hive.shims#hive-shims-common;3.1.3 in central
[2025-05-26T04:41:59.163+0000] {spark_submit.py:649} INFO - found org.apache.logging.log4j#log4j-slf4j-impl;2.17.1 in central
[2025-05-26T04:41:59.171+0000] {spark_submit.py:649} INFO - found com.google.guava#guava;19.0 in central
[2025-05-26T04:41:59.179+0000] {spark_submit.py:649} INFO - found commons-lang#commons-lang;2.6 in central
[2025-05-26T04:41:59.186+0000] {spark_submit.py:649} INFO - found org.apache.thrift#libthrift;0.9.3 in central
[2025-05-26T04:41:59.194+0000] {spark_submit.py:649} INFO - found org.apache.httpcomponents#httpclient;4.5.13 in central
[2025-05-26T04:41:59.201+0000] {spark_submit.py:649} INFO - found org.apache.httpcomponents#httpcore;4.4.13 in central
[2025-05-26T04:41:59.209+0000] {spark_submit.py:649} INFO - found commons-logging#commons-logging;1.2 in user-list
[2025-05-26T04:41:59.216+0000] {spark_submit.py:649} INFO - found commons-codec#commons-codec;1.15 in central
[2025-05-26T04:41:59.226+0000] {spark_submit.py:649} INFO - found org.apache.zookeeper#zookeeper;3.4.6 in user-list
[2025-05-26T04:41:59.232+0000] {spark_submit.py:649} INFO - found org.slf4j#slf4j-log4j12;1.6.1 in user-list
[2025-05-26T04:41:59.238+0000] {spark_submit.py:649} INFO - found log4j#log4j;1.2.16 in user-list
[2025-05-26T04:41:59.244+0000] {spark_submit.py:649} INFO - found jline#jline;2.12 in central
[2025-05-26T04:41:59.251+0000] {spark_submit.py:649} INFO - found io.netty#netty;3.7.0.Final in user-list
[2025-05-26T04:41:59.261+0000] {spark_submit.py:649} INFO - found org.apache.logging.log4j#log4j-core;2.17.1 in central
[2025-05-26T04:41:59.270+0000] {spark_submit.py:649} INFO - found org.apache.hive.shims#hive-shims-0.23;3.1.3 in central
[2025-05-26T04:41:59.280+0000] {spark_submit.py:649} INFO - found org.apache.hadoop#hadoop-yarn-server-resourcemanager;3.1.0 in central
[2025-05-26T04:41:59.288+0000] {spark_submit.py:649} INFO - found javax.servlet#javax.servlet-api;3.1.0 in central
[2025-05-26T04:41:59.302+0000] {spark_submit.py:649} INFO - found org.apache.hadoop#hadoop-annotations;3.1.0 in central
[2025-05-26T04:41:59.309+0000] {spark_submit.py:649} INFO - found com.google.inject.extensions#guice-servlet;4.0 in central
[2025-05-26T04:41:59.314+0000] {spark_submit.py:649} INFO - found com.google.inject#guice;4.0 in central
[2025-05-26T04:41:59.320+0000] {spark_submit.py:649} INFO - found javax.inject#javax.inject;1 in user-list
[2025-05-26T04:41:59.327+0000] {spark_submit.py:649} INFO - found aopalliance#aopalliance;1.0 in user-list
[2025-05-26T04:41:59.336+0000] {spark_submit.py:649} INFO - found com.google.protobuf#protobuf-java;2.5.0 in central
[2025-05-26T04:41:59.343+0000] {spark_submit.py:649} INFO - found commons-io#commons-io;2.6 in user-list
[2025-05-26T04:41:59.350+0000] {spark_submit.py:649} INFO - found com.sun.jersey#jersey-json;1.19 in user-list
[2025-05-26T04:41:59.359+0000] {spark_submit.py:649} INFO - found org.codehaus.jettison#jettison;1.1 in central
[2025-05-26T04:41:59.366+0000] {spark_submit.py:649} INFO - found com.sun.xml.bind#jaxb-impl;2.2.3-1 in central
[2025-05-26T04:41:59.372+0000] {spark_submit.py:649} INFO - found javax.xml.bind#jaxb-api;2.2.11 in central
[2025-05-26T04:41:59.379+0000] {spark_submit.py:649} INFO - found org.codehaus.jackson#jackson-core-asl;1.9.13 in central
[2025-05-26T04:41:59.385+0000] {spark_submit.py:649} INFO - found org.codehaus.jackson#jackson-mapper-asl;1.9.13 in user-list
[2025-05-26T04:41:59.391+0000] {spark_submit.py:649} INFO - found org.codehaus.jackson#jackson-jaxrs;1.9.13 in central
[2025-05-26T04:41:59.398+0000] {spark_submit.py:649} INFO - found org.codehaus.jackson#jackson-xc;1.9.13 in user-list
[2025-05-26T04:41:59.405+0000] {spark_submit.py:649} INFO - found com.sun.jersey#jersey-core;1.19 in user-list
[2025-05-26T04:41:59.417+0000] {spark_submit.py:649} INFO - found javax.ws.rs#jsr311-api;1.1.1 in user-list
[2025-05-26T04:41:59.425+0000] {spark_submit.py:649} INFO - found com.sun.jersey.contribs#jersey-guice;1.19 in user-list
[2025-05-26T04:41:59.438+0000] {spark_submit.py:649} INFO - found com.sun.jersey#jersey-servlet;1.19 in central
[2025-05-26T04:41:59.448+0000] {spark_submit.py:649} INFO - found com.sun.jersey#jersey-server;1.19 in central
[2025-05-26T04:41:59.463+0000] {spark_submit.py:649} INFO - found org.apache.hadoop#hadoop-yarn-common;3.1.0 in central
[2025-05-26T04:41:59.475+0000] {spark_submit.py:649} INFO - found org.apache.hadoop#hadoop-yarn-api;3.1.0 in user-list
[2025-05-26T04:41:59.490+0000] {spark_submit.py:649} INFO - found com.fasterxml.jackson.core#jackson-annotations;2.12.0 in user-list
[2025-05-26T04:41:59.500+0000] {spark_submit.py:649} INFO - found org.apache.hadoop#hadoop-auth;3.1.0 in central
[2025-05-26T04:41:59.517+0000] {spark_submit.py:649} INFO - found com.nimbusds#nimbus-jose-jwt;4.41.1 in central
[2025-05-26T04:41:59.525+0000] {spark_submit.py:649} INFO - found com.github.stephenc.jcip#jcip-annotations;1.0-1 in user-list
[2025-05-26T04:41:59.532+0000] {spark_submit.py:649} INFO - found net.minidev#json-smart;2.3 in central
[2025-05-26T04:41:59.537+0000] {spark_submit.py:649} INFO - found net.minidev#accessors-smart;1.2 in central
[2025-05-26T04:41:59.542+0000] {spark_submit.py:649} INFO - found org.ow2.asm#asm;5.0.4 in central
[2025-05-26T04:41:59.549+0000] {spark_submit.py:649} INFO - found org.apache.kerby#kerb-simplekdc;1.0.1 in central
[2025-05-26T04:41:59.557+0000] {spark_submit.py:649} INFO - found org.apache.kerby#kerb-client;1.0.1 in central
[2025-05-26T04:41:59.565+0000] {spark_submit.py:649} INFO - found org.apache.kerby#kerby-config;1.0.1 in central
[2025-05-26T04:41:59.572+0000] {spark_submit.py:649} INFO - found org.apache.kerby#kerb-core;1.0.1 in user-list
[2025-05-26T04:41:59.582+0000] {spark_submit.py:649} INFO - found org.apache.kerby#kerby-pkix;1.0.1 in central
[2025-05-26T04:41:59.588+0000] {spark_submit.py:649} INFO - found org.apache.kerby#kerby-asn1;1.0.1 in central
[2025-05-26T04:41:59.595+0000] {spark_submit.py:649} INFO - found org.apache.kerby#kerby-util;1.0.1 in central
[2025-05-26T04:41:59.602+0000] {spark_submit.py:649} INFO - found org.apache.kerby#kerb-common;1.0.1 in central
[2025-05-26T04:41:59.608+0000] {spark_submit.py:649} INFO - found org.apache.kerby#kerb-crypto;1.0.1 in central
[2025-05-26T04:41:59.615+0000] {spark_submit.py:649} INFO - found org.apache.kerby#kerb-util;1.0.1 in user-list
[2025-05-26T04:41:59.625+0000] {spark_submit.py:649} INFO - found org.apache.kerby#token-provider;1.0.1 in user-list
[2025-05-26T04:41:59.632+0000] {spark_submit.py:649} INFO - found org.apache.kerby#kerb-admin;1.0.1 in user-list
[2025-05-26T04:41:59.644+0000] {spark_submit.py:649} INFO - found org.apache.kerby#kerb-server;1.0.1 in central
[2025-05-26T04:41:59.651+0000] {spark_submit.py:649} INFO - found org.apache.kerby#kerb-identity;1.0.1 in user-list
[2025-05-26T04:41:59.658+0000] {spark_submit.py:649} INFO - found org.apache.kerby#kerby-xdr;1.0.1 in central
[2025-05-26T04:41:59.665+0000] {spark_submit.py:649} INFO - found org.apache.commons#commons-compress;1.19 in central
[2025-05-26T04:41:59.673+0000] {spark_submit.py:649} INFO - found org.eclipse.jetty#jetty-util;9.3.19.v20170502 in user-list
[2025-05-26T04:41:59.680+0000] {spark_submit.py:649} INFO - found com.sun.jersey#jersey-client;1.19 in central
[2025-05-26T04:41:59.688+0000] {spark_submit.py:649} INFO - found commons-cli#commons-cli;1.2 in user-list
[2025-05-26T04:41:59.698+0000] {spark_submit.py:649} INFO - found log4j#log4j;1.2.17 in central
[2025-05-26T04:41:59.705+0000] {spark_submit.py:649} INFO - found com.fasterxml.jackson.core#jackson-core;2.12.0 in central
[2025-05-26T04:41:59.714+0000] {spark_submit.py:649} INFO - found com.fasterxml.jackson.core#jackson-databind;2.12.0 in user-list
[2025-05-26T04:41:59.723+0000] {spark_submit.py:649} INFO - found com.fasterxml.jackson.module#jackson-module-jaxb-annotations;2.12.0 in central
[2025-05-26T04:41:59.731+0000] {spark_submit.py:649} INFO - found jakarta.xml.bind#jakarta.xml.bind-api;2.3.2 in central
[2025-05-26T04:41:59.738+0000] {spark_submit.py:649} INFO - found jakarta.activation#jakarta.activation-api;1.2.1 in user-list
[2025-05-26T04:41:59.745+0000] {spark_submit.py:649} INFO - found com.fasterxml.jackson.jaxrs#jackson-jaxrs-json-provider;2.12.0 in central
[2025-05-26T04:41:59.752+0000] {spark_submit.py:649} INFO - found com.fasterxml.jackson.jaxrs#jackson-jaxrs-base;2.12.0 in user-list
[2025-05-26T04:41:59.758+0000] {spark_submit.py:649} INFO - found org.eclipse.jetty#jetty-util-ajax;9.3.19.v20170502 in central
[2025-05-26T04:41:59.766+0000] {spark_submit.py:649} INFO - found org.apache.hadoop#hadoop-yarn-server-common;3.1.0 in user-list
[2025-05-26T04:41:59.775+0000] {spark_submit.py:649} INFO - found org.apache.hadoop#hadoop-yarn-registry;3.1.0 in central
[2025-05-26T04:41:59.792+0000] {spark_submit.py:649} INFO - found org.apache.hadoop#hadoop-common;3.1.0 in central
[2025-05-26T04:41:59.818+0000] {spark_submit.py:649} INFO - found org.apache.commons#commons-math3;3.1.1 in central
[2025-05-26T04:41:59.832+0000] {spark_submit.py:649} INFO - found commons-net#commons-net;3.6 in central
[2025-05-26T04:41:59.840+0000] {spark_submit.py:649} INFO - found commons-collections#commons-collections;3.2.2 in user-list
[2025-05-26T04:41:59.850+0000] {spark_submit.py:649} INFO - found org.eclipse.jetty#jetty-server;9.3.20.v20170531 in central
[2025-05-26T04:41:59.859+0000] {spark_submit.py:649} INFO - found org.eclipse.jetty#jetty-http;9.3.20.v20170531 in central
[2025-05-26T04:41:59.872+0000] {spark_submit.py:649} INFO - found org.eclipse.jetty#jetty-io;9.3.20.v20170531 in user-list
[2025-05-26T04:41:59.880+0000] {spark_submit.py:649} INFO - found org.eclipse.jetty#jetty-servlet;9.3.20.v20170531 in user-list
[2025-05-26T04:41:59.888+0000] {spark_submit.py:649} INFO - found org.eclipse.jetty#jetty-security;9.3.20.v20170531 in central
[2025-05-26T04:41:59.896+0000] {spark_submit.py:649} INFO - found org.eclipse.jetty#jetty-webapp;9.3.20.v20170531 in central
[2025-05-26T04:41:59.905+0000] {spark_submit.py:649} INFO - found org.eclipse.jetty#jetty-xml;9.3.20.v20170531 in central
[2025-05-26T04:41:59.933+0000] {spark_submit.py:649} INFO - found commons-beanutils#commons-beanutils;1.9.3 in central
[2025-05-26T04:41:59.941+0000] {spark_submit.py:649} INFO - found org.apache.commons#commons-configuration2;2.1.1 in central
[2025-05-26T04:41:59.956+0000] {spark_submit.py:649} INFO - found org.apache.avro#avro;1.8.2 in central
[2025-05-26T04:41:59.969+0000] {spark_submit.py:649} INFO - found com.thoughtworks.paranamer#paranamer;2.7 in central
[2025-05-26T04:41:59.977+0000] {spark_submit.py:649} INFO - found org.xerial.snappy#snappy-java;1.1.4 in central
[2025-05-26T04:41:59.987+0000] {spark_submit.py:649} INFO - found org.tukaani#xz;1.5 in central
[2025-05-26T04:41:59.997+0000] {spark_submit.py:649} INFO - found com.google.re2j#re2j;1.1 in central
[2025-05-26T04:42:00.006+0000] {spark_submit.py:649} INFO - found com.google.code.gson#gson;2.2.4 in central
[2025-05-26T04:42:00.014+0000] {spark_submit.py:649} INFO - found com.jcraft#jsch;0.1.54 in user-list
[2025-05-26T04:42:00.020+0000] {spark_submit.py:649} INFO - found com.google.code.findbugs#jsr305;3.0.0 in user-list
[2025-05-26T04:42:00.027+0000] {spark_submit.py:649} INFO - found org.apache.htrace#htrace-core4;4.1.0-incubating in user-list
[2025-05-26T04:42:00.041+0000] {spark_submit.py:649} INFO - found org.codehaus.woodstox#stax2-api;3.1.4 in central
[2025-05-26T04:42:00.048+0000] {spark_submit.py:649} INFO - found com.fasterxml.woodstox#woodstox-core;5.0.3 in central
[2025-05-26T04:42:00.058+0000] {spark_submit.py:649} INFO - found commons-daemon#commons-daemon;1.0.13 in user-list
[2025-05-26T04:42:00.066+0000] {spark_submit.py:649} INFO - found dnsjava#dnsjava;2.1.7 in central
[2025-05-26T04:42:00.071+0000] {spark_submit.py:649} INFO - found org.fusesource.leveldbjni#leveldbjni-all;1.8 in central
[2025-05-26T04:42:00.076+0000] {spark_submit.py:649} INFO - found org.apache.geronimo.specs#geronimo-jcache_1.0_spec;1.0-alpha-1 in central
[2025-05-26T04:42:00.082+0000] {spark_submit.py:649} INFO - found org.ehcache#ehcache;3.3.1 in user-list
[2025-05-26T04:42:00.089+0000] {spark_submit.py:649} INFO - found com.zaxxer#HikariCP-java7;2.4.12 in user-list
[2025-05-26T04:42:00.096+0000] {spark_submit.py:649} INFO - found org.apache.hadoop#hadoop-yarn-server-applicationhistoryservice;3.1.0 in central
[2025-05-26T04:42:00.110+0000] {spark_submit.py:649} INFO - found de.ruedigermoeller#fst;2.50 in central
[2025-05-26T04:42:00.117+0000] {spark_submit.py:649} INFO - found com.cedarsoftware#java-util;1.9.0 in central
[2025-05-26T04:42:00.124+0000] {spark_submit.py:649} INFO - found com.cedarsoftware#json-io;2.5.1 in central
[2025-05-26T04:42:00.134+0000] {spark_submit.py:649} INFO - found org.apache.hadoop#hadoop-yarn-server-web-proxy;3.1.0 in central
[2025-05-26T04:42:00.163+0000] {spark_submit.py:649} INFO - found javax.servlet.jsp#jsp-api;2.1 in central
[2025-05-26T04:42:00.172+0000] {spark_submit.py:649} INFO - found com.microsoft.sqlserver#mssql-jdbc;6.2.1.jre7 in central
[2025-05-26T04:42:00.179+0000] {spark_submit.py:649} INFO - found org.apache.hive.shims#hive-shims-scheduler;3.1.3 in central
[2025-05-26T04:42:00.183+0000] {spark_submit.py:649} INFO - found org.apache.hive#hive-storage-api;2.7.0 in central
[2025-05-26T04:42:00.185+0000] {spark_submit.py:649} INFO - found org.apache.commons#commons-lang3;3.9 in user-list
[2025-05-26T04:42:00.189+0000] {spark_submit.py:649} INFO - found org.apache.orc#orc-core;1.5.8 in user-list
[2025-05-26T04:42:00.193+0000] {spark_submit.py:649} INFO - found org.apache.orc#orc-shims;1.5.8 in central
[2025-05-26T04:42:00.198+0000] {spark_submit.py:649} INFO - found io.airlift#aircompressor;0.10 in user-list
[2025-05-26T04:42:00.205+0000] {spark_submit.py:649} INFO - found org.eclipse.jetty#jetty-rewrite;9.3.20.v20170531 in central
[2025-05-26T04:42:00.209+0000] {spark_submit.py:649} INFO - found org.eclipse.jetty#jetty-client;9.3.20.v20170531 in central
[2025-05-26T04:42:00.213+0000] {spark_submit.py:649} INFO - found joda-time#joda-time;2.9.9 in central
[2025-05-26T04:42:00.217+0000] {spark_submit.py:649} INFO - found org.apache.logging.log4j#log4j-1.2-api;2.17.1 in central
[2025-05-26T04:42:00.221+0000] {spark_submit.py:649} INFO - found org.apache.logging.log4j#log4j-web;2.17.1 in central
[2025-05-26T04:42:00.224+0000] {spark_submit.py:649} INFO - found org.apache.ant#ant;1.9.1 in central
[2025-05-26T04:42:00.227+0000] {spark_submit.py:649} INFO - found org.apache.ant#ant-launcher;1.9.1 in central
[2025-05-26T04:42:00.230+0000] {spark_submit.py:649} INFO - found net.sf.jpam#jpam;1.1 in user-list
[2025-05-26T04:42:00.233+0000] {spark_submit.py:649} INFO - found com.tdunning#json;1.8 in user-list
[2025-05-26T04:42:00.236+0000] {spark_submit.py:649} INFO - found io.dropwizard.metrics#metrics-core;3.1.0 in user-list
[2025-05-26T04:42:00.239+0000] {spark_submit.py:649} INFO - found io.dropwizard.metrics#metrics-jvm;3.1.0 in central
[2025-05-26T04:42:00.242+0000] {spark_submit.py:649} INFO - found io.dropwizard.metrics#metrics-json;3.1.0 in central
[2025-05-26T04:42:00.245+0000] {spark_submit.py:649} INFO - found com.github.joshelser#dropwizard-metrics-hadoop-metrics2-reporter;0.1.2 in central
[2025-05-26T04:42:00.249+0000] {spark_submit.py:649} INFO - found javolution#javolution;5.5.1 in central
[2025-05-26T04:42:00.255+0000] {spark_submit.py:649} INFO - found org.apache.hive#hive-service-rpc;3.1.3 in central
[2025-05-26T04:42:00.258+0000] {spark_submit.py:649} INFO - found org.apache.thrift#libfb303;0.9.3 in central
[2025-05-26T04:42:00.261+0000] {spark_submit.py:649} INFO - found org.apache.arrow#arrow-vector;0.8.0 in central
[2025-05-26T04:42:00.264+0000] {spark_submit.py:649} INFO - found org.apache.arrow#arrow-format;0.8.0 in central
[2025-05-26T04:42:00.267+0000] {spark_submit.py:649} INFO - found com.vlkan#flatbuffers;1.2.0-3f79e055 in central
[2025-05-26T04:42:00.270+0000] {spark_submit.py:649} INFO - found org.apache.arrow#arrow-memory;0.8.0 in user-list
[2025-05-26T04:42:00.274+0000] {spark_submit.py:649} INFO - found io.netty#netty-buffer;4.1.17.Final in central
[2025-05-26T04:42:00.278+0000] {spark_submit.py:649} INFO - found io.netty#netty-common;4.1.17.Final in central
[2025-05-26T04:42:00.282+0000] {spark_submit.py:649} INFO - found com.carrotsearch#hppc;0.7.2 in user-list
[2025-05-26T04:42:00.289+0000] {spark_submit.py:649} INFO - found net.sf.opencsv#opencsv;2.3 in central
[2025-05-26T04:42:00.292+0000] {spark_submit.py:649} INFO - found org.apache.parquet#parquet-hadoop-bundle;1.10.0 in central
[2025-05-26T04:42:00.296+0000] {spark_submit.py:649} INFO - found org.apache.hive#hive-standalone-metastore;3.1.3 in central
[2025-05-26T04:42:00.302+0000] {spark_submit.py:649} INFO - found com.jolbox#bonecp;0.8.0.RELEASE in central
[2025-05-26T04:42:00.305+0000] {spark_submit.py:649} INFO - found com.zaxxer#HikariCP;2.6.1 in central
[2025-05-26T04:42:00.308+0000] {spark_submit.py:649} INFO - found commons-dbcp#commons-dbcp;1.4 in central
[2025-05-26T04:42:00.310+0000] {spark_submit.py:649} INFO - found commons-pool#commons-pool;1.5.4 in central
[2025-05-26T04:42:00.314+0000] {spark_submit.py:649} INFO - found org.antlr#antlr-runtime;3.5.2 in central
[2025-05-26T04:42:00.320+0000] {spark_submit.py:649} INFO - found org.datanucleus#datanucleus-api-jdo;4.2.4 in user-list
[2025-05-26T04:42:00.323+0000] {spark_submit.py:649} INFO - found org.datanucleus#datanucleus-core;4.1.17 in user-list
[2025-05-26T04:42:00.325+0000] {spark_submit.py:649} INFO - found org.datanucleus#datanucleus-rdbms;4.1.19 in central
[2025-05-26T04:42:00.328+0000] {spark_submit.py:649} INFO - found org.datanucleus#javax.jdo;3.2.0-m3 in central
[2025-05-26T04:42:00.330+0000] {spark_submit.py:649} INFO - found javax.transaction#transaction-api;1.1 in central
[2025-05-26T04:42:00.333+0000] {spark_submit.py:649} INFO - found sqlline#sqlline;1.3.0 in user-list
[2025-05-26T04:42:00.337+0000] {spark_submit.py:649} INFO - found org.apache.hbase#hbase-client;2.0.0-alpha4 in central
[2025-05-26T04:42:00.340+0000] {spark_submit.py:649} INFO - found org.apache.hbase.thirdparty#hbase-shaded-protobuf;1.0.1 in central
[2025-05-26T04:42:00.344+0000] {spark_submit.py:649} INFO - found org.apache.hbase#hbase-protocol-shaded;2.0.0-alpha4 in central
[2025-05-26T04:42:00.347+0000] {spark_submit.py:649} INFO - found org.apache.yetus#audience-annotations;0.5.0 in central
[2025-05-26T04:42:00.349+0000] {spark_submit.py:649} INFO - found junit#junit;4.11 in central
[2025-05-26T04:42:00.352+0000] {spark_submit.py:649} INFO - found org.hamcrest#hamcrest-core;1.3 in central
[2025-05-26T04:42:00.357+0000] {spark_submit.py:649} INFO - found org.apache.hbase#hbase-protocol;2.0.0-alpha4 in user-list
[2025-05-26T04:42:00.367+0000] {spark_submit.py:649} INFO - found org.apache.hbase.thirdparty#hbase-shaded-miscellaneous;1.0.1 in central
[2025-05-26T04:42:00.370+0000] {spark_submit.py:649} INFO - found org.apache.hbase.thirdparty#hbase-shaded-netty;1.0.1 in central
[2025-05-26T04:42:00.373+0000] {spark_submit.py:649} INFO - found org.apache.htrace#htrace-core;3.2.0-incubating in central
[2025-05-26T04:42:00.375+0000] {spark_submit.py:649} INFO - found org.jruby.jcodings#jcodings;1.0.18 in central
[2025-05-26T04:42:00.378+0000] {spark_submit.py:649} INFO - found org.jruby.joni#joni;2.1.11 in central
[2025-05-26T04:42:00.380+0000] {spark_submit.py:649} INFO - found io.dropwizard.metrics#metrics-core;3.2.1 in central
[2025-05-26T04:42:00.387+0000] {spark_submit.py:649} INFO - found org.apache.commons#commons-crypto;1.0.0 in central
[2025-05-26T04:42:00.392+0000] {spark_submit.py:649} INFO - found javax.jdo#jdo-api;3.0.1 in central
[2025-05-26T04:42:00.394+0000] {spark_submit.py:649} INFO - found javax.transaction#jta;1.1 in user-list
[2025-05-26T04:42:00.397+0000] {spark_submit.py:649} INFO - found co.cask.tephra#tephra-api;0.6.0 in central
[2025-05-26T04:42:00.399+0000] {spark_submit.py:649} INFO - found co.cask.tephra#tephra-core;0.6.0 in central
[2025-05-26T04:42:00.403+0000] {spark_submit.py:649} INFO - found com.google.inject.extensions#guice-assistedinject;3.0 in central
[2025-05-26T04:42:00.407+0000] {spark_submit.py:649} INFO - found it.unimi.dsi#fastutil;6.5.6 in central
[2025-05-26T04:42:00.410+0000] {spark_submit.py:649} INFO - found org.apache.twill#twill-common;0.6.0-incubating in user-list
[2025-05-26T04:42:00.413+0000] {spark_submit.py:649} INFO - found org.apache.twill#twill-core;0.6.0-incubating in user-list
[2025-05-26T04:42:00.416+0000] {spark_submit.py:649} INFO - found org.apache.twill#twill-api;0.6.0-incubating in user-list
[2025-05-26T04:42:00.419+0000] {spark_submit.py:649} INFO - found org.apache.twill#twill-discovery-api;0.6.0-incubating in central
[2025-05-26T04:42:00.422+0000] {spark_submit.py:649} INFO - found org.apache.twill#twill-zookeeper;0.6.0-incubating in user-list
[2025-05-26T04:42:00.427+0000] {spark_submit.py:649} INFO - found org.apache.twill#twill-discovery-core;0.6.0-incubating in central
[2025-05-26T04:42:00.431+0000] {spark_submit.py:649} INFO - found co.cask.tephra#tephra-hbase-compat-1.0;0.6.0 in central
[2025-05-26T04:42:00.434+0000] {spark_submit.py:649} INFO - found org.apache.hive#hive-exec;3.1.3 in user-list
[2025-05-26T04:42:00.438+0000] {spark_submit.py:649} INFO - found org.apache.hive#hive-llap-tez;3.1.3 in central
[2025-05-26T04:42:00.442+0000] {spark_submit.py:649} INFO - found org.apache.hive#hive-llap-client;3.1.3 in central
[2025-05-26T04:42:00.446+0000] {spark_submit.py:649} INFO - found org.apache.hive#hive-llap-common;3.1.3 in central
[2025-05-26T04:42:00.464+0000] {spark_submit.py:649} INFO - found org.antlr#ST4;4.0.4 in central
[2025-05-26T04:42:00.470+0000] {spark_submit.py:649} INFO - found org.apache.ivy#ivy;2.4.0 in central
[2025-05-26T04:42:00.472+0000] {spark_submit.py:649} INFO - found org.codehaus.groovy#groovy-all;2.4.11 in central
[2025-05-26T04:42:00.478+0000] {spark_submit.py:649} INFO - found org.apache.calcite#calcite-core;1.16.0 in central
[2025-05-26T04:42:00.482+0000] {spark_submit.py:649} INFO - found org.apache.calcite#calcite-linq4j;1.16.0 in user-list
[2025-05-26T04:42:00.487+0000] {spark_submit.py:649} INFO - found com.esri.geometry#esri-geometry-api;2.0.0 in central
[2025-05-26T04:42:00.490+0000] {spark_submit.py:649} INFO - found com.google.code.findbugs#jsr305;3.0.1 in central
[2025-05-26T04:42:00.492+0000] {spark_submit.py:649} INFO - found com.yahoo.datasketches#sketches-core;0.9.0 in central
[2025-05-26T04:42:00.495+0000] {spark_submit.py:649} INFO - found com.yahoo.datasketches#memory;0.9.0 in central
[2025-05-26T04:42:00.497+0000] {spark_submit.py:649} INFO - found org.codehaus.janino#janino;2.7.6 in central
[2025-05-26T04:42:00.500+0000] {spark_submit.py:649} INFO - found org.codehaus.janino#commons-compiler;2.7.6 in central
[2025-05-26T04:42:00.504+0000] {spark_submit.py:649} INFO - found org.apache.calcite.avatica#avatica;1.11.0 in central
[2025-05-26T04:42:00.508+0000] {spark_submit.py:649} INFO - found stax#stax-api;1.0.1 in central
[2025-05-26T04:42:00.513+0000] {spark_submit.py:649} INFO - found org.apache.hadoop#hadoop-client-api;3.3.4 in central
[2025-05-26T04:42:00.514+0000] {spark_submit.py:649} INFO - found org.xerial.snappy#snappy-java;1.1.8.2 in central
[2025-05-26T04:42:00.522+0000] {spark_submit.py:649} INFO - found org.apache.hadoop#hadoop-client-runtime;3.3.4 in central
[2025-05-26T04:42:00.524+0000] {spark_submit.py:649} INFO - found org.slf4j#slf4j-api;1.7.36 in central
[2025-05-26T04:42:00.578+0000] {spark_submit.py:649} INFO - :: resolution report :: resolve 1498ms :: artifacts dl 33ms
[2025-05-26T04:42:00.579+0000] {spark_submit.py:649} INFO - :: modules in use:
[2025-05-26T04:42:00.579+0000] {spark_submit.py:649} INFO - aopalliance#aopalliance;1.0 from user-list in [default]
[2025-05-26T04:42:00.579+0000] {spark_submit.py:649} INFO - co.cask.tephra#tephra-api;0.6.0 from central in [default]
[2025-05-26T04:42:00.580+0000] {spark_submit.py:649} INFO - co.cask.tephra#tephra-core;0.6.0 from central in [default]
[2025-05-26T04:42:00.580+0000] {spark_submit.py:649} INFO - co.cask.tephra#tephra-hbase-compat-1.0;0.6.0 from central in [default]
[2025-05-26T04:42:00.580+0000] {spark_submit.py:649} INFO - com.carrotsearch#hppc;0.7.2 from user-list in [default]
[2025-05-26T04:42:00.580+0000] {spark_submit.py:649} INFO - com.cedarsoftware#java-util;1.9.0 from central in [default]
[2025-05-26T04:42:00.581+0000] {spark_submit.py:649} INFO - com.cedarsoftware#json-io;2.5.1 from central in [default]
[2025-05-26T04:42:00.581+0000] {spark_submit.py:649} INFO - com.esri.geometry#esri-geometry-api;2.0.0 from central in [default]
[2025-05-26T04:42:00.581+0000] {spark_submit.py:649} INFO - com.fasterxml.jackson.core#jackson-annotations;2.12.0 from user-list in [default]
[2025-05-26T04:42:00.582+0000] {spark_submit.py:649} INFO - com.fasterxml.jackson.core#jackson-core;2.12.0 from central in [default]
[2025-05-26T04:42:00.582+0000] {spark_submit.py:649} INFO - com.fasterxml.jackson.core#jackson-databind;2.12.0 from user-list in [default]
[2025-05-26T04:42:00.582+0000] {spark_submit.py:649} INFO - com.fasterxml.jackson.jaxrs#jackson-jaxrs-base;2.12.0 from user-list in [default]
[2025-05-26T04:42:00.582+0000] {spark_submit.py:649} INFO - com.fasterxml.jackson.jaxrs#jackson-jaxrs-json-provider;2.12.0 from central in [default]
[2025-05-26T04:42:00.583+0000] {spark_submit.py:649} INFO - com.fasterxml.jackson.module#jackson-module-jaxb-annotations;2.12.0 from central in [default]
[2025-05-26T04:42:00.583+0000] {spark_submit.py:649} INFO - com.fasterxml.woodstox#woodstox-core;5.0.3 from central in [default]
[2025-05-26T04:42:00.583+0000] {spark_submit.py:649} INFO - com.github.joshelser#dropwizard-metrics-hadoop-metrics2-reporter;0.1.2 from central in [default]
[2025-05-26T04:42:00.583+0000] {spark_submit.py:649} INFO - com.github.stephenc.jcip#jcip-annotations;1.0-1 from user-list in [default]
[2025-05-26T04:42:00.584+0000] {spark_submit.py:649} INFO - com.google.code.findbugs#jsr305;3.0.1 from central in [default]
[2025-05-26T04:42:00.584+0000] {spark_submit.py:649} INFO - com.google.code.gson#gson;2.2.4 from central in [default]
[2025-05-26T04:42:00.584+0000] {spark_submit.py:649} INFO - com.google.guava#guava;19.0 from central in [default]
[2025-05-26T04:42:00.584+0000] {spark_submit.py:649} INFO - com.google.inject#guice;4.0 from central in [default]
[2025-05-26T04:42:00.584+0000] {spark_submit.py:649} INFO - com.google.inject.extensions#guice-assistedinject;3.0 from central in [default]
[2025-05-26T04:42:00.585+0000] {spark_submit.py:649} INFO - com.google.inject.extensions#guice-servlet;4.0 from central in [default]
[2025-05-26T04:42:00.585+0000] {spark_submit.py:649} INFO - com.google.protobuf#protobuf-java;2.5.0 from central in [default]
[2025-05-26T04:42:00.585+0000] {spark_submit.py:649} INFO - com.google.re2j#re2j;1.1 from central in [default]
[2025-05-26T04:42:00.585+0000] {spark_submit.py:649} INFO - com.jcraft#jsch;0.1.54 from user-list in [default]
[2025-05-26T04:42:00.586+0000] {spark_submit.py:649} INFO - com.jolbox#bonecp;0.8.0.RELEASE from central in [default]
[2025-05-26T04:42:00.586+0000] {spark_submit.py:649} INFO - com.microsoft.sqlserver#mssql-jdbc;6.2.1.jre7 from central in [default]
[2025-05-26T04:42:00.586+0000] {spark_submit.py:649} INFO - com.nimbusds#nimbus-jose-jwt;4.41.1 from central in [default]
[2025-05-26T04:42:00.586+0000] {spark_submit.py:649} INFO - com.sun.jersey#jersey-client;1.19 from central in [default]
[2025-05-26T04:42:00.587+0000] {spark_submit.py:649} INFO - com.sun.jersey#jersey-core;1.19 from user-list in [default]
[2025-05-26T04:42:00.587+0000] {spark_submit.py:649} INFO - com.sun.jersey#jersey-json;1.19 from user-list in [default]
[2025-05-26T04:42:00.587+0000] {spark_submit.py:649} INFO - com.sun.jersey#jersey-server;1.19 from central in [default]
[2025-05-26T04:42:00.587+0000] {spark_submit.py:649} INFO - com.sun.jersey#jersey-servlet;1.19 from central in [default]
[2025-05-26T04:42:00.588+0000] {spark_submit.py:649} INFO - com.sun.jersey.contribs#jersey-guice;1.19 from user-list in [default]
[2025-05-26T04:42:00.588+0000] {spark_submit.py:649} INFO - com.sun.xml.bind#jaxb-impl;2.2.3-1 from central in [default]
[2025-05-26T04:42:00.588+0000] {spark_submit.py:649} INFO - com.tdunning#json;1.8 from user-list in [default]
[2025-05-26T04:42:00.588+0000] {spark_submit.py:649} INFO - com.thoughtworks.paranamer#paranamer;2.7 from central in [default]
[2025-05-26T04:42:00.589+0000] {spark_submit.py:649} INFO - com.vlkan#flatbuffers;1.2.0-3f79e055 from central in [default]
[2025-05-26T04:42:00.589+0000] {spark_submit.py:649} INFO - com.yahoo.datasketches#memory;0.9.0 from central in [default]
[2025-05-26T04:42:00.589+0000] {spark_submit.py:649} INFO - com.yahoo.datasketches#sketches-core;0.9.0 from central in [default]
[2025-05-26T04:42:00.589+0000] {spark_submit.py:649} INFO - com.zaxxer#HikariCP;2.6.1 from central in [default]
[2025-05-26T04:42:00.590+0000] {spark_submit.py:649} INFO - com.zaxxer#HikariCP-java7;2.4.12 from user-list in [default]
[2025-05-26T04:42:00.590+0000] {spark_submit.py:649} INFO - commons-beanutils#commons-beanutils;1.9.3 from central in [default]
[2025-05-26T04:42:00.590+0000] {spark_submit.py:649} INFO - commons-cli#commons-cli;1.2 from user-list in [default]
[2025-05-26T04:42:00.590+0000] {spark_submit.py:649} INFO - commons-codec#commons-codec;1.15 from central in [default]
[2025-05-26T04:42:00.591+0000] {spark_submit.py:649} INFO - commons-collections#commons-collections;3.2.2 from user-list in [default]
[2025-05-26T04:42:00.591+0000] {spark_submit.py:649} INFO - commons-daemon#commons-daemon;1.0.13 from user-list in [default]
[2025-05-26T04:42:00.591+0000] {spark_submit.py:649} INFO - commons-dbcp#commons-dbcp;1.4 from central in [default]
[2025-05-26T04:42:00.592+0000] {spark_submit.py:649} INFO - commons-io#commons-io;2.6 from user-list in [default]
[2025-05-26T04:42:00.592+0000] {spark_submit.py:649} INFO - commons-lang#commons-lang;2.6 from central in [default]
[2025-05-26T04:42:00.592+0000] {spark_submit.py:649} INFO - commons-logging#commons-logging;1.2 from user-list in [default]
[2025-05-26T04:42:00.593+0000] {spark_submit.py:649} INFO - commons-net#commons-net;3.6 from central in [default]
[2025-05-26T04:42:00.593+0000] {spark_submit.py:649} INFO - commons-pool#commons-pool;1.5.4 from central in [default]
[2025-05-26T04:42:00.593+0000] {spark_submit.py:649} INFO - de.ruedigermoeller#fst;2.50 from central in [default]
[2025-05-26T04:42:00.593+0000] {spark_submit.py:649} INFO - dnsjava#dnsjava;2.1.7 from central in [default]
[2025-05-26T04:42:00.593+0000] {spark_submit.py:649} INFO - io.airlift#aircompressor;0.10 from user-list in [default]
[2025-05-26T04:42:00.594+0000] {spark_submit.py:649} INFO - io.dropwizard.metrics#metrics-core;3.2.1 from central in [default]
[2025-05-26T04:42:00.594+0000] {spark_submit.py:649} INFO - io.dropwizard.metrics#metrics-json;3.1.0 from central in [default]
[2025-05-26T04:42:00.594+0000] {spark_submit.py:649} INFO - io.dropwizard.metrics#metrics-jvm;3.1.0 from central in [default]
[2025-05-26T04:42:00.594+0000] {spark_submit.py:649} INFO - io.netty#netty;3.7.0.Final from user-list in [default]
[2025-05-26T04:42:00.595+0000] {spark_submit.py:649} INFO - io.netty#netty-buffer;4.1.17.Final from central in [default]
[2025-05-26T04:42:00.595+0000] {spark_submit.py:649} INFO - io.netty#netty-common;4.1.17.Final from central in [default]
[2025-05-26T04:42:00.595+0000] {spark_submit.py:649} INFO - it.unimi.dsi#fastutil;6.5.6 from central in [default]
[2025-05-26T04:42:00.595+0000] {spark_submit.py:649} INFO - jakarta.activation#jakarta.activation-api;1.2.1 from user-list in [default]
[2025-05-26T04:42:00.596+0000] {spark_submit.py:649} INFO - jakarta.xml.bind#jakarta.xml.bind-api;2.3.2 from central in [default]
[2025-05-26T04:42:00.596+0000] {spark_submit.py:649} INFO - javax.inject#javax.inject;1 from user-list in [default]
[2025-05-26T04:42:00.596+0000] {spark_submit.py:649} INFO - javax.jdo#jdo-api;3.0.1 from central in [default]
[2025-05-26T04:42:00.596+0000] {spark_submit.py:649} INFO - javax.servlet#javax.servlet-api;3.1.0 from central in [default]
[2025-05-26T04:42:00.596+0000] {spark_submit.py:649} INFO - javax.servlet.jsp#jsp-api;2.1 from central in [default]
[2025-05-26T04:42:00.597+0000] {spark_submit.py:649} INFO - javax.transaction#jta;1.1 from user-list in [default]
[2025-05-26T04:42:00.597+0000] {spark_submit.py:649} INFO - javax.transaction#transaction-api;1.1 from central in [default]
[2025-05-26T04:42:00.597+0000] {spark_submit.py:649} INFO - javax.ws.rs#jsr311-api;1.1.1 from user-list in [default]
[2025-05-26T04:42:00.597+0000] {spark_submit.py:649} INFO - javax.xml.bind#jaxb-api;2.2.11 from central in [default]
[2025-05-26T04:42:00.598+0000] {spark_submit.py:649} INFO - javolution#javolution;5.5.1 from central in [default]
[2025-05-26T04:42:00.598+0000] {spark_submit.py:649} INFO - jline#jline;2.12 from central in [default]
[2025-05-26T04:42:00.598+0000] {spark_submit.py:649} INFO - joda-time#joda-time;2.9.9 from central in [default]
[2025-05-26T04:42:00.598+0000] {spark_submit.py:649} INFO - junit#junit;4.11 from central in [default]
[2025-05-26T04:42:00.598+0000] {spark_submit.py:649} INFO - log4j#log4j;1.2.17 from central in [default]
[2025-05-26T04:42:00.599+0000] {spark_submit.py:649} INFO - net.minidev#accessors-smart;1.2 from central in [default]
[2025-05-26T04:42:00.599+0000] {spark_submit.py:649} INFO - net.minidev#json-smart;2.3 from central in [default]
[2025-05-26T04:42:00.599+0000] {spark_submit.py:649} INFO - net.sf.jpam#jpam;1.1 from user-list in [default]
[2025-05-26T04:42:00.599+0000] {spark_submit.py:649} INFO - net.sf.opencsv#opencsv;2.3 from central in [default]
[2025-05-26T04:42:00.600+0000] {spark_submit.py:649} INFO - org.antlr#ST4;4.0.4 from central in [default]
[2025-05-26T04:42:00.600+0000] {spark_submit.py:649} INFO - org.antlr#antlr-runtime;3.5.2 from central in [default]
[2025-05-26T04:42:00.600+0000] {spark_submit.py:649} INFO - org.apache.ant#ant;1.9.1 from central in [default]
[2025-05-26T04:42:00.600+0000] {spark_submit.py:649} INFO - org.apache.ant#ant-launcher;1.9.1 from central in [default]
[2025-05-26T04:42:00.601+0000] {spark_submit.py:649} INFO - org.apache.arrow#arrow-format;0.8.0 from central in [default]
[2025-05-26T04:42:00.601+0000] {spark_submit.py:649} INFO - org.apache.arrow#arrow-memory;0.8.0 from user-list in [default]
[2025-05-26T04:42:00.602+0000] {spark_submit.py:649} INFO - org.apache.arrow#arrow-vector;0.8.0 from central in [default]
[2025-05-26T04:42:00.602+0000] {spark_submit.py:649} INFO - org.apache.avro#avro;1.8.2 from central in [default]
[2025-05-26T04:42:00.602+0000] {spark_submit.py:649} INFO - org.apache.calcite#calcite-core;1.16.0 from central in [default]
[2025-05-26T04:42:00.603+0000] {spark_submit.py:649} INFO - org.apache.calcite#calcite-linq4j;1.16.0 from user-list in [default]
[2025-05-26T04:42:00.603+0000] {spark_submit.py:649} INFO - org.apache.calcite.avatica#avatica;1.11.0 from central in [default]
[2025-05-26T04:42:00.603+0000] {spark_submit.py:649} INFO - org.apache.commons#commons-compress;1.19 from central in [default]
[2025-05-26T04:42:00.603+0000] {spark_submit.py:649} INFO - org.apache.commons#commons-configuration2;2.1.1 from central in [default]
[2025-05-26T04:42:00.604+0000] {spark_submit.py:649} INFO - org.apache.commons#commons-crypto;1.0.0 from central in [default]
[2025-05-26T04:42:00.604+0000] {spark_submit.py:649} INFO - org.apache.commons#commons-lang3;3.9 from user-list in [default]
[2025-05-26T04:42:00.604+0000] {spark_submit.py:649} INFO - org.apache.commons#commons-math3;3.1.1 from central in [default]
[2025-05-26T04:42:00.604+0000] {spark_submit.py:649} INFO - org.apache.derby#derby;10.14.1.0 from user-list in [default]
[2025-05-26T04:42:00.605+0000] {spark_submit.py:649} INFO - org.apache.geronimo.specs#geronimo-jcache_1.0_spec;1.0-alpha-1 from central in [default]
[2025-05-26T04:42:00.605+0000] {spark_submit.py:649} INFO - org.apache.hadoop#hadoop-annotations;3.1.0 from central in [default]
[2025-05-26T04:42:00.605+0000] {spark_submit.py:649} INFO - org.apache.hadoop#hadoop-auth;3.1.0 from central in [default]
[2025-05-26T04:42:00.605+0000] {spark_submit.py:649} INFO - org.apache.hadoop#hadoop-client-api;3.3.4 from central in [default]
[2025-05-26T04:42:00.606+0000] {spark_submit.py:649} INFO - org.apache.hadoop#hadoop-client-runtime;3.3.4 from central in [default]
[2025-05-26T04:42:00.606+0000] {spark_submit.py:649} INFO - org.apache.hadoop#hadoop-common;3.1.0 from central in [default]
[2025-05-26T04:42:00.606+0000] {spark_submit.py:649} INFO - org.apache.hadoop#hadoop-yarn-api;3.1.0 from user-list in [default]
[2025-05-26T04:42:00.606+0000] {spark_submit.py:649} INFO - org.apache.hadoop#hadoop-yarn-common;3.1.0 from central in [default]
[2025-05-26T04:42:00.606+0000] {spark_submit.py:649} INFO - org.apache.hadoop#hadoop-yarn-registry;3.1.0 from central in [default]
[2025-05-26T04:42:00.607+0000] {spark_submit.py:649} INFO - org.apache.hadoop#hadoop-yarn-server-applicationhistoryservice;3.1.0 from central in [default]
[2025-05-26T04:42:00.607+0000] {spark_submit.py:649} INFO - org.apache.hadoop#hadoop-yarn-server-common;3.1.0 from user-list in [default]
[2025-05-26T04:42:00.607+0000] {spark_submit.py:649} INFO - org.apache.hadoop#hadoop-yarn-server-resourcemanager;3.1.0 from central in [default]
[2025-05-26T04:42:00.607+0000] {spark_submit.py:649} INFO - org.apache.hadoop#hadoop-yarn-server-web-proxy;3.1.0 from central in [default]
[2025-05-26T04:42:00.608+0000] {spark_submit.py:649} INFO - org.apache.hbase#hbase-client;2.0.0-alpha4 from central in [default]
[2025-05-26T04:42:00.608+0000] {spark_submit.py:649} INFO - org.apache.hbase#hbase-protocol;2.0.0-alpha4 from user-list in [default]
[2025-05-26T04:42:00.608+0000] {spark_submit.py:649} INFO - org.apache.hbase#hbase-protocol-shaded;2.0.0-alpha4 from central in [default]
[2025-05-26T04:42:00.608+0000] {spark_submit.py:649} INFO - org.apache.hbase.thirdparty#hbase-shaded-miscellaneous;1.0.1 from central in [default]
[2025-05-26T04:42:00.609+0000] {spark_submit.py:649} INFO - org.apache.hbase.thirdparty#hbase-shaded-netty;1.0.1 from central in [default]
[2025-05-26T04:42:00.609+0000] {spark_submit.py:649} INFO - org.apache.hbase.thirdparty#hbase-shaded-protobuf;1.0.1 from central in [default]
[2025-05-26T04:42:00.609+0000] {spark_submit.py:649} INFO - org.apache.hive#hive-classification;3.1.3 from central in [default]
[2025-05-26T04:42:00.610+0000] {spark_submit.py:649} INFO - org.apache.hive#hive-common;3.1.3 from central in [default]
[2025-05-26T04:42:00.610+0000] {spark_submit.py:649} INFO - org.apache.hive#hive-exec;3.1.3 from user-list in [default]
[2025-05-26T04:42:00.610+0000] {spark_submit.py:649} INFO - org.apache.hive#hive-llap-client;3.1.3 from central in [default]
[2025-05-26T04:42:00.610+0000] {spark_submit.py:649} INFO - org.apache.hive#hive-llap-common;3.1.3 from central in [default]
[2025-05-26T04:42:00.610+0000] {spark_submit.py:649} INFO - org.apache.hive#hive-llap-tez;3.1.3 from central in [default]
[2025-05-26T04:42:00.611+0000] {spark_submit.py:649} INFO - org.apache.hive#hive-metastore;3.1.3 from user-list in [default]
[2025-05-26T04:42:00.611+0000] {spark_submit.py:649} INFO - org.apache.hive#hive-serde;3.1.3 from central in [default]
[2025-05-26T04:42:00.611+0000] {spark_submit.py:649} INFO - org.apache.hive#hive-service-rpc;3.1.3 from central in [default]
[2025-05-26T04:42:00.611+0000] {spark_submit.py:649} INFO - org.apache.hive#hive-shims;3.1.3 from central in [default]
[2025-05-26T04:42:00.612+0000] {spark_submit.py:649} INFO - org.apache.hive#hive-standalone-metastore;3.1.3 from central in [default]
[2025-05-26T04:42:00.612+0000] {spark_submit.py:649} INFO - org.apache.hive#hive-storage-api;2.7.0 from central in [default]
[2025-05-26T04:42:00.613+0000] {spark_submit.py:649} INFO - org.apache.hive#hive-upgrade-acid;3.1.3 from central in [default]
[2025-05-26T04:42:00.613+0000] {spark_submit.py:649} INFO - org.apache.hive.shims#hive-shims-0.23;3.1.3 from central in [default]
[2025-05-26T04:42:00.613+0000] {spark_submit.py:649} INFO - org.apache.hive.shims#hive-shims-common;3.1.3 from central in [default]
[2025-05-26T04:42:00.613+0000] {spark_submit.py:649} INFO - org.apache.hive.shims#hive-shims-scheduler;3.1.3 from central in [default]
[2025-05-26T04:42:00.613+0000] {spark_submit.py:649} INFO - org.apache.htrace#htrace-core;3.2.0-incubating from central in [default]
[2025-05-26T04:42:00.614+0000] {spark_submit.py:649} INFO - org.apache.htrace#htrace-core4;4.1.0-incubating from user-list in [default]
[2025-05-26T04:42:00.614+0000] {spark_submit.py:649} INFO - org.apache.httpcomponents#httpclient;4.5.13 from central in [default]
[2025-05-26T04:42:00.614+0000] {spark_submit.py:649} INFO - org.apache.httpcomponents#httpcore;4.4.13 from central in [default]
[2025-05-26T04:42:00.614+0000] {spark_submit.py:649} INFO - org.apache.ivy#ivy;2.4.0 from central in [default]
[2025-05-26T04:42:00.614+0000] {spark_submit.py:649} INFO - org.apache.kerby#kerb-admin;1.0.1 from user-list in [default]
[2025-05-26T04:42:00.615+0000] {spark_submit.py:649} INFO - org.apache.kerby#kerb-client;1.0.1 from central in [default]
[2025-05-26T04:42:00.615+0000] {spark_submit.py:649} INFO - org.apache.kerby#kerb-common;1.0.1 from central in [default]
[2025-05-26T04:42:00.615+0000] {spark_submit.py:649} INFO - org.apache.kerby#kerb-core;1.0.1 from user-list in [default]
[2025-05-26T04:42:00.615+0000] {spark_submit.py:649} INFO - org.apache.kerby#kerb-crypto;1.0.1 from central in [default]
[2025-05-26T04:42:00.616+0000] {spark_submit.py:649} INFO - org.apache.kerby#kerb-identity;1.0.1 from user-list in [default]
[2025-05-26T04:42:00.616+0000] {spark_submit.py:649} INFO - org.apache.kerby#kerb-server;1.0.1 from central in [default]
[2025-05-26T04:42:00.616+0000] {spark_submit.py:649} INFO - org.apache.kerby#kerb-simplekdc;1.0.1 from central in [default]
[2025-05-26T04:42:00.616+0000] {spark_submit.py:649} INFO - org.apache.kerby#kerb-util;1.0.1 from user-list in [default]
[2025-05-26T04:42:00.617+0000] {spark_submit.py:649} INFO - org.apache.kerby#kerby-asn1;1.0.1 from central in [default]
[2025-05-26T04:42:00.617+0000] {spark_submit.py:649} INFO - org.apache.kerby#kerby-config;1.0.1 from central in [default]
[2025-05-26T04:42:00.617+0000] {spark_submit.py:649} INFO - org.apache.kerby#kerby-pkix;1.0.1 from central in [default]
[2025-05-26T04:42:00.617+0000] {spark_submit.py:649} INFO - org.apache.kerby#kerby-util;1.0.1 from central in [default]
[2025-05-26T04:42:00.617+0000] {spark_submit.py:649} INFO - org.apache.kerby#kerby-xdr;1.0.1 from central in [default]
[2025-05-26T04:42:00.618+0000] {spark_submit.py:649} INFO - org.apache.kerby#token-provider;1.0.1 from user-list in [default]
[2025-05-26T04:42:00.618+0000] {spark_submit.py:649} INFO - org.apache.logging.log4j#log4j-1.2-api;2.17.1 from central in [default]
[2025-05-26T04:42:00.618+0000] {spark_submit.py:649} INFO - org.apache.logging.log4j#log4j-api;2.10.0 from user-list in [default]
[2025-05-26T04:42:00.618+0000] {spark_submit.py:649} INFO - org.apache.logging.log4j#log4j-core;2.17.1 from central in [default]
[2025-05-26T04:42:00.619+0000] {spark_submit.py:649} INFO - org.apache.logging.log4j#log4j-slf4j-impl;2.17.1 from central in [default]
[2025-05-26T04:42:00.619+0000] {spark_submit.py:649} INFO - org.apache.logging.log4j#log4j-web;2.17.1 from central in [default]
[2025-05-26T04:42:00.619+0000] {spark_submit.py:649} INFO - org.apache.orc#orc-core;1.5.8 from user-list in [default]
[2025-05-26T04:42:00.619+0000] {spark_submit.py:649} INFO - org.apache.orc#orc-shims;1.5.8 from central in [default]
[2025-05-26T04:42:00.619+0000] {spark_submit.py:649} INFO - org.apache.parquet#parquet-hadoop-bundle;1.10.0 from central in [default]
[2025-05-26T04:42:00.620+0000] {spark_submit.py:649} INFO - org.apache.thrift#libfb303;0.9.3 from central in [default]
[2025-05-26T04:42:00.620+0000] {spark_submit.py:649} INFO - org.apache.thrift#libthrift;0.9.3 from central in [default]
[2025-05-26T04:42:00.620+0000] {spark_submit.py:649} INFO - org.apache.twill#twill-api;0.6.0-incubating from user-list in [default]
[2025-05-26T04:42:00.620+0000] {spark_submit.py:649} INFO - org.apache.twill#twill-common;0.6.0-incubating from user-list in [default]
[2025-05-26T04:42:00.621+0000] {spark_submit.py:649} INFO - org.apache.twill#twill-core;0.6.0-incubating from user-list in [default]
[2025-05-26T04:42:00.621+0000] {spark_submit.py:649} INFO - org.apache.twill#twill-discovery-api;0.6.0-incubating from central in [default]
[2025-05-26T04:42:00.621+0000] {spark_submit.py:649} INFO - org.apache.twill#twill-discovery-core;0.6.0-incubating from central in [default]
[2025-05-26T04:42:00.621+0000] {spark_submit.py:649} INFO - org.apache.twill#twill-zookeeper;0.6.0-incubating from user-list in [default]
[2025-05-26T04:42:00.622+0000] {spark_submit.py:649} INFO - org.apache.yetus#audience-annotations;0.5.0 from central in [default]
[2025-05-26T04:42:00.622+0000] {spark_submit.py:649} INFO - org.apache.zookeeper#zookeeper;3.4.6 from user-list in [default]
[2025-05-26T04:42:00.622+0000] {spark_submit.py:649} INFO - org.codehaus.groovy#groovy-all;2.4.11 from central in [default]
[2025-05-26T04:42:00.623+0000] {spark_submit.py:649} INFO - org.codehaus.jackson#jackson-core-asl;1.9.13 from central in [default]
[2025-05-26T04:42:00.623+0000] {spark_submit.py:649} INFO - org.codehaus.jackson#jackson-jaxrs;1.9.13 from central in [default]
[2025-05-26T04:42:00.623+0000] {spark_submit.py:649} INFO - org.codehaus.jackson#jackson-mapper-asl;1.9.13 from user-list in [default]
[2025-05-26T04:42:00.623+0000] {spark_submit.py:649} INFO - org.codehaus.jackson#jackson-xc;1.9.13 from user-list in [default]
[2025-05-26T04:42:00.624+0000] {spark_submit.py:649} INFO - org.codehaus.janino#commons-compiler;2.7.6 from central in [default]
[2025-05-26T04:42:00.624+0000] {spark_submit.py:649} INFO - org.codehaus.janino#janino;2.7.6 from central in [default]
[2025-05-26T04:42:00.624+0000] {spark_submit.py:649} INFO - org.codehaus.jettison#jettison;1.1 from central in [default]
[2025-05-26T04:42:00.624+0000] {spark_submit.py:649} INFO - org.codehaus.woodstox#stax2-api;3.1.4 from central in [default]
[2025-05-26T04:42:00.624+0000] {spark_submit.py:649} INFO - org.datanucleus#datanucleus-api-jdo;4.2.4 from user-list in [default]
[2025-05-26T04:42:00.625+0000] {spark_submit.py:649} INFO - org.datanucleus#datanucleus-core;4.1.17 from user-list in [default]
[2025-05-26T04:42:00.625+0000] {spark_submit.py:649} INFO - org.datanucleus#datanucleus-rdbms;4.1.19 from central in [default]
[2025-05-26T04:42:00.625+0000] {spark_submit.py:649} INFO - org.datanucleus#javax.jdo;3.2.0-m3 from central in [default]
[2025-05-26T04:42:00.625+0000] {spark_submit.py:649} INFO - org.eclipse.jetty#jetty-client;9.3.20.v20170531 from central in [default]
[2025-05-26T04:42:00.626+0000] {spark_submit.py:649} INFO - org.eclipse.jetty#jetty-http;9.3.20.v20170531 from central in [default]
[2025-05-26T04:42:00.626+0000] {spark_submit.py:649} INFO - org.eclipse.jetty#jetty-io;9.3.20.v20170531 from user-list in [default]
[2025-05-26T04:42:00.626+0000] {spark_submit.py:649} INFO - org.eclipse.jetty#jetty-rewrite;9.3.20.v20170531 from central in [default]
[2025-05-26T04:42:00.626+0000] {spark_submit.py:649} INFO - org.eclipse.jetty#jetty-security;9.3.20.v20170531 from central in [default]
[2025-05-26T04:42:00.626+0000] {spark_submit.py:649} INFO - org.eclipse.jetty#jetty-server;9.3.20.v20170531 from central in [default]
[2025-05-26T04:42:00.627+0000] {spark_submit.py:649} INFO - org.eclipse.jetty#jetty-servlet;9.3.20.v20170531 from user-list in [default]
[2025-05-26T04:42:00.627+0000] {spark_submit.py:649} INFO - org.eclipse.jetty#jetty-util;9.3.19.v20170502 from user-list in [default]
[2025-05-26T04:42:00.627+0000] {spark_submit.py:649} INFO - org.eclipse.jetty#jetty-util-ajax;9.3.19.v20170502 from central in [default]
[2025-05-26T04:42:00.628+0000] {spark_submit.py:649} INFO - org.eclipse.jetty#jetty-webapp;9.3.20.v20170531 from central in [default]
[2025-05-26T04:42:00.628+0000] {spark_submit.py:649} INFO - org.eclipse.jetty#jetty-xml;9.3.20.v20170531 from central in [default]
[2025-05-26T04:42:00.628+0000] {spark_submit.py:649} INFO - org.ehcache#ehcache;3.3.1 from user-list in [default]
[2025-05-26T04:42:00.628+0000] {spark_submit.py:649} INFO - org.fusesource.leveldbjni#leveldbjni-all;1.8 from central in [default]
[2025-05-26T04:42:00.628+0000] {spark_submit.py:649} INFO - org.hamcrest#hamcrest-core;1.3 from central in [default]
[2025-05-26T04:42:00.629+0000] {spark_submit.py:649} INFO - org.jruby.jcodings#jcodings;1.0.18 from central in [default]
[2025-05-26T04:42:00.629+0000] {spark_submit.py:649} INFO - org.jruby.joni#joni;2.1.11 from central in [default]
[2025-05-26T04:42:00.629+0000] {spark_submit.py:649} INFO - org.ow2.asm#asm;5.0.4 from central in [default]
[2025-05-26T04:42:00.629+0000] {spark_submit.py:649} INFO - org.slf4j#slf4j-api;1.7.36 from central in [default]
[2025-05-26T04:42:00.630+0000] {spark_submit.py:649} INFO - org.slf4j#slf4j-log4j12;1.6.1 from user-list in [default]
[2025-05-26T04:42:00.630+0000] {spark_submit.py:649} INFO - org.tukaani#xz;1.5 from central in [default]
[2025-05-26T04:42:00.630+0000] {spark_submit.py:649} INFO - org.xerial.snappy#snappy-java;1.1.8.2 from central in [default]
[2025-05-26T04:42:00.631+0000] {spark_submit.py:649} INFO - sqlline#sqlline;1.3.0 from user-list in [default]
[2025-05-26T04:42:00.631+0000] {spark_submit.py:649} INFO - stax#stax-api;1.0.1 from central in [default]
[2025-05-26T04:42:00.631+0000] {spark_submit.py:649} INFO - :: evicted modules:
[2025-05-26T04:42:00.631+0000] {spark_submit.py:649} INFO - org.slf4j#slf4j-api;1.7.10 by [org.slf4j#slf4j-api;1.7.36] in [default]
[2025-05-26T04:42:00.632+0000] {spark_submit.py:649} INFO - log4j#log4j;1.2.16 by [log4j#log4j;1.2.17] in [default]
[2025-05-26T04:42:00.633+0000] {spark_submit.py:649} INFO - commons-logging#commons-logging;1.1.3 by [commons-logging#commons-logging;1.2] in [default]
[2025-05-26T04:42:00.633+0000] {spark_submit.py:649} INFO - org.apache.commons#commons-lang3;3.4 by [org.apache.commons#commons-lang3;3.9] in [default]
[2025-05-26T04:42:00.633+0000] {spark_submit.py:649} INFO - org.xerial.snappy#snappy-java;1.1.4 by [org.xerial.snappy#snappy-java;1.1.8.2] in [default]
[2025-05-26T04:42:00.633+0000] {spark_submit.py:649} INFO - com.google.code.findbugs#jsr305;3.0.0 by [com.google.code.findbugs#jsr305;3.0.1] in [default]
[2025-05-26T04:42:00.634+0000] {spark_submit.py:649} INFO - commons-logging#commons-logging;1.0.4 by [commons-logging#commons-logging;1.2] in [default]
[2025-05-26T04:42:00.634+0000] {spark_submit.py:649} INFO - io.dropwizard.metrics#metrics-core;3.1.0 by [io.dropwizard.metrics#metrics-core;3.2.1] in [default]
[2025-05-26T04:42:00.634+0000] {spark_submit.py:649} INFO - io.dropwizard.metrics#metrics-core;3.1.2 by [io.dropwizard.metrics#metrics-core;3.1.0] in [default]
[2025-05-26T04:42:00.634+0000] {spark_submit.py:649} INFO - com.google.code.findbugs#jsr305;3.0.2 by [com.google.code.findbugs#jsr305;3.0.1] in [default]
[2025-05-26T04:42:00.635+0000] {spark_submit.py:649} INFO - org.apache.commons#commons-lang3;3.2 by [org.apache.commons#commons-lang3;3.9] in [default]
[2025-05-26T04:42:00.635+0000] {spark_submit.py:649} INFO - org.apache.commons#commons-lang3;3.6 by [org.apache.commons#commons-lang3;3.9] in [default]
[2025-05-26T04:42:00.635+0000] {spark_submit.py:649} INFO - com.google.inject#guice;3.0 by [com.google.inject#guice;4.0] in [default]
[2025-05-26T04:42:00.636+0000] {spark_submit.py:649} INFO - com.google.code.findbugs#jsr305;2.0.1 by [com.google.code.findbugs#jsr305;3.0.0] in [default]
[2025-05-26T04:42:00.636+0000] {spark_submit.py:649} INFO - com.google.guava#guava;14.0.1 by [com.google.guava#guava;19.0] in [default]
[2025-05-26T04:42:00.636+0000] {spark_submit.py:649} INFO - ---------------------------------------------------------------------
[2025-05-26T04:42:00.636+0000] {spark_submit.py:649} INFO - |                  |            modules            ||   artifacts   |
[2025-05-26T04:42:00.637+0000] {spark_submit.py:649} INFO - |       conf       | number| search|dwnlded|evicted|| number|dwnlded|
[2025-05-26T04:42:00.637+0000] {spark_submit.py:649} INFO - ---------------------------------------------------------------------
[2025-05-26T04:42:00.637+0000] {spark_submit.py:649} INFO - |      default     |  224  |   0   |   0   |   15  ||  209  |   0   |
[2025-05-26T04:42:00.638+0000] {spark_submit.py:649} INFO - ---------------------------------------------------------------------
[2025-05-26T04:42:00.638+0000] {spark_submit.py:649} INFO - :: retrieving :: org.apache.spark#spark-submit-parent-a2b5026c-c3d7-4afb-b843-c2a371bbacfc
[2025-05-26T04:42:00.638+0000] {spark_submit.py:649} INFO - confs: [default]
[2025-05-26T04:42:00.638+0000] {spark_submit.py:649} INFO - 0 artifacts copied, 209 already retrieved (0kB/13ms)
[2025-05-26T04:42:00.811+0000] {spark_submit.py:649} INFO - 25/05/26 04:42:00 INFO IsolatedClientLoader: Downloaded metastore jars to /tmp/hive-v3_1-a4ad72cd-d949-4818-8e69-705a321a3658
[2025-05-26T04:42:01.053+0000] {spark_submit.py:649} INFO - Hive Session ID = d5558785-bcf5-4903-b276-e59ff0ecd993
[2025-05-26T04:42:01.088+0000] {spark_submit.py:649} INFO - 25/05/26 04:42:01 INFO HiveClientImpl: Warehouse location for Hive client (version 3.1.3) is file:/opt/airflow/spark-warehouse
[2025-05-26T04:42:01.299+0000] {spark_submit.py:649} INFO - 25/05/26 04:42:01 WARN MetricsConfig: Cannot locate configuration: tried hadoop-metrics2-s3a-file-system.properties,hadoop-metrics2.properties
[2025-05-26T04:42:01.304+0000] {spark_submit.py:649} INFO - 25/05/26 04:42:01 INFO MetricsSystemImpl: Scheduled Metric snapshot period at 10 second(s).
[2025-05-26T04:42:01.305+0000] {spark_submit.py:649} INFO - 25/05/26 04:42:01 INFO MetricsSystemImpl: s3a-file-system metrics system started
[2025-05-26T04:42:01.790+0000] {spark_submit.py:649} INFO - 25/05/26 04:42:01 INFO DelegatingLogStore: LogStore LogStoreAdapter(io.delta.storage.S3SingleDriverLogStore) is used for scheme s3a
[2025-05-26T04:42:01.874+0000] {spark_submit.py:649} INFO - 25/05/26 04:42:01 INFO DeltaLog: Loading version 0.
[2025-05-26T04:42:02.137+0000] {spark_submit.py:649} INFO - 25/05/26 04:42:02 INFO Snapshot: [tableId=2fae3597-f8a4-42f8-bd97-4a8c59a41bd1] Created snapshot Snapshot(path=s3a://medical-bucket/curated/transactional/medical-data-sample/dim_date/_delta_log, version=0, metadata=Metadata(413701e2-c4bb-4226-ab7a-a38aefb0086f,null,null,Format(parquet,Map()),{"type":"struct","fields":[{"name":"Date_Key","type":"integer","nullable":true,"metadata":{}},{"name":"Date","type":"date","nullable":true,"metadata":{}},{"name":"Year","type":"integer","nullable":true,"metadata":{}},{"name":"Month_Number","type":"integer","nullable":true,"metadata":{}},{"name":"Month_Name_Short","type":"string","nullable":true,"metadata":{}},{"name":"Month_Name_Long","type":"string","nullable":true,"metadata":{}},{"name":"Day_Of_Week_Number","type":"integer","nullable":true,"metadata":{}},{"name":"Day_Of_Week","type":"string","nullable":true,"metadata":{}},{"name":"Day_Of_Week_Short","type":"string","nullable":true,"metadata":{}},{"name":"quarter","type":"integer","nullable":true,"metadata":{}},{"name":"Year_Quarter","type":"string","nullable":true,"metadata":{}},{"name":"End_Of_Month","type":"date","nullable":true,"metadata":{}}]},List(),Map(),Some(1748228243326)), logSegment=LogSegment(s3a://medical-bucket/curated/transactional/medical-data-sample/dim_date/_delta_log,0,WrappedArray(S3AFileStatus{path=s3a://medical-bucket/curated/transactional/medical-data-sample/dim_date/_delta_log/00000000000000000000.json; isDirectory=false; length=3843; replication=1; blocksize=33554432; modification_time=1748228458552; access_time=0; owner=airflow; group=airflow; permission=rw-rw-rw-; isSymlink=false; hasAcl=false; isEncrypted=true; isErasureCoded=false} isEmptyDirectory=FALSE eTag=631a13e9998677c41c856222cdb3167c versionId=null),org.apache.spark.sql.delta.EmptyCheckpointProvider$@4a3d83b1,1748228458552), checksumOpt=Some(VersionChecksum(Some(351f727e-a738-4a5c-b292-c81fb9748946),108769,2,None,None,1,1,None,Some(List()),Some(List()),Metadata(413701e2-c4bb-4226-ab7a-a38aefb0086f,null,null,Format(parquet,Map()),{"type":"struct","fields":[{"name":"Date_Key","type":"integer","nullable":true,"metadata":{}},{"name":"Date","type":"date","nullable":true,"metadata":{}},{"name":"Year","type":"integer","nullable":true,"metadata":{}},{"name":"Month_Number","type":"integer","nullable":true,"metadata":{}},{"name":"Month_Name_Short","type":"string","nullable":true,"metadata":{}},{"name":"Month_Name_Long","type":"string","nullable":true,"metadata":{}},{"name":"Day_Of_Week_Number","type":"integer","nullable":true,"metadata":{}},{"name":"Day_Of_Week","type":"string","nullable":true,"metadata":{}},{"name":"Day_Of_Week_Short","type":"string","nullable":true,"metadata":{}},{"name":"quarter","type":"integer","nullable":true,"metadata":{}},{"name":"Year_Quarter","type":"string","nullable":true,"metadata":{}},{"name":"End_Of_Month","type":"date","nullable":true,"metadata":{}}]},List(),Map(),Some(1748228243326)),Protocol(1,2),None,None,Some(List(AddFile(part-00000-f9846bbb-63cd-4eac-bdb1-f6a56a94e080-c000.snappy.parquet,Map(),105483,1748228456000,false,{"numRecords":12054,"minValues":{"Date_Key":19900101,"Date":"1990-01-01","Year":1990,"Month_Number":1,"Month_Name_Short":"Apr","Month_Name_Long":"April","Day_Of_Week_Number":1,"Day_Of_Week":"Friday","Day_Of_Week_Short":"Fri","quarter":1,"Year_Quarter":"1990_Q1","End_Of_Month":"1990-01-31"},"maxValues":{"Date_Key":20230101,"Date":"2023-01-01","Year":2023,"Month_Number":12,"Month_Name_Short":"Sep","Month_Name_Long":"September","Day_Of_Week_Number":7,"Day_Of_Week":"Wednesday","Day_Of_Week_Short":"Wed","quarter":4,"Year_Quarter":"2023_Q1","End_Of_Month":"2023-01-31"},"nullCount":{"Date_Key":0,"Date":0,"Year":0,"Month_Number":0,"Month_Name_Short":0,"Month_Name_Long":0,"Day_Of_Week_Number":0,"Day_Of_Week":0,"Day_Of_Week_Short":0,"quarter":0,"Year_Quarter":0,"End_Of_Month":0}},null,null,None,None,None), AddFile(part-00001-5fa62bcb-8731-491a-90a9-d7fdafcc3971-c000.snappy.parquet,Map(),3286,1748228456000,false,{"numRecords":1,"minValues":{"Date_Key":99991231,"Date":"9999-12-31","Year":9999,"Month_Number":12,"Month_Name_Short":"Dec","Month_Name_Long":"December","Day_Of_Week_Number":6,"Day_Of_Week":"Friday","Day_Of_Week_Short":"Fri","quarter":4,"Year_Quarter":"9999_Q4","End_Of_Month":"9999-12-31"},"maxValues":{"Date_Key":99991231,"Date":"9999-12-31","Year":9999,"Month_Number":12,"Month_Name_Short":"Dec","Month_Name_Long":"December","Day_Of_Week_Number":6,"Day_Of_Week":"Friday","Day_Of_Week_Short":"Fri","quarter":4,"Year_Quarter":"9999_Q4","End_Of_Month":"9999-12-31"},"nullCount":{"Date_Key":0,"Date":0,"Year":0,"Month_Number":0,"Month_Name_Short":0,"Month_Name_Long":0,"Day_Of_Week_Number":0,"Day_Of_Week":0,"Day_Of_Week_Short":0,"quarter":0,"Year_Quarter":0,"End_Of_Month":0}},null,null,None,None,None))))))
[2025-05-26T04:42:02.159+0000] {spark_submit.py:649} INFO - 25/05/26 04:42:02 INFO DeltaLog: Updated snapshot to Snapshot(path=s3a://medical-bucket/curated/transactional/medical-data-sample/dim_date/_delta_log, version=0, metadata=Metadata(413701e2-c4bb-4226-ab7a-a38aefb0086f,null,null,Format(parquet,Map()),{"type":"struct","fields":[{"name":"Date_Key","type":"integer","nullable":true,"metadata":{}},{"name":"Date","type":"date","nullable":true,"metadata":{}},{"name":"Year","type":"integer","nullable":true,"metadata":{}},{"name":"Month_Number","type":"integer","nullable":true,"metadata":{}},{"name":"Month_Name_Short","type":"string","nullable":true,"metadata":{}},{"name":"Month_Name_Long","type":"string","nullable":true,"metadata":{}},{"name":"Day_Of_Week_Number","type":"integer","nullable":true,"metadata":{}},{"name":"Day_Of_Week","type":"string","nullable":true,"metadata":{}},{"name":"Day_Of_Week_Short","type":"string","nullable":true,"metadata":{}},{"name":"quarter","type":"integer","nullable":true,"metadata":{}},{"name":"Year_Quarter","type":"string","nullable":true,"metadata":{}},{"name":"End_Of_Month","type":"date","nullable":true,"metadata":{}}]},List(),Map(),Some(1748228243326)), logSegment=LogSegment(s3a://medical-bucket/curated/transactional/medical-data-sample/dim_date/_delta_log,0,WrappedArray(S3AFileStatus{path=s3a://medical-bucket/curated/transactional/medical-data-sample/dim_date/_delta_log/00000000000000000000.json; isDirectory=false; length=3843; replication=1; blocksize=33554432; modification_time=1748228458552; access_time=0; owner=airflow; group=airflow; permission=rw-rw-rw-; isSymlink=false; hasAcl=false; isEncrypted=true; isErasureCoded=false} isEmptyDirectory=FALSE eTag=631a13e9998677c41c856222cdb3167c versionId=null),org.apache.spark.sql.delta.EmptyCheckpointProvider$@4a3d83b1,1748228458552), checksumOpt=Some(VersionChecksum(Some(351f727e-a738-4a5c-b292-c81fb9748946),108769,2,None,None,1,1,None,Some(List()),Some(List()),Metadata(413701e2-c4bb-4226-ab7a-a38aefb0086f,null,null,Format(parquet,Map()),{"type":"struct","fields":[{"name":"Date_Key","type":"integer","nullable":true,"metadata":{}},{"name":"Date","type":"date","nullable":true,"metadata":{}},{"name":"Year","type":"integer","nullable":true,"metadata":{}},{"name":"Month_Number","type":"integer","nullable":true,"metadata":{}},{"name":"Month_Name_Short","type":"string","nullable":true,"metadata":{}},{"name":"Month_Name_Long","type":"string","nullable":true,"metadata":{}},{"name":"Day_Of_Week_Number","type":"integer","nullable":true,"metadata":{}},{"name":"Day_Of_Week","type":"string","nullable":true,"metadata":{}},{"name":"Day_Of_Week_Short","type":"string","nullable":true,"metadata":{}},{"name":"quarter","type":"integer","nullable":true,"metadata":{}},{"name":"Year_Quarter","type":"string","nullable":true,"metadata":{}},{"name":"End_Of_Month","type":"date","nullable":true,"metadata":{}}]},List(),Map(),Some(1748228243326)),Protocol(1,2),None,None,Some(List(AddFile(part-00000-f9846bbb-63cd-4eac-bdb1-f6a56a94e080-c000.snappy.parquet,Map(),105483,1748228456000,false,{"numRecords":12054,"minValues":{"Date_Key":19900101,"Date":"1990-01-01","Year":1990,"Month_Number":1,"Month_Name_Short":"Apr","Month_Name_Long":"April","Day_Of_Week_Number":1,"Day_Of_Week":"Friday","Day_Of_Week_Short":"Fri","quarter":1,"Year_Quarter":"1990_Q1","End_Of_Month":"1990-01-31"},"maxValues":{"Date_Key":20230101,"Date":"2023-01-01","Year":2023,"Month_Number":12,"Month_Name_Short":"Sep","Month_Name_Long":"September","Day_Of_Week_Number":7,"Day_Of_Week":"Wednesday","Day_Of_Week_Short":"Wed","quarter":4,"Year_Quarter":"2023_Q1","End_Of_Month":"2023-01-31"},"nullCount":{"Date_Key":0,"Date":0,"Year":0,"Month_Number":0,"Month_Name_Short":0,"Month_Name_Long":0,"Day_Of_Week_Number":0,"Day_Of_Week":0,"Day_Of_Week_Short":0,"quarter":0,"Year_Quarter":0,"End_Of_Month":0}},null,null,None,None,None), AddFile(part-00001-5fa62bcb-8731-491a-90a9-d7fdafcc3971-c000.snappy.parquet,Map(),3286,1748228456000,false,{"numRecords":1,"minValues":{"Date_Key":99991231,"Date":"9999-12-31","Year":9999,"Month_Number":12,"Month_Name_Short":"Dec","Month_Name_Long":"December","Day_Of_Week_Number":6,"Day_Of_Week":"Friday","Day_Of_Week_Short":"Fri","quarter":4,"Year_Quarter":"9999_Q4","End_Of_Month":"9999-12-31"},"maxValues":{"Date_Key":99991231,"Date":"9999-12-31","Year":9999,"Month_Number":12,"Month_Name_Short":"Dec","Month_Name_Long":"December","Day_Of_Week_Number":6,"Day_Of_Week":"Friday","Day_Of_Week_Short":"Fri","quarter":4,"Year_Quarter":"9999_Q4","End_Of_Month":"9999-12-31"},"nullCount":{"Date_Key":0,"Date":0,"Year":0,"Month_Number":0,"Month_Name_Short":0,"Month_Name_Long":0,"Day_Of_Week_Number":0,"Day_Of_Week":0,"Day_Of_Week_Short":0,"quarter":0,"Year_Quarter":0,"End_Of_Month":0}},null,null,None,None,None))))))
[2025-05-26T04:42:02.327+0000] {spark_submit.py:649} INFO - 25/05/26 04:42:02 INFO SparkContext: Invoking stop() from shutdown hook
[2025-05-26T04:42:02.327+0000] {spark_submit.py:649} INFO - 25/05/26 04:42:02 INFO SparkContext: SparkContext is stopping with exitCode 0.
[2025-05-26T04:42:02.334+0000] {spark_submit.py:649} INFO - 25/05/26 04:42:02 INFO SparkUI: Stopped Spark web UI at http://airflow-scheduler:4041
[2025-05-26T04:42:02.335+0000] {spark_submit.py:649} INFO - 25/05/26 04:42:02 INFO StandaloneSchedulerBackend: Shutting down all executors
[2025-05-26T04:42:02.337+0000] {spark_submit.py:649} INFO - 25/05/26 04:42:02 INFO StandaloneSchedulerBackend$StandaloneDriverEndpoint: Asking each executor to shut down
[2025-05-26T04:42:02.343+0000] {spark_submit.py:649} INFO - 25/05/26 04:42:02 INFO MapOutputTrackerMasterEndpoint: MapOutputTrackerMasterEndpoint stopped!
[2025-05-26T04:42:02.351+0000] {spark_submit.py:649} INFO - 25/05/26 04:42:02 INFO MemoryStore: MemoryStore cleared
[2025-05-26T04:42:02.352+0000] {spark_submit.py:649} INFO - 25/05/26 04:42:02 INFO BlockManager: BlockManager stopped
[2025-05-26T04:42:02.355+0000] {spark_submit.py:649} INFO - 25/05/26 04:42:02 INFO BlockManagerMaster: BlockManagerMaster stopped
[2025-05-26T04:42:02.356+0000] {spark_submit.py:649} INFO - 25/05/26 04:42:02 INFO OutputCommitCoordinator$OutputCommitCoordinatorEndpoint: OutputCommitCoordinator stopped!
[2025-05-26T04:42:02.379+0000] {spark_submit.py:649} INFO - 25/05/26 04:42:02 INFO SparkContext: Successfully stopped SparkContext
[2025-05-26T04:42:02.379+0000] {spark_submit.py:649} INFO - 25/05/26 04:42:02 INFO ShutdownHookManager: Shutdown hook called
[2025-05-26T04:42:02.380+0000] {spark_submit.py:649} INFO - 25/05/26 04:42:02 INFO ShutdownHookManager: Deleting directory /tmp/spark-3b30a71b-1ae0-4d5e-bfe8-f60ac09e84a9
[2025-05-26T04:42:02.381+0000] {spark_submit.py:649} INFO - 25/05/26 04:42:02 INFO ShutdownHookManager: Deleting directory /tmp/hive-v3_1-a4ad72cd-d949-4818-8e69-705a321a3658
[2025-05-26T04:42:02.385+0000] {spark_submit.py:649} INFO - 25/05/26 04:42:02 INFO ShutdownHookManager: Deleting directory /tmp/spark-4b77131a-565c-4d7d-8b1c-e271a3da862f
[2025-05-26T04:42:02.387+0000] {spark_submit.py:649} INFO - 25/05/26 04:42:02 INFO ShutdownHookManager: Deleting directory /tmp/spark-4b77131a-565c-4d7d-8b1c-e271a3da862f/pyspark-543922b3-29cd-4a27-af3e-70454ad38e9f
[2025-05-26T04:42:02.391+0000] {spark_submit.py:649} INFO - 25/05/26 04:42:02 INFO MetricsSystemImpl: Stopping s3a-file-system metrics system...
[2025-05-26T04:42:02.391+0000] {spark_submit.py:649} INFO - 25/05/26 04:42:02 INFO MetricsSystemImpl: s3a-file-system metrics system stopped.
[2025-05-26T04:42:02.391+0000] {spark_submit.py:649} INFO - 25/05/26 04:42:02 INFO MetricsSystemImpl: s3a-file-system metrics system shutdown complete.
[2025-05-26T04:42:02.430+0000] {taskinstance.py:341} INFO - ::group::Post task execution logs
[2025-05-26T04:42:02.431+0000] {taskinstance.py:353} INFO - Marking task as SUCCESS. dag_id=medical_dag_v22, task_id=dim_group.creating_dim_date, run_id=manual__2025-05-26T04:39:22.178167+00:00, execution_date=20250526T043922, start_date=20250526T044154, end_date=20250526T044202
[2025-05-26T04:42:02.481+0000] {local_task_job_runner.py:266} INFO - Task exited with return code 0
[2025-05-26T04:42:02.489+0000] {taskinstance.py:3901} INFO - 0 downstream tasks scheduled from follow-on schedule check
[2025-05-26T04:42:02.489+0000] {local_task_job_runner.py:245} INFO - ::endgroup::
